TN:
SF:cssStub.js
FNF:0
FNH:0
DA:1,6
LF:1
LH:1
BRF:0
BRH:0
end_of_record
TN:
SF:jest.config.js
FNF:0
FNH:0
DA:1,1
LF:1
LH:1
BRF:0
BRH:0
end_of_record
TN:
SF:src/fetcher.js
FN:8,(anonymous_0)
FN:12,(anonymous_1)
FN:16,(anonymous_2)
FN:23,(anonymous_3)
FN:40,(anonymous_4)
FN:52,(anonymous_5)
FN:66,(anonymous_6)
FN:77,(anonymous_7)
FN:87,(anonymous_8)
FN:99,(anonymous_9)
FN:113,(anonymous_10)
FN:127,(anonymous_11)
FN:136,(anonymous_12)
FN:146,(anonymous_13)
FN:162,(anonymous_14)
FN:174,(anonymous_15)
FN:191,(anonymous_16)
FN:207,(anonymous_17)
FN:223,(anonymous_18)
FN:229,(anonymous_19)
FN:245,(anonymous_20)
FN:265,(anonymous_21)
FN:287,(anonymous_22)
FN:301,(anonymous_23)
FN:312,(anonymous_24)
FN:323,(anonymous_25)
FN:326,(anonymous_26)
FN:341,(anonymous_27)
FN:344,(anonymous_28)
FNF:29
FNH:3
FNDA:0,(anonymous_0)
FNDA:1,(anonymous_1)
FNDA:0,(anonymous_2)
FNDA:1,(anonymous_3)
FNDA:0,(anonymous_4)
FNDA:0,(anonymous_5)
FNDA:0,(anonymous_6)
FNDA:0,(anonymous_7)
FNDA:1,(anonymous_8)
FNDA:0,(anonymous_9)
FNDA:0,(anonymous_10)
FNDA:0,(anonymous_11)
FNDA:0,(anonymous_12)
FNDA:0,(anonymous_13)
FNDA:0,(anonymous_14)
FNDA:0,(anonymous_15)
FNDA:0,(anonymous_16)
FNDA:0,(anonymous_17)
FNDA:0,(anonymous_18)
FNDA:0,(anonymous_19)
FNDA:0,(anonymous_20)
FNDA:0,(anonymous_21)
FNDA:0,(anonymous_22)
FNDA:0,(anonymous_23)
FNDA:0,(anonymous_24)
FNDA:0,(anonymous_25)
FNDA:0,(anonymous_26)
FNDA:0,(anonymous_27)
FNDA:0,(anonymous_28)
DA:3,4
DA:8,4
DA:9,0
DA:12,4
DA:13,1
DA:16,4
DA:17,0
DA:18,0
DA:19,0
DA:23,4
DA:24,1
DA:25,1
DA:26,1
DA:30,0
DA:31,0
DA:32,0
DA:34,0
DA:36,1
DA:40,4
DA:41,0
DA:42,0
DA:48,0
DA:52,4
DA:53,0
DA:54,0
DA:57,0
DA:58,0
DA:60,0
DA:62,0
DA:66,4
DA:67,0
DA:68,0
DA:69,0
DA:71,0
DA:73,0
DA:77,4
DA:78,0
DA:79,0
DA:80,0
DA:81,0
DA:83,0
DA:87,4
DA:88,1
DA:89,1
DA:92,0
DA:93,0
DA:95,0
DA:99,4
DA:100,0
DA:101,0
DA:102,0
DA:106,0
DA:108,0
DA:109,0
DA:113,4
DA:114,0
DA:115,0
DA:116,0
DA:120,0
DA:122,0
DA:123,0
DA:127,4
DA:128,0
DA:129,0
DA:130,0
DA:132,0
DA:136,4
DA:137,0
DA:138,0
DA:139,0
DA:140,0
DA:142,0
DA:146,4
DA:147,0
DA:148,0
DA:149,0
DA:155,0
DA:157,0
DA:158,0
DA:162,4
DA:163,0
DA:164,0
DA:165,0
DA:166,0
DA:167,0
DA:169,0
DA:170,0
DA:174,4
DA:175,0
DA:176,0
DA:177,0
DA:183,0
DA:184,0
DA:186,0
DA:187,0
DA:191,4
DA:192,0
DA:193,0
DA:194,0
DA:199,0
DA:200,0
DA:202,0
DA:203,0
DA:207,4
DA:208,0
DA:209,0
DA:210,0
DA:215,0
DA:216,0
DA:218,0
DA:219,0
DA:223,4
DA:224,0
DA:225,0
DA:226,0
DA:229,4
DA:230,0
DA:231,0
DA:232,0
DA:237,0
DA:238,0
DA:240,0
DA:241,0
DA:245,4
DA:246,0
DA:247,0
DA:248,0
DA:249,0
DA:257,0
DA:258,0
DA:260,0
DA:261,0
DA:265,4
DA:266,0
DA:267,0
DA:268,0
DA:269,0
DA:279,0
DA:280,0
DA:282,0
DA:283,0
DA:287,4
DA:288,0
DA:289,0
DA:290,0
DA:294,0
DA:296,0
DA:297,0
DA:301,4
DA:302,0
DA:303,0
DA:304,0
DA:305,0
DA:307,0
DA:308,0
DA:312,4
DA:313,0
DA:314,0
DA:315,0
DA:316,0
DA:317,0
DA:318,0
DA:319,0
DA:320,0
DA:322,0
DA:323,0
DA:324,0
DA:325,0
DA:326,0
DA:327,0
DA:328,0
DA:329,0
DA:330,0
DA:333,0
DA:337,0
DA:338,0
DA:341,4
DA:342,0
DA:343,0
DA:344,0
DA:345,0
DA:347,0
LF:182
LH:34
BRDA:3,0,0,0
BRDA:3,0,1,4
BRDA:3,1,0,4
BRDA:3,1,1,4
BRDA:9,2,0,0
BRDA:9,2,1,0
BRDA:13,3,0,0
BRDA:13,3,1,1
BRDA:17,4,0,0
BRDA:17,4,1,0
BRDA:30,5,0,0
BRDA:30,5,1,0
BRDA:57,6,0,0
BRDA:57,6,1,0
BRDA:316,7,0,0
BRDA:316,7,1,0
BRDA:319,8,0,0
BRDA:319,8,1,0
BRDA:327,9,0,0
BRDA:327,9,1,0
BRDA:329,10,0,0
BRDA:329,10,1,0
BRDA:329,11,0,0
BRDA:329,11,1,0
BRDA:329,11,2,0
BRDA:329,11,3,0
BRF:26
BRH:4
end_of_record
TN:
SF:src/components/Footer.js
FN:4,Footer
FNF:1
FNH:1
FNDA:22,Footer
DA:5,22
LF:1
LH:1
BRF:0
BRH:0
end_of_record
TN:
SF:src/components/NavBar.js
FN:9,NavBar
FNF:1
FNH:1
FNDA:1,NavBar
DA:10,1
DA:11,1
LF:2
LH:2
BRF:0
BRH:0
end_of_record
TN:
SF:src/components/SearchBar.js
FN:9,SearchBar
FN:13,(anonymous_1)
FN:25,(anonymous_2)
FNF:3
FNH:3
FNDA:9,SearchBar
FNDA:1,(anonymous_1)
FNDA:5,(anonymous_2)
DA:10,9
DA:11,9
DA:13,9
DA:14,1
DA:15,1
DA:16,1
DA:18,9
DA:25,5
LF:8
LH:8
BRF:0
BRH:0
end_of_record
TN:
SF:src/pages/HomePage.js
FN:11,HomePage
FNF:1
FNH:1
FNDA:1,HomePage
DA:12,1
DA:13,1
DA:14,1
DA:15,1
LF:4
LH:4
BRF:0
BRH:0
end_of_record
TN:
SF:src/pages/Layout.js
FN:15,LoginLink
FN:19,(anonymous_1)
FN:35,Layout
FNF:3
FNH:2
FNDA:1,LoginLink
FNDA:0,(anonymous_1)
FNDA:2,Layout
DA:16,1
DA:17,1
DA:19,1
DA:20,0
DA:21,0
DA:22,0
DA:24,0
DA:27,1
DA:28,1
DA:30,0
DA:37,2
DA:38,1
DA:39,1
DA:41,1
LF:14
LH:9
BRDA:27,0,0,1
BRDA:27,0,1,0
BRF:2
BRH:1
end_of_record
TN:
SF:src/pages/LoginPage.js
FN:16,LoginForm
FN:26,(anonymous_1)
FN:28,(anonymous_2)
FN:34,(anonymous_3)
FN:42,(anonymous_4)
FN:92,LoginPage
FNF:6
FNH:6
FNDA:16,LoginForm
FNDA:13,(anonymous_1)
FNDA:5,(anonymous_2)
FNDA:8,(anonymous_3)
FNDA:1,(anonymous_4)
FNDA:3,LoginPage
DA:18,16
DA:22,16
DA:23,16
DA:24,16
DA:26,16
DA:27,13
DA:28,5
DA:33,13
DA:34,8
DA:42,16
DA:44,1
DA:46,1
DA:47,1
DA:48,1
DA:49,0
DA:50,0
DA:52,0
DA:53,0
DA:54,0
DA:55,0
DA:58,1
DA:59,1
DA:62,1
DA:63,1
DA:65,0
DA:66,0
DA:71,16
DA:93,3
DA:94,2
DA:96,2
DA:97,2
DA:118,0
LF:32
LH:23
BRDA:27,0,0,5
BRDA:27,0,1,8
BRDA:33,1,0,8
BRDA:33,1,1,5
BRDA:48,2,0,0
BRDA:48,2,1,0
BRDA:63,3,0,0
BRDA:63,3,1,1
BRDA:96,4,0,2
BRDA:96,4,1,0
BRF:10
BRH:6
end_of_record
TN:
SF:src/pages/NoPage.js
FN:4,NoPage
FNF:1
FNH:1
FNDA:1,NoPage
DA:5,1
LF:1
LH:1
BRF:0
BRH:0
end_of_record
TN:
SF:src/pages/RegisterPage.js
FN:11,RegisterPage
FN:15,handleChange
FN:21,(anonymous_2)
FN:23,(anonymous_3)
FN:25,(anonymous_4)
FN:29,addDefaultImgSrc
FN:37,(anonymous_6)
FN:39,(anonymous_7)
FN:46,(anonymous_8)
FN:53,(anonymous_9)
FN:61,(anonymous_10)
FNF:11
FNH:3
FNDA:4,RegisterPage
FNDA:0,handleChange
FNDA:0,(anonymous_2)
FNDA:0,(anonymous_3)
FNDA:0,(anonymous_4)
FNDA:0,addDefaultImgSrc
FNDA:7,(anonymous_6)
FNDA:0,(anonymous_7)
FNDA:0,(anonymous_8)
FNDA:0,(anonymous_9)
FNDA:1,(anonymous_10)
DA:12,4
DA:13,4
DA:16,0
DA:19,4
DA:21,4
DA:22,0
DA:23,0
DA:25,4
DA:26,0
DA:27,0
DA:30,0
DA:31,0
DA:36,4
DA:37,4
DA:38,7
DA:39,0
DA:45,7
DA:46,0
DA:52,7
DA:53,0
DA:61,4
DA:62,1
DA:65,1
DA:66,0
DA:68,1
DA:77,1
DA:78,1
DA:79,1
DA:81,0
DA:83,1
DA:84,1
DA:88,4
LF:32
LH:20
BRDA:22,0,0,0
BRDA:22,0,1,0
BRDA:38,1,0,0
BRDA:38,1,1,7
BRDA:45,2,0,0
BRDA:45,2,1,7
BRDA:52,3,0,0
BRDA:52,3,1,7
BRDA:65,4,0,0
BRDA:65,4,1,1
BRF:10
BRH:4
end_of_record
TN:
SF:src/pages/UploadPostPage.js
FN:13,UploadPostPage
FN:19,(anonymous_1)
FN:21,(anonymous_2)
FN:25,handleChange
FN:29,addDefaultImgSrc
FN:38,(anonymous_5)
FN:42,(anonymous_6)
FN:47,(anonymous_7)
FN:67,(anonymous_8)
FN:84,MediaPreview
FNF:10
FNH:6
FNDA:15,UploadPostPage
FNDA:5,(anonymous_1)
FNDA:5,(anonymous_2)
FNDA:0,handleChange
FNDA:0,addDefaultImgSrc
FNDA:7,(anonymous_5)
FNDA:0,(anonymous_6)
FNDA:1,(anonymous_7)
FNDA:0,(anonymous_8)
FNDA:15,MediaPreview
DA:14,15
DA:15,15
DA:16,15
DA:17,15
DA:19,15
DA:20,5
DA:21,5
DA:26,0
DA:30,0
DA:31,0
DA:34,15
DA:36,15
DA:38,15
DA:39,7
DA:42,15
DA:43,0
DA:47,15
DA:48,1
DA:50,1
DA:51,1
DA:52,1
DA:55,0
DA:65,0
DA:67,0
DA:68,0
DA:70,0
DA:71,0
DA:72,0
DA:75,0
DA:77,0
DA:78,0
DA:79,0
DA:85,15
DA:86,0
DA:94,15
DA:103,15
LF:36
LH:20
BRDA:20,0,0,5
BRDA:20,0,1,0
BRDA:50,1,0,1
BRDA:50,1,1,0
BRDA:67,2,0,0
BRDA:67,2,1,0
BRDA:85,3,0,0
BRDA:85,3,1,15
BRF:8
BRH:3
end_of_record
TN:
SF:src/pages/UserPage/currentUserSlice.js
FN:16,(anonymous_0)
FN:23,(anonymous_1)
FN:43,(anonymous_2)
FNF:3
FNH:1
FNDA:0,(anonymous_0)
FNDA:0,(anonymous_1)
FNDA:7,(anonymous_2)
DA:3,7
DA:21,0
DA:24,0
DA:38,7
DA:43,7
LF:5
LH:3
BRF:0
BRH:0
end_of_record
