{"/Users/yaoqideng_1/5570/project---design-hw1-team_offersoverflow/bestapp666/client/cssStub.js": {"path":"/Users/yaoqideng_1/5570/project---design-hw1-team_offersoverflow/bestapp666/client/cssStub.js","statementMap":{"0":{"start":{"line":1,"column":0},"end":{"line":1,"column":20}}},"fnMap":{},"branchMap":{},"s":{"0":9},"f":{},"b":{},"_coverageSchema":"1a1c01bbd47fc00a2c39e90264f33305004495a9","hash":"ed327eb78165b4832e37c0e3a9f3e28f2d6af8e2"}
,"/Users/yaoqideng_1/5570/project---design-hw1-team_offersoverflow/bestapp666/client/jest.config.js": {"path":"/Users/yaoqideng_1/5570/project---design-hw1-team_offersoverflow/bestapp666/client/jest.config.js","statementMap":{"0":{"start":{"line":1,"column":0},"end":{"line":12,"column":2}}},"fnMap":{},"branchMap":{},"s":{"0":1},"f":{},"b":{},"_coverageSchema":"1a1c01bbd47fc00a2c39e90264f33305004495a9","hash":"984d4c4093c6433019c20791d684c0158cf7c98c"}
,"/Users/yaoqideng_1/5570/project---design-hw1-team_offersoverflow/bestapp666/client/src/components/CardFeedPage.js": {"path":"/Users/yaoqideng_1/5570/project---design-hw1-team_offersoverflow/bestapp666/client/src/components/CardFeedPage.js","statementMap":{"0":{"start":{"line":26,"column":21},"end":{"line":26,"column":34}},"1":{"start":{"line":27,"column":38},"end":{"line":27,"column":53}},"2":{"start":{"line":28,"column":46},"end":{"line":28,"column":61}},"3":{"start":{"line":30,"column":38},"end":{"line":30,"column":50}},"4":{"start":{"line":31,"column":44},"end":{"line":31,"column":56}},"5":{"start":{"line":35,"column":30},"end":{"line":53,"column":5}},"6":{"start":{"line":36,"column":6},"end":{"line":36,"column":25}},"7":{"start":{"line":37,"column":6},"end":{"line":50,"column":7}},"8":{"start":{"line":38,"column":8},"end":{"line":38,"column":79}},"9":{"start":{"line":39,"column":8},"end":{"line":39,"column":22}},"10":{"start":{"line":41,"column":27},"end":{"line":45,"column":9}},"11":{"start":{"line":46,"column":8},"end":{"line":46,"column":52}},"12":{"start":{"line":48,"column":8},"end":{"line":48,"column":72}},"13":{"start":{"line":49,"column":8},"end":{"line":49,"column":77}},"14":{"start":{"line":51,"column":6},"end":{"line":51,"column":23}},"15":{"start":{"line":52,"column":6},"end":{"line":52,"column":26}},"16":{"start":{"line":55,"column":6},"end":{"line":144,"column":7}},"17":{"start":{"line":56,"column":10},"end":{"line":142,"column":13}},"18":{"start":{"line":88,"column":57},"end":{"line":88,"column":79}},"19":{"start":{"line":91,"column":57},"end":{"line":91,"column":75}},"20":{"start":{"line":104,"column":63},"end":{"line":104,"column":91}},"21":{"start":{"line":111,"column":71},"end":{"line":111,"column":102}},"22":{"start":{"line":114,"column":44},"end":{"line":114,"column":77}},"23":{"start":{"line":129,"column":22},"end":{"line":129,"column":41}},"24":{"start":{"line":137,"column":22},"end":{"line":137,"column":45}}},"fnMap":{"0":{"name":"CardFeedPage","decl":{"start":{"line":25,"column":16},"end":{"line":25,"column":28}},"loc":{"start":{"line":25,"column":36},"end":{"line":146,"column":3}},"line":25},"1":{"name":"(anonymous_1)","decl":{"start":{"line":35,"column":30},"end":{"line":35,"column":31}},"loc":{"start":{"line":35,"column":43},"end":{"line":53,"column":5}},"line":35},"2":{"name":"(anonymous_2)","decl":{"start":{"line":88,"column":51},"end":{"line":88,"column":52}},"loc":{"start":{"line":88,"column":57},"end":{"line":88,"column":79}},"line":88},"3":{"name":"(anonymous_3)","decl":{"start":{"line":91,"column":51},"end":{"line":91,"column":52}},"loc":{"start":{"line":91,"column":57},"end":{"line":91,"column":75}},"line":91},"4":{"name":"(anonymous_4)","decl":{"start":{"line":104,"column":58},"end":{"line":104,"column":59}},"loc":{"start":{"line":104,"column":63},"end":{"line":104,"column":91}},"line":104},"5":{"name":"(anonymous_5)","decl":{"start":{"line":111,"column":66},"end":{"line":111,"column":67}},"loc":{"start":{"line":111,"column":71},"end":{"line":111,"column":102}},"line":111},"6":{"name":"(anonymous_6)","decl":{"start":{"line":114,"column":32},"end":{"line":114,"column":33}},"loc":{"start":{"line":114,"column":44},"end":{"line":114,"column":77}},"line":114},"7":{"name":"(anonymous_7)","decl":{"start":{"line":129,"column":16},"end":{"line":129,"column":17}},"loc":{"start":{"line":129,"column":22},"end":{"line":129,"column":41}},"line":129},"8":{"name":"(anonymous_8)","decl":{"start":{"line":137,"column":16},"end":{"line":137,"column":17}},"loc":{"start":{"line":137,"column":22},"end":{"line":137,"column":45}},"line":137}},"branchMap":{"0":{"loc":{"start":{"line":37,"column":6},"end":{"line":50,"column":7}},"type":"if","locations":[{"start":{"line":37,"column":6},"end":{"line":50,"column":7}},{"start":{"line":40,"column":11},"end":{"line":50,"column":7}}],"line":37},"1":{"loc":{"start":{"line":55,"column":6},"end":{"line":144,"column":7}},"type":"if","locations":[{"start":{"line":55,"column":6},"end":{"line":144,"column":7}},{"start":{},"end":{}}],"line":55},"2":{"loc":{"start":{"line":72,"column":15},"end":{"line":73,"column":100}},"type":"binary-expr","locations":[{"start":{"line":72,"column":16},"end":{"line":72,"column":62}},{"start":{"line":73,"column":12},"end":{"line":73,"column":100}}],"line":72},"3":{"loc":{"start":{"line":76,"column":13},"end":{"line":80,"column":16}},"type":"binary-expr","locations":[{"start":{"line":76,"column":14},"end":{"line":76,"column":60}},{"start":{"line":77,"column":13},"end":{"line":80,"column":16}}],"line":76}},"s":{"0":22,"1":19,"2":19,"3":19,"4":19,"5":19,"6":2,"7":2,"8":0,"9":0,"10":2,"11":2,"12":0,"13":0,"14":0,"15":0,"16":19,"17":19,"18":1,"19":1,"20":2,"21":5,"22":5,"23":0,"24":0},"f":{"0":22,"1":2,"2":1,"3":1,"4":2,"5":5,"6":5,"7":0,"8":0},"b":{"0":[0,2],"1":[19,0],"2":[19,0],"3":[19,19]},"_coverageSchema":"1a1c01bbd47fc00a2c39e90264f33305004495a9","hash":"1547bba4546fd0cb64e035e3458d2b301d164217"}
,"/Users/yaoqideng_1/5570/project---design-hw1-team_offersoverflow/bestapp666/client/src/components/CardUserPage.js": {"path":"/Users/yaoqideng_1/5570/project---design-hw1-team_offersoverflow/bestapp666/client/src/components/CardUserPage.js","statementMap":{"0":{"start":{"line":18,"column":38},"end":{"line":18,"column":53}},"1":{"start":{"line":19,"column":46},"end":{"line":19,"column":61}},"2":{"start":{"line":21,"column":21},"end":{"line":21,"column":34}},"3":{"start":{"line":22,"column":38},"end":{"line":22,"column":50}},"4":{"start":{"line":23,"column":44},"end":{"line":23,"column":56}},"5":{"start":{"line":27,"column":30},"end":{"line":46,"column":5}},"6":{"start":{"line":28,"column":6},"end":{"line":28,"column":25}},"7":{"start":{"line":29,"column":6},"end":{"line":43,"column":7}},"8":{"start":{"line":30,"column":8},"end":{"line":30,"column":79}},"9":{"start":{"line":31,"column":8},"end":{"line":31,"column":22}},"10":{"start":{"line":33,"column":27},"end":{"line":37,"column":9}},"11":{"start":{"line":38,"column":8},"end":{"line":38,"column":52}},"12":{"start":{"line":41,"column":8},"end":{"line":41,"column":72}},"13":{"start":{"line":42,"column":8},"end":{"line":42,"column":39}},"14":{"start":{"line":44,"column":6},"end":{"line":44,"column":23}},"15":{"start":{"line":45,"column":6},"end":{"line":45,"column":26}},"16":{"start":{"line":47,"column":6},"end":{"line":128,"column":7}},"17":{"start":{"line":48,"column":10},"end":{"line":126,"column":13}},"18":{"start":{"line":68,"column":57},"end":{"line":68,"column":79}},"19":{"start":{"line":70,"column":63},"end":{"line":70,"column":81}},"20":{"start":{"line":79,"column":22},"end":{"line":79,"column":59}},"21":{"start":{"line":80,"column":22},"end":{"line":80,"column":48}},"22":{"start":{"line":87,"column":65},"end":{"line":87,"column":93}},"23":{"start":{"line":94,"column":71},"end":{"line":94,"column":102}},"24":{"start":{"line":97,"column":44},"end":{"line":97,"column":77}},"25":{"start":{"line":115,"column":26},"end":{"line":115,"column":45}},"26":{"start":{"line":122,"column":26},"end":{"line":122,"column":49}}},"fnMap":{"0":{"name":"CardCustomedUserPage","decl":{"start":{"line":17,"column":16},"end":{"line":17,"column":36}},"loc":{"start":{"line":17,"column":44},"end":{"line":130,"column":3}},"line":17},"1":{"name":"(anonymous_1)","decl":{"start":{"line":27,"column":30},"end":{"line":27,"column":31}},"loc":{"start":{"line":27,"column":43},"end":{"line":46,"column":5}},"line":27},"2":{"name":"(anonymous_2)","decl":{"start":{"line":68,"column":51},"end":{"line":68,"column":52}},"loc":{"start":{"line":68,"column":57},"end":{"line":68,"column":79}},"line":68},"3":{"name":"(anonymous_3)","decl":{"start":{"line":70,"column":57},"end":{"line":70,"column":58}},"loc":{"start":{"line":70,"column":63},"end":{"line":70,"column":81}},"line":70},"4":{"name":"(anonymous_4)","decl":{"start":{"line":78,"column":94},"end":{"line":78,"column":95}},"loc":{"start":{"line":78,"column":100},"end":{"line":81,"column":23}},"line":78},"5":{"name":"(anonymous_5)","decl":{"start":{"line":87,"column":60},"end":{"line":87,"column":61}},"loc":{"start":{"line":87,"column":65},"end":{"line":87,"column":93}},"line":87},"6":{"name":"(anonymous_6)","decl":{"start":{"line":94,"column":66},"end":{"line":94,"column":67}},"loc":{"start":{"line":94,"column":71},"end":{"line":94,"column":102}},"line":94},"7":{"name":"(anonymous_7)","decl":{"start":{"line":97,"column":32},"end":{"line":97,"column":33}},"loc":{"start":{"line":97,"column":44},"end":{"line":97,"column":77}},"line":97},"8":{"name":"(anonymous_8)","decl":{"start":{"line":115,"column":20},"end":{"line":115,"column":21}},"loc":{"start":{"line":115,"column":26},"end":{"line":115,"column":45}},"line":115},"9":{"name":"(anonymous_9)","decl":{"start":{"line":122,"column":20},"end":{"line":122,"column":21}},"loc":{"start":{"line":122,"column":26},"end":{"line":122,"column":49}},"line":122}},"branchMap":{"0":{"loc":{"start":{"line":29,"column":6},"end":{"line":43,"column":7}},"type":"if","locations":[{"start":{"line":29,"column":6},"end":{"line":43,"column":7}},{"start":{"line":32,"column":11},"end":{"line":43,"column":7}}],"line":29},"1":{"loc":{"start":{"line":47,"column":6},"end":{"line":128,"column":7}},"type":"if","locations":[{"start":{"line":47,"column":6},"end":{"line":128,"column":7}},{"start":{},"end":{}}],"line":47},"2":{"loc":{"start":{"line":52,"column":13},"end":{"line":53,"column":129}},"type":"binary-expr","locations":[{"start":{"line":52,"column":14},"end":{"line":52,"column":60}},{"start":{"line":53,"column":12},"end":{"line":53,"column":129}}],"line":52},"3":{"loc":{"start":{"line":56,"column":13},"end":{"line":60,"column":16}},"type":"binary-expr","locations":[{"start":{"line":56,"column":14},"end":{"line":56,"column":60}},{"start":{"line":57,"column":13},"end":{"line":60,"column":16}}],"line":56},"4":{"loc":{"start":{"line":78,"column":21},"end":{"line":81,"column":42}},"type":"binary-expr","locations":[{"start":{"line":78,"column":22},"end":{"line":78,"column":55}},{"start":{"line":78,"column":60},"end":{"line":81,"column":42}}],"line":78}},"s":{"0":18,"1":17,"2":17,"3":17,"4":17,"5":17,"6":0,"7":0,"8":0,"9":0,"10":0,"11":0,"12":0,"13":0,"14":0,"15":0,"16":17,"17":0,"18":0,"19":0,"20":0,"21":0,"22":0,"23":0,"24":0,"25":0,"26":0},"f":{"0":18,"1":0,"2":0,"3":0,"4":0,"5":0,"6":0,"7":0,"8":0,"9":0},"b":{"0":[0,0],"1":[0,17],"2":[0,0],"3":[0,0],"4":[0,0]},"_coverageSchema":"1a1c01bbd47fc00a2c39e90264f33305004495a9","hash":"68227a84f509981ee5bd63ee95021fbb95ce819c"}
,"/Users/yaoqideng_1/5570/project---design-hw1-team_offersoverflow/bestapp666/client/src/components/Footer.js": {"path":"/Users/yaoqideng_1/5570/project---design-hw1-team_offersoverflow/bestapp666/client/src/components/Footer.js","statementMap":{"0":{"start":{"line":5,"column":4},"end":{"line":9,"column":12}}},"fnMap":{"0":{"name":"Footer","decl":{"start":{"line":4,"column":16},"end":{"line":4,"column":22}},"loc":{"start":{"line":4,"column":25},"end":{"line":10,"column":3}},"line":4}},"branchMap":{},"s":{"0":29},"f":{"0":29},"b":{},"_coverageSchema":"1a1c01bbd47fc00a2c39e90264f33305004495a9","hash":"c0dd410e4647c1f85610fbcea0691c56c482e35e"}
,"/Users/yaoqideng_1/5570/project---design-hw1-team_offersoverflow/bestapp666/client/src/components/LikeButton.js": {"path":"/Users/yaoqideng_1/5570/project---design-hw1-team_offersoverflow/bestapp666/client/src/components/LikeButton.js","statementMap":{"0":{"start":{"line":8,"column":18},"end":{"line":8,"column":59}},"1":{"start":{"line":9,"column":34},"end":{"line":9,"column":85}},"2":{"start":{"line":10,"column":28},"end":{"line":16,"column":8}},"3":{"start":{"line":11,"column":8},"end":{"line":15,"column":9}},"4":{"start":{"line":12,"column":12},"end":{"line":12,"column":27}},"5":{"start":{"line":14,"column":12},"end":{"line":14,"column":25}},"6":{"start":{"line":20,"column":8},"end":{"line":20,"column":72}},"7":{"start":{"line":22,"column":8},"end":{"line":22,"column":44}},"8":{"start":{"line":23,"column":8},"end":{"line":29,"column":9}},"9":{"start":{"line":24,"column":10},"end":{"line":24,"column":27}},"10":{"start":{"line":25,"column":10},"end":{"line":25,"column":56}},"11":{"start":{"line":27,"column":10},"end":{"line":27,"column":26}},"12":{"start":{"line":28,"column":10},"end":{"line":28,"column":58}},"13":{"start":{"line":32,"column":4},"end":{"line":44,"column":5}},"14":{"start":{"line":33,"column":8},"end":{"line":43,"column":14}}},"fnMap":{"0":{"name":"LikeButton","decl":{"start":{"line":7,"column":16},"end":{"line":7,"column":26}},"loc":{"start":{"line":7,"column":34},"end":{"line":45,"column":3}},"line":7},"1":{"name":"(anonymous_1)","decl":{"start":{"line":10,"column":37},"end":{"line":10,"column":38}},"loc":{"start":{"line":10,"column":43},"end":{"line":16,"column":7}},"line":10},"2":{"name":"handleLike","decl":{"start":{"line":18,"column":19},"end":{"line":18,"column":29}},"loc":{"start":{"line":18,"column":33},"end":{"line":30,"column":7}},"line":18}},"branchMap":{"0":{"loc":{"start":{"line":11,"column":8},"end":{"line":15,"column":9}},"type":"if","locations":[{"start":{"line":11,"column":8},"end":{"line":15,"column":9}},{"start":{"line":13,"column":13},"end":{"line":15,"column":9}}],"line":11},"1":{"loc":{"start":{"line":23,"column":8},"end":{"line":29,"column":9}},"type":"if","locations":[{"start":{"line":23,"column":8},"end":{"line":29,"column":9}},{"start":{"line":26,"column":13},"end":{"line":29,"column":9}}],"line":23},"2":{"loc":{"start":{"line":32,"column":4},"end":{"line":44,"column":5}},"type":"if","locations":[{"start":{"line":32,"column":4},"end":{"line":44,"column":5}},{"start":{},"end":{}}],"line":32}},"s":{"0":19,"1":19,"2":19,"3":6,"4":0,"5":6,"6":0,"7":0,"8":0,"9":0,"10":0,"11":0,"12":0,"13":19,"14":18},"f":{"0":19,"1":6,"2":0},"b":{"0":[0,6],"1":[0,0],"2":[18,1]},"_coverageSchema":"1a1c01bbd47fc00a2c39e90264f33305004495a9","hash":"e9383fb7d267b087c9a1405cc72c1e0dbb52cce0"}
,"/Users/yaoqideng_1/5570/project---design-hw1-team_offersoverflow/bestapp666/client/src/components/MyCommentsModal.js": {"path":"/Users/yaoqideng_1/5570/project---design-hw1-team_offersoverflow/bestapp666/client/src/components/MyCommentsModal.js","statementMap":{"0":{"start":{"line":14,"column":21},"end":{"line":14,"column":40}},"1":{"start":{"line":15,"column":36},"end":{"line":15,"column":51}},"2":{"start":{"line":16,"column":38},"end":{"line":16,"column":50}},"3":{"start":{"line":17,"column":38},"end":{"line":17,"column":50}},"4":{"start":{"line":18,"column":44},"end":{"line":18,"column":56}},"5":{"start":{"line":21,"column":8},"end":{"line":21,"column":27}},"6":{"start":{"line":22,"column":8},"end":{"line":30,"column":9}},"7":{"start":{"line":23,"column":12},"end":{"line":23,"column":73}},"8":{"start":{"line":25,"column":12},"end":{"line":25,"column":76}},"9":{"start":{"line":26,"column":12},"end":{"line":26,"column":48}},"10":{"start":{"line":28,"column":12},"end":{"line":28,"column":50}},"11":{"start":{"line":29,"column":12},"end":{"line":29,"column":44}},"12":{"start":{"line":32,"column":8},"end":{"line":32,"column":72}},"13":{"start":{"line":34,"column":8},"end":{"line":34,"column":29}},"14":{"start":{"line":38,"column":6},"end":{"line":46,"column":7}},"15":{"start":{"line":39,"column":10},"end":{"line":39,"column":47}},"16":{"start":{"line":41,"column":10},"end":{"line":41,"column":74}},"17":{"start":{"line":42,"column":10},"end":{"line":42,"column":46}},"18":{"start":{"line":44,"column":10},"end":{"line":44,"column":48}},"19":{"start":{"line":45,"column":10},"end":{"line":45,"column":42}},"20":{"start":{"line":49,"column":25},"end":{"line":96,"column":6}},"21":{"start":{"line":50,"column":6},"end":{"line":95,"column":7}},"22":{"start":{"line":62,"column":43},"end":{"line":62,"column":76}},"23":{"start":{"line":62,"column":66},"end":{"line":62,"column":74}},"24":{"start":{"line":62,"column":76},"end":{"line":62,"column":99}},"25":{"start":{"line":66,"column":67},"end":{"line":66,"column":122}},"26":{"start":{"line":70,"column":41},"end":{"line":70,"column":114}},"27":{"start":{"line":72,"column":65},"end":{"line":72,"column":93}},"28":{"start":{"line":77,"column":73},"end":{"line":77,"column":104}},"29":{"start":{"line":80,"column":44},"end":{"line":80,"column":77}},"30":{"start":{"line":98,"column":4},"end":{"line":124,"column":6}}},"fnMap":{"0":{"name":"MyCommentsModal","decl":{"start":{"line":13,"column":16},"end":{"line":13,"column":31}},"loc":{"start":{"line":13,"column":39},"end":{"line":125,"column":3}},"line":13},"1":{"name":"handleUpdateComment","decl":{"start":{"line":20,"column":19},"end":{"line":20,"column":38}},"loc":{"start":{"line":20,"column":82},"end":{"line":35,"column":5}},"line":20},"2":{"name":"handleDeleteComment","decl":{"start":{"line":37,"column":19},"end":{"line":37,"column":38}},"loc":{"start":{"line":37,"column":63},"end":{"line":47,"column":3}},"line":37},"3":{"name":"(anonymous_3)","decl":{"start":{"line":49,"column":66},"end":{"line":49,"column":67}},"loc":{"start":{"line":49,"column":71},"end":{"line":96,"column":5}},"line":49},"4":{"name":"(anonymous_4)","decl":{"start":{"line":62,"column":35},"end":{"line":62,"column":36}},"loc":{"start":{"line":62,"column":42},"end":{"line":62,"column":100}},"line":62},"5":{"name":"(anonymous_5)","decl":{"start":{"line":62,"column":55},"end":{"line":62,"column":56}},"loc":{"start":{"line":62,"column":66},"end":{"line":62,"column":74}},"line":62},"6":{"name":"(anonymous_6)","decl":{"start":{"line":66,"column":60},"end":{"line":66,"column":61}},"loc":{"start":{"line":66,"column":67},"end":{"line":66,"column":122}},"line":66},"7":{"name":"(anonymous_7)","decl":{"start":{"line":70,"column":34},"end":{"line":70,"column":35}},"loc":{"start":{"line":70,"column":41},"end":{"line":70,"column":114}},"line":70},"8":{"name":"(anonymous_8)","decl":{"start":{"line":72,"column":60},"end":{"line":72,"column":61}},"loc":{"start":{"line":72,"column":65},"end":{"line":72,"column":93}},"line":72},"9":{"name":"(anonymous_9)","decl":{"start":{"line":77,"column":68},"end":{"line":77,"column":69}},"loc":{"start":{"line":77,"column":73},"end":{"line":77,"column":104}},"line":77},"10":{"name":"(anonymous_10)","decl":{"start":{"line":80,"column":32},"end":{"line":80,"column":33}},"loc":{"start":{"line":80,"column":44},"end":{"line":80,"column":77}},"line":80}},"branchMap":{"0":{"loc":{"start":{"line":49,"column":25},"end":{"line":96,"column":6}},"type":"cond-expr","locations":[{"start":{"line":49,"column":49},"end":{"line":49,"column":51}},{"start":{"line":49,"column":53},"end":{"line":96,"column":6}}],"line":49},"1":{"loc":{"start":{"line":61,"column":19},"end":{"line":63,"column":19}},"type":"binary-expr","locations":[{"start":{"line":61,"column":19},"end":{"line":61,"column":46}},{"start":{"line":62,"column":18},"end":{"line":62,"column":141}}],"line":61},"2":{"loc":{"start":{"line":65,"column":19},"end":{"line":67,"column":19}},"type":"binary-expr","locations":[{"start":{"line":65,"column":19},"end":{"line":65,"column":46}},{"start":{"line":66,"column":18},"end":{"line":66,"column":165}}],"line":65},"3":{"loc":{"start":{"line":69,"column":19},"end":{"line":88,"column":19}},"type":"binary-expr","locations":[{"start":{"line":69,"column":19},"end":{"line":69,"column":27}},{"start":{"line":69,"column":31},"end":{"line":69,"column":58}},{"start":{"line":69,"column":62},"end":{"line":69,"column":84}},{"start":{"line":70,"column":18},"end":{"line":87,"column":25}}],"line":69}},"s":{"0":21,"1":19,"2":19,"3":19,"4":19,"5":0,"6":0,"7":0,"8":0,"9":0,"10":0,"11":0,"12":0,"13":0,"14":0,"15":0,"16":0,"17":0,"18":0,"19":0,"20":19,"21":19,"22":0,"23":0,"24":0,"25":0,"26":0,"27":0,"28":0,"29":0,"30":19},"f":{"0":21,"1":0,"2":0,"3":19,"4":0,"5":0,"6":0,"7":0,"8":0,"9":0,"10":0},"b":{"0":[0,19],"1":[19,0],"2":[19,0],"3":[19,0,0,0]},"_coverageSchema":"1a1c01bbd47fc00a2c39e90264f33305004495a9","hash":"181d7611e56fa2e196bdc509d9fab0ce861a7733"}
,"/Users/yaoqideng_1/5570/project---design-hw1-team_offersoverflow/bestapp666/client/src/components/MyLikesModal.js": {"path":"/Users/yaoqideng_1/5570/project---design-hw1-team_offersoverflow/bestapp666/client/src/components/MyLikesModal.js","statementMap":{"0":{"start":{"line":10,"column":18},"end":{"line":10,"column":34}},"1":{"start":{"line":11,"column":22},"end":{"line":21,"column":6}},"2":{"start":{"line":12,"column":6},"end":{"line":20,"column":7}},"3":{"start":{"line":23,"column":4},"end":{"line":45,"column":6}}},"fnMap":{"0":{"name":"MyLikesModal","decl":{"start":{"line":9,"column":16},"end":{"line":9,"column":28}},"loc":{"start":{"line":9,"column":36},"end":{"line":46,"column":3}},"line":9},"1":{"name":"(anonymous_1)","decl":{"start":{"line":11,"column":57},"end":{"line":11,"column":58}},"loc":{"start":{"line":11,"column":62},"end":{"line":21,"column":5}},"line":11}},"branchMap":{"0":{"loc":{"start":{"line":11,"column":22},"end":{"line":21,"column":6}},"type":"cond-expr","locations":[{"start":{"line":11,"column":43},"end":{"line":11,"column":45}},{"start":{"line":11,"column":47},"end":{"line":21,"column":6}}],"line":11}},"s":{"0":20,"1":19,"2":38,"3":19},"f":{"0":20,"1":38},"b":{"0":[0,19]},"_coverageSchema":"1a1c01bbd47fc00a2c39e90264f33305004495a9","hash":"c2016ffac62bb2fd5a43b61678139fa818d1b5d4"}
,"/Users/yaoqideng_1/5570/project---design-hw1-team_offersoverflow/bestapp666/client/src/components/NavBar.js": {"path":"/Users/yaoqideng_1/5570/project---design-hw1-team_offersoverflow/bestapp666/client/src/components/NavBar.js","statementMap":{"0":{"start":{"line":10,"column":29},"end":{"line":10,"column":59}},"1":{"start":{"line":11,"column":4},"end":{"line":49,"column":5}}},"fnMap":{"0":{"name":"NavBar","decl":{"start":{"line":9,"column":16},"end":{"line":9,"column":22}},"loc":{"start":{"line":9,"column":25},"end":{"line":50,"column":1}},"line":9}},"branchMap":{},"s":{"0":1,"1":1},"f":{"0":1},"b":{},"_coverageSchema":"1a1c01bbd47fc00a2c39e90264f33305004495a9","hash":"e076c7ff8d63bcdcbced1bbb4b381cca287746dd"}
,"/Users/yaoqideng_1/5570/project---design-hw1-team_offersoverflow/bestapp666/client/src/components/SearchBar.js": {"path":"/Users/yaoqideng_1/5570/project---design-hw1-team_offersoverflow/bestapp666/client/src/components/SearchBar.js","statementMap":{"0":{"start":{"line":10,"column":19},"end":{"line":10,"column":32}},"1":{"start":{"line":11,"column":28},"end":{"line":11,"column":40}},"2":{"start":{"line":13,"column":23},"end":{"line":17,"column":3}},"3":{"start":{"line":14,"column":4},"end":{"line":14,"column":23}},"4":{"start":{"line":15,"column":4},"end":{"line":15,"column":31}},"5":{"start":{"line":16,"column":4},"end":{"line":16,"column":17}},"6":{"start":{"line":18,"column":4},"end":{"line":30,"column":6}},"7":{"start":{"line":25,"column":25},"end":{"line":25,"column":49}}},"fnMap":{"0":{"name":"SearchBar","decl":{"start":{"line":9,"column":16},"end":{"line":9,"column":25}},"loc":{"start":{"line":9,"column":27},"end":{"line":31,"column":3}},"line":9},"1":{"name":"(anonymous_1)","decl":{"start":{"line":13,"column":23},"end":{"line":13,"column":24}},"loc":{"start":{"line":13,"column":29},"end":{"line":17,"column":3}},"line":13},"2":{"name":"(anonymous_2)","decl":{"start":{"line":25,"column":20},"end":{"line":25,"column":21}},"loc":{"start":{"line":25,"column":25},"end":{"line":25,"column":49}},"line":25}},"branchMap":{},"s":{"0":9,"1":9,"2":9,"3":1,"4":1,"5":1,"6":9,"7":5},"f":{"0":9,"1":1,"2":5},"b":{},"_coverageSchema":"1a1c01bbd47fc00a2c39e90264f33305004495a9","hash":"bb05076e3a2807cb02350129cd80e1c44b75d5c6"}
,"/Users/yaoqideng_1/5570/project---design-hw1-team_offersoverflow/bestapp666/client/src/pages/FeedPage.js": {"path":"/Users/yaoqideng_1/5570/project---design-hw1-team_offersoverflow/bestapp666/client/src/pages/FeedPage.js","statementMap":{"0":{"start":{"line":15,"column":19},"end":{"line":15,"column":32}},"1":{"start":{"line":17,"column":27},"end":{"line":17,"column":57}},"2":{"start":{"line":18,"column":28},"end":{"line":18,"column":55}},"3":{"start":{"line":19,"column":46},"end":{"line":19,"column":58}},"4":{"start":{"line":20,"column":54},"end":{"line":39,"column":4}},"5":{"start":{"line":40,"column":60},"end":{"line":40,"column":74}},"6":{"start":{"line":41,"column":60},"end":{"line":41,"column":75}},"7":{"start":{"line":42,"column":38},"end":{"line":42,"column":53}},"8":{"start":{"line":43,"column":48},"end":{"line":43,"column":60}},"9":{"start":{"line":45,"column":4},"end":{"line":70,"column":55}},"10":{"start":{"line":47,"column":28},"end":{"line":47,"column":69}},"11":{"start":{"line":50,"column":36},"end":{"line":52,"column":12}},"12":{"start":{"line":51,"column":12},"end":{"line":51,"column":44}},"13":{"start":{"line":55,"column":37},"end":{"line":59,"column":11}},"14":{"start":{"line":57,"column":27},"end":{"line":57,"column":66}},"15":{"start":{"line":58,"column":10},"end":{"line":58,"column":28}},"16":{"start":{"line":60,"column":8},"end":{"line":60,"column":48}},"17":{"start":{"line":64,"column":6},"end":{"line":69,"column":7}},"18":{"start":{"line":65,"column":8},"end":{"line":65,"column":20}},"19":{"start":{"line":68,"column":10},"end":{"line":68,"column":29}},"20":{"start":{"line":74,"column":16},"end":{"line":78,"column":4}},"21":{"start":{"line":75,"column":4},"end":{"line":77,"column":78}},"22":{"start":{"line":80,"column":18},"end":{"line":86,"column":4}},"23":{"start":{"line":81,"column":4},"end":{"line":85,"column":21}},"24":{"start":{"line":88,"column":2},"end":{"line":109,"column":4}}},"fnMap":{"0":{"name":"FeedPage","decl":{"start":{"line":14,"column":24},"end":{"line":14,"column":32}},"loc":{"start":{"line":14,"column":35},"end":{"line":110,"column":1}},"line":14},"1":{"name":"(anonymous_1)","decl":{"start":{"line":45,"column":14},"end":{"line":45,"column":15}},"loc":{"start":{"line":45,"column":20},"end":{"line":70,"column":5}},"line":45},"2":{"name":"fetchData","decl":{"start":{"line":46,"column":21},"end":{"line":46,"column":30}},"loc":{"start":{"line":46,"column":33},"end":{"line":63,"column":7}},"line":46},"3":{"name":"(anonymous_3)","decl":{"start":{"line":50,"column":55},"end":{"line":50,"column":56}},"loc":{"start":{"line":50,"column":65},"end":{"line":52,"column":11}},"line":50},"4":{"name":"(anonymous_4)","decl":{"start":{"line":55,"column":79},"end":{"line":55,"column":80}},"loc":{"start":{"line":55,"column":92},"end":{"line":59,"column":9}},"line":55},"5":{"name":"(anonymous_5)","decl":{"start":{"line":74,"column":86},"end":{"line":74,"column":87}},"loc":{"start":{"line":75,"column":4},"end":{"line":77,"column":78}},"line":75},"6":{"name":"(anonymous_6)","decl":{"start":{"line":80,"column":59},"end":{"line":80,"column":60}},"loc":{"start":{"line":81,"column":4},"end":{"line":85,"column":21}},"line":81}},"branchMap":{"0":{"loc":{"start":{"line":74,"column":17},"end":{"line":74,"column":80}},"type":"cond-expr","locations":[{"start":{"line":74,"column":47},"end":{"line":74,"column":65}},{"start":{"line":74,"column":66},"end":{"line":74,"column":80}}],"line":74}},"s":{"0":12,"1":10,"2":10,"3":10,"4":10,"5":10,"6":10,"7":10,"8":10,"9":10,"10":6,"11":2,"12":5,"13":2,"14":5,"15":0,"16":1,"17":6,"18":6,"19":0,"20":10,"21":10,"22":10,"23":18,"24":10},"f":{"0":12,"1":6,"2":6,"3":5,"4":5,"5":10,"6":18},"b":{"0":[10,0]},"_coverageSchema":"1a1c01bbd47fc00a2c39e90264f33305004495a9","hash":"fc6cae8546897a9cf292528bcb71de98c07e4551"}
,"/Users/yaoqideng_1/5570/project---design-hw1-team_offersoverflow/bestapp666/client/src/pages/HomePage.js": {"path":"/Users/yaoqideng_1/5570/project---design-hw1-team_offersoverflow/bestapp666/client/src/pages/HomePage.js","statementMap":{"0":{"start":{"line":12,"column":13},"end":{"line":12,"column":114}},"1":{"start":{"line":13,"column":13},"end":{"line":13,"column":86}},"2":{"start":{"line":14,"column":13},"end":{"line":14,"column":156}},"3":{"start":{"line":15,"column":4},"end":{"line":82,"column":13}}},"fnMap":{"0":{"name":"HomePage","decl":{"start":{"line":11,"column":9},"end":{"line":11,"column":17}},"loc":{"start":{"line":11,"column":20},"end":{"line":83,"column":3}},"line":11}},"branchMap":{},"s":{"0":1,"1":1,"2":1,"3":1},"f":{"0":1},"b":{},"_coverageSchema":"1a1c01bbd47fc00a2c39e90264f33305004495a9","hash":"e372f4aac1138f6777a7784188ca91ec882401c9"}
,"/Users/yaoqideng_1/5570/project---design-hw1-team_offersoverflow/bestapp666/client/src/pages/Layout.js": {"path":"/Users/yaoqideng_1/5570/project---design-hw1-team_offersoverflow/bestapp666/client/src/pages/Layout.js","statementMap":{"0":{"start":{"line":15,"column":19},"end":{"line":15,"column":32}},"1":{"start":{"line":16,"column":27},"end":{"line":16,"column":57}},"2":{"start":{"line":18,"column":27},"end":{"line":21,"column":3}},"3":{"start":{"line":19,"column":4},"end":{"line":19,"column":29}},"4":{"start":{"line":20,"column":4},"end":{"line":20,"column":82}},"5":{"start":{"line":23,"column":2},"end":{"line":27,"column":3}},"6":{"start":{"line":24,"column":4},"end":{"line":24,"column":74}},"7":{"start":{"line":26,"column":4},"end":{"line":26,"column":99}},"8":{"start":{"line":33,"column":27},"end":{"line":33,"column":57}},"9":{"start":{"line":34,"column":19},"end":{"line":34,"column":44}},"10":{"start":{"line":35,"column":17},"end":{"line":35,"column":40}},"11":{"start":{"line":37,"column":2},"end":{"line":88,"column":3}}},"fnMap":{"0":{"name":"LoginLink","decl":{"start":{"line":14,"column":9},"end":{"line":14,"column":18}},"loc":{"start":{"line":14,"column":21},"end":{"line":28,"column":1}},"line":14},"1":{"name":"(anonymous_1)","decl":{"start":{"line":18,"column":27},"end":{"line":18,"column":28}},"loc":{"start":{"line":18,"column":34},"end":{"line":21,"column":3}},"line":18},"2":{"name":"Layout","decl":{"start":{"line":31,"column":9},"end":{"line":31,"column":15}},"loc":{"start":{"line":31,"column":17},"end":{"line":89,"column":1}},"line":31}},"branchMap":{"0":{"loc":{"start":{"line":23,"column":2},"end":{"line":27,"column":3}},"type":"if","locations":[{"start":{"line":23,"column":2},"end":{"line":27,"column":3}},{"start":{"line":25,"column":7},"end":{"line":27,"column":3}}],"line":23}},"s":{"0":1,"1":1,"2":1,"3":0,"4":0,"5":1,"6":1,"7":0,"8":2,"9":1,"10":1,"11":1},"f":{"0":1,"1":0,"2":2},"b":{"0":[1,0]},"_coverageSchema":"1a1c01bbd47fc00a2c39e90264f33305004495a9","hash":"94b6b9f054d47e7fc5e59b6f8110052ac65a38f4"}
,"/Users/yaoqideng_1/5570/project---design-hw1-team_offersoverflow/bestapp666/client/src/pages/LoginPage.js": {"path":"/Users/yaoqideng_1/5570/project---design-hw1-team_offersoverflow/bestapp666/client/src/pages/LoginPage.js","statementMap":{"0":{"start":{"line":18,"column":27},"end":{"line":18,"column":57}},"1":{"start":{"line":19,"column":19},"end":{"line":19,"column":32}},"2":{"start":{"line":21,"column":31},"end":{"line":21,"column":71}},"3":{"start":{"line":23,"column":25},"end":{"line":36,"column":3}},"4":{"start":{"line":24,"column":4},"end":{"line":29,"column":5}},"5":{"start":{"line":25,"column":6},"end":{"line":28,"column":10}},"6":{"start":{"line":25,"column":27},"end":{"line":28,"column":7}},"7":{"start":{"line":30,"column":4},"end":{"line":35,"column":5}},"8":{"start":{"line":31,"column":6},"end":{"line":34,"column":10}},"9":{"start":{"line":31,"column":27},"end":{"line":34,"column":7}},"10":{"start":{"line":39,"column":22},"end":{"line":70,"column":3}},"11":{"start":{"line":40,"column":4},"end":{"line":40,"column":23}},"12":{"start":{"line":42,"column":4},"end":{"line":42,"column":53}},"13":{"start":{"line":43,"column":23},"end":{"line":43,"column":55}},"14":{"start":{"line":46,"column":4},"end":{"line":48,"column":7}},"15":{"start":{"line":47,"column":6},"end":{"line":47,"column":21}},"16":{"start":{"line":50,"column":4},"end":{"line":68,"column":5}},"17":{"start":{"line":52,"column":6},"end":{"line":52,"column":118}},"18":{"start":{"line":54,"column":8},"end":{"line":66,"column":9}},"19":{"start":{"line":58,"column":8},"end":{"line":58,"column":69}},"20":{"start":{"line":59,"column":8},"end":{"line":59,"column":42}},"21":{"start":{"line":61,"column":8},"end":{"line":61,"column":80}},"22":{"start":{"line":62,"column":8},"end":{"line":62,"column":87}},"23":{"start":{"line":63,"column":8},"end":{"line":63,"column":33}},"24":{"start":{"line":65,"column":10},"end":{"line":65,"column":38}},"25":{"start":{"line":73,"column":2},"end":{"line":91,"column":4}},"26":{"start":{"line":98,"column":37},"end":{"line":98,"column":52}},"27":{"start":{"line":100,"column":2},"end":{"line":123,"column":3}},"28":{"start":{"line":101,"column":4},"end":{"line":120,"column":5}},"29":{"start":{"line":122,"column":4},"end":{"line":122,"column":45}}},"fnMap":{"0":{"name":"LoginForm","decl":{"start":{"line":16,"column":9},"end":{"line":16,"column":18}},"loc":{"start":{"line":16,"column":25},"end":{"line":92,"column":1}},"line":16},"1":{"name":"(anonymous_1)","decl":{"start":{"line":23,"column":25},"end":{"line":23,"column":26}},"loc":{"start":{"line":23,"column":32},"end":{"line":36,"column":3}},"line":23},"2":{"name":"(anonymous_2)","decl":{"start":{"line":25,"column":15},"end":{"line":25,"column":16}},"loc":{"start":{"line":25,"column":27},"end":{"line":28,"column":7}},"line":25},"3":{"name":"(anonymous_3)","decl":{"start":{"line":31,"column":15},"end":{"line":31,"column":16}},"loc":{"start":{"line":31,"column":27},"end":{"line":34,"column":7}},"line":31},"4":{"name":"(anonymous_4)","decl":{"start":{"line":39,"column":22},"end":{"line":39,"column":23}},"loc":{"start":{"line":39,"column":35},"end":{"line":70,"column":3}},"line":39},"5":{"name":"(anonymous_5)","decl":{"start":{"line":46,"column":23},"end":{"line":46,"column":24}},"loc":{"start":{"line":46,"column":34},"end":{"line":48,"column":5}},"line":46},"6":{"name":"LoginPage","decl":{"start":{"line":97,"column":9},"end":{"line":97,"column":18}},"loc":{"start":{"line":97,"column":21},"end":{"line":125,"column":1}},"line":97}},"branchMap":{"0":{"loc":{"start":{"line":24,"column":4},"end":{"line":29,"column":5}},"type":"if","locations":[{"start":{"line":24,"column":4},"end":{"line":29,"column":5}},{"start":{},"end":{}}],"line":24},"1":{"loc":{"start":{"line":30,"column":4},"end":{"line":35,"column":5}},"type":"if","locations":[{"start":{"line":30,"column":4},"end":{"line":35,"column":5}},{"start":{},"end":{}}],"line":30},"2":{"loc":{"start":{"line":50,"column":4},"end":{"line":68,"column":5}},"type":"if","locations":[{"start":{"line":50,"column":4},"end":{"line":68,"column":5}},{"start":{"line":53,"column":9},"end":{"line":68,"column":5}}],"line":50},"3":{"loc":{"start":{"line":54,"column":8},"end":{"line":66,"column":9}},"type":"if","locations":[{"start":{"line":54,"column":8},"end":{"line":66,"column":9}},{"start":{"line":64,"column":13},"end":{"line":66,"column":9}}],"line":54},"4":{"loc":{"start":{"line":100,"column":2},"end":{"line":123,"column":3}},"type":"if","locations":[{"start":{"line":100,"column":2},"end":{"line":123,"column":3}},{"start":{"line":121,"column":7},"end":{"line":123,"column":3}}],"line":100}},"s":{"0":16,"1":16,"2":16,"3":16,"4":13,"5":5,"6":5,"7":13,"8":8,"9":8,"10":16,"11":1,"12":1,"13":1,"14":1,"15":1,"16":1,"17":0,"18":1,"19":1,"20":1,"21":1,"22":1,"23":1,"24":0,"25":16,"26":4,"27":3,"28":2,"29":1},"f":{"0":16,"1":13,"2":5,"3":8,"4":1,"5":1,"6":4},"b":{"0":[5,8],"1":[8,5],"2":[0,1],"3":[1,0],"4":[2,1]},"_coverageSchema":"1a1c01bbd47fc00a2c39e90264f33305004495a9","hash":"948554991689803d8e34f3bccaeca781ffd16f85"}
,"/Users/yaoqideng_1/5570/project---design-hw1-team_offersoverflow/bestapp666/client/src/pages/NoPage.js": {"path":"/Users/yaoqideng_1/5570/project---design-hw1-team_offersoverflow/bestapp666/client/src/pages/NoPage.js","statementMap":{"0":{"start":{"line":5,"column":4},"end":{"line":11,"column":11}}},"fnMap":{"0":{"name":"NoPage","decl":{"start":{"line":4,"column":9},"end":{"line":4,"column":15}},"loc":{"start":{"line":4,"column":17},"end":{"line":12,"column":3}},"line":4}},"branchMap":{},"s":{"0":1},"f":{"0":1},"b":{},"_coverageSchema":"1a1c01bbd47fc00a2c39e90264f33305004495a9","hash":"de46ccc3c6fa4e7042b71d517ea82965f1f1c394"}
,"/Users/yaoqideng_1/5570/project---design-hw1-team_offersoverflow/bestapp666/client/src/pages/RegisterPage.js": {"path":"/Users/yaoqideng_1/5570/project---design-hw1-team_offersoverflow/bestapp666/client/src/pages/RegisterPage.js","statementMap":{"0":{"start":{"line":12,"column":21},"end":{"line":12,"column":34}},"1":{"start":{"line":13,"column":40},"end":{"line":13,"column":327}},"2":{"start":{"line":16,"column":8},"end":{"line":16,"column":62}},"3":{"start":{"line":19,"column":36},"end":{"line":19,"column":48}},"4":{"start":{"line":21,"column":32},"end":{"line":24,"column":8}},"5":{"start":{"line":22,"column":6},"end":{"line":24,"column":7}},"6":{"start":{"line":23,"column":8},"end":{"line":23,"column":49}},"7":{"start":{"line":23,"column":32},"end":{"line":23,"column":46}},"8":{"start":{"line":25,"column":28},"end":{"line":28,"column":5}},"9":{"start":{"line":26,"column":8},"end":{"line":26,"column":27}},"10":{"start":{"line":27,"column":8},"end":{"line":27,"column":32}},"11":{"start":{"line":30,"column":8},"end":{"line":30,"column":302}},"12":{"start":{"line":31,"column":8},"end":{"line":31,"column":301}},"13":{"start":{"line":36,"column":38},"end":{"line":36,"column":99}},"14":{"start":{"line":37,"column":28},"end":{"line":59,"column":5}},"15":{"start":{"line":38,"column":8},"end":{"line":44,"column":11}},"16":{"start":{"line":39,"column":12},"end":{"line":43,"column":16}},"17":{"start":{"line":39,"column":37},"end":{"line":43,"column":13}},"18":{"start":{"line":45,"column":10},"end":{"line":51,"column":11}},"19":{"start":{"line":46,"column":12},"end":{"line":50,"column":16}},"20":{"start":{"line":46,"column":37},"end":{"line":50,"column":13}},"21":{"start":{"line":52,"column":10},"end":{"line":58,"column":11}},"22":{"start":{"line":53,"column":12},"end":{"line":57,"column":16}},"23":{"start":{"line":53,"column":37},"end":{"line":57,"column":13}},"24":{"start":{"line":61,"column":27},"end":{"line":86,"column":5}},"25":{"start":{"line":62,"column":8},"end":{"line":62,"column":27}},"26":{"start":{"line":65,"column":8},"end":{"line":85,"column":9}},"27":{"start":{"line":66,"column":12},"end":{"line":66,"column":41}},"28":{"start":{"line":68,"column":28},"end":{"line":76,"column":13}},"29":{"start":{"line":77,"column":12},"end":{"line":77,"column":40}},"30":{"start":{"line":78,"column":12},"end":{"line":82,"column":13}},"31":{"start":{"line":79,"column":16},"end":{"line":79,"column":39}},"32":{"start":{"line":81,"column":16},"end":{"line":81,"column":65}},"33":{"start":{"line":83,"column":12},"end":{"line":83,"column":72}},"34":{"start":{"line":84,"column":12},"end":{"line":84,"column":31}},"35":{"start":{"line":88,"column":4},"end":{"line":165,"column":6}}},"fnMap":{"0":{"name":"RegisterPage","decl":{"start":{"line":11,"column":9},"end":{"line":11,"column":21}},"loc":{"start":{"line":11,"column":24},"end":{"line":166,"column":1}},"line":11},"1":{"name":"handleChange","decl":{"start":{"line":15,"column":13},"end":{"line":15,"column":25}},"loc":{"start":{"line":15,"column":29},"end":{"line":17,"column":5}},"line":15},"2":{"name":"(anonymous_2)","decl":{"start":{"line":21,"column":32},"end":{"line":21,"column":33}},"loc":{"start":{"line":21,"column":39},"end":{"line":24,"column":8}},"line":21},"3":{"name":"(anonymous_3)","decl":{"start":{"line":23,"column":20},"end":{"line":23,"column":21}},"loc":{"start":{"line":23,"column":32},"end":{"line":23,"column":46}},"line":23},"4":{"name":"(anonymous_4)","decl":{"start":{"line":25,"column":28},"end":{"line":25,"column":29}},"loc":{"start":{"line":25,"column":35},"end":{"line":28,"column":5}},"line":25},"5":{"name":"addDefaultImgSrc","decl":{"start":{"line":29,"column":13},"end":{"line":29,"column":29}},"loc":{"start":{"line":29,"column":33},"end":{"line":32,"column":5}},"line":29},"6":{"name":"(anonymous_6)","decl":{"start":{"line":37,"column":28},"end":{"line":37,"column":29}},"loc":{"start":{"line":37,"column":34},"end":{"line":59,"column":5}},"line":37},"7":{"name":"(anonymous_7)","decl":{"start":{"line":39,"column":25},"end":{"line":39,"column":26}},"loc":{"start":{"line":39,"column":37},"end":{"line":43,"column":13}},"line":39},"8":{"name":"(anonymous_8)","decl":{"start":{"line":46,"column":25},"end":{"line":46,"column":26}},"loc":{"start":{"line":46,"column":37},"end":{"line":50,"column":13}},"line":46},"9":{"name":"(anonymous_9)","decl":{"start":{"line":53,"column":25},"end":{"line":53,"column":26}},"loc":{"start":{"line":53,"column":37},"end":{"line":57,"column":13}},"line":53},"10":{"name":"(anonymous_10)","decl":{"start":{"line":61,"column":27},"end":{"line":61,"column":28}},"loc":{"start":{"line":61,"column":40},"end":{"line":86,"column":5}},"line":61}},"branchMap":{"0":{"loc":{"start":{"line":22,"column":6},"end":{"line":24,"column":7}},"type":"if","locations":[{"start":{"line":22,"column":6},"end":{"line":24,"column":7}},{"start":{},"end":{}}],"line":22},"1":{"loc":{"start":{"line":38,"column":8},"end":{"line":44,"column":11}},"type":"if","locations":[{"start":{"line":38,"column":8},"end":{"line":44,"column":11}},{"start":{},"end":{}}],"line":38},"2":{"loc":{"start":{"line":45,"column":10},"end":{"line":51,"column":11}},"type":"if","locations":[{"start":{"line":45,"column":10},"end":{"line":51,"column":11}},{"start":{},"end":{}}],"line":45},"3":{"loc":{"start":{"line":52,"column":10},"end":{"line":58,"column":11}},"type":"if","locations":[{"start":{"line":52,"column":10},"end":{"line":58,"column":11}},{"start":{},"end":{}}],"line":52},"4":{"loc":{"start":{"line":65,"column":8},"end":{"line":85,"column":9}},"type":"if","locations":[{"start":{"line":65,"column":8},"end":{"line":85,"column":9}},{"start":{"line":67,"column":13},"end":{"line":85,"column":9}}],"line":65}},"s":{"0":4,"1":4,"2":0,"3":4,"4":4,"5":0,"6":0,"7":0,"8":4,"9":0,"10":0,"11":0,"12":0,"13":4,"14":4,"15":7,"16":0,"17":0,"18":7,"19":0,"20":0,"21":7,"22":0,"23":0,"24":4,"25":1,"26":1,"27":0,"28":1,"29":1,"30":1,"31":1,"32":0,"33":1,"34":1,"35":4},"f":{"0":4,"1":0,"2":0,"3":0,"4":0,"5":0,"6":7,"7":0,"8":0,"9":0,"10":1},"b":{"0":[0,0],"1":[0,7],"2":[0,7],"3":[0,7],"4":[0,1]},"_coverageSchema":"1a1c01bbd47fc00a2c39e90264f33305004495a9","hash":"5771177e7bbd76a9b08f6879b9a029a8f0a24cfb"}
,"/Users/yaoqideng_1/5570/project---design-hw1-team_offersoverflow/bestapp666/client/src/pages/UploadPostPage.js": {"path":"/Users/yaoqideng_1/5570/project---design-hw1-team_offersoverflow/bestapp666/client/src/pages/UploadPostPage.js","statementMap":{"0":{"start":{"line":14,"column":19},"end":{"line":14,"column":32}},"1":{"start":{"line":15,"column":28},"end":{"line":15,"column":116}},"2":{"start":{"line":16,"column":27},"end":{"line":16,"column":57}},"3":{"start":{"line":17,"column":19},"end":{"line":17,"column":32}},"4":{"start":{"line":19,"column":30},"end":{"line":22,"column":6}},"5":{"start":{"line":20,"column":4},"end":{"line":22,"column":5}},"6":{"start":{"line":21,"column":6},"end":{"line":21,"column":44}},"7":{"start":{"line":21,"column":27},"end":{"line":21,"column":41}},"8":{"start":{"line":25,"column":4},"end":{"line":25,"column":53}},"9":{"start":{"line":29,"column":4},"end":{"line":29,"column":151}},"10":{"start":{"line":30,"column":4},"end":{"line":30,"column":145}},"11":{"start":{"line":33,"column":36},"end":{"line":33,"column":48}},"12":{"start":{"line":35,"column":26},"end":{"line":37,"column":3}},"13":{"start":{"line":36,"column":4},"end":{"line":36,"column":34}},"14":{"start":{"line":40,"column":27},"end":{"line":74,"column":3}},"15":{"start":{"line":41,"column":4},"end":{"line":41,"column":23}},"16":{"start":{"line":43,"column":4},"end":{"line":72,"column":5}},"17":{"start":{"line":44,"column":6},"end":{"line":44,"column":77}},"18":{"start":{"line":45,"column":6},"end":{"line":45,"column":20}},"19":{"start":{"line":48,"column":22},"end":{"line":56,"column":7}},"20":{"start":{"line":57,"column":23},"end":{"line":57,"column":39}},"21":{"start":{"line":59,"column":18},"end":{"line":61,"column":9}},"22":{"start":{"line":60,"column":8},"end":{"line":60,"column":25}},"23":{"start":{"line":62,"column":20},"end":{"line":62,"column":36}},"24":{"start":{"line":63,"column":18},"end":{"line":63,"column":27}},"25":{"start":{"line":64,"column":6},"end":{"line":64,"column":25}},"26":{"start":{"line":67,"column":26},"end":{"line":67,"column":81}},"27":{"start":{"line":69,"column":6},"end":{"line":69,"column":47}},"28":{"start":{"line":70,"column":6},"end":{"line":70,"column":38}},"29":{"start":{"line":71,"column":6},"end":{"line":71,"column":53}},"30":{"start":{"line":77,"column":4},"end":{"line":91,"column":5}},"31":{"start":{"line":78,"column":6},"end":{"line":84,"column":7}},"32":{"start":{"line":86,"column":6},"end":{"line":90,"column":7}},"33":{"start":{"line":95,"column":0},"end":{"line":131,"column":7}}},"fnMap":{"0":{"name":"UploadPostPage","decl":{"start":{"line":13,"column":9},"end":{"line":13,"column":23}},"loc":{"start":{"line":13,"column":26},"end":{"line":132,"column":1}},"line":13},"1":{"name":"(anonymous_1)","decl":{"start":{"line":19,"column":30},"end":{"line":19,"column":31}},"loc":{"start":{"line":19,"column":37},"end":{"line":22,"column":6}},"line":19},"2":{"name":"(anonymous_2)","decl":{"start":{"line":21,"column":15},"end":{"line":21,"column":16}},"loc":{"start":{"line":21,"column":27},"end":{"line":21,"column":41}},"line":21},"3":{"name":"handleChange","decl":{"start":{"line":24,"column":11},"end":{"line":24,"column":23}},"loc":{"start":{"line":24,"column":27},"end":{"line":26,"column":3}},"line":24},"4":{"name":"addDefaultImgSrc","decl":{"start":{"line":28,"column":11},"end":{"line":28,"column":27}},"loc":{"start":{"line":28,"column":31},"end":{"line":31,"column":3}},"line":28},"5":{"name":"(anonymous_5)","decl":{"start":{"line":35,"column":26},"end":{"line":35,"column":27}},"loc":{"start":{"line":35,"column":32},"end":{"line":37,"column":3}},"line":35},"6":{"name":"(anonymous_6)","decl":{"start":{"line":40,"column":27},"end":{"line":40,"column":28}},"loc":{"start":{"line":40,"column":40},"end":{"line":74,"column":3}},"line":40},"7":{"name":"(anonymous_7)","decl":{"start":{"line":59,"column":65},"end":{"line":59,"column":66}},"loc":{"start":{"line":59,"column":75},"end":{"line":61,"column":7}},"line":59},"8":{"name":"MediaPreview","decl":{"start":{"line":76,"column":9},"end":{"line":76,"column":21}},"loc":{"start":{"line":76,"column":28},"end":{"line":93,"column":1}},"line":76}},"branchMap":{"0":{"loc":{"start":{"line":20,"column":4},"end":{"line":22,"column":5}},"type":"if","locations":[{"start":{"line":20,"column":4},"end":{"line":22,"column":5}},{"start":{},"end":{}}],"line":20},"1":{"loc":{"start":{"line":43,"column":4},"end":{"line":72,"column":5}},"type":"if","locations":[{"start":{"line":43,"column":4},"end":{"line":72,"column":5}},{"start":{"line":46,"column":9},"end":{"line":72,"column":5}}],"line":43},"2":{"loc":{"start":{"line":59,"column":18},"end":{"line":61,"column":9}},"type":"cond-expr","locations":[{"start":{"line":59,"column":42},"end":{"line":59,"column":48}},{"start":{"line":59,"column":52},"end":{"line":61,"column":8}}],"line":59},"3":{"loc":{"start":{"line":77,"column":4},"end":{"line":91,"column":5}},"type":"if","locations":[{"start":{"line":77,"column":4},"end":{"line":91,"column":5}},{"start":{"line":85,"column":9},"end":{"line":91,"column":5}}],"line":77}},"s":{"0":15,"1":15,"2":15,"3":15,"4":15,"5":5,"6":5,"7":5,"8":0,"9":0,"10":0,"11":15,"12":15,"13":7,"14":15,"15":1,"16":1,"17":1,"18":1,"19":0,"20":0,"21":0,"22":0,"23":0,"24":0,"25":0,"26":0,"27":0,"28":0,"29":0,"30":15,"31":0,"32":15,"33":15},"f":{"0":15,"1":5,"2":5,"3":0,"4":0,"5":7,"6":1,"7":0,"8":15},"b":{"0":[5,0],"1":[1,0],"2":[0,0],"3":[0,15]},"_coverageSchema":"1a1c01bbd47fc00a2c39e90264f33305004495a9","hash":"165b7bd4e65a713c4dbb469d0fd4d3fc2216bfdf"}
,"/Users/yaoqideng_1/5570/project---design-hw1-team_offersoverflow/bestapp666/client/src/pages/UserList.js": {"path":"/Users/yaoqideng_1/5570/project---design-hw1-team_offersoverflow/bestapp666/client/src/pages/UserList.js","statementMap":{"0":{"start":{"line":12,"column":17},"end":{"line":12,"column":19}},"1":{"start":{"line":15,"column":29},"end":{"line":15,"column":59}},"2":{"start":{"line":18,"column":36},"end":{"line":18,"column":62}},"3":{"start":{"line":19,"column":23},"end":{"line":19,"column":34}},"4":{"start":{"line":21,"column":4},"end":{"line":36,"column":19}},"5":{"start":{"line":24,"column":23},"end":{"line":24,"column":46}},"6":{"start":{"line":26,"column":8},"end":{"line":29,"column":36}},"7":{"start":{"line":27,"column":10},"end":{"line":27,"column":34}},"8":{"start":{"line":29,"column":10},"end":{"line":29,"column":35}},"9":{"start":{"line":32,"column":6},"end":{"line":35,"column":7}},"10":{"start":{"line":32,"column":10},"end":{"line":32,"column":22}},"11":{"start":{"line":34,"column":10},"end":{"line":34,"column":29}},"12":{"start":{"line":39,"column":4},"end":{"line":57,"column":5}},"13":{"start":{"line":40,"column":5},"end":{"line":40,"column":26}},"14":{"start":{"line":41,"column":6},"end":{"line":47,"column":6}},"15":{"start":{"line":42,"column":6},"end":{"line":46,"column":23}},"16":{"start":{"line":49,"column":4},"end":{"line":49,"column":26}},"17":{"start":{"line":50,"column":4},"end":{"line":56,"column":6}},"18":{"start":{"line":51,"column":6},"end":{"line":55,"column":23}},"19":{"start":{"line":60,"column":4},"end":{"line":75,"column":5}}},"fnMap":{"0":{"name":"UserList","decl":{"start":{"line":11,"column":9},"end":{"line":11,"column":17}},"loc":{"start":{"line":11,"column":24},"end":{"line":76,"column":1}},"line":11},"1":{"name":"(anonymous_1)","decl":{"start":{"line":21,"column":14},"end":{"line":21,"column":15}},"loc":{"start":{"line":21,"column":20},"end":{"line":36,"column":5}},"line":21},"2":{"name":"fetchData","decl":{"start":{"line":22,"column":21},"end":{"line":22,"column":30}},"loc":{"start":{"line":22,"column":33},"end":{"line":30,"column":7}},"line":22},"3":{"name":"(anonymous_3)","decl":{"start":{"line":41,"column":41},"end":{"line":41,"column":42}},"loc":{"start":{"line":42,"column":6},"end":{"line":46,"column":23}},"line":42},"4":{"name":"(anonymous_4)","decl":{"start":{"line":50,"column":40},"end":{"line":50,"column":41}},"loc":{"start":{"line":51,"column":6},"end":{"line":55,"column":23}},"line":51}},"branchMap":{"0":{"loc":{"start":{"line":26,"column":8},"end":{"line":29,"column":36}},"type":"if","locations":[{"start":{"line":26,"column":8},"end":{"line":29,"column":36}},{"start":{"line":28,"column":13},"end":{"line":29,"column":36}}],"line":26},"1":{"loc":{"start":{"line":39,"column":4},"end":{"line":57,"column":5}},"type":"if","locations":[{"start":{"line":39,"column":4},"end":{"line":57,"column":5}},{"start":{"line":48,"column":11},"end":{"line":57,"column":5}}],"line":39}},"s":{"0":4,"1":4,"2":3,"3":3,"4":3,"5":2,"6":0,"7":0,"8":0,"9":2,"10":2,"11":0,"12":3,"13":1,"14":1,"15":4,"16":2,"17":2,"18":10,"19":3},"f":{"0":4,"1":2,"2":2,"3":4,"4":10},"b":{"0":[0,0],"1":[1,2]},"_coverageSchema":"1a1c01bbd47fc00a2c39e90264f33305004495a9","hash":"1516869b919081eaa6d29cfdaa58d9bb3570df7a"}
,"/Users/yaoqideng_1/5570/project---design-hw1-team_offersoverflow/bestapp666/client/src/pages/UserPage/PostPopUp.js": {"path":"/Users/yaoqideng_1/5570/project---design-hw1-team_offersoverflow/bestapp666/client/src/pages/UserPage/PostPopUp.js","statementMap":{"0":{"start":{"line":13,"column":20},"end":{"line":183,"column":1}},"1":{"start":{"line":15,"column":28},"end":{"line":15,"column":43}},"2":{"start":{"line":16,"column":30},"end":{"line":16,"column":42}},"3":{"start":{"line":17,"column":38},"end":{"line":17,"column":50}},"4":{"start":{"line":19,"column":24},"end":{"line":24,"column":5}},"5":{"start":{"line":22,"column":8},"end":{"line":22,"column":23}},"6":{"start":{"line":23,"column":8},"end":{"line":23,"column":29}},"7":{"start":{"line":26,"column":25},"end":{"line":30,"column":5}},"8":{"start":{"line":27,"column":8},"end":{"line":27,"column":23}},"9":{"start":{"line":28,"column":8},"end":{"line":28,"column":25}},"10":{"start":{"line":29,"column":8},"end":{"line":29,"column":29}},"11":{"start":{"line":32,"column":4},"end":{"line":37,"column":25}},"12":{"start":{"line":33,"column":8},"end":{"line":33,"column":28}},"13":{"start":{"line":34,"column":8},"end":{"line":34,"column":35}},"14":{"start":{"line":35,"column":8},"end":{"line":35,"column":45}},"15":{"start":{"line":36,"column":8},"end":{"line":36,"column":50}},"16":{"start":{"line":39,"column":28},"end":{"line":41,"column":5}},"17":{"start":{"line":40,"column":8},"end":{"line":40,"column":38}},"18":{"start":{"line":43,"column":32},"end":{"line":45,"column":7}},"19":{"start":{"line":44,"column":8},"end":{"line":44,"column":33}},"20":{"start":{"line":49,"column":8},"end":{"line":54,"column":9}},"21":{"start":{"line":50,"column":12},"end":{"line":50,"column":49}},"22":{"start":{"line":52,"column":12},"end":{"line":52,"column":50}},"23":{"start":{"line":53,"column":12},"end":{"line":53,"column":44}},"24":{"start":{"line":56,"column":8},"end":{"line":56,"column":72}},"25":{"start":{"line":60,"column":8},"end":{"line":67,"column":9}},"26":{"start":{"line":61,"column":12},"end":{"line":61,"column":37}},"27":{"start":{"line":63,"column":12},"end":{"line":63,"column":41}},"28":{"start":{"line":65,"column":12},"end":{"line":65,"column":59}},"29":{"start":{"line":66,"column":12},"end":{"line":66,"column":41}},"30":{"start":{"line":69,"column":8},"end":{"line":69,"column":72}},"31":{"start":{"line":70,"column":8},"end":{"line":70,"column":23}},"32":{"start":{"line":71,"column":8},"end":{"line":71,"column":29}},"33":{"start":{"line":74,"column":25},"end":{"line":86,"column":5}},"34":{"start":{"line":75,"column":8},"end":{"line":75,"column":27}},"35":{"start":{"line":76,"column":8},"end":{"line":81,"column":9}},"36":{"start":{"line":77,"column":12},"end":{"line":77,"column":62}},"37":{"start":{"line":79,"column":12},"end":{"line":79,"column":60}},"38":{"start":{"line":80,"column":12},"end":{"line":80,"column":54}},"39":{"start":{"line":83,"column":8},"end":{"line":83,"column":72}},"40":{"start":{"line":84,"column":8},"end":{"line":84,"column":23}},"41":{"start":{"line":85,"column":8},"end":{"line":85,"column":29}},"42":{"start":{"line":89,"column":8},"end":{"line":89,"column":155}},"43":{"start":{"line":90,"column":8},"end":{"line":90,"column":35}},"44":{"start":{"line":94,"column":8},"end":{"line":116,"column":9}},"45":{"start":{"line":95,"column":12},"end":{"line":109,"column":13}},"46":{"start":{"line":96,"column":16},"end":{"line":102,"column":17}},"47":{"start":{"line":104,"column":16},"end":{"line":108,"column":17}},"48":{"start":{"line":111,"column":12},"end":{"line":115,"column":17}},"49":{"start":{"line":119,"column":26},"end":{"line":137,"column":7}},"50":{"start":{"line":123,"column":8},"end":{"line":137,"column":5}},"51":{"start":{"line":124,"column":43},"end":{"line":124,"column":98}},"52":{"start":{"line":139,"column":4},"end":{"line":182,"column":6}},"53":{"start":{"line":142,"column":62},"end":{"line":142,"column":93}},"54":{"start":{"line":185,"column":0},"end":{"line":189,"column":2}}},"fnMap":{"0":{"name":"(anonymous_0)","decl":{"start":{"line":13,"column":20},"end":{"line":13,"column":21}},"loc":{"start":{"line":13,"column":31},"end":{"line":183,"column":1}},"line":13},"1":{"name":"(anonymous_1)","decl":{"start":{"line":19,"column":24},"end":{"line":19,"column":25}},"loc":{"start":{"line":19,"column":31},"end":{"line":24,"column":5}},"line":19},"2":{"name":"(anonymous_2)","decl":{"start":{"line":26,"column":25},"end":{"line":26,"column":26}},"loc":{"start":{"line":26,"column":32},"end":{"line":30,"column":5}},"line":26},"3":{"name":"(anonymous_3)","decl":{"start":{"line":32,"column":14},"end":{"line":32,"column":15}},"loc":{"start":{"line":32,"column":20},"end":{"line":37,"column":9}},"line":32},"4":{"name":"(anonymous_4)","decl":{"start":{"line":39,"column":28},"end":{"line":39,"column":29}},"loc":{"start":{"line":39,"column":34},"end":{"line":41,"column":5}},"line":39},"5":{"name":"(anonymous_5)","decl":{"start":{"line":43,"column":32},"end":{"line":43,"column":33}},"loc":{"start":{"line":43,"column":39},"end":{"line":45,"column":7}},"line":43},"6":{"name":"handleDeleteComment","decl":{"start":{"line":48,"column":19},"end":{"line":48,"column":38}},"loc":{"start":{"line":48,"column":63},"end":{"line":57,"column":5}},"line":48},"7":{"name":"handleDeletePost","decl":{"start":{"line":59,"column":19},"end":{"line":59,"column":35}},"loc":{"start":{"line":59,"column":43},"end":{"line":72,"column":5}},"line":59},"8":{"name":"(anonymous_8)","decl":{"start":{"line":74,"column":25},"end":{"line":74,"column":26}},"loc":{"start":{"line":74,"column":38},"end":{"line":86,"column":5}},"line":74},"9":{"name":"addDefaultImgSrc","decl":{"start":{"line":88,"column":13},"end":{"line":88,"column":29}},"loc":{"start":{"line":88,"column":33},"end":{"line":91,"column":7}},"line":88},"10":{"name":"MediaPreview","decl":{"start":{"line":93,"column":13},"end":{"line":93,"column":25}},"loc":{"start":{"line":93,"column":32},"end":{"line":117,"column":5}},"line":93},"11":{"name":"(anonymous_11)","decl":{"start":{"line":122,"column":10},"end":{"line":122,"column":11}},"loc":{"start":{"line":122,"column":22},"end":{"line":137,"column":6}},"line":122},"12":{"name":"(anonymous_12)","decl":{"start":{"line":124,"column":36},"end":{"line":124,"column":37}},"loc":{"start":{"line":124,"column":43},"end":{"line":124,"column":98}},"line":124},"13":{"name":"(anonymous_13)","decl":{"start":{"line":142,"column":56},"end":{"line":142,"column":57}},"loc":{"start":{"line":142,"column":62},"end":{"line":142,"column":93}},"line":142}},"branchMap":{"0":{"loc":{"start":{"line":94,"column":8},"end":{"line":116,"column":9}},"type":"if","locations":[{"start":{"line":94,"column":8},"end":{"line":116,"column":9}},{"start":{"line":110,"column":13},"end":{"line":116,"column":9}}],"line":94},"1":{"loc":{"start":{"line":95,"column":12},"end":{"line":109,"column":13}},"type":"if","locations":[{"start":{"line":95,"column":12},"end":{"line":109,"column":13}},{"start":{"line":103,"column":17},"end":{"line":109,"column":13}}],"line":95},"2":{"loc":{"start":{"line":119,"column":27},"end":{"line":121,"column":90}},"type":"cond-expr","locations":[{"start":{"line":119,"column":49},"end":{"line":119,"column":68}},{"start":{"line":119,"column":71},"end":{"line":121,"column":90}}],"line":119},"3":{"loc":{"start":{"line":140,"column":33},"end":{"line":140,"column":60}},"type":"cond-expr","locations":[{"start":{"line":140,"column":40},"end":{"line":140,"column":49}},{"start":{"line":140,"column":52},"end":{"line":140,"column":60}}],"line":140},"4":{"loc":{"start":{"line":140,"column":71},"end":{"line":140,"column":87}},"type":"cond-expr","locations":[{"start":{"line":140,"column":78},"end":{"line":140,"column":81}},{"start":{"line":140,"column":84},"end":{"line":140,"column":87}}],"line":140}},"s":{"0":1,"1":6,"2":4,"3":4,"4":4,"5":0,"6":0,"7":4,"8":0,"9":0,"10":0,"11":4,"12":2,"13":2,"14":2,"15":2,"16":4,"17":0,"18":4,"19":0,"20":0,"21":0,"22":0,"23":0,"24":0,"25":0,"26":0,"27":0,"28":0,"29":0,"30":0,"31":0,"32":0,"33":4,"34":0,"35":0,"36":0,"37":0,"38":0,"39":0,"40":0,"41":0,"42":0,"43":0,"44":4,"45":0,"46":0,"47":0,"48":4,"49":4,"50":4,"51":0,"52":4,"53":0,"54":1},"f":{"0":6,"1":0,"2":0,"3":2,"4":0,"5":0,"6":0,"7":0,"8":0,"9":0,"10":4,"11":4,"12":0,"13":0},"b":{"0":[0,4],"1":[0,0],"2":[0,4],"3":[0,4],"4":[0,4]},"_coverageSchema":"1a1c01bbd47fc00a2c39e90264f33305004495a9","hash":"f3f4fc80c3663c2b70029211cc66de05df498c21"}
,"/Users/yaoqideng_1/5570/project---design-hw1-team_offersoverflow/bestapp666/client/src/pages/UserPage/User.js": {"path":"/Users/yaoqideng_1/5570/project---design-hw1-team_offersoverflow/bestapp666/client/src/pages/UserPage/User.js","statementMap":{"0":{"start":{"line":20,"column":21},"end":{"line":20,"column":34}},"1":{"start":{"line":22,"column":29},"end":{"line":22,"column":59}},"2":{"start":{"line":23,"column":36},"end":{"line":23,"column":62}},"3":{"start":{"line":24,"column":41},"end":{"line":24,"column":53}},"4":{"start":{"line":25,"column":32},"end":{"line":25,"column":43}},"5":{"start":{"line":26,"column":34},"end":{"line":26,"column":48}},"6":{"start":{"line":27,"column":28},"end":{"line":27,"column":46}},"7":{"start":{"line":28,"column":42},"end":{"line":28,"column":56}},"8":{"start":{"line":29,"column":23},"end":{"line":29,"column":34}},"9":{"start":{"line":31,"column":62},"end":{"line":31,"column":76}},"10":{"start":{"line":32,"column":62},"end":{"line":32,"column":77}},"11":{"start":{"line":34,"column":40},"end":{"line":34,"column":55}},"12":{"start":{"line":35,"column":50},"end":{"line":35,"column":62}},"13":{"start":{"line":37,"column":4},"end":{"line":82,"column":65}},"14":{"start":{"line":40,"column":22},"end":{"line":40,"column":45}},"15":{"start":{"line":41,"column":22},"end":{"line":41,"column":38}},"16":{"start":{"line":43,"column":8},"end":{"line":48,"column":9}},"17":{"start":{"line":44,"column":10},"end":{"line":44,"column":34}},"18":{"start":{"line":46,"column":10},"end":{"line":46,"column":34}},"19":{"start":{"line":47,"column":10},"end":{"line":47,"column":36}},"20":{"start":{"line":50,"column":6},"end":{"line":52,"column":28}},"21":{"start":{"line":50,"column":10},"end":{"line":50,"column":22}},"22":{"start":{"line":52,"column":8},"end":{"line":52,"column":27}},"23":{"start":{"line":54,"column":6},"end":{"line":64,"column":7}},"24":{"start":{"line":55,"column":8},"end":{"line":55,"column":29}},"25":{"start":{"line":56,"column":8},"end":{"line":56,"column":26}},"26":{"start":{"line":57,"column":8},"end":{"line":57,"column":21}},"27":{"start":{"line":58,"column":8},"end":{"line":58,"column":29}},"28":{"start":{"line":60,"column":8},"end":{"line":60,"column":26}},"29":{"start":{"line":61,"column":8},"end":{"line":61,"column":25}},"30":{"start":{"line":62,"column":8},"end":{"line":62,"column":21}},"31":{"start":{"line":63,"column":8},"end":{"line":63,"column":30}},"32":{"start":{"line":69,"column":12},"end":{"line":69,"column":73}},"33":{"start":{"line":70,"column":32},"end":{"line":70,"column":111}},"34":{"start":{"line":71,"column":12},"end":{"line":71,"column":44}},"35":{"start":{"line":72,"column":12},"end":{"line":72,"column":72}},"36":{"start":{"line":75,"column":6},"end":{"line":80,"column":7}},"37":{"start":{"line":76,"column":8},"end":{"line":76,"column":96}},"38":{"start":{"line":76,"column":72},"end":{"line":76,"column":95}},"39":{"start":{"line":78,"column":8},"end":{"line":78,"column":25}},"40":{"start":{"line":79,"column":8},"end":{"line":79,"column":69}},"41":{"start":{"line":85,"column":30},"end":{"line":87,"column":5}},"42":{"start":{"line":86,"column":6},"end":{"line":86,"column":27}},"43":{"start":{"line":89,"column":18},"end":{"line":93,"column":6}},"44":{"start":{"line":90,"column":6},"end":{"line":92,"column":103}},"45":{"start":{"line":90,"column":92},"end":{"line":90,"column":102}},"46":{"start":{"line":98,"column":8},"end":{"line":98,"column":44}},"47":{"start":{"line":99,"column":8},"end":{"line":111,"column":9}},"48":{"start":{"line":100,"column":10},"end":{"line":100,"column":31}},"49":{"start":{"line":101,"column":10},"end":{"line":102,"column":29}},"50":{"start":{"line":101,"column":26},"end":{"line":101,"column":39}},"51":{"start":{"line":102,"column":15},"end":{"line":102,"column":28}},"52":{"start":{"line":103,"column":30},"end":{"line":103,"column":83}},"53":{"start":{"line":104,"column":10},"end":{"line":104,"column":51}},"54":{"start":{"line":106,"column":10},"end":{"line":106,"column":28}},"55":{"start":{"line":107,"column":10},"end":{"line":108,"column":29}},"56":{"start":{"line":107,"column":26},"end":{"line":107,"column":40}},"57":{"start":{"line":108,"column":15},"end":{"line":108,"column":28}},"58":{"start":{"line":109,"column":30},"end":{"line":109,"column":85}},"59":{"start":{"line":110,"column":10},"end":{"line":110,"column":51}},"60":{"start":{"line":114,"column":6},"end":{"line":133,"column":7}},"61":{"start":{"line":115,"column":8},"end":{"line":119,"column":11}},"62":{"start":{"line":120,"column":12},"end":{"line":133,"column":7}},"63":{"start":{"line":121,"column":10},"end":{"line":126,"column":11}},"64":{"start":{"line":128,"column":8},"end":{"line":132,"column":9}},"65":{"start":{"line":137,"column":2},"end":{"line":182,"column":4}}},"fnMap":{"0":{"name":"User","decl":{"start":{"line":18,"column":24},"end":{"line":18,"column":28}},"loc":{"start":{"line":18,"column":31},"end":{"line":183,"column":1}},"line":18},"1":{"name":"(anonymous_1)","decl":{"start":{"line":37,"column":14},"end":{"line":37,"column":15}},"loc":{"start":{"line":37,"column":20},"end":{"line":82,"column":5}},"line":37},"2":{"name":"fetchData","decl":{"start":{"line":38,"column":21},"end":{"line":38,"column":30}},"loc":{"start":{"line":38,"column":33},"end":{"line":49,"column":7}},"line":38},"3":{"name":"updatePostBeingEdited","decl":{"start":{"line":67,"column":21},"end":{"line":67,"column":42}},"loc":{"start":{"line":67,"column":44},"end":{"line":74,"column":7}},"line":67},"4":{"name":"(anonymous_4)","decl":{"start":{"line":85,"column":30},"end":{"line":85,"column":31}},"loc":{"start":{"line":85,"column":36},"end":{"line":87,"column":5}},"line":85},"5":{"name":"(anonymous_5)","decl":{"start":{"line":89,"column":76},"end":{"line":89,"column":77}},"loc":{"start":{"line":90,"column":6},"end":{"line":92,"column":103}},"line":90},"6":{"name":"(anonymous_6)","decl":{"start":{"line":90,"column":87},"end":{"line":90,"column":88}},"loc":{"start":{"line":90,"column":92},"end":{"line":90,"column":102}},"line":90},"7":{"name":"ActionButton","decl":{"start":{"line":95,"column":13},"end":{"line":95,"column":25}},"loc":{"start":{"line":95,"column":27},"end":{"line":134,"column":5}},"line":95},"8":{"name":"handleFollow","decl":{"start":{"line":97,"column":21},"end":{"line":97,"column":33}},"loc":{"start":{"line":97,"column":37},"end":{"line":112,"column":7}},"line":97}},"branchMap":{"0":{"loc":{"start":{"line":43,"column":8},"end":{"line":48,"column":9}},"type":"if","locations":[{"start":{"line":43,"column":8},"end":{"line":48,"column":9}},{"start":{"line":45,"column":13},"end":{"line":48,"column":9}}],"line":43},"1":{"loc":{"start":{"line":54,"column":6},"end":{"line":64,"column":7}},"type":"if","locations":[{"start":{"line":54,"column":6},"end":{"line":64,"column":7}},{"start":{"line":59,"column":11},"end":{"line":64,"column":7}}],"line":54},"2":{"loc":{"start":{"line":70,"column":46},"end":{"line":70,"column":110}},"type":"cond-expr","locations":[{"start":{"line":70,"column":87},"end":{"line":70,"column":105}},{"start":{"line":70,"column":108},"end":{"line":70,"column":110}}],"line":70},"3":{"loc":{"start":{"line":76,"column":8},"end":{"line":76,"column":96}},"type":"if","locations":[{"start":{"line":76,"column":8},"end":{"line":76,"column":96}},{"start":{},"end":{}}],"line":76},"4":{"loc":{"start":{"line":76,"column":11},"end":{"line":76,"column":69}},"type":"binary-expr","locations":[{"start":{"line":76,"column":11},"end":{"line":76,"column":50}},{"start":{"line":76,"column":54},"end":{"line":76,"column":69}}],"line":76},"5":{"loc":{"start":{"line":89,"column":19},"end":{"line":89,"column":70}},"type":"cond-expr","locations":[{"start":{"line":89,"column":49},"end":{"line":89,"column":53}},{"start":{"line":89,"column":56},"end":{"line":89,"column":70}}],"line":89},"6":{"loc":{"start":{"line":99,"column":8},"end":{"line":111,"column":9}},"type":"if","locations":[{"start":{"line":99,"column":8},"end":{"line":111,"column":9}},{"start":{"line":105,"column":13},"end":{"line":111,"column":9}}],"line":99},"7":{"loc":{"start":{"line":101,"column":10},"end":{"line":102,"column":29}},"type":"if","locations":[{"start":{"line":101,"column":10},"end":{"line":102,"column":29}},{"start":{"line":102,"column":14},"end":{"line":102,"column":29}}],"line":101},"8":{"loc":{"start":{"line":107,"column":10},"end":{"line":108,"column":29}},"type":"if","locations":[{"start":{"line":107,"column":10},"end":{"line":108,"column":29}},{"start":{"line":108,"column":14},"end":{"line":108,"column":29}}],"line":107},"9":{"loc":{"start":{"line":114,"column":6},"end":{"line":133,"column":7}},"type":"if","locations":[{"start":{"line":114,"column":6},"end":{"line":133,"column":7}},{"start":{"line":120,"column":12},"end":{"line":133,"column":7}}],"line":114},"10":{"loc":{"start":{"line":120,"column":12},"end":{"line":133,"column":7}},"type":"if","locations":[{"start":{"line":120,"column":12},"end":{"line":133,"column":7}},{"start":{"line":127,"column":11},"end":{"line":133,"column":7}}],"line":120}},"s":{"0":5,"1":4,"2":4,"3":4,"4":4,"5":4,"6":4,"7":4,"8":4,"9":4,"10":4,"11":4,"12":4,"13":4,"14":2,"15":1,"16":0,"17":0,"18":0,"19":0,"20":2,"21":2,"22":0,"23":2,"24":0,"25":0,"26":0,"27":0,"28":2,"29":2,"30":2,"31":2,"32":0,"33":0,"34":0,"35":0,"36":2,"37":2,"38":0,"39":0,"40":0,"41":4,"42":0,"43":4,"44":12,"45":0,"46":0,"47":0,"48":0,"49":0,"50":0,"51":0,"52":0,"53":0,"54":0,"55":0,"56":0,"57":0,"58":0,"59":0,"60":4,"61":0,"62":4,"63":2,"64":2,"65":4},"f":{"0":5,"1":2,"2":2,"3":0,"4":0,"5":12,"6":0,"7":4,"8":0},"b":{"0":[0,0],"1":[0,2],"2":[0,0],"3":[0,2],"4":[2,0],"5":[2,2],"6":[0,0],"7":[0,0],"8":[0,0],"9":[0,4],"10":[2,2]},"_coverageSchema":"1a1c01bbd47fc00a2c39e90264f33305004495a9","hash":"7836d7dba29149a966c75c07bd577a56b66c6046"}
,"/Users/yaoqideng_1/5570/project---design-hw1-team_offersoverflow/bestapp666/client/src/pages/UserPage/currentUserSlice.js": {"path":"/Users/yaoqideng_1/5570/project---design-hw1-team_offersoverflow/bestapp666/client/src/pages/UserPage/currentUserSlice.js","statementMap":{"0":{"start":{"line":3,"column":32},"end":{"line":36,"column":2}},"1":{"start":{"line":21,"column":6},"end":{"line":21,"column":27}},"2":{"start":{"line":24,"column":6},"end":{"line":33,"column":7}},"3":{"start":{"line":38,"column":51},"end":{"line":38,"column":75}},"4":{"start":{"line":43,"column":33},"end":{"line":43,"column":61}},"5":{"start":{"line":43,"column":44},"end":{"line":43,"column":61}}},"fnMap":{"0":{"name":"(anonymous_0)","decl":{"start":{"line":16,"column":23},"end":{"line":16,"column":24}},"loc":{"start":{"line":16,"column":42},"end":{"line":22,"column":5}},"line":16},"1":{"name":"(anonymous_1)","decl":{"start":{"line":23,"column":18},"end":{"line":23,"column":19}},"loc":{"start":{"line":23,"column":27},"end":{"line":34,"column":5}},"line":23},"2":{"name":"(anonymous_2)","decl":{"start":{"line":43,"column":33},"end":{"line":43,"column":34}},"loc":{"start":{"line":43,"column":44},"end":{"line":43,"column":61}},"line":43}},"branchMap":{},"s":{"0":10,"1":6,"2":0,"3":10,"4":10,"5":22},"f":{"0":6,"1":0,"2":22},"b":{},"_coverageSchema":"1a1c01bbd47fc00a2c39e90264f33305004495a9","hash":"904d02666866bf49fe66345e23d6b4738c9a596c"}
}
