<?xml version="1.0" encoding="UTF-8"?>
<coverage generated="1670060818758" clover="3.2.0">
  <project timestamp="1670060818758" name="All files">
    <metrics statements="295" coveredstatements="258" conditionals="14" coveredconditionals="11" methods="48" coveredmethods="43" elements="357" coveredelements="312" complexity="0" loc="295" ncloc="295" packages="1" files="2" classes="2"/>
    <file name="dbFunctions.js" path="/Users/dennice/Desktop/cis557/project---design-hw1-team_offersoverflow/bestapp666/backend/dbFunctions.js">
      <metrics statements="170" coveredstatements="164" conditionals="12" coveredconditionals="10" methods="28" coveredmethods="27"/>
      <line num="1" count="2" type="stmt"/>
      <line num="5" count="2" type="stmt"/>
      <line num="7" count="19" type="stmt"/>
      <line num="8" count="19" type="stmt"/>
      <line num="13" count="18" type="stmt"/>
      <line num="14" count="18" type="stmt"/>
      <line num="16" count="1" type="stmt"/>
      <line num="20" count="2" type="stmt"/>
      <line num="21" count="4" type="stmt"/>
      <line num="22" count="4" type="stmt"/>
      <line num="24" count="3" type="stmt"/>
      <line num="27" count="1" type="stmt"/>
      <line num="31" count="2" type="stmt"/>
      <line num="32" count="54" type="stmt"/>
      <line num="33" count="54" type="stmt"/>
      <line num="34" count="47" type="stmt"/>
      <line num="35" count="47" type="stmt"/>
      <line num="38" count="7" type="stmt"/>
      <line num="42" count="2" type="stmt"/>
      <line num="43" count="3" type="stmt"/>
      <line num="44" count="3" type="stmt"/>
      <line num="45" count="3" type="stmt"/>
      <line num="46" count="3" type="stmt"/>
      <line num="47" count="34" type="cond" truecount="2" falsecount="0"/>
      <line num="48" count="4" type="stmt"/>
      <line num="51" count="4" type="stmt"/>
      <line num="52" count="2" type="stmt"/>
      <line num="55" count="1" type="stmt"/>
      <line num="60" count="2" type="stmt"/>
      <line num="61" count="3" type="stmt"/>
      <line num="63" count="3" type="stmt"/>
      <line num="64" count="3" type="stmt"/>
      <line num="66" count="0" type="stmt"/>
      <line num="67" count="0" type="stmt"/>
      <line num="71" count="2" type="stmt"/>
      <line num="72" count="56" type="stmt"/>
      <line num="73" count="56" type="stmt"/>
      <line num="74" count="54" type="stmt"/>
      <line num="75" count="54" type="stmt"/>
      <line num="77" count="2" type="stmt"/>
      <line num="78" count="2" type="stmt"/>
      <line num="82" count="2" type="stmt"/>
      <line num="83" count="7" type="stmt"/>
      <line num="84" count="7" type="stmt"/>
      <line num="85" count="7" type="stmt"/>
      <line num="86" count="7" type="stmt"/>
      <line num="88" count="7" type="stmt"/>
      <line num="89" count="6" type="stmt"/>
      <line num="90" count="6" type="stmt"/>
      <line num="91" count="6" type="stmt"/>
      <line num="93" count="6" type="stmt"/>
      <line num="97" count="6" type="stmt"/>
      <line num="102" count="6" type="stmt"/>
      <line num="103" count="6" type="stmt"/>
      <line num="106" count="1" type="stmt"/>
      <line num="110" count="2" type="stmt"/>
      <line num="111" count="4" type="stmt"/>
      <line num="112" count="4" type="stmt"/>
      <line num="113" count="4" type="stmt"/>
      <line num="115" count="4" type="stmt"/>
      <line num="116" count="3" type="stmt"/>
      <line num="118" count="3" type="stmt"/>
      <line num="122" count="3" type="stmt"/>
      <line num="127" count="3" type="stmt"/>
      <line num="128" count="3" type="stmt"/>
      <line num="131" count="1" type="stmt"/>
      <line num="137" count="2" type="stmt"/>
      <line num="138" count="2" type="stmt"/>
      <line num="139" count="2" type="stmt"/>
      <line num="141" count="1" type="stmt"/>
      <line num="144" count="1" type="stmt"/>
      <line num="148" count="2" type="stmt"/>
      <line num="149" count="27" type="stmt"/>
      <line num="150" count="27" type="stmt"/>
      <line num="151" count="20" type="stmt"/>
      <line num="152" count="20" type="stmt"/>
      <line num="155" count="7" type="stmt"/>
      <line num="159" count="2" type="stmt"/>
      <line num="160" count="14" type="stmt"/>
      <line num="161" count="14" type="stmt"/>
      <line num="162" count="14" type="stmt"/>
      <line num="163" count="13" type="stmt"/>
      <line num="167" count="13" type="stmt"/>
      <line num="168" count="13" type="stmt"/>
      <line num="169" count="13" type="stmt"/>
      <line num="172" count="1" type="stmt"/>
      <line num="176" count="2" type="stmt"/>
      <line num="177" count="2" type="stmt"/>
      <line num="178" count="2" type="stmt"/>
      <line num="179" count="2" type="stmt"/>
      <line num="180" count="1" type="stmt"/>
      <line num="181" count="1" type="stmt"/>
      <line num="182" count="1" type="stmt"/>
      <line num="186" count="1" type="stmt"/>
      <line num="187" count="1" type="stmt"/>
      <line num="188" count="1" type="stmt"/>
      <line num="191" count="1" type="stmt"/>
      <line num="195" count="2" type="stmt"/>
      <line num="196" count="2" type="stmt"/>
      <line num="197" count="2" type="stmt"/>
      <line num="201" count="1" type="stmt"/>
      <line num="202" count="1" type="stmt"/>
      <line num="205" count="1" type="stmt"/>
      <line num="209" count="2" type="stmt"/>
      <line num="210" count="3" type="stmt"/>
      <line num="211" count="3" type="stmt"/>
      <line num="212" count="3" type="stmt"/>
      <line num="213" count="3" type="stmt"/>
      <line num="214" count="2" type="stmt"/>
      <line num="218" count="2" type="stmt"/>
      <line num="219" count="2" type="stmt"/>
      <line num="222" count="1" type="stmt"/>
      <line num="226" count="2" type="stmt"/>
      <line num="227" count="2" type="stmt"/>
      <line num="228" count="2" type="stmt"/>
      <line num="229" count="2" type="stmt"/>
      <line num="230" count="1" type="stmt"/>
      <line num="234" count="1" type="stmt"/>
      <line num="235" count="1" type="stmt"/>
      <line num="238" count="1" type="stmt"/>
      <line num="244" count="2" type="stmt"/>
      <line num="245" count="5" type="stmt"/>
      <line num="246" count="5" type="stmt"/>
      <line num="247" count="5" type="stmt"/>
      <line num="248" count="4" type="stmt"/>
      <line num="251" count="1" type="stmt"/>
      <line num="255" count="2" type="stmt"/>
      <line num="256" count="5" type="stmt"/>
      <line num="257" count="5" type="stmt"/>
      <line num="258" count="5" type="stmt"/>
      <line num="259" count="4" type="stmt"/>
      <line num="263" count="4" type="stmt"/>
      <line num="264" count="4" type="stmt"/>
      <line num="267" count="1" type="stmt"/>
      <line num="271" count="2" type="stmt"/>
      <line num="274" count="2" type="stmt"/>
      <line num="275" count="2" type="stmt"/>
      <line num="276" count="2" type="stmt"/>
      <line num="277" count="1" type="cond" truecount="3" falsecount="1"/>
      <line num="278" count="0" type="stmt"/>
      <line num="280" count="1" type="stmt"/>
      <line num="284" count="1" type="stmt"/>
      <line num="285" count="1" type="stmt"/>
      <line num="288" count="1" type="stmt"/>
      <line num="292" count="2" type="stmt"/>
      <line num="293" count="1" type="stmt"/>
      <line num="294" count="1" type="stmt"/>
      <line num="295" count="1" type="stmt"/>
      <line num="296" count="1" type="cond" truecount="3" falsecount="1"/>
      <line num="297" count="1" type="stmt"/>
      <line num="298" count="1" type="stmt"/>
      <line num="301" count="1" type="stmt"/>
      <line num="305" count="1" type="stmt"/>
      <line num="306" count="1" type="stmt"/>
      <line num="309" count="0" type="stmt"/>
      <line num="314" count="2" type="stmt"/>
      <line num="315" count="2" type="stmt"/>
      <line num="316" count="2" type="stmt"/>
      <line num="318" count="2" type="stmt"/>
      <line num="320" count="0" type="stmt"/>
      <line num="322" count="2" type="cond" truecount="2" falsecount="0"/>
      <line num="323" count="1" type="stmt"/>
      <line num="324" count="1" type="stmt"/>
      <line num="326" count="1" type="stmt"/>
      <line num="327" count="1" type="stmt"/>
      <line num="329" count="1" type="stmt"/>
      <line num="330" count="1" type="stmt"/>
      <line num="332" count="0" type="stmt"/>
      <line num="334" count="1" type="stmt"/>
      <line num="337" count="2" type="stmt"/>
    </file>
    <file name="server.js" path="/Users/dennice/Desktop/cis557/project---design-hw1-team_offersoverflow/bestapp666/backend/server.js">
      <metrics statements="125" coveredstatements="94" conditionals="2" coveredconditionals="1" methods="20" coveredmethods="16"/>
      <line num="2" count="2" type="stmt"/>
      <line num="6" count="2" type="stmt"/>
      <line num="9" count="2" type="stmt"/>
      <line num="12" count="2" type="stmt"/>
      <line num="15" count="2" type="stmt"/>
      <line num="18" count="2" type="stmt"/>
      <line num="19" count="2" type="stmt"/>
      <line num="22" count="2" type="stmt"/>
      <line num="28" count="2" type="stmt"/>
      <line num="31" count="2" type="cond" truecount="1" falsecount="1"/>
      <line num="33" count="0" type="stmt"/>
      <line num="34" count="0" type="stmt"/>
      <line num="35" count="0" type="stmt"/>
      <line num="41" count="2" type="stmt"/>
      <line num="42" count="0" type="stmt"/>
      <line num="43" count="0" type="stmt"/>
      <line num="44" count="0" type="stmt"/>
      <line num="45" count="0" type="stmt"/>
      <line num="47" count="0" type="stmt"/>
      <line num="51" count="2" type="stmt"/>
      <line num="52" count="1" type="stmt"/>
      <line num="53" count="1" type="stmt"/>
      <line num="54" count="1" type="stmt"/>
      <line num="55" count="1" type="stmt"/>
      <line num="57" count="0" type="stmt"/>
      <line num="61" count="2" type="stmt"/>
      <line num="62" count="1" type="stmt"/>
      <line num="63" count="1" type="stmt"/>
      <line num="64" count="1" type="stmt"/>
      <line num="65" count="1" type="stmt"/>
      <line num="67" count="0" type="stmt"/>
      <line num="71" count="2" type="stmt"/>
      <line num="72" count="1" type="stmt"/>
      <line num="73" count="1" type="stmt"/>
      <line num="74" count="1" type="stmt"/>
      <line num="75" count="1" type="stmt"/>
      <line num="77" count="0" type="stmt"/>
      <line num="81" count="2" type="stmt"/>
      <line num="82" count="1" type="stmt"/>
      <line num="83" count="1" type="stmt"/>
      <line num="84" count="0" type="stmt"/>
      <line num="85" count="0" type="stmt"/>
      <line num="87" count="1" type="stmt"/>
      <line num="91" count="2" type="stmt"/>
      <line num="92" count="1" type="stmt"/>
      <line num="93" count="1" type="stmt"/>
      <line num="94" count="1" type="stmt"/>
      <line num="95" count="1" type="stmt"/>
      <line num="97" count="0" type="stmt"/>
      <line num="101" count="2" type="stmt"/>
      <line num="102" count="1" type="stmt"/>
      <line num="103" count="1" type="stmt"/>
      <line num="104" count="1" type="stmt"/>
      <line num="105" count="1" type="stmt"/>
      <line num="107" count="0" type="stmt"/>
      <line num="111" count="2" type="stmt"/>
      <line num="112" count="1" type="stmt"/>
      <line num="113" count="1" type="stmt"/>
      <line num="114" count="1" type="stmt"/>
      <line num="115" count="1" type="stmt"/>
      <line num="117" count="0" type="stmt"/>
      <line num="121" count="2" type="stmt"/>
      <line num="122" count="1" type="stmt"/>
      <line num="123" count="1" type="stmt"/>
      <line num="124" count="1" type="stmt"/>
      <line num="125" count="1" type="stmt"/>
      <line num="127" count="0" type="stmt"/>
      <line num="131" count="2" type="stmt"/>
      <line num="132" count="1" type="stmt"/>
      <line num="133" count="1" type="stmt"/>
      <line num="134" count="1" type="stmt"/>
      <line num="135" count="1" type="stmt"/>
      <line num="137" count="0" type="stmt"/>
      <line num="141" count="2" type="stmt"/>
      <line num="142" count="1" type="stmt"/>
      <line num="143" count="1" type="stmt"/>
      <line num="144" count="1" type="stmt"/>
      <line num="145" count="1" type="stmt"/>
      <line num="147" count="0" type="stmt"/>
      <line num="151" count="2" type="stmt"/>
      <line num="152" count="1" type="stmt"/>
      <line num="153" count="1" type="stmt"/>
      <line num="154" count="1" type="stmt"/>
      <line num="155" count="1" type="stmt"/>
      <line num="157" count="0" type="stmt"/>
      <line num="161" count="2" type="stmt"/>
      <line num="162" count="1" type="stmt"/>
      <line num="163" count="1" type="stmt"/>
      <line num="164" count="1" type="stmt"/>
      <line num="165" count="1" type="stmt"/>
      <line num="167" count="0" type="stmt"/>
      <line num="171" count="2" type="stmt"/>
      <line num="172" count="1" type="stmt"/>
      <line num="173" count="1" type="stmt"/>
      <line num="174" count="1" type="stmt"/>
      <line num="175" count="1" type="stmt"/>
      <line num="177" count="0" type="stmt"/>
      <line num="181" count="2" type="stmt"/>
      <line num="182" count="1" type="stmt"/>
      <line num="183" count="1" type="stmt"/>
      <line num="184" count="1" type="stmt"/>
      <line num="185" count="1" type="stmt"/>
      <line num="187" count="0" type="stmt"/>
      <line num="191" count="2" type="stmt"/>
      <line num="192" count="1" type="stmt"/>
      <line num="193" count="1" type="stmt"/>
      <line num="194" count="1" type="stmt"/>
      <line num="195" count="1" type="stmt"/>
      <line num="197" count="0" type="stmt"/>
      <line num="201" count="2" type="stmt"/>
      <line num="202" count="1" type="stmt"/>
      <line num="203" count="1" type="stmt"/>
      <line num="204" count="1" type="stmt"/>
      <line num="205" count="1" type="stmt"/>
      <line num="206" count="1" type="stmt"/>
      <line num="208" count="0" type="stmt"/>
      <line num="212" count="2" type="stmt"/>
      <line num="213" count="0" type="stmt"/>
      <line num="214" count="0" type="stmt"/>
      <line num="215" count="0" type="stmt"/>
      <line num="216" count="0" type="stmt"/>
      <line num="218" count="0" type="stmt"/>
      <line num="222" count="2" type="stmt"/>
      <line num="223" count="0" type="stmt"/>
      <line num="226" count="2" type="stmt"/>
    </file>
  </project>
</coverage>
