{"/Users/yaoqideng_1/5570/project---design-hw1-team_offersoverflow/bestapp666/backend/dbFunctions.js": {"path":"/Users/yaoqideng_1/5570/project---design-hw1-team_offersoverflow/bestapp666/backend/dbFunctions.js","statementMap":{"0":{"start":{"line":1,"column":51},"end":{"line":1,"column":69}},"1":{"start":{"line":2,"column":12},"end":{"line":2,"column":114}},"2":{"start":{"line":6,"column":16},"end":{"line":19,"column":1}},"3":{"start":{"line":8,"column":2},"end":{"line":18,"column":3}},"4":{"start":{"line":9,"column":4},"end":{"line":12,"column":12}},"5":{"start":{"line":14,"column":4},"end":{"line":14,"column":56}},"6":{"start":{"line":15,"column":4},"end":{"line":15,"column":15}},"7":{"start":{"line":17,"column":4},"end":{"line":17,"column":29}},"8":{"start":{"line":21,"column":17},"end":{"line":30,"column":1}},"9":{"start":{"line":22,"column":2},"end":{"line":29,"column":3}},"10":{"start":{"line":23,"column":19},"end":{"line":23,"column":66}},"11":{"start":{"line":25,"column":4},"end":{"line":25,"column":18}},"12":{"start":{"line":28,"column":6},"end":{"line":28,"column":25}},"13":{"start":{"line":32,"column":16},"end":{"line":41,"column":1}},"14":{"start":{"line":33,"column":2},"end":{"line":40,"column":3}},"15":{"start":{"line":34,"column":21},"end":{"line":34,"column":81}},"16":{"start":{"line":35,"column":6},"end":{"line":35,"column":67}},"17":{"start":{"line":36,"column":6},"end":{"line":36,"column":20}},"18":{"start":{"line":39,"column":6},"end":{"line":39,"column":25}},"19":{"start":{"line":43,"column":23},"end":{"line":58,"column":1}},"20":{"start":{"line":44,"column":2},"end":{"line":57,"column":3}},"21":{"start":{"line":45,"column":26},"end":{"line":45,"column":28}},"22":{"start":{"line":46,"column":21},"end":{"line":46,"column":39}},"23":{"start":{"line":47,"column":6},"end":{"line":51,"column":8}},"24":{"start":{"line":48,"column":10},"end":{"line":50,"column":11}},"25":{"start":{"line":49,"column":14},"end":{"line":49,"column":40}},"26":{"start":{"line":52,"column":6},"end":{"line":52,"column":58}},"27":{"start":{"line":52,"column":32},"end":{"line":52,"column":56}},"28":{"start":{"line":53,"column":6},"end":{"line":53,"column":25}},"29":{"start":{"line":56,"column":6},"end":{"line":56,"column":25}},"30":{"start":{"line":61,"column":21},"end":{"line":70,"column":1}},"31":{"start":{"line":62,"column":2},"end":{"line":69,"column":3}},"32":{"start":{"line":64,"column":21},"end":{"line":64,"column":81}},"33":{"start":{"line":65,"column":6},"end":{"line":65,"column":27}},"34":{"start":{"line":67,"column":6},"end":{"line":67,"column":71}},"35":{"start":{"line":68,"column":6},"end":{"line":68,"column":25}},"36":{"start":{"line":72,"column":22},"end":{"line":83,"column":1}},"37":{"start":{"line":73,"column":4},"end":{"line":82,"column":6}},"38":{"start":{"line":76,"column":8},"end":{"line":78,"column":9}},"39":{"start":{"line":77,"column":10},"end":{"line":77,"column":47}},"40":{"start":{"line":79,"column":8},"end":{"line":79,"column":51}},"41":{"start":{"line":80,"column":8},"end":{"line":80,"column":22}},"42":{"start":{"line":85,"column":19},"end":{"line":110,"column":1}},"43":{"start":{"line":86,"column":2},"end":{"line":109,"column":3}},"44":{"start":{"line":87,"column":22},"end":{"line":87,"column":50}},"45":{"start":{"line":88,"column":22},"end":{"line":88,"column":50}},"46":{"start":{"line":90,"column":26},"end":{"line":90,"column":58}},"47":{"start":{"line":91,"column":25},"end":{"line":91,"column":56}},"48":{"start":{"line":92,"column":6},"end":{"line":92,"column":36}},"49":{"start":{"line":93,"column":6},"end":{"line":93,"column":35}},"50":{"start":{"line":95,"column":6},"end":{"line":98,"column":8}},"51":{"start":{"line":99,"column":6},"end":{"line":102,"column":8}},"52":{"start":{"line":104,"column":6},"end":{"line":104,"column":68}},"53":{"start":{"line":105,"column":6},"end":{"line":105,"column":23}},"54":{"start":{"line":108,"column":6},"end":{"line":108,"column":25}},"55":{"start":{"line":112,"column":21},"end":{"line":135,"column":1}},"56":{"start":{"line":113,"column":2},"end":{"line":134,"column":3}},"57":{"start":{"line":114,"column":20},"end":{"line":114,"column":48}},"58":{"start":{"line":115,"column":20},"end":{"line":115,"column":48}},"59":{"start":{"line":117,"column":4},"end":{"line":117,"column":77}},"60":{"start":{"line":117,"column":60},"end":{"line":117,"column":75}},"61":{"start":{"line":118,"column":4},"end":{"line":118,"column":75}},"62":{"start":{"line":118,"column":58},"end":{"line":118,"column":73}},"63":{"start":{"line":120,"column":4},"end":{"line":123,"column":6}},"64":{"start":{"line":124,"column":4},"end":{"line":127,"column":6}},"65":{"start":{"line":129,"column":4},"end":{"line":129,"column":68}},"66":{"start":{"line":130,"column":4},"end":{"line":130,"column":21}},"67":{"start":{"line":133,"column":6},"end":{"line":133,"column":25}},"68":{"start":{"line":139,"column":17},"end":{"line":148,"column":1}},"69":{"start":{"line":140,"column":2},"end":{"line":147,"column":3}},"70":{"start":{"line":141,"column":21},"end":{"line":141,"column":68}},"71":{"start":{"line":143,"column":6},"end":{"line":143,"column":20}},"72":{"start":{"line":146,"column":6},"end":{"line":146,"column":25}},"73":{"start":{"line":150,"column":16},"end":{"line":159,"column":1}},"74":{"start":{"line":151,"column":2},"end":{"line":158,"column":3}},"75":{"start":{"line":152,"column":23},"end":{"line":152,"column":83}},"76":{"start":{"line":153,"column":6},"end":{"line":153,"column":75}},"77":{"start":{"line":154,"column":6},"end":{"line":154,"column":22}},"78":{"start":{"line":157,"column":6},"end":{"line":157,"column":25}},"79":{"start":{"line":161,"column":22},"end":{"line":176,"column":1}},"80":{"start":{"line":162,"column":2},"end":{"line":175,"column":3}},"81":{"start":{"line":163,"column":21},"end":{"line":163,"column":48}},"82":{"start":{"line":164,"column":6},"end":{"line":164,"column":41}},"83":{"start":{"line":165,"column":6},"end":{"line":168,"column":8}},"84":{"start":{"line":169,"column":6},"end":{"line":169,"column":57}},"85":{"start":{"line":170,"column":6},"end":{"line":170,"column":65}},"86":{"start":{"line":171,"column":6},"end":{"line":171,"column":22}},"87":{"start":{"line":174,"column":6},"end":{"line":174,"column":25}},"88":{"start":{"line":178,"column":19},"end":{"line":195,"column":1}},"89":{"start":{"line":179,"column":2},"end":{"line":194,"column":3}},"90":{"start":{"line":180,"column":27},"end":{"line":180,"column":52}},"91":{"start":{"line":181,"column":17},"end":{"line":181,"column":55}},"92":{"start":{"line":182,"column":6},"end":{"line":182,"column":32}},"93":{"start":{"line":183,"column":6},"end":{"line":183,"column":56}},"94":{"start":{"line":183,"column":42},"end":{"line":183,"column":54}},"95":{"start":{"line":184,"column":6},"end":{"line":187,"column":8}},"96":{"start":{"line":188,"column":23},"end":{"line":188,"column":86}},"97":{"start":{"line":189,"column":6},"end":{"line":189,"column":56}},"98":{"start":{"line":190,"column":6},"end":{"line":190,"column":22}},"99":{"start":{"line":193,"column":6},"end":{"line":193,"column":25}},"100":{"start":{"line":197,"column":19},"end":{"line":209,"column":1}},"101":{"start":{"line":198,"column":2},"end":{"line":208,"column":3}},"102":{"start":{"line":199,"column":23},"end":{"line":202,"column":7}},"103":{"start":{"line":203,"column":6},"end":{"line":203,"column":57}},"104":{"start":{"line":204,"column":6},"end":{"line":204,"column":22}},"105":{"start":{"line":207,"column":6},"end":{"line":207,"column":25}},"106":{"start":{"line":211,"column":17},"end":{"line":225,"column":1}},"107":{"start":{"line":212,"column":2},"end":{"line":224,"column":3}},"108":{"start":{"line":213,"column":21},"end":{"line":213,"column":46}},"109":{"start":{"line":214,"column":6},"end":{"line":214,"column":36}},"110":{"start":{"line":215,"column":6},"end":{"line":218,"column":8}},"111":{"start":{"line":219,"column":6},"end":{"line":219,"column":67}},"112":{"start":{"line":220,"column":6},"end":{"line":220,"column":22}},"113":{"start":{"line":223,"column":6},"end":{"line":223,"column":25}},"114":{"start":{"line":227,"column":19},"end":{"line":241,"column":1}},"115":{"start":{"line":228,"column":2},"end":{"line":240,"column":3}},"116":{"start":{"line":229,"column":21},"end":{"line":229,"column":46}},"117":{"start":{"line":230,"column":6},"end":{"line":230,"column":66}},"118":{"start":{"line":230,"column":50},"end":{"line":230,"column":64}},"119":{"start":{"line":231,"column":6},"end":{"line":234,"column":8}},"120":{"start":{"line":235,"column":6},"end":{"line":235,"column":69}},"121":{"start":{"line":236,"column":6},"end":{"line":236,"column":22}},"122":{"start":{"line":239,"column":6},"end":{"line":239,"column":25}},"123":{"start":{"line":245,"column":20},"end":{"line":254,"column":1}},"124":{"start":{"line":246,"column":2},"end":{"line":253,"column":3}},"125":{"start":{"line":247,"column":17},"end":{"line":247,"column":42}},"126":{"start":{"line":248,"column":6},"end":{"line":248,"column":64}},"127":{"start":{"line":249,"column":6},"end":{"line":249,"column":27}},"128":{"start":{"line":252,"column":6},"end":{"line":252,"column":25}},"129":{"start":{"line":256,"column":19},"end":{"line":270,"column":1}},"130":{"start":{"line":257,"column":2},"end":{"line":269,"column":3}},"131":{"start":{"line":258,"column":17},"end":{"line":258,"column":42}},"132":{"start":{"line":259,"column":6},"end":{"line":259,"column":40}},"133":{"start":{"line":260,"column":6},"end":{"line":263,"column":8}},"134":{"start":{"line":264,"column":6},"end":{"line":264,"column":77}},"135":{"start":{"line":265,"column":6},"end":{"line":265,"column":18}},"136":{"start":{"line":268,"column":6},"end":{"line":268,"column":25}},"137":{"start":{"line":272,"column":22},"end":{"line":292,"column":1}},"138":{"start":{"line":275,"column":2},"end":{"line":291,"column":3}},"139":{"start":{"line":276,"column":17},"end":{"line":276,"column":42}},"140":{"start":{"line":277,"column":6},"end":{"line":281,"column":9}},"141":{"start":{"line":278,"column":8},"end":{"line":279,"column":23}},"142":{"start":{"line":279,"column":10},"end":{"line":279,"column":23}},"143":{"start":{"line":280,"column":8},"end":{"line":280,"column":20}},"144":{"start":{"line":282,"column":6},"end":{"line":285,"column":8}},"145":{"start":{"line":286,"column":6},"end":{"line":286,"column":80}},"146":{"start":{"line":287,"column":6},"end":{"line":287,"column":18}},"147":{"start":{"line":290,"column":6},"end":{"line":290,"column":25}},"148":{"start":{"line":294,"column":22},"end":{"line":313,"column":1}},"149":{"start":{"line":295,"column":2},"end":{"line":312,"column":3}},"150":{"start":{"line":296,"column":17},"end":{"line":296,"column":42}},"151":{"start":{"line":297,"column":6},"end":{"line":302,"column":8}},"152":{"start":{"line":298,"column":10},"end":{"line":301,"column":11}},"153":{"start":{"line":299,"column":14},"end":{"line":299,"column":39}},"154":{"start":{"line":300,"column":14},"end":{"line":300,"column":39}},"155":{"start":{"line":303,"column":6},"end":{"line":306,"column":8}},"156":{"start":{"line":307,"column":6},"end":{"line":307,"column":57}},"157":{"start":{"line":308,"column":6},"end":{"line":308,"column":18}},"158":{"start":{"line":311,"column":6},"end":{"line":311,"column":25}},"159":{"start":{"line":316,"column":30},"end":{"line":336,"column":1}},"160":{"start":{"line":317,"column":13},"end":{"line":317,"column":17}},"161":{"start":{"line":318,"column":2},"end":{"line":323,"column":3}},"162":{"start":{"line":320,"column":6},"end":{"line":320,"column":41}},"163":{"start":{"line":322,"column":6},"end":{"line":322,"column":25}},"164":{"start":{"line":324,"column":2},"end":{"line":324,"column":22}},"165":{"start":{"line":324,"column":12},"end":{"line":324,"column":22}},"166":{"start":{"line":325,"column":25},"end":{"line":325,"column":35}},"167":{"start":{"line":326,"column":19},"end":{"line":326,"column":46}},"168":{"start":{"line":328,"column":19},"end":{"line":328,"column":21}},"169":{"start":{"line":329,"column":2},"end":{"line":334,"column":3}},"170":{"start":{"line":331,"column":6},"end":{"line":331,"column":47}},"171":{"start":{"line":333,"column":6},"end":{"line":333,"column":25}},"172":{"start":{"line":335,"column":2},"end":{"line":335,"column":20}},"173":{"start":{"line":338,"column":0},"end":{"line":359,"column":2}}},"fnMap":{"0":{"name":"(anonymous_0)","decl":{"start":{"line":6,"column":16},"end":{"line":6,"column":17}},"loc":{"start":{"line":6,"column":28},"end":{"line":19,"column":1}},"line":6},"1":{"name":"(anonymous_1)","decl":{"start":{"line":21,"column":17},"end":{"line":21,"column":18}},"loc":{"start":{"line":21,"column":30},"end":{"line":30,"column":1}},"line":21},"2":{"name":"(anonymous_2)","decl":{"start":{"line":32,"column":16},"end":{"line":32,"column":17}},"loc":{"start":{"line":32,"column":39},"end":{"line":41,"column":1}},"line":32},"3":{"name":"(anonymous_3)","decl":{"start":{"line":43,"column":23},"end":{"line":43,"column":24}},"loc":{"start":{"line":43,"column":47},"end":{"line":58,"column":1}},"line":43},"4":{"name":"(anonymous_4)","decl":{"start":{"line":47,"column":21},"end":{"line":47,"column":22}},"loc":{"start":{"line":47,"column":34},"end":{"line":51,"column":7}},"line":47},"5":{"name":"(anonymous_5)","decl":{"start":{"line":52,"column":26},"end":{"line":52,"column":27}},"loc":{"start":{"line":52,"column":31},"end":{"line":52,"column":57}},"line":52},"6":{"name":"(anonymous_6)","decl":{"start":{"line":61,"column":21},"end":{"line":61,"column":22}},"loc":{"start":{"line":61,"column":44},"end":{"line":70,"column":1}},"line":61},"7":{"name":"(anonymous_7)","decl":{"start":{"line":72,"column":22},"end":{"line":72,"column":23}},"loc":{"start":{"line":72,"column":47},"end":{"line":83,"column":1}},"line":72},"8":{"name":"(anonymous_8)","decl":{"start":{"line":75,"column":6},"end":{"line":75,"column":7}},"loc":{"start":{"line":75,"column":23},"end":{"line":81,"column":7}},"line":75},"9":{"name":"(anonymous_9)","decl":{"start":{"line":85,"column":19},"end":{"line":85,"column":20}},"loc":{"start":{"line":85,"column":54},"end":{"line":110,"column":1}},"line":85},"10":{"name":"(anonymous_10)","decl":{"start":{"line":112,"column":21},"end":{"line":112,"column":22}},"loc":{"start":{"line":112,"column":56},"end":{"line":135,"column":1}},"line":112},"11":{"name":"(anonymous_11)","decl":{"start":{"line":117,"column":55},"end":{"line":117,"column":56}},"loc":{"start":{"line":117,"column":60},"end":{"line":117,"column":75}},"line":117},"12":{"name":"(anonymous_12)","decl":{"start":{"line":118,"column":53},"end":{"line":118,"column":54}},"loc":{"start":{"line":118,"column":58},"end":{"line":118,"column":73}},"line":118},"13":{"name":"(anonymous_13)","decl":{"start":{"line":139,"column":17},"end":{"line":139,"column":18}},"loc":{"start":{"line":139,"column":30},"end":{"line":148,"column":1}},"line":139},"14":{"name":"(anonymous_14)","decl":{"start":{"line":150,"column":16},"end":{"line":150,"column":17}},"loc":{"start":{"line":150,"column":37},"end":{"line":159,"column":1}},"line":150},"15":{"name":"(anonymous_15)","decl":{"start":{"line":161,"column":22},"end":{"line":161,"column":23}},"loc":{"start":{"line":161,"column":57},"end":{"line":176,"column":1}},"line":161},"16":{"name":"(anonymous_16)","decl":{"start":{"line":178,"column":19},"end":{"line":178,"column":20}},"loc":{"start":{"line":178,"column":41},"end":{"line":195,"column":1}},"line":178},"17":{"name":"(anonymous_17)","decl":{"start":{"line":183,"column":37},"end":{"line":183,"column":38}},"loc":{"start":{"line":183,"column":42},"end":{"line":183,"column":54}},"line":183},"18":{"name":"(anonymous_18)","decl":{"start":{"line":197,"column":19},"end":{"line":197,"column":20}},"loc":{"start":{"line":197,"column":66},"end":{"line":209,"column":1}},"line":197},"19":{"name":"(anonymous_19)","decl":{"start":{"line":211,"column":17},"end":{"line":211,"column":18}},"loc":{"start":{"line":211,"column":48},"end":{"line":225,"column":1}},"line":211},"20":{"name":"(anonymous_20)","decl":{"start":{"line":227,"column":19},"end":{"line":227,"column":20}},"loc":{"start":{"line":227,"column":50},"end":{"line":241,"column":1}},"line":227},"21":{"name":"(anonymous_21)","decl":{"start":{"line":230,"column":45},"end":{"line":230,"column":46}},"loc":{"start":{"line":230,"column":50},"end":{"line":230,"column":64}},"line":230},"22":{"name":"(anonymous_22)","decl":{"start":{"line":245,"column":20},"end":{"line":245,"column":21}},"loc":{"start":{"line":245,"column":41},"end":{"line":254,"column":1}},"line":245},"23":{"name":"(anonymous_23)","decl":{"start":{"line":256,"column":19},"end":{"line":256,"column":20}},"loc":{"start":{"line":256,"column":55},"end":{"line":270,"column":1}},"line":256},"24":{"name":"(anonymous_24)","decl":{"start":{"line":272,"column":22},"end":{"line":272,"column":23}},"loc":{"start":{"line":272,"column":60},"end":{"line":292,"column":1}},"line":272},"25":{"name":"(anonymous_25)","decl":{"start":{"line":277,"column":43},"end":{"line":277,"column":44}},"loc":{"start":{"line":277,"column":58},"end":{"line":281,"column":7}},"line":277},"26":{"name":"(anonymous_26)","decl":{"start":{"line":294,"column":22},"end":{"line":294,"column":23}},"loc":{"start":{"line":294,"column":87},"end":{"line":313,"column":1}},"line":294},"27":{"name":"(anonymous_27)","decl":{"start":{"line":297,"column":28},"end":{"line":297,"column":29}},"loc":{"start":{"line":297,"column":41},"end":{"line":302,"column":7}},"line":297},"28":{"name":"(anonymous_28)","decl":{"start":{"line":316,"column":30},"end":{"line":316,"column":31}},"loc":{"start":{"line":316,"column":54},"end":{"line":336,"column":1}},"line":316}},"branchMap":{"0":{"loc":{"start":{"line":48,"column":10},"end":{"line":50,"column":11}},"type":"if","locations":[{"start":{"line":48,"column":10},"end":{"line":50,"column":11}},{"start":{},"end":{}}],"line":48},"1":{"loc":{"start":{"line":76,"column":8},"end":{"line":78,"column":9}},"type":"if","locations":[{"start":{"line":76,"column":8},"end":{"line":78,"column":9}},{"start":{},"end":{}}],"line":76},"2":{"loc":{"start":{"line":278,"column":8},"end":{"line":279,"column":23}},"type":"if","locations":[{"start":{"line":278,"column":8},"end":{"line":279,"column":23}},{"start":{},"end":{}}],"line":278},"3":{"loc":{"start":{"line":278,"column":12},"end":{"line":278,"column":62}},"type":"binary-expr","locations":[{"start":{"line":278,"column":12},"end":{"line":278,"column":34}},{"start":{"line":278,"column":38},"end":{"line":278,"column":62}}],"line":278},"4":{"loc":{"start":{"line":298,"column":10},"end":{"line":301,"column":11}},"type":"if","locations":[{"start":{"line":298,"column":10},"end":{"line":301,"column":11}},{"start":{},"end":{}}],"line":298},"5":{"loc":{"start":{"line":298,"column":13},"end":{"line":298,"column":64}},"type":"binary-expr","locations":[{"start":{"line":298,"column":13},"end":{"line":298,"column":39}},{"start":{"line":298,"column":43},"end":{"line":298,"column":64}}],"line":298},"6":{"loc":{"start":{"line":324,"column":2},"end":{"line":324,"column":22}},"type":"if","locations":[{"start":{"line":324,"column":2},"end":{"line":324,"column":22}},{"start":{},"end":{}}],"line":324}},"s":{"0":1,"1":1,"2":1,"3":1,"4":1,"5":0,"6":0,"7":0,"8":1,"9":1,"10":1,"11":0,"12":1,"13":1,"14":7,"15":7,"16":0,"17":0,"18":7,"19":1,"20":1,"21":1,"22":1,"23":1,"24":0,"25":0,"26":0,"27":0,"28":0,"29":1,"30":1,"31":0,"32":0,"33":0,"34":0,"35":0,"36":1,"37":1,"38":0,"39":0,"40":0,"41":0,"42":1,"43":1,"44":1,"45":1,"46":1,"47":0,"48":0,"49":0,"50":0,"51":0,"52":0,"53":0,"54":1,"55":1,"56":1,"57":1,"58":1,"59":1,"60":0,"61":0,"62":0,"63":0,"64":0,"65":0,"66":0,"67":1,"68":1,"69":1,"70":1,"71":0,"72":1,"73":1,"74":7,"75":7,"76":0,"77":0,"78":7,"79":1,"80":1,"81":1,"82":1,"83":0,"84":0,"85":0,"86":0,"87":1,"88":1,"89":1,"90":1,"91":1,"92":0,"93":0,"94":0,"95":0,"96":0,"97":0,"98":0,"99":1,"100":1,"101":1,"102":1,"103":0,"104":0,"105":1,"106":1,"107":1,"108":1,"109":1,"110":0,"111":0,"112":0,"113":1,"114":1,"115":1,"116":1,"117":1,"118":0,"119":0,"120":0,"121":0,"122":1,"123":1,"124":1,"125":1,"126":1,"127":0,"128":1,"129":1,"130":1,"131":1,"132":1,"133":0,"134":0,"135":0,"136":1,"137":1,"138":1,"139":1,"140":1,"141":0,"142":0,"143":0,"144":0,"145":0,"146":0,"147":1,"148":1,"149":0,"150":0,"151":0,"152":0,"153":0,"154":0,"155":0,"156":0,"157":0,"158":0,"159":1,"160":1,"161":1,"162":1,"163":0,"164":1,"165":1,"166":0,"167":0,"168":0,"169":0,"170":0,"171":0,"172":0,"173":1},"f":{"0":1,"1":1,"2":7,"3":1,"4":0,"5":0,"6":0,"7":1,"8":0,"9":1,"10":1,"11":0,"12":0,"13":1,"14":7,"15":1,"16":1,"17":0,"18":1,"19":1,"20":1,"21":0,"22":1,"23":1,"24":1,"25":0,"26":0,"27":0,"28":1},"b":{"0":[0,0],"1":[0,0],"2":[0,0],"3":[0,0],"4":[0,0],"5":[0,0],"6":[1,0]},"_coverageSchema":"1a1c01bbd47fc00a2c39e90264f33305004495a9","hash":"e308cc7b495d94eef1a39d8a3230a314b04eb283"}
,"/Users/yaoqideng_1/5570/project---design-hw1-team_offersoverflow/bestapp666/backend/server.js": {"path":"/Users/yaoqideng_1/5570/project---design-hw1-team_offersoverflow/bestapp666/backend/server.js","statementMap":{"0":{"start":{"line":2,"column":16},"end":{"line":2,"column":34}},"1":{"start":{"line":6,"column":13},"end":{"line":6,"column":28}},"2":{"start":{"line":9,"column":15},"end":{"line":9,"column":24}},"3":{"start":{"line":12,"column":0},"end":{"line":12,"column":19}},"4":{"start":{"line":15,"column":13},"end":{"line":15,"column":17}},"5":{"start":{"line":18,"column":0},"end":{"line":18,"column":51}},"6":{"start":{"line":19,"column":0},"end":{"line":19,"column":27}},"7":{"start":{"line":22,"column":14},"end":{"line":22,"column":38}},"8":{"start":{"line":28,"column":13},"end":{"line":31,"column":2}},"9":{"start":{"line":29,"column":2},"end":{"line":29,"column":29}},"10":{"start":{"line":30,"column":2},"end":{"line":30,"column":49}},"11":{"start":{"line":34,"column":0},"end":{"line":42,"column":3}},"12":{"start":{"line":35,"column":4},"end":{"line":41,"column":5}},"13":{"start":{"line":36,"column":24},"end":{"line":36,"column":48}},"14":{"start":{"line":37,"column":8},"end":{"line":37,"column":48}},"15":{"start":{"line":38,"column":8},"end":{"line":38,"column":19}},"16":{"start":{"line":40,"column":8},"end":{"line":40,"column":61}},"17":{"start":{"line":44,"column":0},"end":{"line":53,"column":3}},"18":{"start":{"line":45,"column":4},"end":{"line":52,"column":5}},"19":{"start":{"line":46,"column":8},"end":{"line":46,"column":30}},"20":{"start":{"line":47,"column":24},"end":{"line":47,"column":74}},"21":{"start":{"line":48,"column":8},"end":{"line":48,"column":48}},"22":{"start":{"line":49,"column":8},"end":{"line":49,"column":19}},"23":{"start":{"line":51,"column":8},"end":{"line":51,"column":61}},"24":{"start":{"line":55,"column":0},"end":{"line":63,"column":3}},"25":{"start":{"line":56,"column":4},"end":{"line":62,"column":5}},"26":{"start":{"line":57,"column":24},"end":{"line":57,"column":68}},"27":{"start":{"line":58,"column":8},"end":{"line":58,"column":48}},"28":{"start":{"line":59,"column":8},"end":{"line":59,"column":19}},"29":{"start":{"line":61,"column":8},"end":{"line":61,"column":61}},"30":{"start":{"line":65,"column":0},"end":{"line":73,"column":3}},"31":{"start":{"line":66,"column":4},"end":{"line":72,"column":5}},"32":{"start":{"line":67,"column":24},"end":{"line":67,"column":82}},"33":{"start":{"line":68,"column":8},"end":{"line":68,"column":48}},"34":{"start":{"line":69,"column":8},"end":{"line":69,"column":19}},"35":{"start":{"line":71,"column":8},"end":{"line":71,"column":61}},"36":{"start":{"line":75,"column":0},"end":{"line":83,"column":3}},"37":{"start":{"line":76,"column":4},"end":{"line":82,"column":5}},"38":{"start":{"line":77,"column":24},"end":{"line":77,"column":74}},"39":{"start":{"line":78,"column":8},"end":{"line":78,"column":48}},"40":{"start":{"line":79,"column":8},"end":{"line":79,"column":19}},"41":{"start":{"line":81,"column":8},"end":{"line":81,"column":61}},"42":{"start":{"line":85,"column":0},"end":{"line":93,"column":3}},"43":{"start":{"line":86,"column":4},"end":{"line":92,"column":5}},"44":{"start":{"line":87,"column":24},"end":{"line":87,"column":90}},"45":{"start":{"line":88,"column":8},"end":{"line":88,"column":48}},"46":{"start":{"line":89,"column":8},"end":{"line":89,"column":19}},"47":{"start":{"line":91,"column":8},"end":{"line":91,"column":61}},"48":{"start":{"line":95,"column":0},"end":{"line":103,"column":3}},"49":{"start":{"line":96,"column":4},"end":{"line":102,"column":5}},"50":{"start":{"line":97,"column":24},"end":{"line":97,"column":92}},"51":{"start":{"line":98,"column":8},"end":{"line":98,"column":48}},"52":{"start":{"line":99,"column":8},"end":{"line":99,"column":19}},"53":{"start":{"line":101,"column":8},"end":{"line":101,"column":61}},"54":{"start":{"line":105,"column":0},"end":{"line":113,"column":3}},"55":{"start":{"line":106,"column":4},"end":{"line":112,"column":5}},"56":{"start":{"line":107,"column":24},"end":{"line":107,"column":48}},"57":{"start":{"line":108,"column":8},"end":{"line":108,"column":48}},"58":{"start":{"line":109,"column":8},"end":{"line":109,"column":19}},"59":{"start":{"line":111,"column":8},"end":{"line":111,"column":61}},"60":{"start":{"line":115,"column":0},"end":{"line":123,"column":3}},"61":{"start":{"line":116,"column":4},"end":{"line":122,"column":5}},"62":{"start":{"line":117,"column":24},"end":{"line":117,"column":66}},"63":{"start":{"line":118,"column":8},"end":{"line":118,"column":48}},"64":{"start":{"line":119,"column":8},"end":{"line":119,"column":19}},"65":{"start":{"line":121,"column":8},"end":{"line":121,"column":61}},"66":{"start":{"line":125,"column":0},"end":{"line":133,"column":3}},"67":{"start":{"line":126,"column":4},"end":{"line":132,"column":5}},"68":{"start":{"line":127,"column":24},"end":{"line":127,"column":93}},"69":{"start":{"line":128,"column":8},"end":{"line":128,"column":48}},"70":{"start":{"line":129,"column":8},"end":{"line":129,"column":19}},"71":{"start":{"line":131,"column":8},"end":{"line":131,"column":61}},"72":{"start":{"line":135,"column":0},"end":{"line":143,"column":3}},"73":{"start":{"line":136,"column":4},"end":{"line":142,"column":5}},"74":{"start":{"line":137,"column":24},"end":{"line":137,"column":69}},"75":{"start":{"line":138,"column":8},"end":{"line":138,"column":48}},"76":{"start":{"line":139,"column":8},"end":{"line":139,"column":19}},"77":{"start":{"line":141,"column":8},"end":{"line":141,"column":61}},"78":{"start":{"line":145,"column":0},"end":{"line":153,"column":3}},"79":{"start":{"line":146,"column":4},"end":{"line":152,"column":5}},"80":{"start":{"line":147,"column":24},"end":{"line":147,"column":113}},"81":{"start":{"line":148,"column":8},"end":{"line":148,"column":48}},"82":{"start":{"line":149,"column":8},"end":{"line":149,"column":19}},"83":{"start":{"line":151,"column":8},"end":{"line":151,"column":61}},"84":{"start":{"line":155,"column":0},"end":{"line":163,"column":3}},"85":{"start":{"line":156,"column":4},"end":{"line":162,"column":5}},"86":{"start":{"line":157,"column":24},"end":{"line":157,"column":86}},"87":{"start":{"line":158,"column":8},"end":{"line":158,"column":48}},"88":{"start":{"line":159,"column":8},"end":{"line":159,"column":19}},"89":{"start":{"line":161,"column":8},"end":{"line":161,"column":61}},"90":{"start":{"line":165,"column":0},"end":{"line":173,"column":3}},"91":{"start":{"line":166,"column":4},"end":{"line":172,"column":5}},"92":{"start":{"line":167,"column":24},"end":{"line":167,"column":88}},"93":{"start":{"line":168,"column":8},"end":{"line":168,"column":48}},"94":{"start":{"line":169,"column":8},"end":{"line":169,"column":19}},"95":{"start":{"line":171,"column":8},"end":{"line":171,"column":61}},"96":{"start":{"line":175,"column":0},"end":{"line":183,"column":3}},"97":{"start":{"line":176,"column":4},"end":{"line":182,"column":5}},"98":{"start":{"line":177,"column":24},"end":{"line":177,"column":70}},"99":{"start":{"line":178,"column":8},"end":{"line":178,"column":48}},"100":{"start":{"line":179,"column":8},"end":{"line":179,"column":19}},"101":{"start":{"line":181,"column":8},"end":{"line":181,"column":61}},"102":{"start":{"line":185,"column":0},"end":{"line":193,"column":3}},"103":{"start":{"line":186,"column":4},"end":{"line":192,"column":5}},"104":{"start":{"line":187,"column":24},"end":{"line":187,"column":93}},"105":{"start":{"line":188,"column":8},"end":{"line":188,"column":48}},"106":{"start":{"line":189,"column":8},"end":{"line":189,"column":19}},"107":{"start":{"line":191,"column":8},"end":{"line":191,"column":61}},"108":{"start":{"line":195,"column":0},"end":{"line":203,"column":3}},"109":{"start":{"line":196,"column":4},"end":{"line":202,"column":5}},"110":{"start":{"line":197,"column":24},"end":{"line":197,"column":107}},"111":{"start":{"line":198,"column":8},"end":{"line":198,"column":48}},"112":{"start":{"line":199,"column":8},"end":{"line":199,"column":19}},"113":{"start":{"line":201,"column":8},"end":{"line":201,"column":61}},"114":{"start":{"line":205,"column":0},"end":{"line":213,"column":3}},"115":{"start":{"line":206,"column":4},"end":{"line":212,"column":5}},"116":{"start":{"line":207,"column":24},"end":{"line":207,"column":152}},"117":{"start":{"line":208,"column":8},"end":{"line":208,"column":48}},"118":{"start":{"line":209,"column":8},"end":{"line":209,"column":19}},"119":{"start":{"line":211,"column":8},"end":{"line":211,"column":61}},"120":{"start":{"line":215,"column":0},"end":{"line":217,"column":3}},"121":{"start":{"line":216,"column":4},"end":{"line":216,"column":57}},"122":{"start":{"line":219,"column":0},"end":{"line":222,"column":2}}},"fnMap":{"0":{"name":"(anonymous_0)","decl":{"start":{"line":28,"column":33},"end":{"line":28,"column":34}},"loc":{"start":{"line":28,"column":45},"end":{"line":31,"column":1}},"line":28},"1":{"name":"(anonymous_1)","decl":{"start":{"line":34,"column":21},"end":{"line":34,"column":22}},"loc":{"start":{"line":34,"column":41},"end":{"line":42,"column":1}},"line":34},"2":{"name":"(anonymous_2)","decl":{"start":{"line":44,"column":24},"end":{"line":44,"column":25}},"loc":{"start":{"line":44,"column":44},"end":{"line":53,"column":1}},"line":44},"3":{"name":"(anonymous_3)","decl":{"start":{"line":55,"column":30},"end":{"line":55,"column":31}},"loc":{"start":{"line":55,"column":50},"end":{"line":63,"column":1}},"line":55},"4":{"name":"(anonymous_4)","decl":{"start":{"line":65,"column":37},"end":{"line":65,"column":38}},"loc":{"start":{"line":65,"column":57},"end":{"line":73,"column":1}},"line":65},"5":{"name":"(anonymous_5)","decl":{"start":{"line":75,"column":22},"end":{"line":75,"column":23}},"loc":{"start":{"line":75,"column":42},"end":{"line":83,"column":1}},"line":75},"6":{"name":"(anonymous_6)","decl":{"start":{"line":85,"column":27},"end":{"line":85,"column":28}},"loc":{"start":{"line":85,"column":47},"end":{"line":93,"column":1}},"line":85},"7":{"name":"(anonymous_7)","decl":{"start":{"line":95,"column":29},"end":{"line":95,"column":30}},"loc":{"start":{"line":95,"column":49},"end":{"line":103,"column":1}},"line":95},"8":{"name":"(anonymous_8)","decl":{"start":{"line":105,"column":21},"end":{"line":105,"column":22}},"loc":{"start":{"line":105,"column":41},"end":{"line":113,"column":1}},"line":105},"9":{"name":"(anonymous_9)","decl":{"start":{"line":115,"column":28},"end":{"line":115,"column":29}},"loc":{"start":{"line":115,"column":48},"end":{"line":123,"column":1}},"line":115},"10":{"name":"(anonymous_10)","decl":{"start":{"line":125,"column":22},"end":{"line":125,"column":23}},"loc":{"start":{"line":125,"column":42},"end":{"line":133,"column":1}},"line":125},"11":{"name":"(anonymous_11)","decl":{"start":{"line":135,"column":31},"end":{"line":135,"column":32}},"loc":{"start":{"line":135,"column":51},"end":{"line":143,"column":1}},"line":135},"12":{"name":"(anonymous_12)","decl":{"start":{"line":145,"column":28},"end":{"line":145,"column":29}},"loc":{"start":{"line":145,"column":48},"end":{"line":153,"column":1}},"line":145},"13":{"name":"(anonymous_13)","decl":{"start":{"line":155,"column":33},"end":{"line":155,"column":34}},"loc":{"start":{"line":155,"column":53},"end":{"line":163,"column":1}},"line":155},"14":{"name":"(anonymous_14)","decl":{"start":{"line":165,"column":35},"end":{"line":165,"column":36}},"loc":{"start":{"line":165,"column":55},"end":{"line":173,"column":1}},"line":165},"15":{"name":"(anonymous_15)","decl":{"start":{"line":175,"column":37},"end":{"line":175,"column":38}},"loc":{"start":{"line":175,"column":57},"end":{"line":183,"column":1}},"line":175},"16":{"name":"(anonymous_16)","decl":{"start":{"line":185,"column":38},"end":{"line":185,"column":39}},"loc":{"start":{"line":185,"column":58},"end":{"line":193,"column":1}},"line":185},"17":{"name":"(anonymous_17)","decl":{"start":{"line":195,"column":40},"end":{"line":195,"column":41}},"loc":{"start":{"line":195,"column":60},"end":{"line":203,"column":1}},"line":195},"18":{"name":"(anonymous_18)","decl":{"start":{"line":205,"column":37},"end":{"line":205,"column":38}},"loc":{"start":{"line":205,"column":57},"end":{"line":213,"column":1}},"line":205},"19":{"name":"(anonymous_19)","decl":{"start":{"line":215,"column":11},"end":{"line":215,"column":12}},"loc":{"start":{"line":215,"column":26},"end":{"line":217,"column":1}},"line":215}},"branchMap":{},"s":{"0":1,"1":1,"2":1,"3":1,"4":1,"5":1,"6":1,"7":1,"8":1,"9":1,"10":0,"11":1,"12":0,"13":0,"14":0,"15":0,"16":0,"17":1,"18":1,"19":1,"20":1,"21":1,"22":1,"23":0,"24":1,"25":1,"26":1,"27":1,"28":1,"29":0,"30":1,"31":1,"32":1,"33":1,"34":1,"35":0,"36":1,"37":1,"38":1,"39":0,"40":0,"41":1,"42":1,"43":1,"44":1,"45":1,"46":1,"47":0,"48":1,"49":1,"50":1,"51":1,"52":1,"53":0,"54":1,"55":1,"56":1,"57":1,"58":1,"59":0,"60":1,"61":1,"62":1,"63":1,"64":1,"65":0,"66":1,"67":1,"68":1,"69":1,"70":1,"71":0,"72":1,"73":1,"74":1,"75":1,"76":1,"77":0,"78":1,"79":1,"80":1,"81":1,"82":1,"83":0,"84":1,"85":1,"86":1,"87":1,"88":1,"89":0,"90":1,"91":1,"92":1,"93":1,"94":1,"95":0,"96":1,"97":1,"98":1,"99":1,"100":1,"101":0,"102":1,"103":1,"104":1,"105":1,"106":1,"107":0,"108":1,"109":1,"110":1,"111":1,"112":1,"113":0,"114":1,"115":0,"116":0,"117":0,"118":0,"119":0,"120":1,"121":0,"122":1},"f":{"0":1,"1":0,"2":1,"3":1,"4":1,"5":1,"6":1,"7":1,"8":1,"9":1,"10":1,"11":1,"12":1,"13":1,"14":1,"15":1,"16":1,"17":1,"18":0,"19":0},"b":{},"_coverageSchema":"1a1c01bbd47fc00a2c39e90264f33305004495a9","hash":"121b769ac053b1772deea82fa613db40975ee2eb"}
}
