TN:
SF:dbFunctions.js
FN:5,(anonymous_0)
FN:20,(anonymous_1)
FN:31,(anonymous_2)
FN:42,(anonymous_3)
FN:46,(anonymous_4)
FN:51,(anonymous_5)
FN:60,(anonymous_6)
FN:71,(anonymous_7)
FN:74,(anonymous_8)
FN:84,(anonymous_9)
FN:112,(anonymous_10)
FN:117,(anonymous_11)
FN:118,(anonymous_12)
FN:139,(anonymous_13)
FN:150,(anonymous_14)
FN:161,(anonymous_15)
FN:178,(anonymous_16)
FN:183,(anonymous_17)
FN:197,(anonymous_18)
FN:211,(anonymous_19)
FN:228,(anonymous_20)
FN:231,(anonymous_21)
FN:246,(anonymous_22)
FN:257,(anonymous_23)
FN:273,(anonymous_24)
FN:278,(anonymous_25)
FN:294,(anonymous_26)
FN:297,(anonymous_27)
FN:316,(anonymous_28)
FNF:29
FNH:3
FNDA:1,(anonymous_0)
FNDA:0,(anonymous_1)
FNDA:0,(anonymous_2)
FNDA:0,(anonymous_3)
FNDA:0,(anonymous_4)
FNDA:0,(anonymous_5)
FNDA:0,(anonymous_6)
FNDA:2,(anonymous_7)
FNDA:2,(anonymous_8)
FNDA:0,(anonymous_9)
FNDA:0,(anonymous_10)
FNDA:0,(anonymous_11)
FNDA:0,(anonymous_12)
FNDA:0,(anonymous_13)
FNDA:0,(anonymous_14)
FNDA:0,(anonymous_15)
FNDA:0,(anonymous_16)
FNDA:0,(anonymous_17)
FNDA:0,(anonymous_18)
FNDA:0,(anonymous_19)
FNDA:0,(anonymous_20)
FNDA:0,(anonymous_21)
FNDA:0,(anonymous_22)
FNDA:0,(anonymous_23)
FNDA:0,(anonymous_24)
FNDA:0,(anonymous_25)
FNDA:0,(anonymous_26)
FNDA:0,(anonymous_27)
FNDA:0,(anonymous_28)
DA:1,1
DA:5,1
DA:7,1
DA:8,1
DA:13,1
DA:14,1
DA:16,0
DA:20,1
DA:21,0
DA:22,0
DA:24,0
DA:27,0
DA:31,1
DA:32,0
DA:33,0
DA:34,0
DA:35,0
DA:38,0
DA:42,1
DA:43,0
DA:44,0
DA:45,0
DA:46,0
DA:47,0
DA:48,0
DA:51,0
DA:52,0
DA:55,0
DA:60,1
DA:61,0
DA:63,0
DA:64,0
DA:66,0
DA:67,0
DA:71,1
DA:72,2
DA:75,2
DA:76,0
DA:78,2
DA:79,2
DA:84,1
DA:85,0
DA:86,0
DA:87,0
DA:88,0
DA:90,0
DA:91,0
DA:92,0
DA:93,0
DA:95,0
DA:99,0
DA:104,0
DA:105,0
DA:108,0
DA:112,1
DA:113,0
DA:114,0
DA:115,0
DA:117,0
DA:118,0
DA:120,0
DA:124,0
DA:129,0
DA:130,0
DA:133,0
DA:139,1
DA:140,0
DA:141,0
DA:143,0
DA:146,0
DA:150,1
DA:151,0
DA:152,0
DA:153,0
DA:154,0
DA:157,0
DA:161,1
DA:162,0
DA:163,0
DA:164,0
DA:165,0
DA:169,0
DA:170,0
DA:171,0
DA:174,0
DA:178,1
DA:179,0
DA:180,0
DA:181,0
DA:182,0
DA:183,0
DA:184,0
DA:188,0
DA:189,0
DA:190,0
DA:193,0
DA:197,1
DA:198,0
DA:199,0
DA:203,0
DA:204,0
DA:207,0
DA:211,1
DA:212,0
DA:213,0
DA:214,0
DA:215,0
DA:216,0
DA:220,0
DA:221,0
DA:224,0
DA:228,1
DA:229,0
DA:230,0
DA:231,0
DA:232,0
DA:236,0
DA:237,0
DA:240,0
DA:246,1
DA:247,0
DA:248,0
DA:249,0
DA:250,0
DA:253,0
DA:257,1
DA:258,0
DA:259,0
DA:260,0
DA:261,0
DA:265,0
DA:266,0
DA:269,0
DA:273,1
DA:276,0
DA:277,0
DA:278,0
DA:279,0
DA:280,0
DA:282,0
DA:286,0
DA:287,0
DA:290,0
DA:294,1
DA:295,0
DA:296,0
DA:297,0
DA:298,0
DA:299,0
DA:300,0
DA:303,0
DA:307,0
DA:308,0
DA:311,0
DA:316,1
DA:317,0
DA:318,0
DA:320,0
DA:322,0
DA:324,0
DA:325,0
DA:326,0
DA:328,0
DA:329,0
DA:331,0
DA:332,0
DA:334,0
DA:336,0
DA:339,1
LF:169
LH:30
BRDA:47,0,0,0
BRDA:47,0,1,0
BRDA:75,1,0,0
BRDA:75,1,1,2
BRDA:279,2,0,0
BRDA:279,2,1,0
BRDA:279,3,0,0
BRDA:279,3,1,0
BRDA:298,4,0,0
BRDA:298,4,1,0
BRDA:298,5,0,0
BRDA:298,5,1,0
BRDA:324,6,0,0
BRDA:324,6,1,0
BRF:14
BRH:1
end_of_record
TN:
SF:server.js
FN:33,(anonymous_0)
FN:41,(anonymous_1)
FN:51,(anonymous_2)
FN:61,(anonymous_3)
FN:71,(anonymous_4)
FN:81,(anonymous_5)
FN:91,(anonymous_6)
FN:101,(anonymous_7)
FN:111,(anonymous_8)
FN:121,(anonymous_9)
FN:131,(anonymous_10)
FN:141,(anonymous_11)
FN:151,(anonymous_12)
FN:161,(anonymous_13)
FN:171,(anonymous_14)
FN:181,(anonymous_15)
FN:191,(anonymous_16)
FN:201,(anonymous_17)
FN:212,(anonymous_18)
FN:222,(anonymous_19)
FNF:20
FNH:0
FNDA:0,(anonymous_0)
FNDA:0,(anonymous_1)
FNDA:0,(anonymous_2)
FNDA:0,(anonymous_3)
FNDA:0,(anonymous_4)
FNDA:0,(anonymous_5)
FNDA:0,(anonymous_6)
FNDA:0,(anonymous_7)
FNDA:0,(anonymous_8)
FNDA:0,(anonymous_9)
FNDA:0,(anonymous_10)
FNDA:0,(anonymous_11)
FNDA:0,(anonymous_12)
FNDA:0,(anonymous_13)
FNDA:0,(anonymous_14)
FNDA:0,(anonymous_15)
FNDA:0,(anonymous_16)
FNDA:0,(anonymous_17)
FNDA:0,(anonymous_18)
FNDA:0,(anonymous_19)
DA:2,1
DA:6,1
DA:9,1
DA:12,1
DA:15,1
DA:18,1
DA:19,1
DA:22,1
DA:28,1
DA:31,1
DA:33,0
DA:34,0
DA:35,0
DA:41,1
DA:42,0
DA:43,0
DA:44,0
DA:45,0
DA:47,0
DA:51,1
DA:52,0
DA:53,0
DA:54,0
DA:55,0
DA:57,0
DA:61,1
DA:62,0
DA:63,0
DA:64,0
DA:65,0
DA:67,0
DA:71,1
DA:72,0
DA:73,0
DA:74,0
DA:75,0
DA:77,0
DA:81,1
DA:82,0
DA:83,0
DA:84,0
DA:85,0
DA:87,0
DA:91,1
DA:92,0
DA:93,0
DA:94,0
DA:95,0
DA:97,0
DA:101,1
DA:102,0
DA:103,0
DA:104,0
DA:105,0
DA:107,0
DA:111,1
DA:112,0
DA:113,0
DA:114,0
DA:115,0
DA:117,0
DA:121,1
DA:122,0
DA:123,0
DA:124,0
DA:125,0
DA:127,0
DA:131,1
DA:132,0
DA:133,0
DA:134,0
DA:135,0
DA:137,0
DA:141,1
DA:142,0
DA:143,0
DA:144,0
DA:145,0
DA:147,0
DA:151,1
DA:152,0
DA:153,0
DA:154,0
DA:155,0
DA:157,0
DA:161,1
DA:162,0
DA:163,0
DA:164,0
DA:165,0
DA:167,0
DA:171,1
DA:172,0
DA:173,0
DA:174,0
DA:175,0
DA:177,0
DA:181,1
DA:182,0
DA:183,0
DA:184,0
DA:185,0
DA:187,0
DA:191,1
DA:192,0
DA:193,0
DA:194,0
DA:195,0
DA:197,0
DA:201,1
DA:202,0
DA:203,0
DA:204,0
DA:205,0
DA:206,0
DA:208,0
DA:212,1
DA:213,0
DA:214,0
DA:215,0
DA:216,0
DA:218,0
DA:222,1
DA:223,0
DA:226,1
LF:125
LH:30
BRDA:31,0,0,0
BRDA:31,0,1,1
BRF:2
BRH:1
end_of_record
