TN:
SF:dbFunctions.js
FN:6,(anonymous_0)
FN:21,(anonymous_1)
FN:32,(anonymous_2)
FN:43,(anonymous_3)
FN:47,(anonymous_4)
FN:52,(anonymous_5)
FN:61,(anonymous_6)
FN:72,(anonymous_7)
FN:75,(anonymous_8)
FN:85,(anonymous_9)
FN:112,(anonymous_10)
FN:117,(anonymous_11)
FN:118,(anonymous_12)
FN:139,(anonymous_13)
FN:150,(anonymous_14)
FN:161,(anonymous_15)
FN:178,(anonymous_16)
FN:183,(anonymous_17)
FN:197,(anonymous_18)
FN:211,(anonymous_19)
FN:227,(anonymous_20)
FN:230,(anonymous_21)
FN:245,(anonymous_22)
FN:256,(anonymous_23)
FN:272,(anonymous_24)
FN:277,(anonymous_25)
FN:294,(anonymous_26)
FN:297,(anonymous_27)
FN:316,(anonymous_28)
FNF:29
FNH:18
FNDA:1,(anonymous_0)
FNDA:1,(anonymous_1)
FNDA:7,(anonymous_2)
FNDA:1,(anonymous_3)
FNDA:0,(anonymous_4)
FNDA:0,(anonymous_5)
FNDA:0,(anonymous_6)
FNDA:1,(anonymous_7)
FNDA:0,(anonymous_8)
FNDA:1,(anonymous_9)
FNDA:1,(anonymous_10)
FNDA:0,(anonymous_11)
FNDA:0,(anonymous_12)
FNDA:1,(anonymous_13)
FNDA:7,(anonymous_14)
FNDA:1,(anonymous_15)
FNDA:1,(anonymous_16)
FNDA:0,(anonymous_17)
FNDA:1,(anonymous_18)
FNDA:1,(anonymous_19)
FNDA:1,(anonymous_20)
FNDA:0,(anonymous_21)
FNDA:1,(anonymous_22)
FNDA:1,(anonymous_23)
FNDA:1,(anonymous_24)
FNDA:0,(anonymous_25)
FNDA:0,(anonymous_26)
FNDA:0,(anonymous_27)
FNDA:1,(anonymous_28)
DA:1,1
DA:2,1
DA:6,1
DA:8,1
DA:9,1
DA:14,0
DA:15,0
DA:17,0
DA:21,1
DA:22,1
DA:23,1
DA:25,0
DA:28,1
DA:32,1
DA:33,7
DA:34,7
DA:35,0
DA:36,0
DA:39,7
DA:43,1
DA:44,1
DA:45,1
DA:46,1
DA:47,1
DA:48,0
DA:49,0
DA:52,0
DA:53,0
DA:56,1
DA:61,1
DA:62,0
DA:64,0
DA:65,0
DA:67,0
DA:68,0
DA:72,1
DA:73,1
DA:76,0
DA:77,0
DA:79,0
DA:80,0
DA:85,1
DA:86,1
DA:87,1
DA:88,1
DA:90,1
DA:91,0
DA:92,0
DA:93,0
DA:95,0
DA:99,0
DA:104,0
DA:105,0
DA:108,1
DA:112,1
DA:113,1
DA:114,1
DA:115,1
DA:117,1
DA:118,0
DA:120,0
DA:124,0
DA:129,0
DA:130,0
DA:133,1
DA:139,1
DA:140,1
DA:141,1
DA:143,0
DA:146,1
DA:150,1
DA:151,7
DA:152,7
DA:153,0
DA:154,0
DA:157,7
DA:161,1
DA:162,1
DA:163,1
DA:164,1
DA:165,0
DA:169,0
DA:170,0
DA:171,0
DA:174,1
DA:178,1
DA:179,1
DA:180,1
DA:181,1
DA:182,0
DA:183,0
DA:184,0
DA:188,0
DA:189,0
DA:190,0
DA:193,1
DA:197,1
DA:198,1
DA:199,1
DA:203,0
DA:204,0
DA:207,1
DA:211,1
DA:212,1
DA:213,1
DA:214,1
DA:215,0
DA:219,0
DA:220,0
DA:223,1
DA:227,1
DA:228,1
DA:229,1
DA:230,1
DA:231,0
DA:235,0
DA:236,0
DA:239,1
DA:245,1
DA:246,1
DA:247,1
DA:248,1
DA:249,0
DA:252,1
DA:256,1
DA:257,1
DA:258,1
DA:259,1
DA:260,0
DA:264,0
DA:265,0
DA:268,1
DA:272,1
DA:275,1
DA:276,1
DA:277,1
DA:278,0
DA:279,0
DA:280,0
DA:282,0
DA:286,0
DA:287,0
DA:290,1
DA:294,1
DA:295,0
DA:296,0
DA:297,0
DA:298,0
DA:299,0
DA:300,0
DA:303,0
DA:307,0
DA:308,0
DA:311,0
DA:316,1
DA:317,1
DA:318,1
DA:320,1
DA:322,0
DA:324,1
DA:325,0
DA:326,0
DA:328,0
DA:329,0
DA:331,0
DA:333,0
DA:335,0
DA:338,1
LF:168
LH:88
BRDA:48,0,0,0
BRDA:48,0,1,0
BRDA:76,1,0,0
BRDA:76,1,1,0
BRDA:278,2,0,0
BRDA:278,2,1,0
BRDA:278,3,0,0
BRDA:278,3,1,0
BRDA:298,4,0,0
BRDA:298,4,1,0
BRDA:298,5,0,0
BRDA:298,5,1,0
BRDA:324,6,0,1
BRDA:324,6,1,0
BRF:14
BRH:1
end_of_record
TN:
SF:server.js
FN:28,(anonymous_0)
FN:34,(anonymous_1)
FN:44,(anonymous_2)
FN:55,(anonymous_3)
FN:65,(anonymous_4)
FN:75,(anonymous_5)
FN:85,(anonymous_6)
FN:95,(anonymous_7)
FN:105,(anonymous_8)
FN:115,(anonymous_9)
FN:125,(anonymous_10)
FN:135,(anonymous_11)
FN:145,(anonymous_12)
FN:155,(anonymous_13)
FN:165,(anonymous_14)
FN:175,(anonymous_15)
FN:185,(anonymous_16)
FN:195,(anonymous_17)
FN:205,(anonymous_18)
FN:215,(anonymous_19)
FNF:20
FNH:17
FNDA:1,(anonymous_0)
FNDA:0,(anonymous_1)
FNDA:1,(anonymous_2)
FNDA:1,(anonymous_3)
FNDA:1,(anonymous_4)
FNDA:1,(anonymous_5)
FNDA:1,(anonymous_6)
FNDA:1,(anonymous_7)
FNDA:1,(anonymous_8)
FNDA:1,(anonymous_9)
FNDA:1,(anonymous_10)
FNDA:1,(anonymous_11)
FNDA:1,(anonymous_12)
FNDA:1,(anonymous_13)
FNDA:1,(anonymous_14)
FNDA:1,(anonymous_15)
FNDA:1,(anonymous_16)
FNDA:1,(anonymous_17)
FNDA:0,(anonymous_18)
FNDA:0,(anonymous_19)
DA:2,1
DA:6,1
DA:9,1
DA:12,1
DA:15,1
DA:18,1
DA:19,1
DA:22,1
DA:28,1
DA:29,1
DA:30,0
DA:34,1
DA:35,0
DA:36,0
DA:37,0
DA:38,0
DA:40,0
DA:44,1
DA:45,1
DA:46,1
DA:47,1
DA:48,1
DA:49,1
DA:51,0
DA:55,1
DA:56,1
DA:57,1
DA:58,1
DA:59,1
DA:61,0
DA:65,1
DA:66,1
DA:67,1
DA:68,1
DA:69,1
DA:71,0
DA:75,1
DA:76,1
DA:77,1
DA:78,0
DA:79,0
DA:81,1
DA:85,1
DA:86,1
DA:87,1
DA:88,1
DA:89,1
DA:91,0
DA:95,1
DA:96,1
DA:97,1
DA:98,1
DA:99,1
DA:101,0
DA:105,1
DA:106,1
DA:107,1
DA:108,1
DA:109,1
DA:111,0
DA:115,1
DA:116,1
DA:117,1
DA:118,1
DA:119,1
DA:121,0
DA:125,1
DA:126,1
DA:127,1
DA:128,1
DA:129,1
DA:131,0
DA:135,1
DA:136,1
DA:137,1
DA:138,1
DA:139,1
DA:141,0
DA:145,1
DA:146,1
DA:147,1
DA:148,1
DA:149,1
DA:151,0
DA:155,1
DA:156,1
DA:157,1
DA:158,1
DA:159,1
DA:161,0
DA:165,1
DA:166,1
DA:167,1
DA:168,1
DA:169,1
DA:171,0
DA:175,1
DA:176,1
DA:177,1
DA:178,1
DA:179,1
DA:181,0
DA:185,1
DA:186,1
DA:187,1
DA:188,1
DA:189,1
DA:191,0
DA:195,1
DA:196,1
DA:197,1
DA:198,1
DA:199,1
DA:201,0
DA:205,1
DA:206,0
DA:207,0
DA:208,0
DA:209,0
DA:211,0
DA:215,1
DA:216,0
DA:219,1
LF:123
LH:94
BRF:0
BRH:0
end_of_record
