TN:
SF:dbFunctions.js
FN:5,(anonymous_0)
FN:20,(anonymous_1)
FN:31,(anonymous_2)
FN:42,(anonymous_3)
FN:46,(anonymous_4)
FN:51,(anonymous_5)
FN:60,(anonymous_6)
FN:71,(anonymous_7)
FN:82,(anonymous_8)
FN:110,(anonymous_9)
FN:115,(anonymous_10)
FN:116,(anonymous_11)
FN:137,(anonymous_12)
FN:148,(anonymous_13)
FN:159,(anonymous_14)
FN:176,(anonymous_15)
FN:181,(anonymous_16)
FN:195,(anonymous_17)
FN:209,(anonymous_18)
FN:226,(anonymous_19)
FN:229,(anonymous_20)
FN:244,(anonymous_21)
FN:255,(anonymous_22)
FN:271,(anonymous_23)
FN:276,(anonymous_24)
FN:292,(anonymous_25)
FN:295,(anonymous_26)
FN:314,(anonymous_27)
FNF:28
FNH:27
FNDA:19,(anonymous_0)
FNDA:4,(anonymous_1)
FNDA:54,(anonymous_2)
FNDA:3,(anonymous_3)
FNDA:34,(anonymous_4)
FNDA:4,(anonymous_5)
FNDA:3,(anonymous_6)
FNDA:56,(anonymous_7)
FNDA:7,(anonymous_8)
FNDA:4,(anonymous_9)
FNDA:3,(anonymous_10)
FNDA:3,(anonymous_11)
FNDA:2,(anonymous_12)
FNDA:27,(anonymous_13)
FNDA:14,(anonymous_14)
FNDA:2,(anonymous_15)
FNDA:0,(anonymous_16)
FNDA:2,(anonymous_17)
FNDA:3,(anonymous_18)
FNDA:2,(anonymous_19)
FNDA:1,(anonymous_20)
FNDA:5,(anonymous_21)
FNDA:5,(anonymous_22)
FNDA:2,(anonymous_23)
FNDA:1,(anonymous_24)
FNDA:1,(anonymous_25)
FNDA:1,(anonymous_26)
FNDA:2,(anonymous_27)
DA:1,2
DA:5,2
DA:7,19
DA:8,19
DA:13,18
DA:14,18
DA:16,1
DA:20,2
DA:21,4
DA:22,4
DA:24,3
DA:27,1
DA:31,2
DA:32,54
DA:33,54
DA:34,47
DA:35,47
DA:38,7
DA:42,2
DA:43,3
DA:44,3
DA:45,3
DA:46,3
DA:47,34
DA:48,4
DA:51,4
DA:52,2
DA:55,1
DA:60,2
DA:61,3
DA:63,3
DA:64,3
DA:66,0
DA:67,0
DA:71,2
DA:72,56
DA:73,56
DA:74,54
DA:75,54
DA:77,2
DA:78,2
DA:82,2
DA:83,7
DA:84,7
DA:85,7
DA:86,7
DA:88,7
DA:89,6
DA:90,6
DA:91,6
DA:93,6
DA:97,6
DA:102,6
DA:103,6
DA:106,1
DA:110,2
DA:111,4
DA:112,4
DA:113,4
DA:115,4
DA:116,3
DA:118,3
DA:122,3
DA:127,3
DA:128,3
DA:131,1
DA:137,2
DA:138,2
DA:139,2
DA:141,1
DA:144,1
DA:148,2
DA:149,27
DA:150,27
DA:151,20
DA:152,20
DA:155,7
DA:159,2
DA:160,14
DA:161,14
DA:162,14
DA:163,13
DA:167,13
DA:168,13
DA:169,13
DA:172,1
DA:176,2
DA:177,2
DA:178,2
DA:179,2
DA:180,1
DA:181,1
DA:182,1
DA:186,1
DA:187,1
DA:188,1
DA:191,1
DA:195,2
DA:196,2
DA:197,2
DA:201,1
DA:202,1
DA:205,1
DA:209,2
DA:210,3
DA:211,3
DA:212,3
DA:213,3
DA:214,2
DA:218,2
DA:219,2
DA:222,1
DA:226,2
DA:227,2
DA:228,2
DA:229,2
DA:230,1
DA:234,1
DA:235,1
DA:238,1
DA:244,2
DA:245,5
DA:246,5
DA:247,5
DA:248,4
DA:251,1
DA:255,2
DA:256,5
DA:257,5
DA:258,5
DA:259,4
DA:263,4
DA:264,4
DA:267,1
DA:271,2
DA:274,2
DA:275,2
DA:276,2
DA:277,1
DA:278,0
DA:280,1
DA:284,1
DA:285,1
DA:288,1
DA:292,2
DA:293,1
DA:294,1
DA:295,1
DA:296,1
DA:297,1
DA:298,1
DA:301,1
DA:305,1
DA:306,1
DA:309,0
DA:314,2
DA:315,2
DA:316,2
DA:318,2
DA:320,0
DA:322,2
DA:323,1
DA:324,1
DA:326,1
DA:327,1
DA:329,1
DA:330,1
DA:332,0
DA:334,1
DA:337,2
LF:170
LH:164
BRDA:47,0,0,4
BRDA:47,0,1,30
BRDA:277,1,0,1
BRDA:277,1,1,0
BRDA:277,2,0,1
BRDA:277,2,1,1
BRDA:296,3,0,1
BRDA:296,3,1,0
BRDA:296,4,0,1
BRDA:296,4,1,1
BRDA:322,5,0,1
BRDA:322,5,1,1
BRF:12
BRH:10
end_of_record
TN:
SF:server.js
FN:33,(anonymous_0)
FN:41,(anonymous_1)
FN:51,(anonymous_2)
FN:61,(anonymous_3)
FN:71,(anonymous_4)
FN:81,(anonymous_5)
FN:91,(anonymous_6)
FN:101,(anonymous_7)
FN:111,(anonymous_8)
FN:121,(anonymous_9)
FN:131,(anonymous_10)
FN:141,(anonymous_11)
FN:151,(anonymous_12)
FN:161,(anonymous_13)
FN:171,(anonymous_14)
FN:181,(anonymous_15)
FN:191,(anonymous_16)
FN:201,(anonymous_17)
FN:212,(anonymous_18)
FN:222,(anonymous_19)
FNF:20
FNH:16
FNDA:0,(anonymous_0)
FNDA:0,(anonymous_1)
FNDA:1,(anonymous_2)
FNDA:1,(anonymous_3)
FNDA:1,(anonymous_4)
FNDA:1,(anonymous_5)
FNDA:1,(anonymous_6)
FNDA:1,(anonymous_7)
FNDA:1,(anonymous_8)
FNDA:1,(anonymous_9)
FNDA:1,(anonymous_10)
FNDA:1,(anonymous_11)
FNDA:1,(anonymous_12)
FNDA:1,(anonymous_13)
FNDA:1,(anonymous_14)
FNDA:1,(anonymous_15)
FNDA:1,(anonymous_16)
FNDA:1,(anonymous_17)
FNDA:0,(anonymous_18)
FNDA:0,(anonymous_19)
DA:2,2
DA:6,2
DA:9,2
DA:12,2
DA:15,2
DA:18,2
DA:19,2
DA:22,2
DA:28,2
DA:31,2
DA:33,0
DA:34,0
DA:35,0
DA:41,2
DA:42,0
DA:43,0
DA:44,0
DA:45,0
DA:47,0
DA:51,2
DA:52,1
DA:53,1
DA:54,1
DA:55,1
DA:57,0
DA:61,2
DA:62,1
DA:63,1
DA:64,1
DA:65,1
DA:67,0
DA:71,2
DA:72,1
DA:73,1
DA:74,1
DA:75,1
DA:77,0
DA:81,2
DA:82,1
DA:83,1
DA:84,0
DA:85,0
DA:87,1
DA:91,2
DA:92,1
DA:93,1
DA:94,1
DA:95,1
DA:97,0
DA:101,2
DA:102,1
DA:103,1
DA:104,1
DA:105,1
DA:107,0
DA:111,2
DA:112,1
DA:113,1
DA:114,1
DA:115,1
DA:117,0
DA:121,2
DA:122,1
DA:123,1
DA:124,1
DA:125,1
DA:127,0
DA:131,2
DA:132,1
DA:133,1
DA:134,1
DA:135,1
DA:137,0
DA:141,2
DA:142,1
DA:143,1
DA:144,1
DA:145,1
DA:147,0
DA:151,2
DA:152,1
DA:153,1
DA:154,1
DA:155,1
DA:157,0
DA:161,2
DA:162,1
DA:163,1
DA:164,1
DA:165,1
DA:167,0
DA:171,2
DA:172,1
DA:173,1
DA:174,1
DA:175,1
DA:177,0
DA:181,2
DA:182,1
DA:183,1
DA:184,1
DA:185,1
DA:187,0
DA:191,2
DA:192,1
DA:193,1
DA:194,1
DA:195,1
DA:197,0
DA:201,2
DA:202,1
DA:203,1
DA:204,1
DA:205,1
DA:206,1
DA:208,0
DA:212,2
DA:213,0
DA:214,0
DA:215,0
DA:216,0
DA:218,0
DA:222,2
DA:223,0
DA:226,2
LF:125
LH:94
BRDA:31,0,0,0
BRDA:31,0,1,2
BRF:2
BRH:1
end_of_record
