{"/Users/yaoqideng_1/5570/project---design-hw1-team_offersoverflow/bestapp666/client/cssStub.js": {"path":"/Users/yaoqideng_1/5570/project---design-hw1-team_offersoverflow/bestapp666/client/cssStub.js","statementMap":{"0":{"start":{"line":1,"column":0},"end":{"line":1,"column":20}}},"fnMap":{},"branchMap":{},"s":{"0":9},"f":{},"b":{},"_coverageSchema":"1a1c01bbd47fc00a2c39e90264f33305004495a9","hash":"ed327eb78165b4832e37c0e3a9f3e28f2d6af8e2"}
,"/Users/yaoqideng_1/5570/project---design-hw1-team_offersoverflow/bestapp666/client/jest.config.js": {"path":"/Users/yaoqideng_1/5570/project---design-hw1-team_offersoverflow/bestapp666/client/jest.config.js","statementMap":{"0":{"start":{"line":1,"column":0},"end":{"line":12,"column":2}}},"fnMap":{},"branchMap":{},"s":{"0":1},"f":{},"b":{},"_coverageSchema":"1a1c01bbd47fc00a2c39e90264f33305004495a9","hash":"984d4c4093c6433019c20791d684c0158cf7c98c"}
,"/Users/yaoqideng_1/5570/project---design-hw1-team_offersoverflow/bestapp666/client/src/components/Footer.js": {"path":"/Users/yaoqideng_1/5570/project---design-hw1-team_offersoverflow/bestapp666/client/src/components/Footer.js","statementMap":{"0":{"start":{"line":5,"column":4},"end":{"line":9,"column":12}}},"fnMap":{"0":{"name":"Footer","decl":{"start":{"line":4,"column":16},"end":{"line":4,"column":22}},"loc":{"start":{"line":4,"column":25},"end":{"line":10,"column":3}},"line":4}},"branchMap":{},"s":{"0":25},"f":{"0":25},"b":{},"_coverageSchema":"1a1c01bbd47fc00a2c39e90264f33305004495a9","hash":"c0dd410e4647c1f85610fbcea0691c56c482e35e"}
,"/Users/yaoqideng_1/5570/project---design-hw1-team_offersoverflow/bestapp666/client/src/components/NavBar.js": {"path":"/Users/yaoqideng_1/5570/project---design-hw1-team_offersoverflow/bestapp666/client/src/components/NavBar.js","statementMap":{"0":{"start":{"line":10,"column":29},"end":{"line":10,"column":59}},"1":{"start":{"line":11,"column":4},"end":{"line":46,"column":5}}},"fnMap":{"0":{"name":"NavBar","decl":{"start":{"line":9,"column":16},"end":{"line":9,"column":22}},"loc":{"start":{"line":9,"column":25},"end":{"line":47,"column":1}},"line":9}},"branchMap":{},"s":{"0":1,"1":1},"f":{"0":1},"b":{},"_coverageSchema":"1a1c01bbd47fc00a2c39e90264f33305004495a9","hash":"022271db2a002e4e5a6b546311ba8398ea734d56"}
,"/Users/yaoqideng_1/5570/project---design-hw1-team_offersoverflow/bestapp666/client/src/components/SearchBar.js": {"path":"/Users/yaoqideng_1/5570/project---design-hw1-team_offersoverflow/bestapp666/client/src/components/SearchBar.js","statementMap":{"0":{"start":{"line":10,"column":19},"end":{"line":10,"column":32}},"1":{"start":{"line":11,"column":28},"end":{"line":11,"column":40}},"2":{"start":{"line":13,"column":23},"end":{"line":17,"column":3}},"3":{"start":{"line":14,"column":4},"end":{"line":14,"column":23}},"4":{"start":{"line":15,"column":4},"end":{"line":15,"column":31}},"5":{"start":{"line":16,"column":4},"end":{"line":16,"column":17}},"6":{"start":{"line":18,"column":4},"end":{"line":30,"column":6}},"7":{"start":{"line":25,"column":25},"end":{"line":25,"column":49}}},"fnMap":{"0":{"name":"SearchBar","decl":{"start":{"line":9,"column":16},"end":{"line":9,"column":25}},"loc":{"start":{"line":9,"column":27},"end":{"line":31,"column":3}},"line":9},"1":{"name":"(anonymous_1)","decl":{"start":{"line":13,"column":23},"end":{"line":13,"column":24}},"loc":{"start":{"line":13,"column":29},"end":{"line":17,"column":3}},"line":13},"2":{"name":"(anonymous_2)","decl":{"start":{"line":25,"column":20},"end":{"line":25,"column":21}},"loc":{"start":{"line":25,"column":25},"end":{"line":25,"column":49}},"line":25}},"branchMap":{},"s":{"0":9,"1":9,"2":9,"3":1,"4":1,"5":1,"6":9,"7":5},"f":{"0":9,"1":1,"2":5},"b":{},"_coverageSchema":"1a1c01bbd47fc00a2c39e90264f33305004495a9","hash":"bb05076e3a2807cb02350129cd80e1c44b75d5c6"}
,"/Users/yaoqideng_1/5570/project---design-hw1-team_offersoverflow/bestapp666/client/src/pages/HomePage.js": {"path":"/Users/yaoqideng_1/5570/project---design-hw1-team_offersoverflow/bestapp666/client/src/pages/HomePage.js","statementMap":{"0":{"start":{"line":12,"column":13},"end":{"line":12,"column":114}},"1":{"start":{"line":13,"column":13},"end":{"line":13,"column":86}},"2":{"start":{"line":14,"column":13},"end":{"line":14,"column":156}},"3":{"start":{"line":15,"column":4},"end":{"line":82,"column":13}}},"fnMap":{"0":{"name":"HomePage","decl":{"start":{"line":11,"column":9},"end":{"line":11,"column":17}},"loc":{"start":{"line":11,"column":20},"end":{"line":83,"column":3}},"line":11}},"branchMap":{},"s":{"0":1,"1":1,"2":1,"3":1},"f":{"0":1},"b":{},"_coverageSchema":"1a1c01bbd47fc00a2c39e90264f33305004495a9","hash":"e372f4aac1138f6777a7784188ca91ec882401c9"}
,"/Users/yaoqideng_1/5570/project---design-hw1-team_offersoverflow/bestapp666/client/src/pages/Layout.js": {"path":"/Users/yaoqideng_1/5570/project---design-hw1-team_offersoverflow/bestapp666/client/src/pages/Layout.js","statementMap":{"0":{"start":{"line":15,"column":19},"end":{"line":15,"column":32}},"1":{"start":{"line":16,"column":27},"end":{"line":16,"column":57}},"2":{"start":{"line":18,"column":27},"end":{"line":21,"column":3}},"3":{"start":{"line":19,"column":4},"end":{"line":19,"column":29}},"4":{"start":{"line":20,"column":4},"end":{"line":20,"column":82}},"5":{"start":{"line":23,"column":2},"end":{"line":27,"column":3}},"6":{"start":{"line":24,"column":4},"end":{"line":24,"column":74}},"7":{"start":{"line":26,"column":4},"end":{"line":26,"column":99}},"8":{"start":{"line":33,"column":27},"end":{"line":33,"column":57}},"9":{"start":{"line":34,"column":19},"end":{"line":34,"column":44}},"10":{"start":{"line":35,"column":17},"end":{"line":35,"column":40}},"11":{"start":{"line":37,"column":2},"end":{"line":88,"column":3}}},"fnMap":{"0":{"name":"LoginLink","decl":{"start":{"line":14,"column":9},"end":{"line":14,"column":18}},"loc":{"start":{"line":14,"column":21},"end":{"line":28,"column":1}},"line":14},"1":{"name":"(anonymous_1)","decl":{"start":{"line":18,"column":27},"end":{"line":18,"column":28}},"loc":{"start":{"line":18,"column":34},"end":{"line":21,"column":3}},"line":18},"2":{"name":"Layout","decl":{"start":{"line":31,"column":9},"end":{"line":31,"column":15}},"loc":{"start":{"line":31,"column":17},"end":{"line":89,"column":1}},"line":31}},"branchMap":{"0":{"loc":{"start":{"line":23,"column":2},"end":{"line":27,"column":3}},"type":"if","locations":[{"start":{"line":23,"column":2},"end":{"line":27,"column":3}},{"start":{"line":25,"column":7},"end":{"line":27,"column":3}}],"line":23}},"s":{"0":1,"1":1,"2":1,"3":0,"4":0,"5":1,"6":1,"7":0,"8":2,"9":1,"10":1,"11":1},"f":{"0":1,"1":0,"2":2},"b":{"0":[1,0]},"_coverageSchema":"1a1c01bbd47fc00a2c39e90264f33305004495a9","hash":"94b6b9f054d47e7fc5e59b6f8110052ac65a38f4"}
,"/Users/yaoqideng_1/5570/project---design-hw1-team_offersoverflow/bestapp666/client/src/pages/NoPage.js": {"path":"/Users/yaoqideng_1/5570/project---design-hw1-team_offersoverflow/bestapp666/client/src/pages/NoPage.js","statementMap":{"0":{"start":{"line":5,"column":4},"end":{"line":11,"column":11}}},"fnMap":{"0":{"name":"NoPage","decl":{"start":{"line":4,"column":9},"end":{"line":4,"column":15}},"loc":{"start":{"line":4,"column":17},"end":{"line":12,"column":3}},"line":4}},"branchMap":{},"s":{"0":1},"f":{"0":1},"b":{},"_coverageSchema":"1a1c01bbd47fc00a2c39e90264f33305004495a9","hash":"de46ccc3c6fa4e7042b71d517ea82965f1f1c394"}
,"/Users/yaoqideng_1/5570/project---design-hw1-team_offersoverflow/bestapp666/client/src/pages/RegisterPage.js": {"path":"/Users/yaoqideng_1/5570/project---design-hw1-team_offersoverflow/bestapp666/client/src/pages/RegisterPage.js","statementMap":{"0":{"start":{"line":12,"column":21},"end":{"line":12,"column":34}},"1":{"start":{"line":13,"column":40},"end":{"line":13,"column":327}},"2":{"start":{"line":16,"column":8},"end":{"line":16,"column":62}},"3":{"start":{"line":19,"column":36},"end":{"line":19,"column":48}},"4":{"start":{"line":21,"column":32},"end":{"line":24,"column":8}},"5":{"start":{"line":22,"column":6},"end":{"line":24,"column":7}},"6":{"start":{"line":23,"column":8},"end":{"line":23,"column":49}},"7":{"start":{"line":23,"column":32},"end":{"line":23,"column":46}},"8":{"start":{"line":25,"column":28},"end":{"line":28,"column":5}},"9":{"start":{"line":26,"column":8},"end":{"line":26,"column":27}},"10":{"start":{"line":27,"column":8},"end":{"line":27,"column":32}},"11":{"start":{"line":30,"column":8},"end":{"line":30,"column":302}},"12":{"start":{"line":31,"column":8},"end":{"line":31,"column":301}},"13":{"start":{"line":36,"column":38},"end":{"line":36,"column":99}},"14":{"start":{"line":37,"column":28},"end":{"line":59,"column":5}},"15":{"start":{"line":38,"column":8},"end":{"line":44,"column":11}},"16":{"start":{"line":39,"column":12},"end":{"line":43,"column":16}},"17":{"start":{"line":39,"column":37},"end":{"line":43,"column":13}},"18":{"start":{"line":45,"column":10},"end":{"line":51,"column":11}},"19":{"start":{"line":46,"column":12},"end":{"line":50,"column":16}},"20":{"start":{"line":46,"column":37},"end":{"line":50,"column":13}},"21":{"start":{"line":52,"column":10},"end":{"line":58,"column":11}},"22":{"start":{"line":53,"column":12},"end":{"line":57,"column":16}},"23":{"start":{"line":53,"column":37},"end":{"line":57,"column":13}},"24":{"start":{"line":61,"column":27},"end":{"line":85,"column":5}},"25":{"start":{"line":62,"column":8},"end":{"line":62,"column":27}},"26":{"start":{"line":65,"column":8},"end":{"line":84,"column":9}},"27":{"start":{"line":66,"column":12},"end":{"line":66,"column":41}},"28":{"start":{"line":68,"column":28},"end":{"line":75,"column":13}},"29":{"start":{"line":76,"column":12},"end":{"line":76,"column":40}},"30":{"start":{"line":77,"column":12},"end":{"line":81,"column":13}},"31":{"start":{"line":78,"column":16},"end":{"line":78,"column":39}},"32":{"start":{"line":80,"column":16},"end":{"line":80,"column":65}},"33":{"start":{"line":82,"column":12},"end":{"line":82,"column":72}},"34":{"start":{"line":83,"column":12},"end":{"line":83,"column":31}},"35":{"start":{"line":87,"column":4},"end":{"line":164,"column":6}}},"fnMap":{"0":{"name":"RegisterPage","decl":{"start":{"line":11,"column":9},"end":{"line":11,"column":21}},"loc":{"start":{"line":11,"column":24},"end":{"line":165,"column":1}},"line":11},"1":{"name":"handleChange","decl":{"start":{"line":15,"column":13},"end":{"line":15,"column":25}},"loc":{"start":{"line":15,"column":29},"end":{"line":17,"column":5}},"line":15},"2":{"name":"(anonymous_2)","decl":{"start":{"line":21,"column":32},"end":{"line":21,"column":33}},"loc":{"start":{"line":21,"column":39},"end":{"line":24,"column":8}},"line":21},"3":{"name":"(anonymous_3)","decl":{"start":{"line":23,"column":20},"end":{"line":23,"column":21}},"loc":{"start":{"line":23,"column":32},"end":{"line":23,"column":46}},"line":23},"4":{"name":"(anonymous_4)","decl":{"start":{"line":25,"column":28},"end":{"line":25,"column":29}},"loc":{"start":{"line":25,"column":35},"end":{"line":28,"column":5}},"line":25},"5":{"name":"addDefaultImgSrc","decl":{"start":{"line":29,"column":13},"end":{"line":29,"column":29}},"loc":{"start":{"line":29,"column":33},"end":{"line":32,"column":5}},"line":29},"6":{"name":"(anonymous_6)","decl":{"start":{"line":37,"column":28},"end":{"line":37,"column":29}},"loc":{"start":{"line":37,"column":34},"end":{"line":59,"column":5}},"line":37},"7":{"name":"(anonymous_7)","decl":{"start":{"line":39,"column":25},"end":{"line":39,"column":26}},"loc":{"start":{"line":39,"column":37},"end":{"line":43,"column":13}},"line":39},"8":{"name":"(anonymous_8)","decl":{"start":{"line":46,"column":25},"end":{"line":46,"column":26}},"loc":{"start":{"line":46,"column":37},"end":{"line":50,"column":13}},"line":46},"9":{"name":"(anonymous_9)","decl":{"start":{"line":53,"column":25},"end":{"line":53,"column":26}},"loc":{"start":{"line":53,"column":37},"end":{"line":57,"column":13}},"line":53},"10":{"name":"(anonymous_10)","decl":{"start":{"line":61,"column":27},"end":{"line":61,"column":28}},"loc":{"start":{"line":61,"column":40},"end":{"line":85,"column":5}},"line":61}},"branchMap":{"0":{"loc":{"start":{"line":22,"column":6},"end":{"line":24,"column":7}},"type":"if","locations":[{"start":{"line":22,"column":6},"end":{"line":24,"column":7}},{"start":{},"end":{}}],"line":22},"1":{"loc":{"start":{"line":38,"column":8},"end":{"line":44,"column":11}},"type":"if","locations":[{"start":{"line":38,"column":8},"end":{"line":44,"column":11}},{"start":{},"end":{}}],"line":38},"2":{"loc":{"start":{"line":45,"column":10},"end":{"line":51,"column":11}},"type":"if","locations":[{"start":{"line":45,"column":10},"end":{"line":51,"column":11}},{"start":{},"end":{}}],"line":45},"3":{"loc":{"start":{"line":52,"column":10},"end":{"line":58,"column":11}},"type":"if","locations":[{"start":{"line":52,"column":10},"end":{"line":58,"column":11}},{"start":{},"end":{}}],"line":52},"4":{"loc":{"start":{"line":65,"column":8},"end":{"line":84,"column":9}},"type":"if","locations":[{"start":{"line":65,"column":8},"end":{"line":84,"column":9}},{"start":{"line":67,"column":13},"end":{"line":84,"column":9}}],"line":65}},"s":{"0":4,"1":4,"2":0,"3":4,"4":4,"5":0,"6":0,"7":0,"8":4,"9":0,"10":0,"11":0,"12":0,"13":4,"14":4,"15":7,"16":0,"17":0,"18":7,"19":0,"20":0,"21":7,"22":0,"23":0,"24":4,"25":1,"26":1,"27":0,"28":1,"29":1,"30":1,"31":1,"32":0,"33":1,"34":1,"35":4},"f":{"0":4,"1":0,"2":0,"3":0,"4":0,"5":0,"6":7,"7":0,"8":0,"9":0,"10":1},"b":{"0":[0,0],"1":[0,7],"2":[0,7],"3":[0,7],"4":[0,1]},"_coverageSchema":"1a1c01bbd47fc00a2c39e90264f33305004495a9","hash":"969752f965a5e75414eba8c2cda2411b866cd3f1"}
,"/Users/yaoqideng_1/5570/project---design-hw1-team_offersoverflow/bestapp666/client/src/pages/UploadPostPage.js": {"path":"/Users/yaoqideng_1/5570/project---design-hw1-team_offersoverflow/bestapp666/client/src/pages/UploadPostPage.js","statementMap":{"0":{"start":{"line":14,"column":19},"end":{"line":14,"column":32}},"1":{"start":{"line":15,"column":28},"end":{"line":15,"column":116}},"2":{"start":{"line":16,"column":27},"end":{"line":16,"column":57}},"3":{"start":{"line":17,"column":19},"end":{"line":17,"column":32}},"4":{"start":{"line":19,"column":30},"end":{"line":22,"column":6}},"5":{"start":{"line":20,"column":4},"end":{"line":22,"column":5}},"6":{"start":{"line":21,"column":6},"end":{"line":21,"column":44}},"7":{"start":{"line":21,"column":27},"end":{"line":21,"column":41}},"8":{"start":{"line":25,"column":4},"end":{"line":25,"column":53}},"9":{"start":{"line":29,"column":4},"end":{"line":29,"column":151}},"10":{"start":{"line":30,"column":4},"end":{"line":30,"column":145}},"11":{"start":{"line":33,"column":36},"end":{"line":33,"column":48}},"12":{"start":{"line":35,"column":26},"end":{"line":37,"column":3}},"13":{"start":{"line":36,"column":4},"end":{"line":36,"column":34}},"14":{"start":{"line":40,"column":27},"end":{"line":70,"column":3}},"15":{"start":{"line":41,"column":4},"end":{"line":41,"column":23}},"16":{"start":{"line":43,"column":4},"end":{"line":68,"column":5}},"17":{"start":{"line":44,"column":6},"end":{"line":44,"column":77}},"18":{"start":{"line":45,"column":6},"end":{"line":45,"column":20}},"19":{"start":{"line":48,"column":22},"end":{"line":53,"column":7}},"20":{"start":{"line":54,"column":23},"end":{"line":54,"column":45}},"21":{"start":{"line":56,"column":18},"end":{"line":58,"column":9}},"22":{"start":{"line":57,"column":8},"end":{"line":57,"column":25}},"23":{"start":{"line":59,"column":20},"end":{"line":59,"column":36}},"24":{"start":{"line":60,"column":18},"end":{"line":60,"column":27}},"25":{"start":{"line":61,"column":6},"end":{"line":61,"column":25}},"26":{"start":{"line":64,"column":26},"end":{"line":64,"column":81}},"27":{"start":{"line":66,"column":6},"end":{"line":66,"column":47}},"28":{"start":{"line":67,"column":6},"end":{"line":67,"column":53}},"29":{"start":{"line":72,"column":0},"end":{"line":110,"column":7}}},"fnMap":{"0":{"name":"UploadPostPage","decl":{"start":{"line":13,"column":9},"end":{"line":13,"column":23}},"loc":{"start":{"line":13,"column":26},"end":{"line":111,"column":1}},"line":13},"1":{"name":"(anonymous_1)","decl":{"start":{"line":19,"column":30},"end":{"line":19,"column":31}},"loc":{"start":{"line":19,"column":37},"end":{"line":22,"column":6}},"line":19},"2":{"name":"(anonymous_2)","decl":{"start":{"line":21,"column":15},"end":{"line":21,"column":16}},"loc":{"start":{"line":21,"column":27},"end":{"line":21,"column":41}},"line":21},"3":{"name":"handleChange","decl":{"start":{"line":24,"column":11},"end":{"line":24,"column":23}},"loc":{"start":{"line":24,"column":27},"end":{"line":26,"column":3}},"line":24},"4":{"name":"addDefaultImgSrc","decl":{"start":{"line":28,"column":11},"end":{"line":28,"column":27}},"loc":{"start":{"line":28,"column":31},"end":{"line":31,"column":3}},"line":28},"5":{"name":"(anonymous_5)","decl":{"start":{"line":35,"column":26},"end":{"line":35,"column":27}},"loc":{"start":{"line":35,"column":32},"end":{"line":37,"column":3}},"line":35},"6":{"name":"(anonymous_6)","decl":{"start":{"line":40,"column":27},"end":{"line":40,"column":28}},"loc":{"start":{"line":40,"column":40},"end":{"line":70,"column":3}},"line":40},"7":{"name":"(anonymous_7)","decl":{"start":{"line":56,"column":65},"end":{"line":56,"column":66}},"loc":{"start":{"line":56,"column":75},"end":{"line":58,"column":7}},"line":56}},"branchMap":{"0":{"loc":{"start":{"line":20,"column":4},"end":{"line":22,"column":5}},"type":"if","locations":[{"start":{"line":20,"column":4},"end":{"line":22,"column":5}},{"start":{},"end":{}}],"line":20},"1":{"loc":{"start":{"line":43,"column":4},"end":{"line":68,"column":5}},"type":"if","locations":[{"start":{"line":43,"column":4},"end":{"line":68,"column":5}},{"start":{"line":46,"column":9},"end":{"line":68,"column":5}}],"line":43},"2":{"loc":{"start":{"line":56,"column":18},"end":{"line":58,"column":9}},"type":"cond-expr","locations":[{"start":{"line":56,"column":42},"end":{"line":56,"column":48}},{"start":{"line":56,"column":52},"end":{"line":58,"column":8}}],"line":56}},"s":{"0":15,"1":15,"2":15,"3":15,"4":15,"5":5,"6":5,"7":5,"8":0,"9":0,"10":0,"11":15,"12":15,"13":7,"14":15,"15":1,"16":1,"17":1,"18":1,"19":0,"20":0,"21":0,"22":0,"23":0,"24":0,"25":0,"26":0,"27":0,"28":0,"29":15},"f":{"0":15,"1":5,"2":5,"3":0,"4":0,"5":7,"6":1,"7":0},"b":{"0":[5,0],"1":[1,0],"2":[0,0]},"_coverageSchema":"1a1c01bbd47fc00a2c39e90264f33305004495a9","hash":"6cd9c5f1c639b305011a85dc61ac12d030d32666"}
,"/Users/yaoqideng_1/5570/project---design-hw1-team_offersoverflow/bestapp666/client/src/pages/UserList.js": {"path":"/Users/yaoqideng_1/5570/project---design-hw1-team_offersoverflow/bestapp666/client/src/pages/UserList.js","statementMap":{"0":{"start":{"line":12,"column":17},"end":{"line":12,"column":19}},"1":{"start":{"line":15,"column":29},"end":{"line":15,"column":59}},"2":{"start":{"line":18,"column":36},"end":{"line":18,"column":62}},"3":{"start":{"line":19,"column":23},"end":{"line":19,"column":34}},"4":{"start":{"line":21,"column":4},"end":{"line":36,"column":19}},"5":{"start":{"line":24,"column":23},"end":{"line":24,"column":46}},"6":{"start":{"line":26,"column":8},"end":{"line":29,"column":36}},"7":{"start":{"line":27,"column":10},"end":{"line":27,"column":34}},"8":{"start":{"line":29,"column":10},"end":{"line":29,"column":35}},"9":{"start":{"line":32,"column":6},"end":{"line":35,"column":7}},"10":{"start":{"line":32,"column":10},"end":{"line":32,"column":22}},"11":{"start":{"line":34,"column":10},"end":{"line":34,"column":29}},"12":{"start":{"line":39,"column":4},"end":{"line":57,"column":5}},"13":{"start":{"line":40,"column":5},"end":{"line":40,"column":26}},"14":{"start":{"line":41,"column":6},"end":{"line":47,"column":6}},"15":{"start":{"line":42,"column":6},"end":{"line":46,"column":23}},"16":{"start":{"line":49,"column":5},"end":{"line":49,"column":27}},"17":{"start":{"line":50,"column":4},"end":{"line":56,"column":6}},"18":{"start":{"line":51,"column":6},"end":{"line":55,"column":23}},"19":{"start":{"line":60,"column":4},"end":{"line":75,"column":5}}},"fnMap":{"0":{"name":"UserList","decl":{"start":{"line":11,"column":9},"end":{"line":11,"column":17}},"loc":{"start":{"line":11,"column":24},"end":{"line":76,"column":1}},"line":11},"1":{"name":"(anonymous_1)","decl":{"start":{"line":21,"column":14},"end":{"line":21,"column":15}},"loc":{"start":{"line":21,"column":20},"end":{"line":36,"column":5}},"line":21},"2":{"name":"fetchData","decl":{"start":{"line":22,"column":21},"end":{"line":22,"column":30}},"loc":{"start":{"line":22,"column":33},"end":{"line":30,"column":7}},"line":22},"3":{"name":"(anonymous_3)","decl":{"start":{"line":41,"column":41},"end":{"line":41,"column":42}},"loc":{"start":{"line":42,"column":6},"end":{"line":46,"column":23}},"line":42},"4":{"name":"(anonymous_4)","decl":{"start":{"line":50,"column":40},"end":{"line":50,"column":41}},"loc":{"start":{"line":51,"column":6},"end":{"line":55,"column":23}},"line":51}},"branchMap":{"0":{"loc":{"start":{"line":26,"column":8},"end":{"line":29,"column":36}},"type":"if","locations":[{"start":{"line":26,"column":8},"end":{"line":29,"column":36}},{"start":{"line":28,"column":13},"end":{"line":29,"column":36}}],"line":26},"1":{"loc":{"start":{"line":39,"column":4},"end":{"line":57,"column":5}},"type":"if","locations":[{"start":{"line":39,"column":4},"end":{"line":57,"column":5}},{"start":{"line":48,"column":11},"end":{"line":57,"column":5}}],"line":39}},"s":{"0":1,"1":1,"2":1,"3":1,"4":1,"5":0,"6":0,"7":0,"8":0,"9":0,"10":0,"11":0,"12":1,"13":0,"14":0,"15":0,"16":1,"17":1,"18":0,"19":1},"f":{"0":1,"1":0,"2":0,"3":0,"4":0},"b":{"0":[0,0],"1":[0,1]},"_coverageSchema":"1a1c01bbd47fc00a2c39e90264f33305004495a9","hash":"ef52a05c45d2df45fd3c0af70ce425c11657c79f"}
,"/Users/yaoqideng_1/5570/project---design-hw1-team_offersoverflow/bestapp666/client/src/pages/FeedPage/FeedPage.js": {"path":"/Users/yaoqideng_1/5570/project---design-hw1-team_offersoverflow/bestapp666/client/src/pages/FeedPage/FeedPage.js","statementMap":{"0":{"start":{"line":19,"column":4},"end":{"line":59,"column":9}},"1":{"start":{"line":66,"column":29},"end":{"line":66,"column":59}},"2":{"start":{"line":67,"column":30},"end":{"line":67,"column":57}},"3":{"start":{"line":68,"column":47},"end":{"line":68,"column":59}},"4":{"start":{"line":70,"column":4},"end":{"line":88,"column":11}},"5":{"start":{"line":72,"column":28},"end":{"line":72,"column":69}},"6":{"start":{"line":74,"column":36},"end":{"line":76,"column":12}},"7":{"start":{"line":75,"column":12},"end":{"line":75,"column":44}},"8":{"start":{"line":78,"column":8},"end":{"line":78,"column":41}},"9":{"start":{"line":79,"column":8},"end":{"line":79,"column":43}},"10":{"start":{"line":81,"column":6},"end":{"line":86,"column":7}},"11":{"start":{"line":82,"column":8},"end":{"line":82,"column":20}},"12":{"start":{"line":85,"column":10},"end":{"line":85,"column":29}},"13":{"start":{"line":90,"column":22},"end":{"line":94,"column":5}},"14":{"start":{"line":96,"column":22},"end":{"line":100,"column":5}},"15":{"start":{"line":102,"column":22},"end":{"line":106,"column":5}},"16":{"start":{"line":108,"column":22},"end":{"line":112,"column":5}},"17":{"start":{"line":114,"column":31},"end":{"line":120,"column":4}},"18":{"start":{"line":116,"column":23},"end":{"line":116,"column":74}},"19":{"start":{"line":116,"column":51},"end":{"line":116,"column":69}},"20":{"start":{"line":118,"column":4},"end":{"line":118,"column":33}},"21":{"start":{"line":119,"column":4},"end":{"line":119,"column":22}},"22":{"start":{"line":122,"column":15},"end":{"line":124,"column":4}},"23":{"start":{"line":123,"column":4},"end":{"line":123,"column":28}},"24":{"start":{"line":126,"column":2},"end":{"line":135,"column":4}},"25":{"start":{"line":139,"column":13},"end":{"line":139,"column":114}},"26":{"start":{"line":140,"column":13},"end":{"line":140,"column":86}},"27":{"start":{"line":141,"column":13},"end":{"line":141,"column":156}},"28":{"start":{"line":142,"column":15},"end":{"line":142,"column":170}}},"fnMap":{"0":{"name":"CardCustomed","decl":{"start":{"line":17,"column":9},"end":{"line":17,"column":21}},"loc":{"start":{"line":17,"column":28},"end":{"line":60,"column":1}},"line":17},"1":{"name":"FeedPage","decl":{"start":{"line":64,"column":24},"end":{"line":64,"column":32}},"loc":{"start":{"line":64,"column":35},"end":{"line":136,"column":1}},"line":64},"2":{"name":"(anonymous_2)","decl":{"start":{"line":70,"column":14},"end":{"line":70,"column":15}},"loc":{"start":{"line":70,"column":20},"end":{"line":88,"column":5}},"line":70},"3":{"name":"fetchData","decl":{"start":{"line":71,"column":21},"end":{"line":71,"column":30}},"loc":{"start":{"line":71,"column":33},"end":{"line":80,"column":7}},"line":71},"4":{"name":"(anonymous_4)","decl":{"start":{"line":74,"column":55},"end":{"line":74,"column":56}},"loc":{"start":{"line":74,"column":65},"end":{"line":76,"column":11}},"line":74},"5":{"name":"(anonymous_5)","decl":{"start":{"line":114,"column":53},"end":{"line":114,"column":54}},"loc":{"start":{"line":114,"column":58},"end":{"line":120,"column":3}},"line":114},"6":{"name":"(anonymous_6)","decl":{"start":{"line":116,"column":36},"end":{"line":116,"column":37}},"loc":{"start":{"line":116,"column":50},"end":{"line":116,"column":70}},"line":116},"7":{"name":"(anonymous_7)","decl":{"start":{"line":122,"column":117},"end":{"line":122,"column":118}},"loc":{"start":{"line":123,"column":4},"end":{"line":123,"column":28}},"line":123}},"branchMap":{"0":{"loc":{"start":{"line":122,"column":16},"end":{"line":122,"column":111}},"type":"cond-expr","locations":[{"start":{"line":122,"column":48},"end":{"line":122,"column":90}},{"start":{"line":122,"column":91},"end":{"line":122,"column":111}}],"line":122}},"s":{"0":5,"1":2,"2":1,"3":1,"4":1,"5":0,"6":0,"7":0,"8":0,"9":0,"10":0,"11":0,"12":0,"13":1,"14":1,"15":1,"16":1,"17":1,"18":0,"19":0,"20":0,"21":0,"22":1,"23":4,"24":1,"25":1,"26":1,"27":1,"28":1},"f":{"0":5,"1":2,"2":0,"3":0,"4":0,"5":0,"6":0,"7":4},"b":{"0":[1,0]},"_coverageSchema":"1a1c01bbd47fc00a2c39e90264f33305004495a9","hash":"72759ffa60e9a3dabeca8110785fa34243b03254"}
,"/Users/yaoqideng_1/5570/project---design-hw1-team_offersoverflow/bestapp666/client/src/pages/LoginPage/LoginPage.js": {"path":"/Users/yaoqideng_1/5570/project---design-hw1-team_offersoverflow/bestapp666/client/src/pages/LoginPage/LoginPage.js","statementMap":{"0":{"start":{"line":18,"column":27},"end":{"line":18,"column":57}},"1":{"start":{"line":19,"column":19},"end":{"line":19,"column":32}},"2":{"start":{"line":21,"column":31},"end":{"line":21,"column":71}},"3":{"start":{"line":23,"column":25},"end":{"line":36,"column":3}},"4":{"start":{"line":24,"column":4},"end":{"line":29,"column":5}},"5":{"start":{"line":25,"column":6},"end":{"line":28,"column":10}},"6":{"start":{"line":25,"column":27},"end":{"line":28,"column":7}},"7":{"start":{"line":30,"column":4},"end":{"line":35,"column":5}},"8":{"start":{"line":31,"column":6},"end":{"line":34,"column":10}},"9":{"start":{"line":31,"column":27},"end":{"line":34,"column":7}},"10":{"start":{"line":39,"column":22},"end":{"line":69,"column":3}},"11":{"start":{"line":40,"column":4},"end":{"line":40,"column":23}},"12":{"start":{"line":42,"column":23},"end":{"line":42,"column":55}},"13":{"start":{"line":45,"column":4},"end":{"line":47,"column":7}},"14":{"start":{"line":46,"column":6},"end":{"line":46,"column":21}},"15":{"start":{"line":49,"column":4},"end":{"line":67,"column":5}},"16":{"start":{"line":51,"column":6},"end":{"line":51,"column":118}},"17":{"start":{"line":53,"column":8},"end":{"line":65,"column":9}},"18":{"start":{"line":57,"column":8},"end":{"line":57,"column":69}},"19":{"start":{"line":58,"column":8},"end":{"line":58,"column":42}},"20":{"start":{"line":60,"column":8},"end":{"line":60,"column":80}},"21":{"start":{"line":61,"column":8},"end":{"line":61,"column":87}},"22":{"start":{"line":62,"column":8},"end":{"line":62,"column":33}},"23":{"start":{"line":64,"column":10},"end":{"line":64,"column":38}},"24":{"start":{"line":72,"column":2},"end":{"line":90,"column":4}},"25":{"start":{"line":97,"column":37},"end":{"line":97,"column":52}},"26":{"start":{"line":99,"column":2},"end":{"line":122,"column":3}},"27":{"start":{"line":100,"column":4},"end":{"line":119,"column":5}},"28":{"start":{"line":121,"column":4},"end":{"line":121,"column":45}}},"fnMap":{"0":{"name":"LoginForm","decl":{"start":{"line":16,"column":9},"end":{"line":16,"column":18}},"loc":{"start":{"line":16,"column":25},"end":{"line":91,"column":1}},"line":16},"1":{"name":"(anonymous_1)","decl":{"start":{"line":23,"column":25},"end":{"line":23,"column":26}},"loc":{"start":{"line":23,"column":32},"end":{"line":36,"column":3}},"line":23},"2":{"name":"(anonymous_2)","decl":{"start":{"line":25,"column":15},"end":{"line":25,"column":16}},"loc":{"start":{"line":25,"column":27},"end":{"line":28,"column":7}},"line":25},"3":{"name":"(anonymous_3)","decl":{"start":{"line":31,"column":15},"end":{"line":31,"column":16}},"loc":{"start":{"line":31,"column":27},"end":{"line":34,"column":7}},"line":31},"4":{"name":"(anonymous_4)","decl":{"start":{"line":39,"column":22},"end":{"line":39,"column":23}},"loc":{"start":{"line":39,"column":35},"end":{"line":69,"column":3}},"line":39},"5":{"name":"(anonymous_5)","decl":{"start":{"line":45,"column":23},"end":{"line":45,"column":24}},"loc":{"start":{"line":45,"column":34},"end":{"line":47,"column":5}},"line":45},"6":{"name":"LoginPage","decl":{"start":{"line":96,"column":9},"end":{"line":96,"column":18}},"loc":{"start":{"line":96,"column":21},"end":{"line":124,"column":1}},"line":96}},"branchMap":{"0":{"loc":{"start":{"line":24,"column":4},"end":{"line":29,"column":5}},"type":"if","locations":[{"start":{"line":24,"column":4},"end":{"line":29,"column":5}},{"start":{},"end":{}}],"line":24},"1":{"loc":{"start":{"line":30,"column":4},"end":{"line":35,"column":5}},"type":"if","locations":[{"start":{"line":30,"column":4},"end":{"line":35,"column":5}},{"start":{},"end":{}}],"line":30},"2":{"loc":{"start":{"line":49,"column":4},"end":{"line":67,"column":5}},"type":"if","locations":[{"start":{"line":49,"column":4},"end":{"line":67,"column":5}},{"start":{"line":52,"column":9},"end":{"line":67,"column":5}}],"line":49},"3":{"loc":{"start":{"line":53,"column":8},"end":{"line":65,"column":9}},"type":"if","locations":[{"start":{"line":53,"column":8},"end":{"line":65,"column":9}},{"start":{"line":63,"column":13},"end":{"line":65,"column":9}}],"line":53},"4":{"loc":{"start":{"line":99,"column":2},"end":{"line":122,"column":3}},"type":"if","locations":[{"start":{"line":99,"column":2},"end":{"line":122,"column":3}},{"start":{"line":120,"column":7},"end":{"line":122,"column":3}}],"line":99}},"s":{"0":15,"1":15,"2":15,"3":15,"4":13,"5":5,"6":5,"7":13,"8":8,"9":8,"10":15,"11":1,"12":1,"13":0,"14":0,"15":0,"16":0,"17":0,"18":0,"19":0,"20":0,"21":0,"22":0,"23":0,"24":15,"25":3,"26":2,"27":2,"28":0},"f":{"0":15,"1":13,"2":5,"3":8,"4":1,"5":0,"6":3},"b":{"0":[5,8],"1":[8,5],"2":[0,0],"3":[0,0],"4":[2,0]},"_coverageSchema":"1a1c01bbd47fc00a2c39e90264f33305004495a9","hash":"9f41e73cd04dd2c43099daa0cfa150943fcc6bad"}
,"/Users/yaoqideng_1/5570/project---design-hw1-team_offersoverflow/bestapp666/client/src/pages/UserPage/User.js": {"path":"/Users/yaoqideng_1/5570/project---design-hw1-team_offersoverflow/bestapp666/client/src/pages/UserPage/User.js","statementMap":{"0":{"start":{"line":18,"column":4},"end":{"line":27,"column":9}},"1":{"start":{"line":31,"column":21},"end":{"line":31,"column":34}},"2":{"start":{"line":33,"column":29},"end":{"line":33,"column":59}},"3":{"start":{"line":36,"column":36},"end":{"line":36,"column":62}},"4":{"start":{"line":38,"column":32},"end":{"line":38,"column":43}},"5":{"start":{"line":39,"column":34},"end":{"line":39,"column":48}},"6":{"start":{"line":40,"column":28},"end":{"line":40,"column":46}},"7":{"start":{"line":41,"column":42},"end":{"line":41,"column":56}},"8":{"start":{"line":42,"column":23},"end":{"line":42,"column":34}},"9":{"start":{"line":44,"column":4},"end":{"line":70,"column":19}},"10":{"start":{"line":47,"column":21},"end":{"line":47,"column":44}},"11":{"start":{"line":49,"column":8},"end":{"line":53,"column":9}},"12":{"start":{"line":50,"column":10},"end":{"line":50,"column":34}},"13":{"start":{"line":52,"column":10},"end":{"line":52,"column":33}},"14":{"start":{"line":55,"column":6},"end":{"line":57,"column":28}},"15":{"start":{"line":55,"column":10},"end":{"line":55,"column":22}},"16":{"start":{"line":57,"column":8},"end":{"line":57,"column":27}},"17":{"start":{"line":59,"column":8},"end":{"line":69,"column":9}},"18":{"start":{"line":60,"column":10},"end":{"line":60,"column":31}},"19":{"start":{"line":61,"column":10},"end":{"line":61,"column":28}},"20":{"start":{"line":62,"column":10},"end":{"line":62,"column":23}},"21":{"start":{"line":63,"column":10},"end":{"line":63,"column":31}},"22":{"start":{"line":65,"column":10},"end":{"line":65,"column":28}},"23":{"start":{"line":66,"column":10},"end":{"line":66,"column":27}},"24":{"start":{"line":67,"column":10},"end":{"line":67,"column":23}},"25":{"start":{"line":68,"column":10},"end":{"line":68,"column":32}},"26":{"start":{"line":72,"column":19},"end":{"line":74,"column":6}},"27":{"start":{"line":73,"column":6},"end":{"line":73,"column":30}},"28":{"start":{"line":79,"column":8},"end":{"line":79,"column":44}},"29":{"start":{"line":80,"column":8},"end":{"line":100,"column":9}},"30":{"start":{"line":81,"column":10},"end":{"line":81,"column":31}},"31":{"start":{"line":82,"column":10},"end":{"line":86,"column":11}},"32":{"start":{"line":83,"column":12},"end":{"line":83,"column":25}},"33":{"start":{"line":85,"column":12},"end":{"line":85,"column":25}},"34":{"start":{"line":87,"column":30},"end":{"line":87,"column":83}},"35":{"start":{"line":88,"column":10},"end":{"line":88,"column":51}},"36":{"start":{"line":89,"column":10},"end":{"line":89,"column":35}},"37":{"start":{"line":90,"column":10},"end":{"line":90,"column":40}},"38":{"start":{"line":92,"column":10},"end":{"line":92,"column":28}},"39":{"start":{"line":93,"column":10},"end":{"line":97,"column":11}},"40":{"start":{"line":94,"column":12},"end":{"line":94,"column":26}},"41":{"start":{"line":96,"column":12},"end":{"line":96,"column":25}},"42":{"start":{"line":98,"column":30},"end":{"line":98,"column":85}},"43":{"start":{"line":99,"column":10},"end":{"line":99,"column":51}},"44":{"start":{"line":103,"column":6},"end":{"line":124,"column":7}},"45":{"start":{"line":104,"column":8},"end":{"line":110,"column":11}},"46":{"start":{"line":111,"column":12},"end":{"line":124,"column":7}},"47":{"start":{"line":112,"column":10},"end":{"line":123,"column":11}},"48":{"start":{"line":128,"column":2},"end":{"line":169,"column":4}}},"fnMap":{"0":{"name":"CardCustomed","decl":{"start":{"line":16,"column":9},"end":{"line":16,"column":21}},"loc":{"start":{"line":16,"column":28},"end":{"line":28,"column":1}},"line":16},"1":{"name":"UserPage","decl":{"start":{"line":30,"column":24},"end":{"line":30,"column":32}},"loc":{"start":{"line":30,"column":35},"end":{"line":170,"column":1}},"line":30},"2":{"name":"(anonymous_2)","decl":{"start":{"line":44,"column":14},"end":{"line":44,"column":15}},"loc":{"start":{"line":44,"column":20},"end":{"line":70,"column":5}},"line":44},"3":{"name":"fetchData","decl":{"start":{"line":45,"column":21},"end":{"line":45,"column":30}},"loc":{"start":{"line":45,"column":33},"end":{"line":54,"column":7}},"line":45},"4":{"name":"(anonymous_4)","decl":{"start":{"line":72,"column":132},"end":{"line":72,"column":133}},"loc":{"start":{"line":73,"column":6},"end":{"line":73,"column":30}},"line":73},"5":{"name":"ActionButton","decl":{"start":{"line":76,"column":13},"end":{"line":76,"column":25}},"loc":{"start":{"line":76,"column":27},"end":{"line":125,"column":5}},"line":76},"6":{"name":"handleFollow","decl":{"start":{"line":78,"column":21},"end":{"line":78,"column":33}},"loc":{"start":{"line":78,"column":37},"end":{"line":101,"column":7}},"line":78}},"branchMap":{"0":{"loc":{"start":{"line":49,"column":8},"end":{"line":53,"column":9}},"type":"if","locations":[{"start":{"line":49,"column":8},"end":{"line":53,"column":9}},{"start":{"line":51,"column":13},"end":{"line":53,"column":9}}],"line":49},"1":{"loc":{"start":{"line":59,"column":8},"end":{"line":69,"column":9}},"type":"if","locations":[{"start":{"line":59,"column":8},"end":{"line":69,"column":9}},{"start":{"line":64,"column":13},"end":{"line":69,"column":9}}],"line":59},"2":{"loc":{"start":{"line":72,"column":21},"end":{"line":72,"column":126}},"type":"cond-expr","locations":[{"start":{"line":72,"column":51},"end":{"line":72,"column":109}},{"start":{"line":72,"column":112},"end":{"line":72,"column":126}}],"line":72},"3":{"loc":{"start":{"line":80,"column":8},"end":{"line":100,"column":9}},"type":"if","locations":[{"start":{"line":80,"column":8},"end":{"line":100,"column":9}},{"start":{"line":91,"column":13},"end":{"line":100,"column":9}}],"line":80},"4":{"loc":{"start":{"line":82,"column":10},"end":{"line":86,"column":11}},"type":"if","locations":[{"start":{"line":82,"column":10},"end":{"line":86,"column":11}},{"start":{"line":84,"column":15},"end":{"line":86,"column":11}}],"line":82},"5":{"loc":{"start":{"line":93,"column":10},"end":{"line":97,"column":11}},"type":"if","locations":[{"start":{"line":93,"column":10},"end":{"line":97,"column":11}},{"start":{"line":95,"column":15},"end":{"line":97,"column":11}}],"line":93},"6":{"loc":{"start":{"line":103,"column":6},"end":{"line":124,"column":7}},"type":"if","locations":[{"start":{"line":103,"column":6},"end":{"line":124,"column":7}},{"start":{"line":111,"column":12},"end":{"line":124,"column":7}}],"line":103},"7":{"loc":{"start":{"line":111,"column":12},"end":{"line":124,"column":7}},"type":"if","locations":[{"start":{"line":111,"column":12},"end":{"line":124,"column":7}},{"start":{},"end":{}}],"line":111}},"s":{"0":3,"1":3,"2":2,"3":2,"4":2,"5":2,"6":2,"7":2,"8":2,"9":2,"10":1,"11":0,"12":0,"13":0,"14":1,"15":1,"16":0,"17":1,"18":0,"19":0,"20":0,"21":0,"22":1,"23":1,"24":1,"25":1,"26":2,"27":2,"28":0,"29":0,"30":0,"31":0,"32":0,"33":0,"34":0,"35":0,"36":0,"37":0,"38":0,"39":0,"40":0,"41":0,"42":0,"43":0,"44":2,"45":0,"46":2,"47":0,"48":2},"f":{"0":3,"1":3,"2":1,"3":1,"4":2,"5":2,"6":0},"b":{"0":[0,0],"1":[0,1],"2":[2,0],"3":[0,0],"4":[0,0],"5":[0,0],"6":[0,2],"7":[0,2]},"_coverageSchema":"1a1c01bbd47fc00a2c39e90264f33305004495a9","hash":"f1749894a325469e0208a3a6d66415995e5958fa"}
,"/Users/yaoqideng_1/5570/project---design-hw1-team_offersoverflow/bestapp666/client/src/pages/UserPage/currentUserSlice.js": {"path":"/Users/yaoqideng_1/5570/project---design-hw1-team_offersoverflow/bestapp666/client/src/pages/UserPage/currentUserSlice.js","statementMap":{"0":{"start":{"line":3,"column":32},"end":{"line":34,"column":2}},"1":{"start":{"line":20,"column":6},"end":{"line":20,"column":27}},"2":{"start":{"line":23,"column":6},"end":{"line":31,"column":7}},"3":{"start":{"line":36,"column":51},"end":{"line":36,"column":75}},"4":{"start":{"line":41,"column":33},"end":{"line":41,"column":61}},"5":{"start":{"line":41,"column":44},"end":{"line":41,"column":61}}},"fnMap":{"0":{"name":"(anonymous_0)","decl":{"start":{"line":15,"column":23},"end":{"line":15,"column":24}},"loc":{"start":{"line":15,"column":42},"end":{"line":21,"column":5}},"line":15},"1":{"name":"(anonymous_1)","decl":{"start":{"line":22,"column":18},"end":{"line":22,"column":19}},"loc":{"start":{"line":22,"column":27},"end":{"line":32,"column":5}},"line":22},"2":{"name":"(anonymous_2)","decl":{"start":{"line":41,"column":33},"end":{"line":41,"column":34}},"loc":{"start":{"line":41,"column":44},"end":{"line":41,"column":61}},"line":41}},"branchMap":{},"s":{"0":9,"1":0,"2":0,"3":9,"4":9,"5":10},"f":{"0":0,"1":0,"2":10},"b":{},"_coverageSchema":"1a1c01bbd47fc00a2c39e90264f33305004495a9","hash":"5820207649ad1837e04c15b0b1906c70055379ea"}
}
