{"/Users/yaoqideng_1/5570/project---design-hw1-team_offersoverflow/bestapp666/client/src/App.js": {"path":"/Users/yaoqideng_1/5570/project---design-hw1-team_offersoverflow/bestapp666/client/src/App.js","statementMap":{"0":{"start":{"line":1,"column":0},"end":{"line":null,"column":-1}},"1":{"start":{"line":2,"column":0},"end":{"line":null,"column":-1}},"2":{"start":{"line":3,"column":0},"end":{"line":null,"column":-1}},"3":{"start":{"line":4,"column":0},"end":{"line":null,"column":-1}},"4":{"start":{"line":5,"column":0},"end":{"line":null,"column":-1}},"5":{"start":{"line":6,"column":0},"end":{"line":null,"column":-1}},"6":{"start":{"line":7,"column":0},"end":{"line":null,"column":-1}},"7":{"start":{"line":8,"column":0},"end":{"line":null,"column":-1}},"8":{"start":{"line":9,"column":0},"end":{"line":null,"column":-1}},"9":{"start":{"line":10,"column":0},"end":{"line":null,"column":-1}},"10":{"start":{"line":11,"column":0},"end":{"line":null,"column":-1}},"11":{"start":{"line":12,"column":0},"end":{"line":null,"column":-1}},"12":{"start":{"line":12,"column":36},"end":{"line":null,"column":-1}},"13":{"start":{"line":15,"column":2},"end":{"line":39,"column":20}}},"fnMap":{"0":{"name":"App","decl":{"start":{"line":14,"column":24},"end":{"line":14,"column":27}},"loc":{"start":{"line":14,"column":30},"end":{"line":41,"column":0}}}},"branchMap":{},"s":{"0":0,"1":0,"2":0,"3":0,"4":0,"5":0,"6":0,"7":0,"8":0,"9":0,"10":0,"11":0,"12":0,"13":0},"f":{"0":0},"b":{}}
,"/Users/yaoqideng_1/5570/project---design-hw1-team_offersoverflow/bestapp666/client/src/index.js": {"path":"/Users/yaoqideng_1/5570/project---design-hw1-team_offersoverflow/bestapp666/client/src/index.js","statementMap":{"0":{"start":{"line":1,"column":0},"end":{"line":null,"column":-1}},"1":{"start":{"line":2,"column":0},"end":{"line":null,"column":-1}},"2":{"start":{"line":3,"column":0},"end":{"line":null,"column":-1}},"3":{"start":{"line":4,"column":0},"end":{"line":null,"column":-1}},"4":{"start":{"line":5,"column":0},"end":{"line":null,"column":-1}},"5":{"start":{"line":6,"column":0},"end":{"line":null,"column":-1}},"6":{"start":{"line":7,"column":0},"end":{"line":null,"column":-1}},"7":{"start":{"line":7,"column":34},"end":{"line":null,"column":-1}},"8":{"start":{"line":9,"column":13},"end":{"line":9,"column":65}},"9":{"start":{"line":10,"column":0},"end":{"line":14,"column":1}},"10":{"start":{"line":19,"column":0},"end":{"line":19,"column":17}}},"fnMap":{},"branchMap":{},"s":{"0":0,"1":0,"2":0,"3":0,"4":0,"5":0,"6":0,"7":0,"8":0,"9":0,"10":0},"f":{},"b":{}}
,"/Users/yaoqideng_1/5570/project---design-hw1-team_offersoverflow/bestapp666/client/src/reportWebVitals.js": {"path":"/Users/yaoqideng_1/5570/project---design-hw1-team_offersoverflow/bestapp666/client/src/reportWebVitals.js","statementMap":{"0":{"start":{"line":1,"column":24},"end":{"line":11,"column":1}},"1":{"start":{"line":2,"column":2},"end":{"line":10,"column":2}},"2":{"start":{"line":3,"column":4},"end":{"line":9,"column":6}},"3":{"start":{"line":3,"column":4},"end":{"line":3,"column":23}},"4":{"start":{"line":4,"column":6},"end":{"line":4,"column":25}},"5":{"start":{"line":5,"column":6},"end":{"line":5,"column":25}},"6":{"start":{"line":6,"column":6},"end":{"line":6,"column":25}},"7":{"start":{"line":7,"column":6},"end":{"line":7,"column":25}},"8":{"start":{"line":8,"column":6},"end":{"line":8,"column":26}},"9":{"start":{"line":13,"column":15},"end":{"line":13,"column":30}},"10":{"start":{"line":13,"column":30},"end":{"line":null,"column":-1}}},"fnMap":{"0":{"name":"(anonymous_3)","decl":{"start":{"line":1,"column":24},"end":{"line":1,"column":34}},"loc":{"start":{"line":1,"column":39},"end":{"line":11,"column":1}}},"1":{"name":"(anonymous_4)","decl":{"start":{"line":3,"column":4},"end":{"line":3,"column":10}},"loc":{"start":{"line":3,"column":4},"end":{"line":3,"column":23}}},"2":{"name":"(anonymous_5)","decl":{"start":{"line":3,"column":30},"end":{"line":3,"column":31}},"loc":{"start":{"line":3,"column":79},"end":{"line":9,"column":5}}}},"branchMap":{"0":{"loc":{"start":{"line":2,"column":2},"end":{"line":10,"column":2}},"type":"if","locations":[{"start":{"line":2,"column":2},"end":{"line":10,"column":2}},{"start":{"line":2,"column":2},"end":{"line":10,"column":2}}]},"1":{"loc":{"start":{"line":2,"column":6},"end":{"line":2,"column":17}},"type":"binary-expr","locations":[{"start":{"line":2,"column":6},"end":{"line":2,"column":17}},{"start":{"line":2,"column":21},"end":{"line":2,"column":52}}]}},"s":{"0":0,"1":0,"2":0,"3":0,"4":0,"5":0,"6":0,"7":0,"8":0,"9":0,"10":0},"f":{"0":0,"1":0,"2":0},"b":{"0":[0,0],"1":[0,0]}}
,"/Users/yaoqideng_1/5570/project---design-hw1-team_offersoverflow/bestapp666/client/src/setupTests.js": {"path":"/Users/yaoqideng_1/5570/project---design-hw1-team_offersoverflow/bestapp666/client/src/setupTests.js","statementMap":{"0":{"start":{"line":5,"column":0},"end":{"line":null,"column":-1}}},"fnMap":{},"branchMap":{},"s":{"0":0},"f":{},"b":{}}
,"/Users/yaoqideng_1/5570/project---design-hw1-team_offersoverflow/bestapp666/client/src/Store/store.js": {"path":"/Users/yaoqideng_1/5570/project---design-hw1-team_offersoverflow/bestapp666/client/src/Store/store.js","statementMap":{"0":{"start":{"line":1,"column":0},"end":{"line":null,"column":-1}},"1":{"start":{"line":2,"column":0},"end":{"line":null,"column":-1}},"2":{"start":{"line":3,"column":0},"end":{"line":null,"column":-1}},"3":{"start":{"line":6,"column":15},"end":{"line":11,"column":2}},"4":{"start":{"line":11,"column":2},"end":{"line":null,"column":-1}}},"fnMap":{},"branchMap":{},"s":{"0":0,"1":0,"2":0,"3":0,"4":0},"f":{},"b":{}}
,"/Users/yaoqideng_1/5570/project---design-hw1-team_offersoverflow/bestapp666/client/src/api/mock_api.js": {"path":"/Users/yaoqideng_1/5570/project---design-hw1-team_offersoverflow/bestapp666/client/src/api/mock_api.js","statementMap":{"0":{"start":{"line":2,"column":0},"end":{"line":null,"column":-1}},"1":{"start":{"line":7,"column":15},"end":{"line":7,"column":44}},"2":{"start":{"line":10,"column":24},"end":{"line":21,"column":1}},"3":{"start":{"line":11,"column":4},"end":{"line":20,"column":4}},"4":{"start":{"line":12,"column":25},"end":{"line":12,"column":54}},"5":{"start":{"line":13,"column":8},"end":{"line":13,"column":28}},"6":{"start":{"line":18,"column":8},"end":{"line":18,"column":26}},"7":{"start":{"line":25,"column":0},"end":{"line":null,"column":-1}},"8":{"start":{"line":26,"column":23},"end":{"line":40,"column":1}},"9":{"start":{"line":27,"column":4},"end":{"line":39,"column":4}},"10":{"start":{"line":28,"column":25},"end":{"line":28,"column":75}},"11":{"start":{"line":31,"column":8},"end":{"line":33,"column":10}},"12":{"start":{"line":32,"column":12},"end":{"line":32,"column":46}},"13":{"start":{"line":34,"column":8},"end":{"line":34,"column":97}},"14":{"start":{"line":35,"column":8},"end":{"line":35,"column":28}},"15":{"start":{"line":38,"column":8},"end":{"line":38,"column":26}},"16":{"start":{"line":44,"column":0},"end":{"line":null,"column":-1}},"17":{"start":{"line":45,"column":30},"end":{"line":61,"column":1}},"18":{"start":{"line":46,"column":4},"end":{"line":60,"column":4}},"19":{"start":{"line":47,"column":28},"end":{"line":47,"column":30}},"20":{"start":{"line":48,"column":23},"end":{"line":48,"column":39}},"21":{"start":{"line":49,"column":8},"end":{"line":53,"column":10}},"22":{"start":{"line":50,"column":12},"end":{"line":52,"column":12}},"23":{"start":{"line":51,"column":16},"end":{"line":51,"column":41}},"24":{"start":{"line":54,"column":8},"end":{"line":54,"column":60}},"25":{"start":{"line":54,"column":34},"end":{"line":54,"column":57}},"26":{"start":{"line":56,"column":8},"end":{"line":56,"column":26}},"27":{"start":{"line":59,"column":8},"end":{"line":59,"column":26}},"28":{"start":{"line":66,"column":0},"end":{"line":null,"column":-1}},"29":{"start":{"line":67,"column":29},"end":{"line":77,"column":1}},"30":{"start":{"line":68,"column":4},"end":{"line":76,"column":4}},"31":{"start":{"line":69,"column":25},"end":{"line":69,"column":67}},"32":{"start":{"line":70,"column":8},"end":{"line":70,"column":210}},"33":{"start":{"line":71,"column":8},"end":{"line":71,"column":28}},"34":{"start":{"line":75,"column":8},"end":{"line":75,"column":26}},"35":{"start":{"line":77,"column":1},"end":{"line":null,"column":-1}},"36":{"start":{"line":79,"column":29},"end":{"line":92,"column":1}},"37":{"start":{"line":80,"column":4},"end":{"line":91,"column":4}},"38":{"start":{"line":81,"column":25},"end":{"line":81,"column":75}},"39":{"start":{"line":82,"column":19},"end":{"line":82,"column":35}},"40":{"start":{"line":83,"column":8},"end":{"line":83,"column":35}},"41":{"start":{"line":84,"column":8},"end":{"line":84,"column":54}},"42":{"start":{"line":85,"column":8},"end":{"line":85,"column":66}},"43":{"start":{"line":86,"column":8},"end":{"line":86,"column":28}},"44":{"start":{"line":90,"column":8},"end":{"line":90,"column":26}},"45":{"start":{"line":92,"column":1},"end":{"line":null,"column":-1}},"46":{"start":{"line":94,"column":26},"end":{"line":110,"column":1}},"47":{"start":{"line":95,"column":4},"end":{"line":109,"column":4}},"48":{"start":{"line":96,"column":26},"end":{"line":96,"column":77}},"49":{"start":{"line":97,"column":26},"end":{"line":97,"column":77}},"50":{"start":{"line":98,"column":20},"end":{"line":98,"column":37}},"51":{"start":{"line":99,"column":20},"end":{"line":99,"column":37}},"52":{"start":{"line":100,"column":8},"end":{"line":100,"column":40}},"53":{"start":{"line":101,"column":8},"end":{"line":101,"column":39}},"54":{"start":{"line":102,"column":8},"end":{"line":102,"column":56}},"55":{"start":{"line":103,"column":8},"end":{"line":103,"column":56}},"56":{"start":{"line":105,"column":8},"end":{"line":105,"column":69}},"57":{"start":{"line":108,"column":8},"end":{"line":108,"column":26}},"58":{"start":{"line":110,"column":1},"end":{"line":null,"column":-1}},"59":{"start":{"line":112,"column":28},"end":{"line":128,"column":1}},"60":{"start":{"line":113,"column":4},"end":{"line":127,"column":4}},"61":{"start":{"line":114,"column":26},"end":{"line":114,"column":77}},"62":{"start":{"line":115,"column":26},"end":{"line":115,"column":77}},"63":{"start":{"line":116,"column":20},"end":{"line":116,"column":37}},"64":{"start":{"line":117,"column":20},"end":{"line":117,"column":37}},"65":{"start":{"line":118,"column":8},"end":{"line":118,"column":71}},"66":{"start":{"line":118,"column":56},"end":{"line":118,"column":70}},"67":{"start":{"line":119,"column":8},"end":{"line":119,"column":69}},"68":{"start":{"line":119,"column":54},"end":{"line":119,"column":68}},"69":{"start":{"line":120,"column":8},"end":{"line":120,"column":56}},"70":{"start":{"line":121,"column":8},"end":{"line":121,"column":56}},"71":{"start":{"line":123,"column":8},"end":{"line":123,"column":71}},"72":{"start":{"line":126,"column":8},"end":{"line":126,"column":26}},"73":{"start":{"line":128,"column":1},"end":{"line":null,"column":-1}}},"fnMap":{"0":{"name":"(anonymous_0)","decl":{"start":{"line":10,"column":24},"end":{"line":10,"column":34}},"loc":{"start":{"line":10,"column":35},"end":{"line":21,"column":1}}},"1":{"name":"(anonymous_1)","decl":{"start":{"line":26,"column":23},"end":{"line":26,"column":29}},"loc":{"start":{"line":26,"column":42},"end":{"line":40,"column":1}}},"2":{"name":"(anonymous_2)","decl":{"start":{"line":31,"column":30},"end":{"line":31,"column":36}},"loc":{"start":{"line":31,"column":41},"end":{"line":33,"column":9}}},"3":{"name":"(anonymous_3)","decl":{"start":{"line":45,"column":30},"end":{"line":45,"column":36}},"loc":{"start":{"line":45,"column":50},"end":{"line":61,"column":1}}},"4":{"name":"(anonymous_4)","decl":{"start":{"line":49,"column":24},"end":{"line":49,"column":30}},"loc":{"start":{"line":49,"column":36},"end":{"line":53,"column":9}}},"5":{"name":"(anonymous_5)","decl":{"start":{"line":54,"column":29},"end":{"line":54,"column":30}},"loc":{"start":{"line":54,"column":33},"end":{"line":54,"column":59}}},"6":{"name":"(anonymous_6)","decl":{"start":{"line":67,"column":29},"end":{"line":67,"column":35}},"loc":{"start":{"line":67,"column":50},"end":{"line":77,"column":1}}},"7":{"name":"(anonymous_7)","decl":{"start":{"line":79,"column":29},"end":{"line":79,"column":35}},"loc":{"start":{"line":79,"column":60},"end":{"line":92,"column":1}}},"8":{"name":"(anonymous_8)","decl":{"start":{"line":94,"column":26},"end":{"line":94,"column":32}},"loc":{"start":{"line":94,"column":57},"end":{"line":110,"column":1}}},"9":{"name":"(anonymous_9)","decl":{"start":{"line":112,"column":28},"end":{"line":112,"column":34}},"loc":{"start":{"line":112,"column":59},"end":{"line":128,"column":1}}},"10":{"name":"(anonymous_10)","decl":{"start":{"line":118,"column":51},"end":{"line":118,"column":52}},"loc":{"start":{"line":118,"column":56},"end":{"line":118,"column":70}}},"11":{"name":"(anonymous_11)","decl":{"start":{"line":119,"column":49},"end":{"line":119,"column":50}},"loc":{"start":{"line":119,"column":54},"end":{"line":119,"column":68}}}},"branchMap":{"0":{"loc":{"start":{"line":50,"column":12},"end":{"line":52,"column":12}},"type":"if","locations":[{"start":{"line":50,"column":12},"end":{"line":52,"column":12}},{"start":{"line":50,"column":12},"end":{"line":52,"column":12}}]}},"s":{"0":0,"1":0,"2":0,"3":0,"4":0,"5":0,"6":0,"7":0,"8":0,"9":0,"10":0,"11":0,"12":0,"13":0,"14":0,"15":0,"16":0,"17":0,"18":0,"19":0,"20":0,"21":0,"22":0,"23":0,"24":0,"25":0,"26":0,"27":0,"28":0,"29":0,"30":0,"31":0,"32":0,"33":0,"34":0,"35":0,"36":0,"37":0,"38":0,"39":0,"40":0,"41":0,"42":0,"43":0,"44":0,"45":0,"46":0,"47":0,"48":0,"49":0,"50":0,"51":0,"52":0,"53":0,"54":0,"55":0,"56":0,"57":0,"58":0,"59":0,"60":0,"61":0,"62":0,"63":0,"64":0,"65":0,"66":0,"67":0,"68":0,"69":0,"70":0,"71":0,"72":0,"73":0},"f":{"0":0,"1":0,"2":0,"3":0,"4":0,"5":0,"6":0,"7":0,"8":0,"9":0,"10":0,"11":0},"b":{"0":[0,0]}}
,"/Users/yaoqideng_1/5570/project---design-hw1-team_offersoverflow/bestapp666/client/src/components/Footer.js": {"path":"/Users/yaoqideng_1/5570/project---design-hw1-team_offersoverflow/bestapp666/client/src/components/Footer.js","statementMap":{"0":{"start":{"line":1,"column":0},"end":{"line":null,"column":-1}},"1":{"start":{"line":2,"column":0},"end":{"line":null,"column":-1}},"2":{"start":{"line":2,"column":26},"end":{"line":null,"column":-1}},"3":{"start":{"line":5,"column":4},"end":{"line":9,"column":10}}},"fnMap":{"0":{"name":"Footer","decl":{"start":{"line":4,"column":16},"end":{"line":4,"column":22}},"loc":{"start":{"line":4,"column":25},"end":{"line":10,"column":2}}}},"branchMap":{},"s":{"0":0,"1":0,"2":0,"3":0},"f":{"0":0},"b":{}}
,"/Users/yaoqideng_1/5570/project---design-hw1-team_offersoverflow/bestapp666/client/src/components/NavBar.js": {"path":"/Users/yaoqideng_1/5570/project---design-hw1-team_offersoverflow/bestapp666/client/src/components/NavBar.js","statementMap":{"0":{"start":{"line":1,"column":0},"end":{"line":null,"column":-1}},"1":{"start":{"line":2,"column":0},"end":{"line":null,"column":-1}},"2":{"start":{"line":3,"column":0},"end":{"line":null,"column":-1}},"3":{"start":{"line":4,"column":0},"end":{"line":null,"column":-1}},"4":{"start":{"line":5,"column":0},"end":{"line":null,"column":-1}},"5":{"start":{"line":6,"column":0},"end":{"line":null,"column":-1}},"6":{"start":{"line":7,"column":0},"end":{"line":null,"column":-1}},"7":{"start":{"line":7,"column":96},"end":{"line":null,"column":-1}},"8":{"start":{"line":10,"column":29},"end":{"line":10,"column":59}},"9":{"start":{"line":11,"column":4},"end":{"line":44,"column":10}}},"fnMap":{"0":{"name":"NavBar","decl":{"start":{"line":9,"column":16},"end":{"line":9,"column":22}},"loc":{"start":{"line":9,"column":25},"end":{"line":47,"column":0}}}},"branchMap":{},"s":{"0":0,"1":0,"2":0,"3":0,"4":0,"5":0,"6":0,"7":0,"8":0,"9":0},"f":{"0":0},"b":{}}
,"/Users/yaoqideng_1/5570/project---design-hw1-team_offersoverflow/bestapp666/client/src/components/SearchBar.js": {"path":"/Users/yaoqideng_1/5570/project---design-hw1-team_offersoverflow/bestapp666/client/src/components/SearchBar.js","statementMap":{"0":{"start":{"line":1,"column":0},"end":{"line":null,"column":-1}},"1":{"start":{"line":2,"column":0},"end":{"line":null,"column":-1}},"2":{"start":{"line":3,"column":0},"end":{"line":null,"column":-1}},"3":{"start":{"line":4,"column":0},"end":{"line":null,"column":-1}},"4":{"start":{"line":5,"column":0},"end":{"line":null,"column":-1}},"5":{"start":{"line":6,"column":0},"end":{"line":null,"column":-1}},"6":{"start":{"line":7,"column":0},"end":{"line":null,"column":-1}},"7":{"start":{"line":7,"column":54},"end":{"line":null,"column":-1}},"8":{"start":{"line":10,"column":19},"end":{"line":10,"column":32}},"9":{"start":{"line":11,"column":27},"end":{"line":11,"column":57}},"10":{"start":{"line":13,"column":26},"end":{"line":13,"column":51}},"11":{"start":{"line":14,"column":24},"end":{"line":17,"column":3}},"12":{"start":{"line":15,"column":4},"end":{"line":15,"column":22}},"13":{"start":{"line":16,"column":4},"end":{"line":16,"column":42}},"14":{"start":{"line":18,"column":4},"end":{"line":28,"column":9}},"15":{"start":{"line":25,"column":25},"end":{"line":25,"column":61}}},"fnMap":{"0":{"name":"SearchBar","decl":{"start":{"line":9,"column":16},"end":{"line":9,"column":25}},"loc":{"start":{"line":9,"column":27},"end":{"line":30,"column":2}}},"1":{"name":"(anonymous_1)","decl":{"start":{"line":14,"column":24},"end":{"line":14,"column":25}},"loc":{"start":{"line":14,"column":29},"end":{"line":17,"column":3}}},"2":{"name":"(anonymous_2)","decl":{"start":{"line":25,"column":20},"end":{"line":25,"column":21}},"loc":{"start":{"line":25,"column":25},"end":{"line":25,"column":61}}}},"branchMap":{},"s":{"0":0,"1":0,"2":0,"3":0,"4":0,"5":0,"6":0,"7":0,"8":0,"9":0,"10":0,"11":0,"12":0,"13":0,"14":0,"15":0},"f":{"0":0,"1":0,"2":0},"b":{}}
,"/Users/yaoqideng_1/5570/project---design-hw1-team_offersoverflow/bestapp666/client/src/pages/HomePage.js": {"path":"/Users/yaoqideng_1/5570/project---design-hw1-team_offersoverflow/bestapp666/client/src/pages/HomePage.js","statementMap":{"0":{"start":{"line":1,"column":0},"end":{"line":null,"column":-1}},"1":{"start":{"line":2,"column":0},"end":{"line":null,"column":-1}},"2":{"start":{"line":3,"column":0},"end":{"line":null,"column":-1}},"3":{"start":{"line":4,"column":0},"end":{"line":null,"column":-1}},"4":{"start":{"line":5,"column":0},"end":{"line":null,"column":-1}},"5":{"start":{"line":6,"column":0},"end":{"line":null,"column":-1}},"6":{"start":{"line":7,"column":0},"end":{"line":null,"column":-1}},"7":{"start":{"line":8,"column":0},"end":{"line":null,"column":-1}},"8":{"start":{"line":8,"column":43},"end":{"line":null,"column":-1}},"9":{"start":{"line":12,"column":13},"end":{"line":12,"column":114}},"10":{"start":{"line":13,"column":13},"end":{"line":13,"column":86}},"11":{"start":{"line":14,"column":13},"end":{"line":14,"column":156}},"12":{"start":{"line":15,"column":15},"end":{"line":15,"column":170}},"13":{"start":{"line":16,"column":4},"end":{"line":83,"column":12}},"14":{"start":{"line":85,"column":15},"end":{"line":85,"column":23}},"15":{"start":{"line":85,"column":23},"end":{"line":null,"column":-1}}},"fnMap":{"0":{"name":"HomePage","decl":{"start":{"line":11,"column":9},"end":{"line":11,"column":17}},"loc":{"start":{"line":11,"column":20},"end":{"line":84,"column":2}}}},"branchMap":{},"s":{"0":0,"1":0,"2":0,"3":0,"4":0,"5":0,"6":0,"7":0,"8":0,"9":0,"10":0,"11":0,"12":0,"13":0,"14":0,"15":0},"f":{"0":0},"b":{}}
,"/Users/yaoqideng_1/5570/project---design-hw1-team_offersoverflow/bestapp666/client/src/pages/Layout.js": {"path":"/Users/yaoqideng_1/5570/project---design-hw1-team_offersoverflow/bestapp666/client/src/pages/Layout.js","statementMap":{"0":{"start":{"line":1,"column":0},"end":{"line":null,"column":-1}},"1":{"start":{"line":2,"column":0},"end":{"line":null,"column":-1}},"2":{"start":{"line":3,"column":0},"end":{"line":null,"column":-1}},"3":{"start":{"line":4,"column":0},"end":{"line":null,"column":-1}},"4":{"start":{"line":5,"column":0},"end":{"line":null,"column":-1}},"5":{"start":{"line":6,"column":0},"end":{"line":null,"column":-1}},"6":{"start":{"line":7,"column":0},"end":{"line":null,"column":-1}},"7":{"start":{"line":8,"column":0},"end":{"line":null,"column":-1}},"8":{"start":{"line":9,"column":0},"end":{"line":null,"column":-1}},"9":{"start":{"line":10,"column":0},"end":{"line":null,"column":-1}},"10":{"start":{"line":11,"column":0},"end":{"line":null,"column":-1}},"11":{"start":{"line":12,"column":0},"end":{"line":null,"column":-1}},"12":{"start":{"line":12,"column":75},"end":{"line":null,"column":-1}},"13":{"start":{"line":15,"column":19},"end":{"line":15,"column":32}},"14":{"start":{"line":16,"column":27},"end":{"line":16,"column":57}},"15":{"start":{"line":17,"column":31},"end":{"line":17,"column":71}},"16":{"start":{"line":17,"column":71},"end":{"line":null,"column":-1}},"17":{"start":{"line":17,"column":17},"end":{"line":null,"column":-1}},"18":{"start":{"line":17,"column":27},"end":{"line":null,"column":-1}},"19":{"start":{"line":19,"column":28},"end":{"line":22,"column":3}},"20":{"start":{"line":20,"column":4},"end":{"line":20,"column":28}},"21":{"start":{"line":21,"column":4},"end":{"line":21,"column":81}},"22":{"start":{"line":24,"column":2},"end":{"line":28,"column":2}},"23":{"start":{"line":25,"column":4},"end":{"line":25,"column":72}},"24":{"start":{"line":27,"column":4},"end":{"line":27,"column":97}},"25":{"start":{"line":34,"column":27},"end":{"line":34,"column":57}},"26":{"start":{"line":35,"column":19},"end":{"line":35,"column":44}},"27":{"start":{"line":36,"column":17},"end":{"line":36,"column":40}},"28":{"start":{"line":38,"column":2},"end":{"line":88,"column":7}},"29":{"start":{"line":92,"column":15},"end":{"line":92,"column":21}},"30":{"start":{"line":92,"column":21},"end":{"line":null,"column":-1}}},"fnMap":{"0":{"name":"_getRequireWildcardCache","decl":{"start":{"line":12,"column":75},"end":{"line":null,"column":-1}},"loc":{"start":{"line":12,"column":75},"end":{"line":null,"column":-1}}},"1":{"name":"LoginLink","decl":{"start":{"line":14,"column":9},"end":{"line":14,"column":18}},"loc":{"start":{"line":14,"column":21},"end":{"line":29,"column":0}}},"2":{"name":"(anonymous_4)","decl":{"start":{"line":19,"column":28},"end":{"line":19,"column":29}},"loc":{"start":{"line":19,"column":34},"end":{"line":22,"column":3}}},"3":{"name":"Layout","decl":{"start":{"line":32,"column":9},"end":{"line":32,"column":15}},"loc":{"start":{"line":32,"column":17},"end":{"line":90,"column":0}}}},"branchMap":{"0":{"loc":{"start":{"line":12,"column":75},"end":{"line":null,"column":-1}},"type":"if","locations":[{"start":{"line":12,"column":75},"end":{"line":null,"column":-1}},{"start":{"line":12,"column":75},"end":{"line":null,"column":-1}}]},"1":{"loc":{"start":{"line":12,"column":75},"end":{"line":null,"column":-1}},"type":"binary-expr","locations":[{"start":{"line":12,"column":75},"end":{"line":null,"column":-1}},{"start":{"line":12,"column":75},"end":{"line":null,"column":-1}},{"start":{"line":12,"column":75},"end":{"line":null,"column":-1}}]},"2":{"loc":{"start":{"line":24,"column":2},"end":{"line":28,"column":2}},"type":"if","locations":[{"start":{"line":24,"column":2},"end":{"line":28,"column":2}},{"start":{"line":24,"column":2},"end":{"line":28,"column":2}}]}},"s":{"0":0,"1":0,"2":0,"3":0,"4":0,"5":0,"6":0,"7":0,"8":0,"9":0,"10":0,"11":0,"12":0,"13":0,"14":0,"15":0,"16":0,"17":0,"18":0,"19":0,"20":0,"21":0,"22":0,"23":0,"24":0,"25":0,"26":0,"27":0,"28":0,"29":0,"30":0},"f":{"0":0,"1":0,"2":0,"3":0},"b":{"0":[0,0],"1":[0,0,0],"2":[0,0]}}
,"/Users/yaoqideng_1/5570/project---design-hw1-team_offersoverflow/bestapp666/client/src/pages/NoPage.js": {"path":"/Users/yaoqideng_1/5570/project---design-hw1-team_offersoverflow/bestapp666/client/src/pages/NoPage.js","statementMap":{"0":{"start":{"line":1,"column":0},"end":{"line":null,"column":-1}},"1":{"start":{"line":2,"column":0},"end":{"line":null,"column":-1}},"2":{"start":{"line":2,"column":42},"end":{"line":null,"column":-1}},"3":{"start":{"line":5,"column":4},"end":{"line":11,"column":10}},"4":{"start":{"line":14,"column":17},"end":{"line":14,"column":23}},"5":{"start":{"line":14,"column":23},"end":{"line":null,"column":-1}}},"fnMap":{"0":{"name":"NoPage","decl":{"start":{"line":4,"column":9},"end":{"line":4,"column":15}},"loc":{"start":{"line":4,"column":17},"end":{"line":12,"column":2}}}},"branchMap":{},"s":{"0":0,"1":0,"2":0,"3":0,"4":0,"5":0},"f":{"0":0},"b":{}}
,"/Users/yaoqideng_1/5570/project---design-hw1-team_offersoverflow/bestapp666/client/src/pages/RegisterPage.js": {"path":"/Users/yaoqideng_1/5570/project---design-hw1-team_offersoverflow/bestapp666/client/src/pages/RegisterPage.js","statementMap":{"0":{"start":{"line":1,"column":0},"end":{"line":null,"column":-1}},"1":{"start":{"line":2,"column":0},"end":{"line":null,"column":-1}},"2":{"start":{"line":3,"column":0},"end":{"line":null,"column":-1}},"3":{"start":{"line":4,"column":0},"end":{"line":null,"column":-1}},"4":{"start":{"line":5,"column":0},"end":{"line":null,"column":-1}},"5":{"start":{"line":6,"column":0},"end":{"line":null,"column":-1}},"6":{"start":{"line":7,"column":0},"end":{"line":null,"column":-1}},"7":{"start":{"line":8,"column":0},"end":{"line":null,"column":-1}},"8":{"start":{"line":9,"column":0},"end":{"line":null,"column":-1}},"9":{"start":{"line":9,"column":50},"end":{"line":null,"column":-1}},"10":{"start":{"line":13,"column":21},"end":{"line":13,"column":34}},"11":{"start":{"line":14,"column":40},"end":{"line":14,"column":327}},"12":{"start":{"line":14,"column":327},"end":{"line":null,"column":-1}},"13":{"start":{"line":14,"column":21},"end":{"line":null,"column":-1}},"14":{"start":{"line":14,"column":36},"end":{"line":null,"column":-1}},"15":{"start":{"line":17,"column":8},"end":{"line":17,"column":61}},"16":{"start":{"line":20,"column":36},"end":{"line":20,"column":48}},"17":{"start":{"line":20,"column":48},"end":{"line":null,"column":-1}},"18":{"start":{"line":20,"column":19},"end":{"line":null,"column":-1}},"19":{"start":{"line":20,"column":32},"end":{"line":null,"column":-1}},"20":{"start":{"line":22,"column":33},"end":{"line":25,"column":8}},"21":{"start":{"line":23,"column":6},"end":{"line":25,"column":6}},"22":{"start":{"line":24,"column":8},"end":{"line":24,"column":48}},"23":{"start":{"line":24,"column":32},"end":{"line":24,"column":47}},"24":{"start":{"line":26,"column":29},"end":{"line":29,"column":5}},"25":{"start":{"line":27,"column":8},"end":{"line":27,"column":26}},"26":{"start":{"line":28,"column":8},"end":{"line":28,"column":31}},"27":{"start":{"line":31,"column":8},"end":{"line":31,"column":301}},"28":{"start":{"line":32,"column":8},"end":{"line":32,"column":300}},"29":{"start":{"line":37,"column":38},"end":{"line":37,"column":99}},"30":{"start":{"line":37,"column":99},"end":{"line":null,"column":-1}},"31":{"start":{"line":37,"column":20},"end":{"line":null,"column":-1}},"32":{"start":{"line":37,"column":34},"end":{"line":null,"column":-1}},"33":{"start":{"line":38,"column":29},"end":{"line":60,"column":5}},"34":{"start":{"line":39,"column":8},"end":{"line":45,"column":10}},"35":{"start":{"line":40,"column":12},"end":{"line":44,"column":15}},"36":{"start":{"line":40,"column":37},"end":{"line":44,"column":13}},"37":{"start":{"line":46,"column":10},"end":{"line":52,"column":10}},"38":{"start":{"line":47,"column":12},"end":{"line":51,"column":15}},"39":{"start":{"line":47,"column":37},"end":{"line":51,"column":13}},"40":{"start":{"line":53,"column":10},"end":{"line":59,"column":10}},"41":{"start":{"line":54,"column":12},"end":{"line":58,"column":15}},"42":{"start":{"line":54,"column":37},"end":{"line":58,"column":13}},"43":{"start":{"line":62,"column":27},"end":{"line":86,"column":5}},"44":{"start":{"line":63,"column":8},"end":{"line":63,"column":26}},"45":{"start":{"line":66,"column":8},"end":{"line":85,"column":8}},"46":{"start":{"line":67,"column":12},"end":{"line":67,"column":40}},"47":{"start":{"line":69,"column":28},"end":{"line":76,"column":13}},"48":{"start":{"line":77,"column":12},"end":{"line":77,"column":39}},"49":{"start":{"line":78,"column":12},"end":{"line":82,"column":12}},"50":{"start":{"line":79,"column":16},"end":{"line":79,"column":38}},"51":{"start":{"line":81,"column":16},"end":{"line":81,"column":64}},"52":{"start":{"line":83,"column":12},"end":{"line":83,"column":71}},"53":{"start":{"line":84,"column":12},"end":{"line":84,"column":30}},"54":{"start":{"line":88,"column":4},"end":{"line":164,"column":10}},"55":{"start":{"line":168,"column":15},"end":{"line":168,"column":27}},"56":{"start":{"line":168,"column":27},"end":{"line":null,"column":-1}}},"fnMap":{"0":{"name":"_getRequireWildcardCache","decl":{"start":{"line":9,"column":50},"end":{"line":null,"column":-1}},"loc":{"start":{"line":9,"column":50},"end":{"line":null,"column":-1}}},"1":{"name":"RegisterPage","decl":{"start":{"line":12,"column":9},"end":{"line":12,"column":21}},"loc":{"start":{"line":12,"column":24},"end":{"line":166,"column":0}}},"2":{"name":"handleChange","decl":{"start":{"line":16,"column":13},"end":{"line":16,"column":25}},"loc":{"start":{"line":16,"column":29},"end":{"line":18,"column":4}}},"3":{"name":"(anonymous_5)","decl":{"start":{"line":22,"column":33},"end":{"line":22,"column":34}},"loc":{"start":{"line":22,"column":39},"end":{"line":25,"column":8}}},"4":{"name":"(anonymous_6)","decl":{"start":{"line":24,"column":21},"end":{"line":24,"column":25}},"loc":{"start":{"line":24,"column":32},"end":{"line":24,"column":47}}},"5":{"name":"(anonymous_7)","decl":{"start":{"line":26,"column":29},"end":{"line":26,"column":30}},"loc":{"start":{"line":26,"column":35},"end":{"line":29,"column":5}}},"6":{"name":"addDefaultImgSrc","decl":{"start":{"line":30,"column":13},"end":{"line":30,"column":29}},"loc":{"start":{"line":30,"column":33},"end":{"line":33,"column":4}}},"7":{"name":"(anonymous_9)","decl":{"start":{"line":38,"column":29},"end":{"line":38,"column":30}},"loc":{"start":{"line":38,"column":34},"end":{"line":60,"column":5}}},"8":{"name":"(anonymous_10)","decl":{"start":{"line":40,"column":26},"end":{"line":40,"column":30}},"loc":{"start":{"line":40,"column":37},"end":{"line":44,"column":13}}},"9":{"name":"(anonymous_11)","decl":{"start":{"line":47,"column":26},"end":{"line":47,"column":30}},"loc":{"start":{"line":47,"column":37},"end":{"line":51,"column":13}}},"10":{"name":"(anonymous_12)","decl":{"start":{"line":54,"column":26},"end":{"line":54,"column":30}},"loc":{"start":{"line":54,"column":37},"end":{"line":58,"column":13}}},"11":{"name":"(anonymous_13)","decl":{"start":{"line":62,"column":27},"end":{"line":62,"column":33}},"loc":{"start":{"line":62,"column":40},"end":{"line":86,"column":5}}}},"branchMap":{"0":{"loc":{"start":{"line":9,"column":50},"end":{"line":null,"column":-1}},"type":"if","locations":[{"start":{"line":9,"column":50},"end":{"line":null,"column":-1}},{"start":{"line":9,"column":50},"end":{"line":null,"column":-1}}]},"1":{"loc":{"start":{"line":9,"column":50},"end":{"line":null,"column":-1}},"type":"binary-expr","locations":[{"start":{"line":9,"column":50},"end":{"line":null,"column":-1}},{"start":{"line":9,"column":50},"end":{"line":null,"column":-1}},{"start":{"line":9,"column":50},"end":{"line":null,"column":-1}}]},"2":{"loc":{"start":{"line":23,"column":6},"end":{"line":25,"column":6}},"type":"if","locations":[{"start":{"line":23,"column":6},"end":{"line":25,"column":6}},{"start":{"line":23,"column":6},"end":{"line":25,"column":6}}]},"3":{"loc":{"start":{"line":39,"column":8},"end":{"line":45,"column":10}},"type":"if","locations":[{"start":{"line":39,"column":8},"end":{"line":45,"column":10}},{"start":{"line":39,"column":8},"end":{"line":45,"column":10}}]},"4":{"loc":{"start":{"line":46,"column":10},"end":{"line":52,"column":10}},"type":"if","locations":[{"start":{"line":46,"column":10},"end":{"line":52,"column":10}},{"start":{"line":46,"column":10},"end":{"line":52,"column":10}}]},"5":{"loc":{"start":{"line":53,"column":10},"end":{"line":59,"column":10}},"type":"if","locations":[{"start":{"line":53,"column":10},"end":{"line":59,"column":10}},{"start":{"line":53,"column":10},"end":{"line":59,"column":10}}]},"6":{"loc":{"start":{"line":66,"column":8},"end":{"line":85,"column":8}},"type":"if","locations":[{"start":{"line":66,"column":8},"end":{"line":85,"column":8}},{"start":{"line":66,"column":8},"end":{"line":85,"column":8}}]}},"s":{"0":0,"1":0,"2":0,"3":0,"4":0,"5":0,"6":0,"7":0,"8":0,"9":0,"10":0,"11":0,"12":0,"13":0,"14":0,"15":0,"16":0,"17":0,"18":0,"19":0,"20":0,"21":0,"22":0,"23":0,"24":0,"25":0,"26":0,"27":0,"28":0,"29":0,"30":0,"31":0,"32":0,"33":0,"34":0,"35":0,"36":0,"37":0,"38":0,"39":0,"40":0,"41":0,"42":0,"43":0,"44":0,"45":0,"46":0,"47":0,"48":0,"49":0,"50":0,"51":0,"52":0,"53":0,"54":0,"55":0,"56":0},"f":{"0":0,"1":0,"2":0,"3":0,"4":0,"5":0,"6":0,"7":0,"8":0,"9":0,"10":0,"11":0},"b":{"0":[0,0],"1":[0,0,0],"2":[0,0],"3":[0,0],"4":[0,0],"5":[0,0],"6":[0,0]}}
,"/Users/yaoqideng_1/5570/project---design-hw1-team_offersoverflow/bestapp666/client/src/pages/UploadPostPage.js": {"path":"/Users/yaoqideng_1/5570/project---design-hw1-team_offersoverflow/bestapp666/client/src/pages/UploadPostPage.js","statementMap":{"0":{"start":{"line":1,"column":0},"end":{"line":null,"column":-1}},"1":{"start":{"line":2,"column":0},"end":{"line":null,"column":-1}},"2":{"start":{"line":3,"column":0},"end":{"line":null,"column":-1}},"3":{"start":{"line":4,"column":0},"end":{"line":null,"column":-1}},"4":{"start":{"line":5,"column":0},"end":{"line":null,"column":-1}},"5":{"start":{"line":7,"column":0},"end":{"line":null,"column":-1}},"6":{"start":{"line":8,"column":0},"end":{"line":null,"column":-1}},"7":{"start":{"line":9,"column":0},"end":{"line":null,"column":-1}},"8":{"start":{"line":10,"column":0},"end":{"line":null,"column":-1}},"9":{"start":{"line":11,"column":0},"end":{"line":null,"column":-1}},"10":{"start":{"line":12,"column":0},"end":{"line":null,"column":-1}},"11":{"start":{"line":12,"column":54},"end":{"line":null,"column":-1}},"12":{"start":{"line":15,"column":19},"end":{"line":15,"column":32}},"13":{"start":{"line":16,"column":28},"end":{"line":16,"column":71}},"14":{"start":{"line":16,"column":71},"end":{"line":null,"column":-1}},"15":{"start":{"line":16,"column":14},"end":{"line":null,"column":-1}},"16":{"start":{"line":16,"column":24},"end":{"line":null,"column":-1}},"17":{"start":{"line":17,"column":27},"end":{"line":17,"column":57}},"18":{"start":{"line":19,"column":34},"end":{"line":19,"column":46}},"19":{"start":{"line":19,"column":46},"end":{"line":null,"column":-1}},"20":{"start":{"line":19,"column":17},"end":{"line":null,"column":-1}},"21":{"start":{"line":19,"column":30},"end":{"line":null,"column":-1}},"22":{"start":{"line":21,"column":31},"end":{"line":24,"column":6}},"23":{"start":{"line":22,"column":4},"end":{"line":24,"column":4}},"24":{"start":{"line":23,"column":6},"end":{"line":23,"column":43}},"25":{"start":{"line":23,"column":27},"end":{"line":23,"column":42}},"26":{"start":{"line":27,"column":4},"end":{"line":27,"column":52}},"27":{"start":{"line":31,"column":4},"end":{"line":31,"column":150}},"28":{"start":{"line":32,"column":4},"end":{"line":32,"column":144}},"29":{"start":{"line":35,"column":36},"end":{"line":35,"column":48}},"30":{"start":{"line":35,"column":48},"end":{"line":null,"column":-1}},"31":{"start":{"line":35,"column":18},"end":{"line":null,"column":-1}},"32":{"start":{"line":35,"column":32},"end":{"line":null,"column":-1}},"33":{"start":{"line":37,"column":27},"end":{"line":39,"column":3}},"34":{"start":{"line":38,"column":4},"end":{"line":38,"column":33}},"35":{"start":{"line":42,"column":27},"end":{"line":68,"column":3}},"36":{"start":{"line":43,"column":4},"end":{"line":43,"column":22}},"37":{"start":{"line":45,"column":4},"end":{"line":66,"column":4}},"38":{"start":{"line":46,"column":6},"end":{"line":46,"column":76}},"39":{"start":{"line":47,"column":6},"end":{"line":47,"column":19}},"40":{"start":{"line":50,"column":22},"end":{"line":55,"column":7}},"41":{"start":{"line":56,"column":23},"end":{"line":56,"column":45}},"42":{"start":{"line":58,"column":21},"end":{"line":58,"column":39}},"43":{"start":{"line":59,"column":25},"end":{"line":59,"column":36}},"44":{"start":{"line":60,"column":6},"end":{"line":60,"column":33}},"45":{"start":{"line":62,"column":6},"end":{"line":62,"column":43}},"46":{"start":{"line":64,"column":6},"end":{"line":64,"column":27}},"47":{"start":{"line":70,"column":0},"end":{"line":108,"column":6}},"48":{"start":{"line":110,"column":15},"end":{"line":110,"column":29}},"49":{"start":{"line":110,"column":29},"end":{"line":null,"column":-1}}},"fnMap":{"0":{"name":"_getRequireWildcardCache","decl":{"start":{"line":12,"column":54},"end":{"line":null,"column":-1}},"loc":{"start":{"line":12,"column":54},"end":{"line":null,"column":-1}}},"1":{"name":"UploadPostPage","decl":{"start":{"line":14,"column":9},"end":{"line":14,"column":23}},"loc":{"start":{"line":14,"column":26},"end":{"line":109,"column":0}}},"2":{"name":"(anonymous_4)","decl":{"start":{"line":21,"column":31},"end":{"line":21,"column":32}},"loc":{"start":{"line":21,"column":37},"end":{"line":24,"column":6}}},"3":{"name":"(anonymous_5)","decl":{"start":{"line":23,"column":16},"end":{"line":23,"column":20}},"loc":{"start":{"line":23,"column":27},"end":{"line":23,"column":42}}},"4":{"name":"handleChange","decl":{"start":{"line":26,"column":11},"end":{"line":26,"column":23}},"loc":{"start":{"line":26,"column":27},"end":{"line":28,"column":2}}},"5":{"name":"addDefaultImgSrc","decl":{"start":{"line":30,"column":11},"end":{"line":30,"column":27}},"loc":{"start":{"line":30,"column":31},"end":{"line":33,"column":2}}},"6":{"name":"(anonymous_8)","decl":{"start":{"line":37,"column":27},"end":{"line":37,"column":28}},"loc":{"start":{"line":37,"column":32},"end":{"line":39,"column":3}}},"7":{"name":"(anonymous_9)","decl":{"start":{"line":42,"column":27},"end":{"line":42,"column":33}},"loc":{"start":{"line":42,"column":40},"end":{"line":68,"column":3}}}},"branchMap":{"0":{"loc":{"start":{"line":12,"column":54},"end":{"line":null,"column":-1}},"type":"if","locations":[{"start":{"line":12,"column":54},"end":{"line":null,"column":-1}},{"start":{"line":12,"column":54},"end":{"line":null,"column":-1}}]},"1":{"loc":{"start":{"line":12,"column":54},"end":{"line":null,"column":-1}},"type":"binary-expr","locations":[{"start":{"line":12,"column":54},"end":{"line":null,"column":-1}},{"start":{"line":12,"column":54},"end":{"line":null,"column":-1}},{"start":{"line":12,"column":54},"end":{"line":null,"column":-1}}]},"2":{"loc":{"start":{"line":22,"column":4},"end":{"line":24,"column":4}},"type":"if","locations":[{"start":{"line":22,"column":4},"end":{"line":24,"column":4}},{"start":{"line":22,"column":4},"end":{"line":24,"column":4}}]},"3":{"loc":{"start":{"line":45,"column":4},"end":{"line":66,"column":4}},"type":"if","locations":[{"start":{"line":45,"column":4},"end":{"line":66,"column":4}},{"start":{"line":45,"column":4},"end":{"line":66,"column":4}}]}},"s":{"0":0,"1":0,"2":0,"3":0,"4":0,"5":0,"6":0,"7":0,"8":0,"9":0,"10":0,"11":0,"12":0,"13":0,"14":0,"15":0,"16":0,"17":0,"18":0,"19":0,"20":0,"21":0,"22":0,"23":0,"24":0,"25":0,"26":0,"27":0,"28":0,"29":0,"30":0,"31":0,"32":0,"33":0,"34":0,"35":0,"36":0,"37":0,"38":0,"39":0,"40":0,"41":0,"42":0,"43":0,"44":0,"45":0,"46":0,"47":0,"48":0,"49":0},"f":{"0":0,"1":0,"2":0,"3":0,"4":0,"5":0,"6":0,"7":0},"b":{"0":[0,0],"1":[0,0,0],"2":[0,0],"3":[0,0]}}
,"/Users/yaoqideng_1/5570/project---design-hw1-team_offersoverflow/bestapp666/client/src/pages/UserList.js": {"path":"/Users/yaoqideng_1/5570/project---design-hw1-team_offersoverflow/bestapp666/client/src/pages/UserList.js","statementMap":{"0":{"start":{"line":1,"column":0},"end":{"line":null,"column":-1}},"1":{"start":{"line":2,"column":0},"end":{"line":null,"column":-1}},"2":{"start":{"line":3,"column":0},"end":{"line":null,"column":-1}},"3":{"start":{"line":4,"column":0},"end":{"line":null,"column":-1}},"4":{"start":{"line":5,"column":0},"end":{"line":null,"column":-1}},"5":{"start":{"line":6,"column":0},"end":{"line":null,"column":-1}},"6":{"start":{"line":7,"column":0},"end":{"line":null,"column":-1}},"7":{"start":{"line":8,"column":0},"end":{"line":null,"column":-1}},"8":{"start":{"line":9,"column":0},"end":{"line":null,"column":-1}},"9":{"start":{"line":9,"column":42},"end":{"line":null,"column":-1}},"10":{"start":{"line":12,"column":17},"end":{"line":12,"column":19}},"11":{"start":{"line":15,"column":29},"end":{"line":15,"column":59}},"12":{"start":{"line":18,"column":36},"end":{"line":18,"column":62}},"13":{"start":{"line":18,"column":62},"end":{"line":null,"column":-1}},"14":{"start":{"line":18,"column":19},"end":{"line":null,"column":-1}},"15":{"start":{"line":18,"column":32},"end":{"line":null,"column":-1}},"16":{"start":{"line":19,"column":23},"end":{"line":19,"column":34}},"17":{"start":{"line":19,"column":18},"end":{"line":19,"column":17}},"18":{"start":{"line":21,"column":4},"end":{"line":36,"column":19}},"19":{"start":{"line":24,"column":23},"end":{"line":24,"column":46}},"20":{"start":{"line":26,"column":8},"end":{"line":29,"column":35}},"21":{"start":{"line":27,"column":10},"end":{"line":27,"column":34}},"22":{"start":{"line":29,"column":10},"end":{"line":29,"column":34}},"23":{"start":{"line":32,"column":6},"end":{"line":35,"column":6}},"24":{"start":{"line":32,"column":10},"end":{"line":32,"column":21}},"25":{"start":{"line":34,"column":10},"end":{"line":34,"column":28}},"26":{"start":{"line":39,"column":4},"end":{"line":57,"column":4}},"27":{"start":{"line":40,"column":5},"end":{"line":40,"column":30}},"28":{"start":{"line":41,"column":6},"end":{"line":47,"column":6}},"29":{"start":{"line":42,"column":6},"end":{"line":47,"column":5}},"30":{"start":{"line":49,"column":5},"end":{"line":49,"column":34}},"31":{"start":{"line":50,"column":4},"end":{"line":56,"column":6}},"32":{"start":{"line":51,"column":6},"end":{"line":56,"column":5}},"33":{"start":{"line":60,"column":4},"end":{"line":74,"column":10}},"34":{"start":{"line":78,"column":15},"end":{"line":78,"column":23}},"35":{"start":{"line":78,"column":23},"end":{"line":null,"column":-1}}},"fnMap":{"0":{"name":"_getRequireWildcardCache","decl":{"start":{"line":9,"column":42},"end":{"line":null,"column":-1}},"loc":{"start":{"line":9,"column":42},"end":{"line":null,"column":-1}}},"1":{"name":"UserList","decl":{"start":{"line":11,"column":9},"end":{"line":11,"column":17}},"loc":{"start":{"line":11,"column":24},"end":{"line":76,"column":0}}},"2":{"name":"(anonymous_4)","decl":{"start":{"line":21,"column":14},"end":{"line":21,"column":19}},"loc":{"start":{"line":21,"column":20},"end":{"line":36,"column":5}}},"3":{"name":"fetchData","decl":{"start":{"line":22,"column":21},"end":{"line":22,"column":30}},"loc":{"start":{"line":22,"column":33},"end":{"line":30,"column":6}}},"4":{"name":"(anonymous_6)","decl":{"start":{"line":41,"column":42},"end":{"line":41,"column":43}},"loc":{"start":{"line":42,"column":6},"end":{"line":47,"column":5}}},"5":{"name":"(anonymous_7)","decl":{"start":{"line":50,"column":41},"end":{"line":50,"column":42}},"loc":{"start":{"line":51,"column":6},"end":{"line":56,"column":5}}}},"branchMap":{"0":{"loc":{"start":{"line":9,"column":42},"end":{"line":null,"column":-1}},"type":"if","locations":[{"start":{"line":9,"column":42},"end":{"line":null,"column":-1}},{"start":{"line":9,"column":42},"end":{"line":null,"column":-1}}]},"1":{"loc":{"start":{"line":9,"column":42},"end":{"line":null,"column":-1}},"type":"binary-expr","locations":[{"start":{"line":9,"column":42},"end":{"line":null,"column":-1}},{"start":{"line":9,"column":42},"end":{"line":null,"column":-1}},{"start":{"line":9,"column":42},"end":{"line":null,"column":-1}}]},"2":{"loc":{"start":{"line":26,"column":8},"end":{"line":29,"column":35}},"type":"if","locations":[{"start":{"line":26,"column":8},"end":{"line":29,"column":35}},{"start":{"line":26,"column":8},"end":{"line":29,"column":35}}]},"3":{"loc":{"start":{"line":39,"column":4},"end":{"line":57,"column":4}},"type":"if","locations":[{"start":{"line":39,"column":4},"end":{"line":57,"column":4}},{"start":{"line":39,"column":4},"end":{"line":57,"column":4}}]}},"s":{"0":0,"1":0,"2":0,"3":0,"4":0,"5":0,"6":0,"7":0,"8":0,"9":0,"10":0,"11":0,"12":0,"13":0,"14":0,"15":0,"16":0,"17":0,"18":0,"19":0,"20":0,"21":0,"22":0,"23":0,"24":0,"25":0,"26":0,"27":0,"28":0,"29":0,"30":0,"31":0,"32":0,"33":0,"34":0,"35":0},"f":{"0":0,"1":0,"2":0,"3":0,"4":0,"5":0},"b":{"0":[0,0],"1":[0,0,0],"2":[0,0],"3":[0,0]}}
,"/Users/yaoqideng_1/5570/project---design-hw1-team_offersoverflow/bestapp666/client/src/pages/FeedPage/FeedPage.js": {"path":"/Users/yaoqideng_1/5570/project---design-hw1-team_offersoverflow/bestapp666/client/src/pages/FeedPage/FeedPage.js","statementMap":{"0":{"start":{"line":1,"column":0},"end":{"line":null,"column":-1}},"1":{"start":{"line":2,"column":0},"end":{"line":null,"column":-1}},"2":{"start":{"line":3,"column":0},"end":{"line":null,"column":-1}},"3":{"start":{"line":4,"column":0},"end":{"line":null,"column":-1}},"4":{"start":{"line":5,"column":0},"end":{"line":null,"column":-1}},"5":{"start":{"line":6,"column":0},"end":{"line":null,"column":-1}},"6":{"start":{"line":7,"column":0},"end":{"line":null,"column":-1}},"7":{"start":{"line":8,"column":0},"end":{"line":null,"column":-1}},"8":{"start":{"line":9,"column":0},"end":{"line":null,"column":-1}},"9":{"start":{"line":10,"column":0},"end":{"line":null,"column":-1}},"10":{"start":{"line":11,"column":0},"end":{"line":null,"column":-1}},"11":{"start":{"line":12,"column":0},"end":{"line":null,"column":-1}},"12":{"start":{"line":13,"column":0},"end":{"line":null,"column":-1}},"13":{"start":{"line":14,"column":0},"end":{"line":null,"column":-1}},"14":{"start":{"line":15,"column":0},"end":{"line":null,"column":-1}},"15":{"start":{"line":16,"column":0},"end":{"line":null,"column":-1}},"16":{"start":{"line":16,"column":38},"end":{"line":null,"column":-1}},"17":{"start":{"line":21,"column":19},"end":{"line":21,"column":25}},"18":{"start":{"line":22,"column":4},"end":{"line":61,"column":15}},"19":{"start":{"line":69,"column":29},"end":{"line":69,"column":59}},"20":{"start":{"line":70,"column":30},"end":{"line":70,"column":57}},"21":{"start":{"line":71,"column":47},"end":{"line":71,"column":59}},"22":{"start":{"line":71,"column":59},"end":{"line":null,"column":-1}},"23":{"start":{"line":71,"column":28},"end":{"line":null,"column":-1}},"24":{"start":{"line":71,"column":43},"end":{"line":null,"column":-1}},"25":{"start":{"line":73,"column":4},"end":{"line":91,"column":11}},"26":{"start":{"line":75,"column":28},"end":{"line":75,"column":69}},"27":{"start":{"line":77,"column":36},"end":{"line":79,"column":12}},"28":{"start":{"line":78,"column":12},"end":{"line":78,"column":42}},"29":{"start":{"line":81,"column":8},"end":{"line":81,"column":40}},"30":{"start":{"line":82,"column":8},"end":{"line":82,"column":42}},"31":{"start":{"line":84,"column":6},"end":{"line":89,"column":6}},"32":{"start":{"line":85,"column":8},"end":{"line":85,"column":19}},"33":{"start":{"line":88,"column":10},"end":{"line":88,"column":28}},"34":{"start":{"line":93,"column":22},"end":{"line":97,"column":5}},"35":{"start":{"line":99,"column":22},"end":{"line":103,"column":5}},"36":{"start":{"line":105,"column":22},"end":{"line":109,"column":5}},"37":{"start":{"line":111,"column":22},"end":{"line":115,"column":5}},"38":{"start":{"line":117,"column":31},"end":{"line":123,"column":4}},"39":{"start":{"line":119,"column":23},"end":{"line":119,"column":74}},"40":{"start":{"line":119,"column":51},"end":{"line":119,"column":69}},"41":{"start":{"line":121,"column":4},"end":{"line":121,"column":32}},"42":{"start":{"line":122,"column":4},"end":{"line":122,"column":21}},"43":{"start":{"line":125,"column":15},"end":{"line":127,"column":4}},"44":{"start":{"line":126,"column":4},"end":{"line":127,"column":3}},"45":{"start":{"line":129,"column":2},"end":{"line":137,"column":10}},"46":{"start":{"line":142,"column":13},"end":{"line":142,"column":114}},"47":{"start":{"line":143,"column":13},"end":{"line":143,"column":86}},"48":{"start":{"line":144,"column":13},"end":{"line":144,"column":156}},"49":{"start":{"line":145,"column":15},"end":{"line":145,"column":170}}},"fnMap":{"0":{"name":"_getRequireWildcardCache","decl":{"start":{"line":16,"column":38},"end":{"line":null,"column":-1}},"loc":{"start":{"line":16,"column":38},"end":{"line":null,"column":-1}}},"1":{"name":"Card_customed","decl":{"start":{"line":19,"column":9},"end":{"line":19,"column":22}},"loc":{"start":{"line":19,"column":29},"end":{"line":63,"column":0}}},"2":{"name":"FeedPage","decl":{"start":{"line":67,"column":24},"end":{"line":67,"column":32}},"loc":{"start":{"line":67,"column":35},"end":{"line":139,"column":0}}},"3":{"name":"(anonymous_5)","decl":{"start":{"line":73,"column":14},"end":{"line":73,"column":19}},"loc":{"start":{"line":73,"column":20},"end":{"line":91,"column":5}}},"4":{"name":"fetchData","decl":{"start":{"line":74,"column":21},"end":{"line":74,"column":30}},"loc":{"start":{"line":74,"column":33},"end":{"line":83,"column":6}}},"5":{"name":"(anonymous_7)","decl":{"start":{"line":77,"column":56},"end":{"line":77,"column":61}},"loc":{"start":{"line":77,"column":65},"end":{"line":79,"column":11}}},"6":{"name":"(anonymous_8)","decl":{"start":{"line":117,"column":54},"end":{"line":117,"column":55}},"loc":{"start":{"line":117,"column":58},"end":{"line":123,"column":3}}},"7":{"name":"(anonymous_9)","decl":{"start":{"line":119,"column":36},"end":{"line":119,"column":44}},"loc":{"start":{"line":119,"column":50},"end":{"line":119,"column":70}}},"8":{"name":"(anonymous_10)","decl":{"start":{"line":125,"column":117},"end":{"line":125,"column":118}},"loc":{"start":{"line":126,"column":4},"end":{"line":127,"column":3}}}},"branchMap":{"0":{"loc":{"start":{"line":16,"column":38},"end":{"line":null,"column":-1}},"type":"if","locations":[{"start":{"line":16,"column":38},"end":{"line":null,"column":-1}},{"start":{"line":16,"column":38},"end":{"line":null,"column":-1}}]},"1":{"loc":{"start":{"line":16,"column":38},"end":{"line":null,"column":-1}},"type":"binary-expr","locations":[{"start":{"line":16,"column":38},"end":{"line":null,"column":-1}},{"start":{"line":16,"column":38},"end":{"line":null,"column":-1}},{"start":{"line":16,"column":38},"end":{"line":null,"column":-1}}]},"2":{"loc":{"start":{"line":125,"column":47},"end":{"line":125,"column":89}},"type":"cond-expr","locations":[{"start":{"line":125,"column":47},"end":{"line":125,"column":89}},{"start":{"line":125,"column":90},"end":{"line":125,"column":110}}]}},"s":{"0":0,"1":0,"2":0,"3":0,"4":0,"5":0,"6":0,"7":0,"8":0,"9":0,"10":0,"11":0,"12":0,"13":0,"14":0,"15":0,"16":0,"17":0,"18":0,"19":0,"20":0,"21":0,"22":0,"23":0,"24":0,"25":0,"26":0,"27":0,"28":0,"29":0,"30":0,"31":0,"32":0,"33":0,"34":0,"35":0,"36":0,"37":0,"38":0,"39":0,"40":0,"41":0,"42":0,"43":0,"44":0,"45":0,"46":0,"47":0,"48":0,"49":0},"f":{"0":0,"1":0,"2":0,"3":0,"4":0,"5":0,"6":0,"7":0,"8":0},"b":{"0":[0,0],"1":[0,0,0],"2":[0,0]}}
,"/Users/yaoqideng_1/5570/project---design-hw1-team_offersoverflow/bestapp666/client/src/pages/LoginPage/LoginPage.js": {"path":"/Users/yaoqideng_1/5570/project---design-hw1-team_offersoverflow/bestapp666/client/src/pages/LoginPage/LoginPage.js","statementMap":{"0":{"start":{"line":1,"column":0},"end":{"line":null,"column":-1}},"1":{"start":{"line":2,"column":0},"end":{"line":null,"column":-1}},"2":{"start":{"line":3,"column":0},"end":{"line":null,"column":-1}},"3":{"start":{"line":4,"column":0},"end":{"line":null,"column":-1}},"4":{"start":{"line":5,"column":0},"end":{"line":null,"column":-1}},"5":{"start":{"line":6,"column":0},"end":{"line":null,"column":-1}},"6":{"start":{"line":7,"column":0},"end":{"line":null,"column":-1}},"7":{"start":{"line":8,"column":0},"end":{"line":null,"column":-1}},"8":{"start":{"line":11,"column":0},"end":{"line":null,"column":-1}},"9":{"start":{"line":12,"column":0},"end":{"line":null,"column":-1}},"10":{"start":{"line":13,"column":0},"end":{"line":null,"column":-1}},"11":{"start":{"line":13,"column":90},"end":{"line":null,"column":-1}},"12":{"start":{"line":19,"column":27},"end":{"line":19,"column":57}},"13":{"start":{"line":20,"column":19},"end":{"line":20,"column":32}},"14":{"start":{"line":22,"column":31},"end":{"line":22,"column":71}},"15":{"start":{"line":22,"column":71},"end":{"line":null,"column":-1}},"16":{"start":{"line":22,"column":17},"end":{"line":null,"column":-1}},"17":{"start":{"line":22,"column":27},"end":{"line":null,"column":-1}},"18":{"start":{"line":24,"column":26},"end":{"line":37,"column":3}},"19":{"start":{"line":25,"column":4},"end":{"line":30,"column":4}},"20":{"start":{"line":26,"column":6},"end":{"line":29,"column":9}},"21":{"start":{"line":26,"column":27},"end":{"line":29,"column":7}},"22":{"start":{"line":31,"column":4},"end":{"line":36,"column":4}},"23":{"start":{"line":32,"column":6},"end":{"line":35,"column":9}},"24":{"start":{"line":32,"column":27},"end":{"line":35,"column":7}},"25":{"start":{"line":40,"column":22},"end":{"line":67,"column":3}},"26":{"start":{"line":41,"column":4},"end":{"line":41,"column":22}},"27":{"start":{"line":43,"column":23},"end":{"line":43,"column":55}},"28":{"start":{"line":46,"column":4},"end":{"line":48,"column":6}},"29":{"start":{"line":47,"column":6},"end":{"line":47,"column":20}},"30":{"start":{"line":50,"column":4},"end":{"line":65,"column":4}},"31":{"start":{"line":52,"column":6},"end":{"line":52,"column":118}},"32":{"start":{"line":58,"column":8},"end":{"line":58,"column":68}},"33":{"start":{"line":59,"column":8},"end":{"line":59,"column":36}},"34":{"start":{"line":61,"column":8},"end":{"line":61,"column":79}},"35":{"start":{"line":62,"column":8},"end":{"line":62,"column":86}},"36":{"start":{"line":63,"column":8},"end":{"line":63,"column":32}},"37":{"start":{"line":70,"column":2},"end":{"line":87,"column":9}},"38":{"start":{"line":95,"column":27},"end":{"line":95,"column":57}},"39":{"start":{"line":96,"column":37},"end":{"line":96,"column":52}},"40":{"start":{"line":96,"column":52},"end":{"line":null,"column":-1}},"41":{"start":{"line":96,"column":22},"end":{"line":null,"column":-1}},"42":{"start":{"line":96,"column":33},"end":{"line":null,"column":-1}},"43":{"start":{"line":98,"column":2},"end":{"line":121,"column":2}},"44":{"start":{"line":99,"column":4},"end":{"line":117,"column":12}},"45":{"start":{"line":120,"column":4},"end":{"line":120,"column":44}},"46":{"start":{"line":124,"column":15},"end":{"line":124,"column":24}},"47":{"start":{"line":124,"column":24},"end":{"line":null,"column":-1}}},"fnMap":{"0":{"name":"_getRequireWildcardCache","decl":{"start":{"line":13,"column":90},"end":{"line":null,"column":-1}},"loc":{"start":{"line":13,"column":90},"end":{"line":null,"column":-1}}},"1":{"name":"LoginForm","decl":{"start":{"line":17,"column":9},"end":{"line":17,"column":18}},"loc":{"start":{"line":17,"column":25},"end":{"line":89,"column":0}}},"2":{"name":"(anonymous_4)","decl":{"start":{"line":24,"column":26},"end":{"line":24,"column":27}},"loc":{"start":{"line":24,"column":32},"end":{"line":37,"column":3}}},"3":{"name":"(anonymous_5)","decl":{"start":{"line":26,"column":16},"end":{"line":26,"column":20}},"loc":{"start":{"line":26,"column":27},"end":{"line":29,"column":7}}},"4":{"name":"(anonymous_6)","decl":{"start":{"line":32,"column":16},"end":{"line":32,"column":20}},"loc":{"start":{"line":32,"column":27},"end":{"line":35,"column":7}}},"5":{"name":"(anonymous_7)","decl":{"start":{"line":40,"column":22},"end":{"line":40,"column":28}},"loc":{"start":{"line":40,"column":35},"end":{"line":67,"column":3}}},"6":{"name":"(anonymous_8)","decl":{"start":{"line":46,"column":23},"end":{"line":46,"column":29}},"loc":{"start":{"line":46,"column":34},"end":{"line":48,"column":5}}},"7":{"name":"LoginPage","decl":{"start":{"line":94,"column":9},"end":{"line":94,"column":18}},"loc":{"start":{"line":94,"column":21},"end":{"line":123,"column":0}}}},"branchMap":{"0":{"loc":{"start":{"line":13,"column":90},"end":{"line":null,"column":-1}},"type":"if","locations":[{"start":{"line":13,"column":90},"end":{"line":null,"column":-1}},{"start":{"line":13,"column":90},"end":{"line":null,"column":-1}}]},"1":{"loc":{"start":{"line":13,"column":90},"end":{"line":null,"column":-1}},"type":"binary-expr","locations":[{"start":{"line":13,"column":90},"end":{"line":null,"column":-1}},{"start":{"line":13,"column":90},"end":{"line":null,"column":-1}},{"start":{"line":13,"column":90},"end":{"line":null,"column":-1}}]},"2":{"loc":{"start":{"line":25,"column":4},"end":{"line":30,"column":4}},"type":"if","locations":[{"start":{"line":25,"column":4},"end":{"line":30,"column":4}},{"start":{"line":25,"column":4},"end":{"line":30,"column":4}}]},"3":{"loc":{"start":{"line":31,"column":4},"end":{"line":36,"column":4}},"type":"if","locations":[{"start":{"line":31,"column":4},"end":{"line":36,"column":4}},{"start":{"line":31,"column":4},"end":{"line":36,"column":4}}]},"4":{"loc":{"start":{"line":50,"column":4},"end":{"line":65,"column":4}},"type":"if","locations":[{"start":{"line":50,"column":4},"end":{"line":65,"column":4}},{"start":{"line":50,"column":4},"end":{"line":65,"column":4}}]},"5":{"loc":{"start":{"line":98,"column":2},"end":{"line":121,"column":2}},"type":"if","locations":[{"start":{"line":98,"column":2},"end":{"line":121,"column":2}},{"start":{"line":98,"column":2},"end":{"line":121,"column":2}}]}},"s":{"0":0,"1":0,"2":0,"3":0,"4":0,"5":0,"6":0,"7":0,"8":0,"9":0,"10":0,"11":0,"12":0,"13":0,"14":0,"15":0,"16":0,"17":0,"18":0,"19":0,"20":0,"21":0,"22":0,"23":0,"24":0,"25":0,"26":0,"27":0,"28":0,"29":0,"30":0,"31":0,"32":0,"33":0,"34":0,"35":0,"36":0,"37":0,"38":0,"39":0,"40":0,"41":0,"42":0,"43":0,"44":0,"45":0,"46":0,"47":0},"f":{"0":0,"1":0,"2":0,"3":0,"4":0,"5":0,"6":0,"7":0},"b":{"0":[0,0],"1":[0,0,0],"2":[0,0],"3":[0,0],"4":[0,0],"5":[0,0]}}
,"/Users/yaoqideng_1/5570/project---design-hw1-team_offersoverflow/bestapp666/client/src/pages/UserPage/User.js": {"path":"/Users/yaoqideng_1/5570/project---design-hw1-team_offersoverflow/bestapp666/client/src/pages/UserPage/User.js","statementMap":{"0":{"start":{"line":1,"column":0},"end":{"line":null,"column":-1}},"1":{"start":{"line":2,"column":0},"end":{"line":null,"column":-1}},"2":{"start":{"line":3,"column":0},"end":{"line":null,"column":-1}},"3":{"start":{"line":4,"column":0},"end":{"line":null,"column":-1}},"4":{"start":{"line":5,"column":0},"end":{"line":null,"column":-1}},"5":{"start":{"line":6,"column":0},"end":{"line":null,"column":-1}},"6":{"start":{"line":7,"column":0},"end":{"line":null,"column":-1}},"7":{"start":{"line":8,"column":0},"end":{"line":null,"column":-1}},"8":{"start":{"line":9,"column":0},"end":{"line":null,"column":-1}},"9":{"start":{"line":10,"column":0},"end":{"line":null,"column":-1}},"10":{"start":{"line":11,"column":0},"end":{"line":null,"column":-1}},"11":{"start":{"line":13,"column":0},"end":{"line":null,"column":-1}},"12":{"start":{"line":14,"column":0},"end":{"line":null,"column":-1}},"13":{"start":{"line":15,"column":0},"end":{"line":null,"column":-1}},"14":{"start":{"line":16,"column":0},"end":{"line":null,"column":-1}},"15":{"start":{"line":16,"column":56},"end":{"line":null,"column":-1}},"16":{"start":{"line":20,"column":4},"end":{"line":28,"column":15}},"17":{"start":{"line":35,"column":29},"end":{"line":35,"column":59}},"18":{"start":{"line":38,"column":36},"end":{"line":38,"column":62}},"19":{"start":{"line":38,"column":62},"end":{"line":null,"column":-1}},"20":{"start":{"line":38,"column":19},"end":{"line":null,"column":-1}},"21":{"start":{"line":38,"column":32},"end":{"line":null,"column":-1}},"22":{"start":{"line":40,"column":32},"end":{"line":40,"column":43}},"23":{"start":{"line":40,"column":43},"end":{"line":null,"column":-1}},"24":{"start":{"line":40,"column":17},"end":{"line":null,"column":-1}},"25":{"start":{"line":40,"column":28},"end":{"line":null,"column":-1}},"26":{"start":{"line":41,"column":34},"end":{"line":41,"column":48}},"27":{"start":{"line":41,"column":48},"end":{"line":null,"column":-1}},"28":{"start":{"line":41,"column":18},"end":{"line":null,"column":-1}},"29":{"start":{"line":41,"column":30},"end":{"line":null,"column":-1}},"30":{"start":{"line":42,"column":28},"end":{"line":42,"column":46}},"31":{"start":{"line":42,"column":46},"end":{"line":null,"column":-1}},"32":{"start":{"line":42,"column":15},"end":{"line":null,"column":-1}},"33":{"start":{"line":42,"column":24},"end":{"line":null,"column":-1}},"34":{"start":{"line":43,"column":42},"end":{"line":43,"column":56}},"35":{"start":{"line":43,"column":56},"end":{"line":null,"column":-1}},"36":{"start":{"line":43,"column":22},"end":{"line":null,"column":-1}},"37":{"start":{"line":43,"column":38},"end":{"line":null,"column":-1}},"38":{"start":{"line":44,"column":23},"end":{"line":44,"column":34}},"39":{"start":{"line":44,"column":18},"end":{"line":44,"column":17}},"40":{"start":{"line":46,"column":4},"end":{"line":72,"column":19}},"41":{"start":{"line":49,"column":21},"end":{"line":49,"column":44}},"42":{"start":{"line":51,"column":8},"end":{"line":55,"column":8}},"43":{"start":{"line":52,"column":10},"end":{"line":52,"column":34}},"44":{"start":{"line":54,"column":10},"end":{"line":54,"column":32}},"45":{"start":{"line":57,"column":6},"end":{"line":59,"column":27}},"46":{"start":{"line":57,"column":10},"end":{"line":57,"column":21}},"47":{"start":{"line":59,"column":8},"end":{"line":59,"column":26}},"48":{"start":{"line":61,"column":8},"end":{"line":71,"column":8}},"49":{"start":{"line":62,"column":10},"end":{"line":62,"column":30}},"50":{"start":{"line":63,"column":10},"end":{"line":63,"column":27}},"51":{"start":{"line":64,"column":10},"end":{"line":64,"column":22}},"52":{"start":{"line":65,"column":10},"end":{"line":65,"column":30}},"53":{"start":{"line":67,"column":10},"end":{"line":67,"column":27}},"54":{"start":{"line":68,"column":10},"end":{"line":68,"column":26}},"55":{"start":{"line":69,"column":10},"end":{"line":69,"column":22}},"56":{"start":{"line":70,"column":10},"end":{"line":70,"column":31}},"57":{"start":{"line":74,"column":19},"end":{"line":76,"column":6}},"58":{"start":{"line":75,"column":6},"end":{"line":76,"column":5}},"59":{"start":{"line":81,"column":8},"end":{"line":81,"column":43}},"60":{"start":{"line":82,"column":8},"end":{"line":98,"column":8}},"61":{"start":{"line":83,"column":10},"end":{"line":83,"column":30}},"62":{"start":{"line":84,"column":10},"end":{"line":88,"column":10}},"63":{"start":{"line":85,"column":12},"end":{"line":85,"column":24}},"64":{"start":{"line":87,"column":12},"end":{"line":87,"column":24}},"65":{"start":{"line":89,"column":10},"end":{"line":89,"column":57}},"66":{"start":{"line":91,"column":10},"end":{"line":91,"column":27}},"67":{"start":{"line":92,"column":10},"end":{"line":96,"column":10}},"68":{"start":{"line":93,"column":12},"end":{"line":93,"column":25}},"69":{"start":{"line":95,"column":12},"end":{"line":95,"column":24}},"70":{"start":{"line":97,"column":10},"end":{"line":97,"column":59}},"71":{"start":{"line":101,"column":6},"end":{"line":122,"column":6}},"72":{"start":{"line":102,"column":8},"end":{"line":107,"column":20}},"73":{"start":{"line":109,"column":12},"end":{"line":122,"column":6}},"74":{"start":{"line":110,"column":10},"end":{"line":120,"column":27}},"75":{"start":{"line":126,"column":2},"end":{"line":166,"column":10}}},"fnMap":{"0":{"name":"_getRequireWildcardCache","decl":{"start":{"line":16,"column":56},"end":{"line":null,"column":-1}},"loc":{"start":{"line":16,"column":56},"end":{"line":null,"column":-1}}},"1":{"name":"Card_customed","decl":{"start":{"line":18,"column":9},"end":{"line":18,"column":22}},"loc":{"start":{"line":18,"column":29},"end":{"line":30,"column":0}}},"2":{"name":"UserPage","decl":{"start":{"line":32,"column":24},"end":{"line":32,"column":32}},"loc":{"start":{"line":32,"column":35},"end":{"line":168,"column":0}}},"3":{"name":"(anonymous_5)","decl":{"start":{"line":46,"column":14},"end":{"line":46,"column":19}},"loc":{"start":{"line":46,"column":20},"end":{"line":72,"column":5}}},"4":{"name":"fetchData","decl":{"start":{"line":47,"column":21},"end":{"line":47,"column":30}},"loc":{"start":{"line":47,"column":33},"end":{"line":56,"column":6}}},"5":{"name":"(anonymous_7)","decl":{"start":{"line":74,"column":108},"end":{"line":74,"column":109}},"loc":{"start":{"line":75,"column":6},"end":{"line":76,"column":5}}},"6":{"name":"ActionButton","decl":{"start":{"line":78,"column":13},"end":{"line":78,"column":25}},"loc":{"start":{"line":78,"column":27},"end":{"line":123,"column":4}}},"7":{"name":"handleFollow","decl":{"start":{"line":80,"column":15},"end":{"line":80,"column":27}},"loc":{"start":{"line":80,"column":31},"end":{"line":99,"column":6}}}},"branchMap":{"0":{"loc":{"start":{"line":16,"column":56},"end":{"line":null,"column":-1}},"type":"if","locations":[{"start":{"line":16,"column":56},"end":{"line":null,"column":-1}},{"start":{"line":16,"column":56},"end":{"line":null,"column":-1}}]},"1":{"loc":{"start":{"line":16,"column":56},"end":{"line":null,"column":-1}},"type":"binary-expr","locations":[{"start":{"line":16,"column":56},"end":{"line":null,"column":-1}},{"start":{"line":16,"column":56},"end":{"line":null,"column":-1}},{"start":{"line":16,"column":56},"end":{"line":null,"column":-1}}]},"2":{"loc":{"start":{"line":51,"column":8},"end":{"line":55,"column":8}},"type":"if","locations":[{"start":{"line":51,"column":8},"end":{"line":55,"column":8}},{"start":{"line":51,"column":8},"end":{"line":55,"column":8}}]},"3":{"loc":{"start":{"line":61,"column":8},"end":{"line":71,"column":8}},"type":"if","locations":[{"start":{"line":61,"column":8},"end":{"line":71,"column":8}},{"start":{"line":61,"column":8},"end":{"line":71,"column":8}}]},"4":{"loc":{"start":{"line":74,"column":45},"end":{"line":74,"column":85}},"type":"cond-expr","locations":[{"start":{"line":74,"column":45},"end":{"line":74,"column":85}},{"start":{"line":74,"column":87},"end":{"line":74,"column":101}}]},"5":{"loc":{"start":{"line":82,"column":8},"end":{"line":98,"column":8}},"type":"if","locations":[{"start":{"line":82,"column":8},"end":{"line":98,"column":8}},{"start":{"line":82,"column":8},"end":{"line":98,"column":8}}]},"6":{"loc":{"start":{"line":84,"column":10},"end":{"line":88,"column":10}},"type":"if","locations":[{"start":{"line":84,"column":10},"end":{"line":88,"column":10}},{"start":{"line":84,"column":10},"end":{"line":88,"column":10}}]},"7":{"loc":{"start":{"line":92,"column":10},"end":{"line":96,"column":10}},"type":"if","locations":[{"start":{"line":92,"column":10},"end":{"line":96,"column":10}},{"start":{"line":92,"column":10},"end":{"line":96,"column":10}}]},"8":{"loc":{"start":{"line":101,"column":6},"end":{"line":122,"column":6}},"type":"if","locations":[{"start":{"line":101,"column":6},"end":{"line":122,"column":6}},{"start":{"line":101,"column":6},"end":{"line":122,"column":6}}]},"9":{"loc":{"start":{"line":109,"column":12},"end":{"line":122,"column":6}},"type":"if","locations":[{"start":{"line":109,"column":12},"end":{"line":122,"column":6}},{"start":{"line":109,"column":12},"end":{"line":122,"column":6}}]}},"s":{"0":0,"1":0,"2":0,"3":0,"4":0,"5":0,"6":0,"7":0,"8":0,"9":0,"10":0,"11":0,"12":0,"13":0,"14":0,"15":0,"16":0,"17":0,"18":0,"19":0,"20":0,"21":0,"22":0,"23":0,"24":0,"25":0,"26":0,"27":0,"28":0,"29":0,"30":0,"31":0,"32":0,"33":0,"34":0,"35":0,"36":0,"37":0,"38":0,"39":0,"40":0,"41":0,"42":0,"43":0,"44":0,"45":0,"46":0,"47":0,"48":0,"49":0,"50":0,"51":0,"52":0,"53":0,"54":0,"55":0,"56":0,"57":0,"58":0,"59":0,"60":0,"61":0,"62":0,"63":0,"64":0,"65":0,"66":0,"67":0,"68":0,"69":0,"70":0,"71":0,"72":0,"73":0,"74":0,"75":0},"f":{"0":0,"1":0,"2":0,"3":0,"4":0,"5":0,"6":0,"7":0},"b":{"0":[0,0],"1":[0,0,0],"2":[0,0],"3":[0,0],"4":[0,0],"5":[0,0],"6":[0,0],"7":[0,0],"8":[0,0],"9":[0,0]}}
,"/Users/yaoqideng_1/5570/project---design-hw1-team_offersoverflow/bestapp666/client/src/pages/UserPage/currentUserSlice.js": {"path":"/Users/yaoqideng_1/5570/project---design-hw1-team_offersoverflow/bestapp666/client/src/pages/UserPage/currentUserSlice.js","statementMap":{"0":{"start":{"line":1,"column":0},"end":{"line":null,"column":-1}},"1":{"start":{"line":3,"column":32},"end":{"line":34,"column":2}},"2":{"start":{"line":20,"column":6},"end":{"line":20,"column":27}},"3":{"start":{"line":23,"column":6},"end":{"line":31,"column":7}},"4":{"start":{"line":34,"column":2},"end":{"line":null,"column":-1}},"5":{"start":{"line":36,"column":46},"end":{"line":36,"column":70}},"6":{"start":{"line":36,"column":27},"end":{"line":36,"column":26}},"7":{"start":{"line":36,"column":41},"end":{"line":36,"column":40}},"8":{"start":{"line":40,"column":0},"end":{"line":null,"column":-1}},"9":{"start":{"line":41,"column":34},"end":{"line":41,"column":61}},"10":{"start":{"line":41,"column":44},"end":{"line":41,"column":61}},"11":{"start":{"line":41,"column":61},"end":{"line":null,"column":-1}},"12":{"start":{"line":43,"column":15},"end":{"line":43,"column":39}},"13":{"start":{"line":43,"column":39},"end":{"line":null,"column":-1}}},"fnMap":{"0":{"name":"(anonymous_0)","decl":{"start":{"line":15,"column":18},"end":{"line":15,"column":19}},"loc":{"start":{"line":15,"column":37},"end":{"line":21,"column":5}}},"1":{"name":"(anonymous_1)","decl":{"start":{"line":22,"column":18},"end":{"line":22,"column":22}},"loc":{"start":{"line":22,"column":27},"end":{"line":32,"column":4}}},"2":{"name":"(anonymous_2)","decl":{"start":{"line":41,"column":34},"end":{"line":41,"column":38}},"loc":{"start":{"line":41,"column":44},"end":{"line":41,"column":61}}}},"branchMap":{},"s":{"0":0,"1":0,"2":0,"3":0,"4":0,"5":0,"6":0,"7":0,"8":0,"9":0,"10":0,"11":0,"12":0,"13":0},"f":{"0":0,"1":0,"2":0},"b":{}}
,"/Users/yaoqideng_1/5570/project---design-hw1-team_offersoverflow/bestapp666/client/src/pages/UserPage/otherUserSlice.js": {"path":"/Users/yaoqideng_1/5570/project---design-hw1-team_offersoverflow/bestapp666/client/src/pages/UserPage/otherUserSlice.js","statementMap":{"0":{"start":{"line":1,"column":0},"end":{"line":null,"column":-1}},"1":{"start":{"line":3,"column":30},"end":{"line":18,"column":4}},"2":{"start":{"line":15,"column":8},"end":{"line":15,"column":29}},"3":{"start":{"line":18,"column":4},"end":{"line":null,"column":-1}},"4":{"start":{"line":20,"column":32},"end":{"line":20,"column":27}},"5":{"start":{"line":20,"column":27},"end":{"line":null,"column":-1}},"6":{"start":{"line":21,"column":34},"end":{"line":21,"column":59}},"7":{"start":{"line":21,"column":44},"end":{"line":21,"column":59}},"8":{"start":{"line":21,"column":59},"end":{"line":null,"column":-1}},"9":{"start":{"line":23,"column":17},"end":{"line":23,"column":39}},"10":{"start":{"line":23,"column":39},"end":{"line":null,"column":-1}}},"fnMap":{"0":{"name":"(anonymous_0)","decl":{"start":{"line":14,"column":18},"end":{"line":14,"column":19}},"loc":{"start":{"line":14,"column":37},"end":{"line":16,"column":6}}},"1":{"name":"(anonymous_1)","decl":{"start":{"line":21,"column":34},"end":{"line":21,"column":38}},"loc":{"start":{"line":21,"column":44},"end":{"line":21,"column":59}}}},"branchMap":{},"s":{"0":0,"1":0,"2":0,"3":0,"4":0,"5":0,"6":0,"7":0,"8":0,"9":0,"10":0},"f":{"0":0,"1":0},"b":{}}
}
