TN:
SF:cssStub.js
FNF:0
FNH:0
DA:1,9
LF:1
LH:1
BRF:0
BRH:0
end_of_record
TN:
SF:jest.config.js
FNF:0
FNH:0
DA:1,1
LF:1
LH:1
BRF:0
BRH:0
end_of_record
TN:
SF:src/components/Footer.js
FN:4,Footer
FNF:1
FNH:1
FNDA:30,Footer
DA:5,30
LF:1
LH:1
BRF:0
BRH:0
end_of_record
TN:
SF:src/components/NavBar.js
FN:9,NavBar
FNF:1
FNH:1
FNDA:1,NavBar
DA:10,1
DA:11,1
LF:2
LH:2
BRF:0
BRH:0
end_of_record
TN:
SF:src/components/SearchBar.js
FN:9,SearchBar
FN:13,(anonymous_1)
FN:25,(anonymous_2)
FNF:3
FNH:3
FNDA:9,SearchBar
FNDA:1,(anonymous_1)
FNDA:5,(anonymous_2)
DA:10,9
DA:11,9
DA:13,9
DA:14,1
DA:15,1
DA:16,1
DA:18,9
DA:25,5
LF:8
LH:8
BRF:0
BRH:0
end_of_record
TN:
SF:src/pages/HomePage.js
FN:11,HomePage
FNF:1
FNH:1
FNDA:1,HomePage
DA:12,1
DA:13,1
DA:14,1
DA:15,1
LF:4
LH:4
BRF:0
BRH:0
end_of_record
TN:
SF:src/pages/Layout.js
FN:14,LoginLink
FN:18,(anonymous_1)
FN:31,Layout
FNF:3
FNH:2
FNDA:1,LoginLink
FNDA:0,(anonymous_1)
FNDA:2,Layout
DA:15,1
DA:16,1
DA:18,1
DA:19,0
DA:20,0
DA:23,1
DA:24,1
DA:26,0
DA:33,2
DA:34,1
DA:35,1
DA:37,1
LF:12
LH:9
BRDA:23,0,0,1
BRDA:23,0,1,0
BRF:2
BRH:1
end_of_record
TN:
SF:src/pages/NoPage.js
FN:4,NoPage
FNF:1
FNH:1
FNDA:1,NoPage
DA:5,1
LF:1
LH:1
BRF:0
BRH:0
end_of_record
TN:
SF:src/pages/RegisterPage.js
FN:11,RegisterPage
FN:15,handleChange
FN:21,(anonymous_2)
FN:23,(anonymous_3)
FN:25,(anonymous_4)
FN:29,addDefaultImgSrc
FN:37,(anonymous_6)
FN:39,(anonymous_7)
FN:46,(anonymous_8)
FN:53,(anonymous_9)
FN:61,(anonymous_10)
FNF:11
FNH:3
FNDA:4,RegisterPage
FNDA:0,handleChange
FNDA:0,(anonymous_2)
FNDA:0,(anonymous_3)
FNDA:0,(anonymous_4)
FNDA:0,addDefaultImgSrc
FNDA:7,(anonymous_6)
FNDA:0,(anonymous_7)
FNDA:0,(anonymous_8)
FNDA:0,(anonymous_9)
FNDA:1,(anonymous_10)
DA:12,4
DA:13,4
DA:16,0
DA:19,4
DA:21,4
DA:22,0
DA:23,0
DA:25,4
DA:26,0
DA:27,0
DA:30,0
DA:31,0
DA:36,4
DA:37,4
DA:38,7
DA:39,0
DA:45,7
DA:46,0
DA:52,7
DA:53,0
DA:61,4
DA:62,1
DA:65,1
DA:66,0
DA:68,1
DA:76,1
DA:77,1
DA:78,1
DA:80,0
DA:82,1
DA:83,1
DA:87,4
LF:32
LH:20
BRDA:22,0,0,0
BRDA:22,0,1,0
BRDA:38,1,0,0
BRDA:38,1,1,7
BRDA:45,2,0,0
BRDA:45,2,1,7
BRDA:52,3,0,0
BRDA:52,3,1,7
BRDA:65,4,0,0
BRDA:65,4,1,1
BRF:10
BRH:4
end_of_record
TN:
SF:src/pages/UploadPostPage.js
FN:13,UploadPostPage
FN:19,(anonymous_1)
FN:21,(anonymous_2)
FN:24,handleChange
FN:28,addDefaultImgSrc
FN:35,(anonymous_5)
FN:40,(anonymous_6)
FN:58,(anonymous_7)
FN:74,MediaPreview
FNF:9
FNH:6
FNDA:15,UploadPostPage
FNDA:5,(anonymous_1)
FNDA:5,(anonymous_2)
FNDA:0,handleChange
FNDA:0,addDefaultImgSrc
FNDA:7,(anonymous_5)
FNDA:1,(anonymous_6)
FNDA:0,(anonymous_7)
FNDA:15,MediaPreview
DA:14,15
DA:15,15
DA:16,15
DA:17,15
DA:19,15
DA:20,5
DA:21,5
DA:25,0
DA:29,0
DA:30,0
DA:33,15
DA:35,15
DA:36,7
DA:40,15
DA:41,1
DA:43,1
DA:44,1
DA:45,1
DA:48,0
DA:56,0
DA:58,0
DA:59,0
DA:61,0
DA:62,0
DA:63,0
DA:66,0
DA:68,0
DA:69,0
DA:75,15
DA:76,0
DA:84,15
DA:93,15
LF:32
LH:18
BRDA:20,0,0,5
BRDA:20,0,1,0
BRDA:43,1,0,1
BRDA:43,1,1,0
BRDA:58,2,0,0
BRDA:58,2,1,0
BRDA:75,3,0,0
BRDA:75,3,1,15
BRF:8
BRH:3
end_of_record
TN:
SF:src/pages/UserList.js
FN:11,UserList
FN:21,(anonymous_1)
FN:22,fetchData
FN:41,(anonymous_3)
FN:50,(anonymous_4)
FNF:5
FNH:5
FNDA:4,UserList
FNDA:2,(anonymous_1)
FNDA:2,fetchData
FNDA:4,(anonymous_3)
FNDA:8,(anonymous_4)
DA:12,4
DA:15,4
DA:18,3
DA:19,3
DA:21,3
DA:24,2
DA:26,0
DA:27,0
DA:29,0
DA:32,2
DA:34,0
DA:39,3
DA:40,1
DA:41,1
DA:42,4
DA:49,2
DA:50,2
DA:51,8
DA:60,3
LF:19
LH:15
BRDA:26,0,0,0
BRDA:26,0,1,0
BRDA:39,1,0,1
BRDA:39,1,1,2
BRF:4
BRH:2
end_of_record
TN:
SF:src/pages/FeedPage/FeedPage.js
FN:17,CardCustomed
FN:111,FeedPage
FN:117,(anonymous_2)
FN:118,fetchData
FN:121,(anonymous_4)
FN:161,(anonymous_5)
FN:163,(anonymous_6)
FN:169,(anonymous_7)
FNF:8
FNH:3
FNDA:5,CardCustomed
FNDA:2,FeedPage
FNDA:0,(anonymous_2)
FNDA:0,fetchData
FNDA:0,(anonymous_4)
FNDA:0,(anonymous_5)
FNDA:0,(anonymous_6)
FNDA:4,(anonymous_7)
DA:19,5
DA:20,0
DA:65,4
DA:113,2
DA:114,1
DA:115,1
DA:117,1
DA:119,0
DA:121,0
DA:122,0
DA:125,0
DA:126,0
DA:128,0
DA:129,0
DA:132,0
DA:137,1
DA:143,1
DA:149,1
DA:155,1
DA:161,1
DA:163,0
DA:165,0
DA:166,0
DA:169,1
DA:170,4
DA:173,1
DA:186,1
DA:187,1
DA:188,1
DA:189,1
LF:30
LH:18
BRDA:19,0,0,0
BRDA:19,0,1,4
BRDA:169,1,0,1
BRDA:169,1,1,0
BRF:4
BRH:2
end_of_record
TN:
SF:src/pages/LoginPage/LoginPage.js
FN:16,LoginForm
FN:23,(anonymous_1)
FN:25,(anonymous_2)
FN:31,(anonymous_3)
FN:39,(anonymous_4)
FN:45,(anonymous_5)
FN:96,LoginPage
FNF:7
FNH:7
FNDA:16,LoginForm
FNDA:13,(anonymous_1)
FNDA:5,(anonymous_2)
FNDA:8,(anonymous_3)
FNDA:1,(anonymous_4)
FNDA:1,(anonymous_5)
FNDA:4,LoginPage
DA:18,16
DA:19,16
DA:21,16
DA:23,16
DA:24,13
DA:25,5
DA:30,13
DA:31,8
DA:39,16
DA:40,1
DA:42,1
DA:45,1
DA:46,1
DA:49,1
DA:51,0
DA:53,1
DA:57,1
DA:58,1
DA:60,1
DA:61,1
DA:62,1
DA:64,0
DA:72,16
DA:97,4
DA:99,3
DA:100,2
DA:121,1
LF:27
LH:25
BRDA:24,0,0,5
BRDA:24,0,1,8
BRDA:30,1,0,8
BRDA:30,1,1,5
BRDA:49,2,0,0
BRDA:49,2,1,1
BRDA:53,3,0,1
BRDA:53,3,1,0
BRDA:99,4,0,2
BRDA:99,4,1,1
BRF:10
BRH:8
end_of_record
TN:
SF:src/pages/UserPage/User.js
FN:16,CardCustomed
FN:42,User
FN:56,(anonymous_2)
FN:57,fetchData
FN:83,(anonymous_4)
FN:87,ActionButton
FN:89,handleFollow
FNF:7
FNH:7
FNDA:18,CardCustomed
FNDA:6,User
FNDA:2,(anonymous_2)
FNDA:2,fetchData
FNDA:17,(anonymous_4)
FNDA:5,ActionButton
FNDA:1,handleFollow
DA:18,18
DA:43,6
DA:45,5
DA:48,5
DA:50,5
DA:51,5
DA:52,5
DA:53,5
DA:54,5
DA:56,5
DA:59,2
DA:61,1
DA:62,1
DA:64,0
DA:67,2
DA:69,0
DA:70,2
DA:71,0
DA:72,0
DA:73,0
DA:74,0
DA:76,2
DA:77,2
DA:78,2
DA:79,2
DA:83,5
DA:84,17
DA:90,1
DA:91,1
DA:92,1
DA:93,1
DA:94,1
DA:95,1
DA:96,0
DA:98,0
DA:99,0
DA:100,0
DA:101,0
DA:102,0
DA:106,5
DA:107,0
DA:114,5
DA:115,3
DA:128,2
DA:139,5
LF:45
LH:32
BRDA:61,0,0,1
BRDA:61,0,1,0
BRDA:70,1,0,0
BRDA:70,1,1,2
BRDA:83,2,0,2
BRDA:83,2,1,3
BRDA:91,3,0,1
BRDA:91,3,1,0
BRDA:93,4,0,0
BRDA:93,4,1,1
BRDA:99,5,0,0
BRDA:99,5,1,0
BRDA:106,6,0,0
BRDA:106,6,1,5
BRDA:114,7,0,3
BRDA:114,7,1,2
BRF:16
BRH:9
end_of_record
TN:
SF:src/pages/UserPage/currentUserSlice.js
FN:15,(anonymous_0)
FN:22,(anonymous_1)
FN:41,(anonymous_2)
FNF:3
FNH:2
FNDA:3,(anonymous_0)
FNDA:0,(anonymous_1)
FNDA:14,(anonymous_2)
DA:3,9
DA:20,3
DA:23,0
DA:36,9
DA:41,14
LF:5
LH:4
BRF:0
BRH:0
end_of_record
