TN:
SF:cssStub.js
FNF:0
FNH:0
DA:1,7
LF:1
LH:1
BRF:0
BRH:0
end_of_record
TN:
SF:src/Store/store.js
FNF:0
FNH:0
LF:0
LH:0
BRF:0
BRH:0
end_of_record
TN:
SF:src/api/mock_api.js
FN:10,(anonymous_0)
FN:26,(anonymous_1)
FN:31,(anonymous_2)
FN:45,(anonymous_3)
FN:49,(anonymous_4)
FN:54,(anonymous_5)
FN:67,(anonymous_6)
FN:79,(anonymous_7)
FN:94,(anonymous_8)
FN:113,(anonymous_9)
FN:119,(anonymous_10)
FN:120,(anonymous_11)
FNF:12
FNH:1
FNDA:0,(anonymous_0)
FNDA:1,(anonymous_1)
FNDA:0,(anonymous_2)
FNDA:0,(anonymous_3)
FNDA:0,(anonymous_4)
FNDA:0,(anonymous_5)
FNDA:0,(anonymous_6)
FNDA:0,(anonymous_7)
FNDA:0,(anonymous_8)
FNDA:0,(anonymous_9)
FNDA:0,(anonymous_10)
FNDA:0,(anonymous_11)
DA:7,4
DA:10,4
DA:11,0
DA:12,0
DA:13,0
DA:18,0
DA:26,4
DA:27,1
DA:28,1
DA:31,0
DA:32,0
DA:34,0
DA:35,0
DA:38,0
DA:45,4
DA:46,0
DA:47,0
DA:48,0
DA:49,0
DA:50,0
DA:51,0
DA:54,0
DA:56,0
DA:59,0
DA:67,4
DA:68,0
DA:69,0
DA:70,0
DA:71,0
DA:75,0
DA:79,4
DA:80,0
DA:81,0
DA:82,0
DA:83,0
DA:84,0
DA:85,0
DA:86,0
DA:90,0
DA:94,4
DA:95,0
DA:96,0
DA:97,0
DA:98,0
DA:99,0
DA:100,0
DA:101,0
DA:102,0
DA:103,0
DA:105,0
DA:106,0
DA:109,0
DA:113,4
DA:114,0
DA:115,0
DA:116,0
DA:117,0
DA:118,0
DA:119,0
DA:120,0
DA:121,0
DA:122,0
DA:124,0
DA:125,0
DA:128,0
LF:65
LH:10
BRDA:50,0,0,0
BRDA:50,0,1,0
BRF:2
BRH:0
end_of_record
TN:
SF:src/components/Footer.js
FN:4,Footer
FNF:1
FNH:1
FNDA:7,Footer
DA:5,7
LF:1
LH:1
BRF:0
BRH:0
end_of_record
TN:
SF:src/components/NavBar.js
FN:9,NavBar
FNF:1
FNH:1
FNDA:1,NavBar
DA:10,1
DA:11,1
LF:2
LH:2
BRF:0
BRH:0
end_of_record
TN:
SF:src/components/SearchBar.js
FN:9,SearchBar
FN:13,(anonymous_1)
FN:25,(anonymous_2)
FNF:3
FNH:1
FNDA:2,SearchBar
FNDA:0,(anonymous_1)
FNDA:0,(anonymous_2)
DA:10,2
DA:11,2
DA:13,2
DA:14,0
DA:15,0
DA:16,0
DA:18,2
DA:25,0
LF:8
LH:4
BRF:0
BRH:0
end_of_record
TN:
SF:src/pages/HomePage.js
FN:11,HomePage
FNF:1
FNH:1
FNDA:1,HomePage
DA:12,1
DA:13,1
DA:14,1
DA:15,1
LF:4
LH:4
BRF:0
BRH:0
end_of_record
TN:
SF:src/pages/Layout.js
FN:14,LoginLink
FN:18,(anonymous_1)
FN:31,Layout
FNF:3
FNH:2
FNDA:1,LoginLink
FNDA:0,(anonymous_1)
FNDA:2,Layout
DA:15,1
DA:16,1
DA:18,1
DA:19,0
DA:20,0
DA:23,1
DA:24,1
DA:26,0
DA:33,2
DA:34,1
DA:35,1
DA:37,1
LF:12
LH:9
BRDA:23,0,0,1
BRDA:23,0,1,0
BRF:2
BRH:1
end_of_record
TN:
SF:src/pages/NoPage.js
FN:4,NoPage
FNF:1
FNH:1
FNDA:1,NoPage
DA:5,1
LF:1
LH:1
BRF:0
BRH:0
end_of_record
TN:
SF:src/pages/RegisterPage.js
FN:11,RegisterPage
FN:15,handleChange
FN:21,(anonymous_2)
FN:23,(anonymous_3)
FN:25,(anonymous_4)
FN:29,addDefaultImgSrc
FN:37,(anonymous_6)
FN:39,(anonymous_7)
FN:46,(anonymous_8)
FN:53,(anonymous_9)
FN:61,(anonymous_10)
FNF:11
FNH:1
FNDA:2,RegisterPage
FNDA:0,handleChange
FNDA:0,(anonymous_2)
FNDA:0,(anonymous_3)
FNDA:0,(anonymous_4)
FNDA:0,addDefaultImgSrc
FNDA:0,(anonymous_6)
FNDA:0,(anonymous_7)
FNDA:0,(anonymous_8)
FNDA:0,(anonymous_9)
FNDA:0,(anonymous_10)
DA:12,2
DA:13,2
DA:16,0
DA:19,2
DA:21,2
DA:22,0
DA:23,0
DA:25,2
DA:26,0
DA:27,0
DA:30,0
DA:31,0
DA:36,2
DA:37,2
DA:38,0
DA:39,0
DA:45,0
DA:46,0
DA:52,0
DA:53,0
DA:61,2
DA:62,0
DA:65,0
DA:66,0
DA:68,0
DA:76,0
DA:77,0
DA:78,0
DA:80,0
DA:82,0
DA:83,0
DA:87,2
LF:32
LH:9
BRDA:22,0,0,0
BRDA:22,0,1,0
BRDA:38,1,0,0
BRDA:38,1,1,0
BRDA:45,2,0,0
BRDA:45,2,1,0
BRDA:52,3,0,0
BRDA:52,3,1,0
BRDA:65,4,0,0
BRDA:65,4,1,0
BRF:10
BRH:0
end_of_record
TN:
SF:src/pages/UploadPostPage.js
FN:13,UploadPostPage
FN:19,(anonymous_1)
FN:21,(anonymous_2)
FN:24,handleChange
FN:28,addDefaultImgSrc
FN:35,(anonymous_5)
FN:40,(anonymous_6)
FN:56,(anonymous_7)
FNF:8
FNH:1
FNDA:1,UploadPostPage
FNDA:0,(anonymous_1)
FNDA:0,(anonymous_2)
FNDA:0,handleChange
FNDA:0,addDefaultImgSrc
FNDA:0,(anonymous_5)
FNDA:0,(anonymous_6)
FNDA:0,(anonymous_7)
DA:14,1
DA:15,1
DA:16,1
DA:17,1
DA:19,1
DA:20,0
DA:21,0
DA:25,0
DA:29,0
DA:30,0
DA:33,1
DA:35,1
DA:36,0
DA:40,1
DA:41,0
DA:43,0
DA:44,0
DA:45,0
DA:48,0
DA:54,0
DA:56,0
DA:57,0
DA:59,0
DA:60,0
DA:61,0
DA:64,0
DA:66,0
DA:67,0
DA:72,1
LF:29
LH:9
BRDA:20,0,0,0
BRDA:20,0,1,0
BRDA:43,1,0,0
BRDA:43,1,1,0
BRDA:56,2,0,0
BRDA:56,2,1,0
BRF:6
BRH:0
end_of_record
TN:
SF:src/pages/LoginPage/LoginPage.js
FN:16,LoginForm
FN:23,(anonymous_1)
FN:25,(anonymous_2)
FN:31,(anonymous_3)
FN:39,(anonymous_4)
FN:45,(anonymous_5)
FN:96,LoginPage
FNF:7
FNH:2
FNDA:1,LoginForm
FNDA:0,(anonymous_1)
FNDA:0,(anonymous_2)
FNDA:0,(anonymous_3)
FNDA:0,(anonymous_4)
FNDA:0,(anonymous_5)
FNDA:2,LoginPage
DA:18,1
DA:19,1
DA:21,1
DA:23,1
DA:24,0
DA:25,0
DA:30,0
DA:31,0
DA:39,1
DA:40,0
DA:42,0
DA:45,0
DA:46,0
DA:49,0
DA:51,0
DA:53,0
DA:57,0
DA:58,0
DA:60,0
DA:61,0
DA:62,0
DA:64,0
DA:72,1
DA:97,2
DA:99,1
DA:100,1
DA:121,0
LF:27
LH:9
BRDA:24,0,0,0
BRDA:24,0,1,0
BRDA:30,1,0,0
BRDA:30,1,1,0
BRDA:49,2,0,0
BRDA:49,2,1,0
BRDA:53,3,0,0
BRDA:53,3,1,0
BRDA:99,4,0,1
BRDA:99,4,1,0
BRF:10
BRH:1
end_of_record
TN:
SF:src/pages/UserPage/User.js
FN:16,CardCustomed
FN:30,UserPage
FN:44,(anonymous_2)
FN:45,fetchData
FN:72,(anonymous_4)
FN:76,ActionButton
FN:78,handleFollow
FNF:7
FNH:6
FNDA:3,CardCustomed
FNDA:3,UserPage
FNDA:1,(anonymous_2)
FNDA:1,fetchData
FNDA:2,(anonymous_4)
FNDA:2,ActionButton
FNDA:0,handleFollow
DA:18,3
DA:31,3
DA:33,2
DA:36,2
DA:38,2
DA:39,2
DA:40,2
DA:41,2
DA:42,2
DA:44,2
DA:47,1
DA:49,0
DA:50,0
DA:52,0
DA:55,1
DA:57,0
DA:59,1
DA:60,0
DA:61,0
DA:62,0
DA:63,0
DA:65,1
DA:66,1
DA:67,1
DA:68,1
DA:72,2
DA:73,2
DA:79,0
DA:80,0
DA:81,0
DA:82,0
DA:83,0
DA:85,0
DA:87,0
DA:88,0
DA:89,0
DA:90,0
DA:92,0
DA:93,0
DA:94,0
DA:96,0
DA:98,0
DA:99,0
DA:103,2
DA:104,0
DA:111,2
DA:112,0
DA:128,2
LF:48
LH:22
BRDA:49,0,0,0
BRDA:49,0,1,0
BRDA:59,1,0,0
BRDA:59,1,1,1
BRDA:72,2,0,2
BRDA:72,2,1,0
BRDA:80,3,0,0
BRDA:80,3,1,0
BRDA:82,4,0,0
BRDA:82,4,1,0
BRDA:93,5,0,0
BRDA:93,5,1,0
BRDA:103,6,0,0
BRDA:103,6,1,2
BRDA:111,7,0,0
BRDA:111,7,1,2
BRF:16
BRH:4
end_of_record
TN:
SF:src/pages/UserPage/currentUserSlice.js
FN:15,(anonymous_0)
FN:22,(anonymous_1)
FN:41,(anonymous_2)
FNF:3
FNH:1
FNDA:0,(anonymous_0)
FNDA:0,(anonymous_1)
FNDA:6,(anonymous_2)
DA:3,7
DA:20,0
DA:23,0
DA:36,7
DA:41,7
LF:5
LH:3
BRF:0
BRH:0
end_of_record
