{"/Users/zanemaomac/Desktop/CIS5570/project/project--team_offersoverflow/dbFunctions.js": {"path":"/Users/zanemaomac/Desktop/CIS5570/project/project--team_offersoverflow/dbFunctions.js","statementMap":{"0":{"start":{"line":1,"column":52},"end":{"line":1,"column":70}},"1":{"start":{"line":5,"column":16},"end":{"line":18,"column":1}},"2":{"start":{"line":7,"column":2},"end":{"line":17,"column":3}},"3":{"start":{"line":8,"column":4},"end":{"line":11,"column":12}},"4":{"start":{"line":13,"column":4},"end":{"line":13,"column":56}},"5":{"start":{"line":14,"column":4},"end":{"line":14,"column":15}},"6":{"start":{"line":16,"column":4},"end":{"line":16,"column":29}},"7":{"start":{"line":20,"column":17},"end":{"line":29,"column":1}},"8":{"start":{"line":21,"column":2},"end":{"line":28,"column":3}},"9":{"start":{"line":22,"column":19},"end":{"line":22,"column":66}},"10":{"start":{"line":24,"column":4},"end":{"line":24,"column":18}},"11":{"start":{"line":27,"column":4},"end":{"line":27,"column":23}},"12":{"start":{"line":31,"column":16},"end":{"line":40,"column":1}},"13":{"start":{"line":32,"column":2},"end":{"line":39,"column":3}},"14":{"start":{"line":33,"column":19},"end":{"line":33,"column":81}},"15":{"start":{"line":34,"column":4},"end":{"line":34,"column":52}},"16":{"start":{"line":35,"column":4},"end":{"line":35,"column":18}},"17":{"start":{"line":38,"column":4},"end":{"line":38,"column":23}},"18":{"start":{"line":42,"column":23},"end":{"line":57,"column":1}},"19":{"start":{"line":43,"column":2},"end":{"line":56,"column":3}},"20":{"start":{"line":44,"column":24},"end":{"line":44,"column":26}},"21":{"start":{"line":45,"column":19},"end":{"line":45,"column":37}},"22":{"start":{"line":46,"column":4},"end":{"line":50,"column":6}},"23":{"start":{"line":47,"column":6},"end":{"line":49,"column":7}},"24":{"start":{"line":48,"column":8},"end":{"line":48,"column":34}},"25":{"start":{"line":52,"column":4},"end":{"line":52,"column":23}},"26":{"start":{"line":55,"column":4},"end":{"line":55,"column":23}},"27":{"start":{"line":60,"column":22},"end":{"line":69,"column":1}},"28":{"start":{"line":61,"column":2},"end":{"line":68,"column":3}},"29":{"start":{"line":63,"column":19},"end":{"line":63,"column":81}},"30":{"start":{"line":64,"column":4},"end":{"line":64,"column":25}},"31":{"start":{"line":66,"column":4},"end":{"line":66,"column":69}},"32":{"start":{"line":67,"column":4},"end":{"line":67,"column":23}},"33":{"start":{"line":71,"column":22},"end":{"line":80,"column":1}},"34":{"start":{"line":72,"column":2},"end":{"line":79,"column":3}},"35":{"start":{"line":73,"column":19},"end":{"line":73,"column":69}},"36":{"start":{"line":74,"column":4},"end":{"line":74,"column":62}},"37":{"start":{"line":75,"column":4},"end":{"line":75,"column":29}},"38":{"start":{"line":77,"column":4},"end":{"line":77,"column":41}},"39":{"start":{"line":78,"column":4},"end":{"line":78,"column":49}},"40":{"start":{"line":82,"column":19},"end":{"line":107,"column":1}},"41":{"start":{"line":83,"column":2},"end":{"line":106,"column":3}},"42":{"start":{"line":84,"column":20},"end":{"line":84,"column":48}},"43":{"start":{"line":85,"column":20},"end":{"line":85,"column":48}},"44":{"start":{"line":87,"column":24},"end":{"line":87,"column":44}},"45":{"start":{"line":88,"column":23},"end":{"line":88,"column":42}},"46":{"start":{"line":89,"column":4},"end":{"line":89,"column":34}},"47":{"start":{"line":90,"column":4},"end":{"line":90,"column":33}},"48":{"start":{"line":92,"column":4},"end":{"line":95,"column":6}},"49":{"start":{"line":96,"column":4},"end":{"line":99,"column":6}},"50":{"start":{"line":101,"column":4},"end":{"line":101,"column":66}},"51":{"start":{"line":102,"column":4},"end":{"line":102,"column":21}},"52":{"start":{"line":105,"column":4},"end":{"line":105,"column":23}},"53":{"start":{"line":109,"column":21},"end":{"line":132,"column":1}},"54":{"start":{"line":110,"column":2},"end":{"line":131,"column":3}},"55":{"start":{"line":111,"column":20},"end":{"line":111,"column":48}},"56":{"start":{"line":112,"column":20},"end":{"line":112,"column":48}},"57":{"start":{"line":114,"column":4},"end":{"line":114,"column":77}},"58":{"start":{"line":114,"column":60},"end":{"line":114,"column":75}},"59":{"start":{"line":115,"column":4},"end":{"line":115,"column":75}},"60":{"start":{"line":115,"column":58},"end":{"line":115,"column":73}},"61":{"start":{"line":117,"column":4},"end":{"line":120,"column":6}},"62":{"start":{"line":121,"column":4},"end":{"line":124,"column":6}},"63":{"start":{"line":126,"column":4},"end":{"line":126,"column":68}},"64":{"start":{"line":127,"column":4},"end":{"line":127,"column":21}},"65":{"start":{"line":130,"column":4},"end":{"line":130,"column":23}},"66":{"start":{"line":136,"column":17},"end":{"line":145,"column":1}},"67":{"start":{"line":137,"column":2},"end":{"line":144,"column":3}},"68":{"start":{"line":138,"column":19},"end":{"line":138,"column":66}},"69":{"start":{"line":140,"column":4},"end":{"line":140,"column":18}},"70":{"start":{"line":143,"column":4},"end":{"line":143,"column":23}},"71":{"start":{"line":147,"column":16},"end":{"line":156,"column":1}},"72":{"start":{"line":148,"column":2},"end":{"line":155,"column":3}},"73":{"start":{"line":149,"column":21},"end":{"line":149,"column":83}},"74":{"start":{"line":150,"column":4},"end":{"line":150,"column":73}},"75":{"start":{"line":151,"column":4},"end":{"line":151,"column":20}},"76":{"start":{"line":154,"column":4},"end":{"line":154,"column":23}},"77":{"start":{"line":158,"column":22},"end":{"line":173,"column":1}},"78":{"start":{"line":159,"column":2},"end":{"line":172,"column":3}},"79":{"start":{"line":160,"column":19},"end":{"line":160,"column":46}},"80":{"start":{"line":161,"column":4},"end":{"line":161,"column":39}},"81":{"start":{"line":162,"column":4},"end":{"line":165,"column":6}},"82":{"start":{"line":166,"column":4},"end":{"line":166,"column":55}},"83":{"start":{"line":167,"column":4},"end":{"line":167,"column":63}},"84":{"start":{"line":168,"column":4},"end":{"line":168,"column":20}},"85":{"start":{"line":171,"column":4},"end":{"line":171,"column":23}},"86":{"start":{"line":175,"column":19},"end":{"line":191,"column":1}},"87":{"start":{"line":176,"column":2},"end":{"line":190,"column":3}},"88":{"start":{"line":177,"column":25},"end":{"line":177,"column":50}},"89":{"start":{"line":178,"column":15},"end":{"line":178,"column":53}},"90":{"start":{"line":179,"column":4},"end":{"line":179,"column":62}},"91":{"start":{"line":179,"column":40},"end":{"line":179,"column":60}},"92":{"start":{"line":180,"column":4},"end":{"line":183,"column":6}},"93":{"start":{"line":184,"column":21},"end":{"line":184,"column":86}},"94":{"start":{"line":185,"column":4},"end":{"line":185,"column":60}},"95":{"start":{"line":186,"column":4},"end":{"line":186,"column":20}},"96":{"start":{"line":189,"column":4},"end":{"line":189,"column":23}},"97":{"start":{"line":193,"column":19},"end":{"line":205,"column":1}},"98":{"start":{"line":194,"column":2},"end":{"line":204,"column":3}},"99":{"start":{"line":195,"column":21},"end":{"line":198,"column":5}},"100":{"start":{"line":199,"column":4},"end":{"line":199,"column":54}},"101":{"start":{"line":200,"column":4},"end":{"line":200,"column":20}},"102":{"start":{"line":203,"column":4},"end":{"line":203,"column":23}},"103":{"start":{"line":207,"column":17},"end":{"line":221,"column":1}},"104":{"start":{"line":208,"column":2},"end":{"line":220,"column":3}},"105":{"start":{"line":209,"column":19},"end":{"line":209,"column":44}},"106":{"start":{"line":210,"column":4},"end":{"line":210,"column":34}},"107":{"start":{"line":211,"column":4},"end":{"line":214,"column":6}},"108":{"start":{"line":215,"column":4},"end":{"line":215,"column":65}},"109":{"start":{"line":216,"column":4},"end":{"line":216,"column":20}},"110":{"start":{"line":219,"column":4},"end":{"line":219,"column":23}},"111":{"start":{"line":223,"column":19},"end":{"line":237,"column":1}},"112":{"start":{"line":224,"column":2},"end":{"line":236,"column":3}},"113":{"start":{"line":225,"column":19},"end":{"line":225,"column":44}},"114":{"start":{"line":226,"column":4},"end":{"line":226,"column":64}},"115":{"start":{"line":226,"column":48},"end":{"line":226,"column":62}},"116":{"start":{"line":227,"column":4},"end":{"line":230,"column":6}},"117":{"start":{"line":231,"column":4},"end":{"line":231,"column":67}},"118":{"start":{"line":232,"column":4},"end":{"line":232,"column":20}},"119":{"start":{"line":235,"column":4},"end":{"line":235,"column":23}},"120":{"start":{"line":241,"column":20},"end":{"line":250,"column":1}},"121":{"start":{"line":242,"column":2},"end":{"line":249,"column":3}},"122":{"start":{"line":243,"column":15},"end":{"line":243,"column":40}},"123":{"start":{"line":244,"column":4},"end":{"line":244,"column":62}},"124":{"start":{"line":245,"column":4},"end":{"line":245,"column":25}},"125":{"start":{"line":248,"column":4},"end":{"line":248,"column":23}},"126":{"start":{"line":252,"column":19},"end":{"line":266,"column":1}},"127":{"start":{"line":253,"column":2},"end":{"line":265,"column":3}},"128":{"start":{"line":254,"column":15},"end":{"line":254,"column":40}},"129":{"start":{"line":255,"column":4},"end":{"line":255,"column":38}},"130":{"start":{"line":256,"column":4},"end":{"line":259,"column":6}},"131":{"start":{"line":260,"column":4},"end":{"line":260,"column":75}},"132":{"start":{"line":261,"column":4},"end":{"line":261,"column":16}},"133":{"start":{"line":264,"column":4},"end":{"line":264,"column":23}},"134":{"start":{"line":268,"column":22},"end":{"line":287,"column":1}},"135":{"start":{"line":271,"column":2},"end":{"line":286,"column":3}},"136":{"start":{"line":272,"column":15},"end":{"line":272,"column":40}},"137":{"start":{"line":273,"column":4},"end":{"line":276,"column":7}},"138":{"start":{"line":274,"column":6},"end":{"line":274,"column":75}},"139":{"start":{"line":274,"column":62},"end":{"line":274,"column":75}},"140":{"start":{"line":275,"column":6},"end":{"line":275,"column":18}},"141":{"start":{"line":277,"column":4},"end":{"line":280,"column":6}},"142":{"start":{"line":281,"column":4},"end":{"line":281,"column":78}},"143":{"start":{"line":282,"column":4},"end":{"line":282,"column":16}},"144":{"start":{"line":285,"column":4},"end":{"line":285,"column":23}},"145":{"start":{"line":289,"column":22},"end":{"line":308,"column":1}},"146":{"start":{"line":290,"column":2},"end":{"line":307,"column":3}},"147":{"start":{"line":291,"column":15},"end":{"line":291,"column":40}},"148":{"start":{"line":292,"column":4},"end":{"line":297,"column":6}},"149":{"start":{"line":293,"column":6},"end":{"line":296,"column":7}},"150":{"start":{"line":294,"column":8},"end":{"line":294,"column":33}},"151":{"start":{"line":295,"column":8},"end":{"line":295,"column":33}},"152":{"start":{"line":298,"column":4},"end":{"line":301,"column":6}},"153":{"start":{"line":302,"column":4},"end":{"line":302,"column":54}},"154":{"start":{"line":303,"column":4},"end":{"line":303,"column":16}},"155":{"start":{"line":306,"column":4},"end":{"line":306,"column":23}},"156":{"start":{"line":311,"column":30},"end":{"line":332,"column":1}},"157":{"start":{"line":312,"column":13},"end":{"line":312,"column":17}},"158":{"start":{"line":313,"column":2},"end":{"line":318,"column":3}},"159":{"start":{"line":315,"column":4},"end":{"line":315,"column":39}},"160":{"start":{"line":317,"column":4},"end":{"line":317,"column":23}},"161":{"start":{"line":319,"column":2},"end":{"line":319,"column":23}},"162":{"start":{"line":319,"column":13},"end":{"line":319,"column":23}},"163":{"start":{"line":320,"column":25},"end":{"line":320,"column":35}},"164":{"start":{"line":321,"column":19},"end":{"line":321,"column":46}},"165":{"start":{"line":323,"column":19},"end":{"line":323,"column":21}},"166":{"start":{"line":324,"column":2},"end":{"line":330,"column":3}},"167":{"start":{"line":326,"column":4},"end":{"line":326,"column":45}},"168":{"start":{"line":327,"column":4},"end":{"line":327,"column":36}},"169":{"start":{"line":329,"column":4},"end":{"line":329,"column":23}},"170":{"start":{"line":331,"column":2},"end":{"line":331,"column":20}},"171":{"start":{"line":334,"column":0},"end":{"line":355,"column":2}}},"fnMap":{"0":{"name":"(anonymous_0)","decl":{"start":{"line":5,"column":16},"end":{"line":5,"column":17}},"loc":{"start":{"line":5,"column":31},"end":{"line":18,"column":1}},"line":5},"1":{"name":"(anonymous_1)","decl":{"start":{"line":20,"column":17},"end":{"line":20,"column":18}},"loc":{"start":{"line":20,"column":31},"end":{"line":29,"column":1}},"line":20},"2":{"name":"(anonymous_2)","decl":{"start":{"line":31,"column":16},"end":{"line":31,"column":17}},"loc":{"start":{"line":31,"column":40},"end":{"line":40,"column":1}},"line":31},"3":{"name":"(anonymous_3)","decl":{"start":{"line":42,"column":23},"end":{"line":42,"column":24}},"loc":{"start":{"line":42,"column":48},"end":{"line":57,"column":1}},"line":42},"4":{"name":"(anonymous_4)","decl":{"start":{"line":46,"column":19},"end":{"line":46,"column":20}},"loc":{"start":{"line":46,"column":32},"end":{"line":50,"column":5}},"line":46},"5":{"name":"(anonymous_5)","decl":{"start":{"line":60,"column":22},"end":{"line":60,"column":23}},"loc":{"start":{"line":60,"column":46},"end":{"line":69,"column":1}},"line":60},"6":{"name":"(anonymous_6)","decl":{"start":{"line":71,"column":22},"end":{"line":71,"column":23}},"loc":{"start":{"line":71,"column":48},"end":{"line":80,"column":1}},"line":71},"7":{"name":"(anonymous_7)","decl":{"start":{"line":82,"column":19},"end":{"line":82,"column":20}},"loc":{"start":{"line":82,"column":55},"end":{"line":107,"column":1}},"line":82},"8":{"name":"(anonymous_8)","decl":{"start":{"line":109,"column":21},"end":{"line":109,"column":22}},"loc":{"start":{"line":109,"column":57},"end":{"line":132,"column":1}},"line":109},"9":{"name":"(anonymous_9)","decl":{"start":{"line":114,"column":55},"end":{"line":114,"column":56}},"loc":{"start":{"line":114,"column":60},"end":{"line":114,"column":75}},"line":114},"10":{"name":"(anonymous_10)","decl":{"start":{"line":115,"column":53},"end":{"line":115,"column":54}},"loc":{"start":{"line":115,"column":58},"end":{"line":115,"column":73}},"line":115},"11":{"name":"(anonymous_11)","decl":{"start":{"line":136,"column":17},"end":{"line":136,"column":18}},"loc":{"start":{"line":136,"column":31},"end":{"line":145,"column":1}},"line":136},"12":{"name":"(anonymous_12)","decl":{"start":{"line":147,"column":16},"end":{"line":147,"column":17}},"loc":{"start":{"line":147,"column":38},"end":{"line":156,"column":1}},"line":147},"13":{"name":"(anonymous_13)","decl":{"start":{"line":158,"column":22},"end":{"line":158,"column":23}},"loc":{"start":{"line":158,"column":58},"end":{"line":173,"column":1}},"line":158},"14":{"name":"(anonymous_14)","decl":{"start":{"line":175,"column":19},"end":{"line":175,"column":20}},"loc":{"start":{"line":175,"column":41},"end":{"line":191,"column":1}},"line":175},"15":{"name":"(anonymous_15)","decl":{"start":{"line":179,"column":35},"end":{"line":179,"column":36}},"loc":{"start":{"line":179,"column":40},"end":{"line":179,"column":60}},"line":179},"16":{"name":"(anonymous_16)","decl":{"start":{"line":193,"column":19},"end":{"line":193,"column":20}},"loc":{"start":{"line":193,"column":67},"end":{"line":205,"column":1}},"line":193},"17":{"name":"(anonymous_17)","decl":{"start":{"line":207,"column":17},"end":{"line":207,"column":18}},"loc":{"start":{"line":207,"column":49},"end":{"line":221,"column":1}},"line":207},"18":{"name":"(anonymous_18)","decl":{"start":{"line":223,"column":19},"end":{"line":223,"column":20}},"loc":{"start":{"line":223,"column":51},"end":{"line":237,"column":1}},"line":223},"19":{"name":"(anonymous_19)","decl":{"start":{"line":226,"column":43},"end":{"line":226,"column":44}},"loc":{"start":{"line":226,"column":48},"end":{"line":226,"column":62}},"line":226},"20":{"name":"(anonymous_20)","decl":{"start":{"line":241,"column":20},"end":{"line":241,"column":21}},"loc":{"start":{"line":241,"column":42},"end":{"line":250,"column":1}},"line":241},"21":{"name":"(anonymous_21)","decl":{"start":{"line":252,"column":19},"end":{"line":252,"column":20}},"loc":{"start":{"line":252,"column":56},"end":{"line":266,"column":1}},"line":252},"22":{"name":"(anonymous_22)","decl":{"start":{"line":268,"column":22},"end":{"line":268,"column":23}},"loc":{"start":{"line":268,"column":61},"end":{"line":287,"column":1}},"line":268},"23":{"name":"(anonymous_23)","decl":{"start":{"line":273,"column":41},"end":{"line":273,"column":42}},"loc":{"start":{"line":273,"column":57},"end":{"line":276,"column":5}},"line":273},"24":{"name":"(anonymous_24)","decl":{"start":{"line":289,"column":22},"end":{"line":289,"column":23}},"loc":{"start":{"line":289,"column":88},"end":{"line":308,"column":1}},"line":289},"25":{"name":"(anonymous_25)","decl":{"start":{"line":292,"column":26},"end":{"line":292,"column":27}},"loc":{"start":{"line":292,"column":41},"end":{"line":297,"column":5}},"line":292},"26":{"name":"(anonymous_26)","decl":{"start":{"line":311,"column":30},"end":{"line":311,"column":31}},"loc":{"start":{"line":311,"column":54},"end":{"line":332,"column":1}},"line":311}},"branchMap":{"0":{"loc":{"start":{"line":47,"column":6},"end":{"line":49,"column":7}},"type":"if","locations":[{"start":{"line":47,"column":6},"end":{"line":49,"column":7}},{"start":{},"end":{}}],"line":47},"1":{"loc":{"start":{"line":274,"column":6},"end":{"line":274,"column":75}},"type":"if","locations":[{"start":{"line":274,"column":6},"end":{"line":274,"column":75}},{"start":{},"end":{}}],"line":274},"2":{"loc":{"start":{"line":274,"column":10},"end":{"line":274,"column":60}},"type":"binary-expr","locations":[{"start":{"line":274,"column":10},"end":{"line":274,"column":32}},{"start":{"line":274,"column":36},"end":{"line":274,"column":60}}],"line":274},"3":{"loc":{"start":{"line":293,"column":6},"end":{"line":296,"column":7}},"type":"if","locations":[{"start":{"line":293,"column":6},"end":{"line":296,"column":7}},{"start":{},"end":{}}],"line":293},"4":{"loc":{"start":{"line":293,"column":10},"end":{"line":293,"column":61}},"type":"binary-expr","locations":[{"start":{"line":293,"column":10},"end":{"line":293,"column":36}},{"start":{"line":293,"column":40},"end":{"line":293,"column":61}}],"line":293},"5":{"loc":{"start":{"line":319,"column":2},"end":{"line":319,"column":23}},"type":"if","locations":[{"start":{"line":319,"column":2},"end":{"line":319,"column":23}},{"start":{},"end":{}}],"line":319}},"s":{"0":1,"1":1,"2":2,"3":2,"4":2,"5":2,"6":0,"7":1,"8":1,"9":1,"10":1,"11":0,"12":1,"13":21,"14":21,"15":21,"16":21,"17":0,"18":1,"19":1,"20":1,"21":1,"22":1,"23":47,"24":2,"25":1,"26":0,"27":1,"28":0,"29":0,"30":0,"31":0,"32":0,"33":1,"34":1,"35":1,"36":1,"37":1,"38":0,"39":0,"40":1,"41":1,"42":1,"43":1,"44":1,"45":1,"46":1,"47":1,"48":1,"49":1,"50":1,"51":1,"52":0,"53":1,"54":1,"55":1,"56":1,"57":1,"58":2,"59":1,"60":32,"61":1,"62":1,"63":1,"64":1,"65":0,"66":1,"67":1,"68":1,"69":1,"70":0,"71":1,"72":8,"73":8,"74":8,"75":8,"76":0,"77":1,"78":1,"79":1,"80":1,"81":1,"82":1,"83":1,"84":1,"85":0,"86":1,"87":1,"88":1,"89":1,"90":1,"91":3,"92":1,"93":1,"94":1,"95":1,"96":0,"97":1,"98":2,"99":2,"100":2,"101":2,"102":0,"103":1,"104":1,"105":1,"106":1,"107":1,"108":1,"109":1,"110":0,"111":1,"112":1,"113":1,"114":1,"115":2,"116":1,"117":1,"118":1,"119":0,"120":1,"121":1,"122":1,"123":1,"124":1,"125":0,"126":1,"127":1,"128":1,"129":1,"130":1,"131":1,"132":1,"133":0,"134":1,"135":1,"136":1,"137":1,"138":1,"139":1,"140":0,"141":1,"142":1,"143":1,"144":0,"145":1,"146":0,"147":0,"148":0,"149":0,"150":0,"151":0,"152":0,"153":0,"154":0,"155":0,"156":1,"157":1,"158":1,"159":1,"160":0,"161":1,"162":0,"163":1,"164":1,"165":1,"166":1,"167":1,"168":1,"169":0,"170":1,"171":1},"f":{"0":2,"1":1,"2":21,"3":1,"4":47,"5":0,"6":1,"7":1,"8":1,"9":2,"10":32,"11":1,"12":8,"13":1,"14":1,"15":3,"16":2,"17":1,"18":1,"19":2,"20":1,"21":1,"22":1,"23":1,"24":0,"25":0,"26":1},"b":{"0":[2,45],"1":[1,0],"2":[1,1],"3":[0,0],"4":[0,0],"5":[0,1]},"_coverageSchema":"1a1c01bbd47fc00a2c39e90264f33305004495a9","hash":"c9508122fa36bcaed55afc86703b8d6aa8e7a1a8"}
,"/Users/zanemaomac/Desktop/CIS5570/project/project--team_offersoverflow/server.js": {"path":"/Users/zanemaomac/Desktop/CIS5570/project/project--team_offersoverflow/server.js","statementMap":{"0":{"start":{"line":2,"column":16},"end":{"line":2,"column":34}},"1":{"start":{"line":5,"column":13},"end":{"line":5,"column":28}},"2":{"start":{"line":7,"column":12},"end":{"line":7,"column":35}},"3":{"start":{"line":9,"column":15},"end":{"line":9,"column":24}},"4":{"start":{"line":11,"column":0},"end":{"line":11,"column":19}},"5":{"start":{"line":13,"column":0},"end":{"line":13,"column":27}},"6":{"start":{"line":14,"column":16},"end":{"line":14,"column":35}},"7":{"start":{"line":15,"column":16},"end":{"line":15,"column":35}},"8":{"start":{"line":17,"column":13},"end":{"line":17,"column":37}},"9":{"start":{"line":20,"column":0},"end":{"line":20,"column":51}},"10":{"start":{"line":21,"column":0},"end":{"line":21,"column":27}},"11":{"start":{"line":23,"column":14},"end":{"line":23,"column":38}},"12":{"start":{"line":27,"column":12},"end":{"line":27,"column":27}},"13":{"start":{"line":29,"column":13},"end":{"line":29,"column":28}},"14":{"start":{"line":30,"column":0},"end":{"line":30,"column":69}},"15":{"start":{"line":34,"column":0},"end":{"line":40,"column":1}},"16":{"start":{"line":36,"column":4},"end":{"line":39,"column":7}},"17":{"start":{"line":37,"column":8},"end":{"line":37,"column":38}},"18":{"start":{"line":38,"column":8},"end":{"line":38,"column":55}},"19":{"start":{"line":43,"column":25},"end":{"line":58,"column":1}},"20":{"start":{"line":44,"column":4},"end":{"line":46,"column":5}},"21":{"start":{"line":45,"column":8},"end":{"line":45,"column":21}},"22":{"start":{"line":47,"column":4},"end":{"line":57,"column":5}},"23":{"start":{"line":48,"column":24},"end":{"line":48,"column":46}},"24":{"start":{"line":49,"column":21},"end":{"line":49,"column":62}},"25":{"start":{"line":50,"column":8},"end":{"line":52,"column":9}},"26":{"start":{"line":51,"column":12},"end":{"line":51,"column":25}},"27":{"start":{"line":53,"column":8},"end":{"line":53,"column":20}},"28":{"start":{"line":55,"column":8},"end":{"line":55,"column":61}},"29":{"start":{"line":56,"column":8},"end":{"line":56,"column":21}},"30":{"start":{"line":60,"column":19},"end":{"line":71,"column":1}},"31":{"start":{"line":61,"column":4},"end":{"line":63,"column":5}},"32":{"start":{"line":62,"column":8},"end":{"line":62,"column":21}},"33":{"start":{"line":64,"column":4},"end":{"line":70,"column":5}},"34":{"start":{"line":65,"column":24},"end":{"line":65,"column":46}},"35":{"start":{"line":66,"column":8},"end":{"line":66,"column":20}},"36":{"start":{"line":68,"column":8},"end":{"line":68,"column":66}},"37":{"start":{"line":69,"column":8},"end":{"line":69,"column":21}},"38":{"start":{"line":73,"column":0},"end":{"line":103,"column":3}},"39":{"start":{"line":74,"column":4},"end":{"line":74,"column":63}},"40":{"start":{"line":75,"column":4},"end":{"line":78,"column":5}},"41":{"start":{"line":76,"column":8},"end":{"line":76,"column":60}},"42":{"start":{"line":77,"column":8},"end":{"line":77,"column":18}},"43":{"start":{"line":79,"column":4},"end":{"line":102,"column":5}},"44":{"start":{"line":80,"column":8},"end":{"line":98,"column":9}},"45":{"start":{"line":81,"column":12},"end":{"line":81,"column":108}},"46":{"start":{"line":84,"column":28},"end":{"line":84,"column":70}},"47":{"start":{"line":86,"column":12},"end":{"line":97,"column":13}},"48":{"start":{"line":87,"column":16},"end":{"line":87,"column":94}},"49":{"start":{"line":90,"column":16},"end":{"line":96,"column":17}},"50":{"start":{"line":91,"column":36},"end":{"line":91,"column":139}},"51":{"start":{"line":92,"column":20},"end":{"line":92,"column":76}},"52":{"start":{"line":95,"column":20},"end":{"line":95,"column":98}},"53":{"start":{"line":99,"column":8},"end":{"line":99,"column":19}},"54":{"start":{"line":101,"column":8},"end":{"line":101,"column":49}},"55":{"start":{"line":105,"column":0},"end":{"line":117,"column":3}},"56":{"start":{"line":106,"column":4},"end":{"line":106,"column":51}},"57":{"start":{"line":107,"column":4},"end":{"line":110,"column":5}},"58":{"start":{"line":108,"column":8},"end":{"line":108,"column":60}},"59":{"start":{"line":109,"column":8},"end":{"line":109,"column":18}},"60":{"start":{"line":111,"column":4},"end":{"line":116,"column":5}},"61":{"start":{"line":113,"column":8},"end":{"line":113,"column":49}},"62":{"start":{"line":115,"column":8},"end":{"line":115,"column":49}},"63":{"start":{"line":119,"column":0},"end":{"line":128,"column":3}},"64":{"start":{"line":120,"column":4},"end":{"line":120,"column":37}},"65":{"start":{"line":121,"column":4},"end":{"line":127,"column":5}},"66":{"start":{"line":122,"column":24},"end":{"line":122,"column":96}},"67":{"start":{"line":123,"column":8},"end":{"line":123,"column":49}},"68":{"start":{"line":124,"column":8},"end":{"line":124,"column":19}},"69":{"start":{"line":126,"column":8},"end":{"line":126,"column":49}},"70":{"start":{"line":130,"column":0},"end":{"line":140,"column":3}},"71":{"start":{"line":131,"column":4},"end":{"line":139,"column":5}},"72":{"start":{"line":132,"column":24},"end":{"line":132,"column":59}},"73":{"start":{"line":133,"column":21},"end":{"line":133,"column":62}},"74":{"start":{"line":134,"column":8},"end":{"line":134,"column":45}},"75":{"start":{"line":135,"column":8},"end":{"line":135,"column":36}},"76":{"start":{"line":136,"column":8},"end":{"line":136,"column":19}},"77":{"start":{"line":138,"column":8},"end":{"line":138,"column":49}},"78":{"start":{"line":142,"column":0},"end":{"line":150,"column":3}},"79":{"start":{"line":143,"column":4},"end":{"line":149,"column":5}},"80":{"start":{"line":144,"column":24},"end":{"line":144,"column":48}},"81":{"start":{"line":145,"column":8},"end":{"line":145,"column":48}},"82":{"start":{"line":146,"column":8},"end":{"line":146,"column":19}},"83":{"start":{"line":148,"column":8},"end":{"line":148,"column":61}},"84":{"start":{"line":152,"column":0},"end":{"line":160,"column":3}},"85":{"start":{"line":153,"column":4},"end":{"line":159,"column":5}},"86":{"start":{"line":154,"column":24},"end":{"line":154,"column":68}},"87":{"start":{"line":155,"column":8},"end":{"line":155,"column":48}},"88":{"start":{"line":156,"column":8},"end":{"line":156,"column":19}},"89":{"start":{"line":158,"column":8},"end":{"line":158,"column":61}},"90":{"start":{"line":163,"column":0},"end":{"line":171,"column":3}},"91":{"start":{"line":164,"column":4},"end":{"line":170,"column":5}},"92":{"start":{"line":165,"column":24},"end":{"line":165,"column":74}},"93":{"start":{"line":166,"column":8},"end":{"line":166,"column":48}},"94":{"start":{"line":167,"column":8},"end":{"line":167,"column":19}},"95":{"start":{"line":169,"column":8},"end":{"line":169,"column":61}},"96":{"start":{"line":173,"column":0},"end":{"line":185,"column":3}},"97":{"start":{"line":174,"column":4},"end":{"line":184,"column":5}},"98":{"start":{"line":175,"column":8},"end":{"line":181,"column":9}},"99":{"start":{"line":176,"column":28},"end":{"line":176,"column":94}},"100":{"start":{"line":177,"column":12},"end":{"line":177,"column":52}},"101":{"start":{"line":178,"column":12},"end":{"line":178,"column":23}},"102":{"start":{"line":180,"column":12},"end":{"line":180,"column":65}},"103":{"start":{"line":183,"column":8},"end":{"line":183,"column":67}},"104":{"start":{"line":187,"column":0},"end":{"line":199,"column":3}},"105":{"start":{"line":188,"column":4},"end":{"line":198,"column":5}},"106":{"start":{"line":189,"column":8},"end":{"line":195,"column":9}},"107":{"start":{"line":190,"column":28},"end":{"line":190,"column":96}},"108":{"start":{"line":191,"column":12},"end":{"line":191,"column":52}},"109":{"start":{"line":192,"column":12},"end":{"line":192,"column":23}},"110":{"start":{"line":194,"column":12},"end":{"line":194,"column":65}},"111":{"start":{"line":197,"column":8},"end":{"line":197,"column":67}},"112":{"start":{"line":201,"column":0},"end":{"line":209,"column":3}},"113":{"start":{"line":202,"column":4},"end":{"line":208,"column":5}},"114":{"start":{"line":203,"column":24},"end":{"line":203,"column":48}},"115":{"start":{"line":204,"column":8},"end":{"line":204,"column":48}},"116":{"start":{"line":205,"column":8},"end":{"line":205,"column":19}},"117":{"start":{"line":207,"column":8},"end":{"line":207,"column":61}},"118":{"start":{"line":211,"column":0},"end":{"line":219,"column":3}},"119":{"start":{"line":212,"column":4},"end":{"line":218,"column":5}},"120":{"start":{"line":213,"column":24},"end":{"line":213,"column":66}},"121":{"start":{"line":214,"column":8},"end":{"line":214,"column":48}},"122":{"start":{"line":215,"column":8},"end":{"line":215,"column":19}},"123":{"start":{"line":217,"column":8},"end":{"line":217,"column":61}},"124":{"start":{"line":221,"column":0},"end":{"line":233,"column":3}},"125":{"start":{"line":222,"column":4},"end":{"line":232,"column":5}},"126":{"start":{"line":223,"column":8},"end":{"line":229,"column":9}},"127":{"start":{"line":224,"column":28},"end":{"line":224,"column":97}},"128":{"start":{"line":225,"column":12},"end":{"line":225,"column":52}},"129":{"start":{"line":226,"column":12},"end":{"line":226,"column":23}},"130":{"start":{"line":228,"column":12},"end":{"line":228,"column":65}},"131":{"start":{"line":231,"column":8},"end":{"line":231,"column":67}},"132":{"start":{"line":235,"column":0},"end":{"line":247,"column":3}},"133":{"start":{"line":236,"column":4},"end":{"line":246,"column":5}},"134":{"start":{"line":237,"column":8},"end":{"line":243,"column":9}},"135":{"start":{"line":238,"column":28},"end":{"line":238,"column":73}},"136":{"start":{"line":239,"column":12},"end":{"line":239,"column":52}},"137":{"start":{"line":240,"column":12},"end":{"line":240,"column":23}},"138":{"start":{"line":242,"column":12},"end":{"line":242,"column":65}},"139":{"start":{"line":245,"column":8},"end":{"line":245,"column":67}},"140":{"start":{"line":249,"column":0},"end":{"line":261,"column":3}},"141":{"start":{"line":250,"column":4},"end":{"line":260,"column":5}},"142":{"start":{"line":251,"column":8},"end":{"line":257,"column":9}},"143":{"start":{"line":252,"column":28},"end":{"line":252,"column":117}},"144":{"start":{"line":253,"column":12},"end":{"line":253,"column":52}},"145":{"start":{"line":254,"column":12},"end":{"line":254,"column":23}},"146":{"start":{"line":256,"column":12},"end":{"line":256,"column":65}},"147":{"start":{"line":259,"column":8},"end":{"line":259,"column":67}},"148":{"start":{"line":263,"column":0},"end":{"line":275,"column":3}},"149":{"start":{"line":264,"column":4},"end":{"line":274,"column":5}},"150":{"start":{"line":265,"column":8},"end":{"line":271,"column":9}},"151":{"start":{"line":266,"column":28},"end":{"line":266,"column":90}},"152":{"start":{"line":267,"column":12},"end":{"line":267,"column":52}},"153":{"start":{"line":268,"column":12},"end":{"line":268,"column":23}},"154":{"start":{"line":270,"column":12},"end":{"line":270,"column":65}},"155":{"start":{"line":273,"column":8},"end":{"line":273,"column":67}},"156":{"start":{"line":277,"column":0},"end":{"line":289,"column":3}},"157":{"start":{"line":278,"column":4},"end":{"line":288,"column":5}},"158":{"start":{"line":279,"column":8},"end":{"line":285,"column":9}},"159":{"start":{"line":280,"column":28},"end":{"line":280,"column":92}},"160":{"start":{"line":281,"column":12},"end":{"line":281,"column":52}},"161":{"start":{"line":282,"column":12},"end":{"line":282,"column":23}},"162":{"start":{"line":284,"column":12},"end":{"line":284,"column":65}},"163":{"start":{"line":287,"column":8},"end":{"line":287,"column":67}},"164":{"start":{"line":291,"column":0},"end":{"line":299,"column":3}},"165":{"start":{"line":292,"column":4},"end":{"line":298,"column":5}},"166":{"start":{"line":293,"column":24},"end":{"line":293,"column":70}},"167":{"start":{"line":294,"column":8},"end":{"line":294,"column":48}},"168":{"start":{"line":295,"column":8},"end":{"line":295,"column":19}},"169":{"start":{"line":297,"column":8},"end":{"line":297,"column":61}},"170":{"start":{"line":301,"column":0},"end":{"line":313,"column":3}},"171":{"start":{"line":302,"column":4},"end":{"line":312,"column":5}},"172":{"start":{"line":303,"column":8},"end":{"line":309,"column":9}},"173":{"start":{"line":304,"column":28},"end":{"line":304,"column":97}},"174":{"start":{"line":305,"column":12},"end":{"line":305,"column":52}},"175":{"start":{"line":306,"column":12},"end":{"line":306,"column":23}},"176":{"start":{"line":308,"column":12},"end":{"line":308,"column":65}},"177":{"start":{"line":311,"column":8},"end":{"line":311,"column":67}},"178":{"start":{"line":316,"column":0},"end":{"line":328,"column":3}},"179":{"start":{"line":317,"column":4},"end":{"line":327,"column":5}},"180":{"start":{"line":318,"column":8},"end":{"line":324,"column":9}},"181":{"start":{"line":319,"column":28},"end":{"line":319,"column":156}},"182":{"start":{"line":320,"column":12},"end":{"line":320,"column":52}},"183":{"start":{"line":321,"column":12},"end":{"line":321,"column":23}},"184":{"start":{"line":323,"column":12},"end":{"line":323,"column":65}},"185":{"start":{"line":326,"column":8},"end":{"line":326,"column":67}},"186":{"start":{"line":331,"column":0},"end":{"line":343,"column":3}},"187":{"start":{"line":332,"column":4},"end":{"line":342,"column":5}},"188":{"start":{"line":333,"column":8},"end":{"line":339,"column":9}},"189":{"start":{"line":334,"column":28},"end":{"line":334,"column":111}},"190":{"start":{"line":335,"column":12},"end":{"line":335,"column":52}},"191":{"start":{"line":336,"column":12},"end":{"line":336,"column":23}},"192":{"start":{"line":338,"column":12},"end":{"line":338,"column":65}},"193":{"start":{"line":341,"column":8},"end":{"line":341,"column":67}},"194":{"start":{"line":346,"column":0},"end":{"line":358,"column":3}},"195":{"start":{"line":347,"column":4},"end":{"line":357,"column":5}},"196":{"start":{"line":348,"column":8},"end":{"line":354,"column":9}},"197":{"start":{"line":349,"column":28},"end":{"line":349,"column":78}},"198":{"start":{"line":350,"column":12},"end":{"line":350,"column":52}},"199":{"start":{"line":351,"column":12},"end":{"line":351,"column":23}},"200":{"start":{"line":353,"column":12},"end":{"line":353,"column":65}},"201":{"start":{"line":356,"column":8},"end":{"line":356,"column":67}},"202":{"start":{"line":361,"column":0},"end":{"line":373,"column":3}},"203":{"start":{"line":362,"column":4},"end":{"line":372,"column":5}},"204":{"start":{"line":363,"column":8},"end":{"line":369,"column":9}},"205":{"start":{"line":364,"column":28},"end":{"line":364,"column":86}},"206":{"start":{"line":365,"column":12},"end":{"line":365,"column":52}},"207":{"start":{"line":366,"column":12},"end":{"line":366,"column":23}},"208":{"start":{"line":368,"column":12},"end":{"line":368,"column":65}},"209":{"start":{"line":371,"column":8},"end":{"line":371,"column":67}},"210":{"start":{"line":376,"column":0},"end":{"line":378,"column":3}},"211":{"start":{"line":377,"column":4},"end":{"line":377,"column":70}},"212":{"start":{"line":381,"column":0},"end":{"line":383,"column":3}},"213":{"start":{"line":382,"column":4},"end":{"line":382,"column":57}},"214":{"start":{"line":385,"column":0},"end":{"line":388,"column":2}}},"fnMap":{"0":{"name":"(anonymous_0)","decl":{"start":{"line":36,"column":24},"end":{"line":36,"column":25}},"loc":{"start":{"line":36,"column":36},"end":{"line":39,"column":5}},"line":36},"1":{"name":"(anonymous_1)","decl":{"start":{"line":43,"column":25},"end":{"line":43,"column":26}},"loc":{"start":{"line":43,"column":47},"end":{"line":58,"column":1}},"line":43},"2":{"name":"(anonymous_2)","decl":{"start":{"line":60,"column":19},"end":{"line":60,"column":20}},"loc":{"start":{"line":60,"column":41},"end":{"line":71,"column":1}},"line":60},"3":{"name":"(anonymous_3)","decl":{"start":{"line":73,"column":26},"end":{"line":73,"column":27}},"loc":{"start":{"line":73,"column":46},"end":{"line":103,"column":1}},"line":73},"4":{"name":"(anonymous_4)","decl":{"start":{"line":105,"column":27},"end":{"line":105,"column":28}},"loc":{"start":{"line":105,"column":47},"end":{"line":117,"column":1}},"line":105},"5":{"name":"(anonymous_5)","decl":{"start":{"line":119,"column":25},"end":{"line":119,"column":26}},"loc":{"start":{"line":119,"column":44},"end":{"line":128,"column":1}},"line":119},"6":{"name":"(anonymous_6)","decl":{"start":{"line":130,"column":32},"end":{"line":130,"column":33}},"loc":{"start":{"line":130,"column":51},"end":{"line":140,"column":1}},"line":130},"7":{"name":"(anonymous_7)","decl":{"start":{"line":142,"column":25},"end":{"line":142,"column":26}},"loc":{"start":{"line":142,"column":45},"end":{"line":150,"column":1}},"line":142},"8":{"name":"(anonymous_8)","decl":{"start":{"line":152,"column":34},"end":{"line":152,"column":35}},"loc":{"start":{"line":152,"column":54},"end":{"line":160,"column":1}},"line":152},"9":{"name":"(anonymous_9)","decl":{"start":{"line":163,"column":26},"end":{"line":163,"column":27}},"loc":{"start":{"line":163,"column":46},"end":{"line":171,"column":1}},"line":163},"10":{"name":"(anonymous_10)","decl":{"start":{"line":173,"column":31},"end":{"line":173,"column":32}},"loc":{"start":{"line":173,"column":51},"end":{"line":185,"column":1}},"line":173},"11":{"name":"(anonymous_11)","decl":{"start":{"line":187,"column":33},"end":{"line":187,"column":34}},"loc":{"start":{"line":187,"column":53},"end":{"line":199,"column":1}},"line":187},"12":{"name":"(anonymous_12)","decl":{"start":{"line":201,"column":25},"end":{"line":201,"column":26}},"loc":{"start":{"line":201,"column":45},"end":{"line":209,"column":1}},"line":201},"13":{"name":"(anonymous_13)","decl":{"start":{"line":211,"column":32},"end":{"line":211,"column":33}},"loc":{"start":{"line":211,"column":52},"end":{"line":219,"column":1}},"line":211},"14":{"name":"(anonymous_14)","decl":{"start":{"line":221,"column":26},"end":{"line":221,"column":27}},"loc":{"start":{"line":221,"column":46},"end":{"line":233,"column":1}},"line":221},"15":{"name":"(anonymous_15)","decl":{"start":{"line":235,"column":35},"end":{"line":235,"column":36}},"loc":{"start":{"line":235,"column":55},"end":{"line":247,"column":1}},"line":235},"16":{"name":"(anonymous_16)","decl":{"start":{"line":249,"column":32},"end":{"line":249,"column":33}},"loc":{"start":{"line":249,"column":52},"end":{"line":261,"column":1}},"line":249},"17":{"name":"(anonymous_17)","decl":{"start":{"line":263,"column":37},"end":{"line":263,"column":38}},"loc":{"start":{"line":263,"column":57},"end":{"line":275,"column":1}},"line":263},"18":{"name":"(anonymous_18)","decl":{"start":{"line":277,"column":39},"end":{"line":277,"column":40}},"loc":{"start":{"line":277,"column":59},"end":{"line":289,"column":1}},"line":277},"19":{"name":"(anonymous_19)","decl":{"start":{"line":291,"column":41},"end":{"line":291,"column":42}},"loc":{"start":{"line":291,"column":61},"end":{"line":299,"column":1}},"line":291},"20":{"name":"(anonymous_20)","decl":{"start":{"line":301,"column":42},"end":{"line":301,"column":43}},"loc":{"start":{"line":301,"column":62},"end":{"line":313,"column":1}},"line":301},"21":{"name":"(anonymous_21)","decl":{"start":{"line":316,"column":41},"end":{"line":316,"column":42}},"loc":{"start":{"line":316,"column":61},"end":{"line":328,"column":1}},"line":316},"22":{"name":"(anonymous_22)","decl":{"start":{"line":331,"column":44},"end":{"line":331,"column":45}},"loc":{"start":{"line":331,"column":64},"end":{"line":343,"column":1}},"line":331},"23":{"name":"(anonymous_23)","decl":{"start":{"line":346,"column":28},"end":{"line":346,"column":29}},"loc":{"start":{"line":346,"column":48},"end":{"line":358,"column":1}},"line":346},"24":{"name":"(anonymous_24)","decl":{"start":{"line":361,"column":41},"end":{"line":361,"column":42}},"loc":{"start":{"line":361,"column":61},"end":{"line":373,"column":1}},"line":361},"25":{"name":"(anonymous_25)","decl":{"start":{"line":376,"column":16},"end":{"line":376,"column":17}},"loc":{"start":{"line":376,"column":28},"end":{"line":378,"column":1}},"line":376},"26":{"name":"(anonymous_26)","decl":{"start":{"line":381,"column":11},"end":{"line":381,"column":12}},"loc":{"start":{"line":381,"column":26},"end":{"line":383,"column":1}},"line":381}},"branchMap":{"0":{"loc":{"start":{"line":17,"column":13},"end":{"line":17,"column":37}},"type":"binary-expr","locations":[{"start":{"line":17,"column":13},"end":{"line":17,"column":29}},{"start":{"line":17,"column":33},"end":{"line":17,"column":37}}],"line":17},"1":{"loc":{"start":{"line":34,"column":0},"end":{"line":40,"column":1}},"type":"if","locations":[{"start":{"line":34,"column":0},"end":{"line":40,"column":1}},{"start":{},"end":{}}],"line":34},"2":{"loc":{"start":{"line":44,"column":4},"end":{"line":46,"column":5}},"type":"if","locations":[{"start":{"line":44,"column":4},"end":{"line":46,"column":5}},{"start":{},"end":{}}],"line":44},"3":{"loc":{"start":{"line":44,"column":8},"end":{"line":44,"column":46}},"type":"binary-expr","locations":[{"start":{"line":44,"column":8},"end":{"line":44,"column":22}},{"start":{"line":44,"column":26},"end":{"line":44,"column":38}},{"start":{"line":44,"column":42},"end":{"line":44,"column":46}}],"line":44},"4":{"loc":{"start":{"line":50,"column":8},"end":{"line":52,"column":9}},"type":"if","locations":[{"start":{"line":50,"column":8},"end":{"line":52,"column":9}},{"start":{},"end":{}}],"line":50},"5":{"loc":{"start":{"line":61,"column":4},"end":{"line":63,"column":5}},"type":"if","locations":[{"start":{"line":61,"column":4},"end":{"line":63,"column":5}},{"start":{},"end":{}}],"line":61},"6":{"loc":{"start":{"line":61,"column":8},"end":{"line":61,"column":46}},"type":"binary-expr","locations":[{"start":{"line":61,"column":8},"end":{"line":61,"column":22}},{"start":{"line":61,"column":26},"end":{"line":61,"column":38}},{"start":{"line":61,"column":42},"end":{"line":61,"column":46}}],"line":61},"7":{"loc":{"start":{"line":75,"column":4},"end":{"line":78,"column":5}},"type":"if","locations":[{"start":{"line":75,"column":4},"end":{"line":78,"column":5}},{"start":{},"end":{}}],"line":75},"8":{"loc":{"start":{"line":80,"column":8},"end":{"line":98,"column":9}},"type":"if","locations":[{"start":{"line":80,"column":8},"end":{"line":98,"column":9}},{"start":{"line":82,"column":13},"end":{"line":98,"column":9}}],"line":80},"9":{"loc":{"start":{"line":86,"column":12},"end":{"line":97,"column":13}},"type":"if","locations":[{"start":{"line":86,"column":12},"end":{"line":97,"column":13}},{"start":{"line":88,"column":19},"end":{"line":97,"column":13}}],"line":86},"10":{"loc":{"start":{"line":90,"column":16},"end":{"line":96,"column":17}},"type":"if","locations":[{"start":{"line":90,"column":16},"end":{"line":96,"column":17}},{"start":{"line":93,"column":23},"end":{"line":96,"column":17}}],"line":90},"11":{"loc":{"start":{"line":107,"column":4},"end":{"line":110,"column":5}},"type":"if","locations":[{"start":{"line":107,"column":4},"end":{"line":110,"column":5}},{"start":{},"end":{}}],"line":107},"12":{"loc":{"start":{"line":174,"column":4},"end":{"line":184,"column":5}},"type":"if","locations":[{"start":{"line":174,"column":4},"end":{"line":184,"column":5}},{"start":{"line":182,"column":11},"end":{"line":184,"column":5}}],"line":174},"13":{"loc":{"start":{"line":188,"column":4},"end":{"line":198,"column":5}},"type":"if","locations":[{"start":{"line":188,"column":4},"end":{"line":198,"column":5}},{"start":{"line":196,"column":11},"end":{"line":198,"column":5}}],"line":188},"14":{"loc":{"start":{"line":222,"column":4},"end":{"line":232,"column":5}},"type":"if","locations":[{"start":{"line":222,"column":4},"end":{"line":232,"column":5}},{"start":{"line":230,"column":11},"end":{"line":232,"column":5}}],"line":222},"15":{"loc":{"start":{"line":236,"column":4},"end":{"line":246,"column":5}},"type":"if","locations":[{"start":{"line":236,"column":4},"end":{"line":246,"column":5}},{"start":{"line":244,"column":11},"end":{"line":246,"column":5}}],"line":236},"16":{"loc":{"start":{"line":250,"column":4},"end":{"line":260,"column":5}},"type":"if","locations":[{"start":{"line":250,"column":4},"end":{"line":260,"column":5}},{"start":{"line":258,"column":11},"end":{"line":260,"column":5}}],"line":250},"17":{"loc":{"start":{"line":264,"column":4},"end":{"line":274,"column":5}},"type":"if","locations":[{"start":{"line":264,"column":4},"end":{"line":274,"column":5}},{"start":{"line":272,"column":11},"end":{"line":274,"column":5}}],"line":264},"18":{"loc":{"start":{"line":278,"column":4},"end":{"line":288,"column":5}},"type":"if","locations":[{"start":{"line":278,"column":4},"end":{"line":288,"column":5}},{"start":{"line":286,"column":11},"end":{"line":288,"column":5}}],"line":278},"19":{"loc":{"start":{"line":302,"column":4},"end":{"line":312,"column":5}},"type":"if","locations":[{"start":{"line":302,"column":4},"end":{"line":312,"column":5}},{"start":{"line":310,"column":11},"end":{"line":312,"column":5}}],"line":302},"20":{"loc":{"start":{"line":317,"column":4},"end":{"line":327,"column":5}},"type":"if","locations":[{"start":{"line":317,"column":4},"end":{"line":327,"column":5}},{"start":{"line":325,"column":11},"end":{"line":327,"column":5}}],"line":317},"21":{"loc":{"start":{"line":332,"column":4},"end":{"line":342,"column":5}},"type":"if","locations":[{"start":{"line":332,"column":4},"end":{"line":342,"column":5}},{"start":{"line":340,"column":11},"end":{"line":342,"column":5}}],"line":332},"22":{"loc":{"start":{"line":347,"column":4},"end":{"line":357,"column":5}},"type":"if","locations":[{"start":{"line":347,"column":4},"end":{"line":357,"column":5}},{"start":{"line":355,"column":11},"end":{"line":357,"column":5}}],"line":347},"23":{"loc":{"start":{"line":362,"column":4},"end":{"line":372,"column":5}},"type":"if","locations":[{"start":{"line":362,"column":4},"end":{"line":372,"column":5}},{"start":{"line":370,"column":11},"end":{"line":372,"column":5}}],"line":362}},"s":{"0":1,"1":1,"2":1,"3":1,"4":1,"5":1,"6":1,"7":1,"8":1,"9":1,"10":1,"11":1,"12":1,"13":1,"14":1,"15":1,"16":1,"17":1,"18":1,"19":1,"20":12,"21":0,"22":12,"23":12,"24":12,"25":12,"26":0,"27":12,"28":0,"29":0,"30":1,"31":1,"32":0,"33":1,"34":1,"35":0,"36":1,"37":1,"38":1,"39":1,"40":1,"41":0,"42":0,"43":1,"44":1,"45":0,"46":1,"47":1,"48":0,"49":1,"50":1,"51":1,"52":0,"53":1,"54":0,"55":1,"56":0,"57":0,"58":0,"59":0,"60":0,"61":0,"62":0,"63":1,"64":0,"65":0,"66":0,"67":0,"68":0,"69":0,"70":1,"71":0,"72":0,"73":0,"74":0,"75":0,"76":0,"77":0,"78":1,"79":0,"80":0,"81":0,"82":0,"83":0,"84":1,"85":1,"86":1,"87":1,"88":1,"89":0,"90":1,"91":1,"92":1,"93":1,"94":1,"95":0,"96":1,"97":1,"98":1,"99":1,"100":1,"101":1,"102":0,"103":0,"104":1,"105":1,"106":1,"107":1,"108":1,"109":1,"110":0,"111":0,"112":1,"113":1,"114":1,"115":1,"116":1,"117":0,"118":1,"119":1,"120":1,"121":1,"122":1,"123":0,"124":1,"125":1,"126":1,"127":1,"128":1,"129":1,"130":0,"131":0,"132":1,"133":1,"134":1,"135":1,"136":1,"137":1,"138":0,"139":0,"140":1,"141":2,"142":2,"143":2,"144":2,"145":2,"146":0,"147":0,"148":1,"149":1,"150":1,"151":1,"152":1,"153":1,"154":0,"155":0,"156":1,"157":1,"158":1,"159":1,"160":1,"161":1,"162":0,"163":0,"164":1,"165":1,"166":1,"167":1,"168":1,"169":0,"170":1,"171":1,"172":1,"173":1,"174":1,"175":1,"176":0,"177":0,"178":1,"179":0,"180":0,"181":0,"182":0,"183":0,"184":0,"185":0,"186":1,"187":1,"188":1,"189":1,"190":1,"191":1,"192":0,"193":0,"194":1,"195":1,"196":1,"197":1,"198":1,"199":1,"200":0,"201":0,"202":1,"203":1,"204":1,"205":1,"206":1,"207":1,"208":0,"209":0,"210":1,"211":0,"212":1,"213":0,"214":1},"f":{"0":1,"1":12,"2":1,"3":1,"4":0,"5":0,"6":0,"7":0,"8":1,"9":1,"10":1,"11":1,"12":1,"13":1,"14":1,"15":1,"16":2,"17":1,"18":1,"19":1,"20":1,"21":0,"22":1,"23":1,"24":1,"25":0,"26":0},"b":{"0":[1,1],"1":[1,0],"2":[0,12],"3":[12,12,12],"4":[0,12],"5":[0,1],"6":[1,1,1],"7":[0,1],"8":[0,1],"9":[0,1],"10":[1,0],"11":[0,0],"12":[1,0],"13":[1,0],"14":[1,0],"15":[1,0],"16":[2,0],"17":[1,0],"18":[1,0],"19":[1,0],"20":[0,0],"21":[1,0],"22":[1,0],"23":[1,0]},"_coverageSchema":"1a1c01bbd47fc00a2c39e90264f33305004495a9","hash":"3c6a9d1cd4ce987acab86ec3a82065d920a07c77"}
}
