TN:
SF:dbFunctions.js
FN:5,(anonymous_0)
FN:20,(anonymous_1)
FN:31,(anonymous_2)
FN:42,(anonymous_3)
FN:46,(anonymous_4)
FN:60,(anonymous_5)
FN:71,(anonymous_6)
FN:82,(anonymous_7)
FN:109,(anonymous_8)
FN:114,(anonymous_9)
FN:115,(anonymous_10)
FN:136,(anonymous_11)
FN:147,(anonymous_12)
FN:158,(anonymous_13)
FN:175,(anonymous_14)
FN:179,(anonymous_15)
FN:193,(anonymous_16)
FN:207,(anonymous_17)
FN:223,(anonymous_18)
FN:226,(anonymous_19)
FN:241,(anonymous_20)
FN:252,(anonymous_21)
FN:268,(anonymous_22)
FN:273,(anonymous_23)
FN:289,(anonymous_24)
FN:292,(anonymous_25)
FN:311,(anonymous_26)
FNF:27
FNH:24
FNDA:2,(anonymous_0)
FNDA:1,(anonymous_1)
FNDA:21,(anonymous_2)
FNDA:1,(anonymous_3)
FNDA:47,(anonymous_4)
FNDA:0,(anonymous_5)
FNDA:1,(anonymous_6)
FNDA:1,(anonymous_7)
FNDA:1,(anonymous_8)
FNDA:2,(anonymous_9)
FNDA:32,(anonymous_10)
FNDA:1,(anonymous_11)
FNDA:8,(anonymous_12)
FNDA:1,(anonymous_13)
FNDA:1,(anonymous_14)
FNDA:3,(anonymous_15)
FNDA:2,(anonymous_16)
FNDA:1,(anonymous_17)
FNDA:1,(anonymous_18)
FNDA:2,(anonymous_19)
FNDA:1,(anonymous_20)
FNDA:1,(anonymous_21)
FNDA:1,(anonymous_22)
FNDA:1,(anonymous_23)
FNDA:0,(anonymous_24)
FNDA:0,(anonymous_25)
FNDA:1,(anonymous_26)
DA:1,1
DA:5,1
DA:7,2
DA:8,2
DA:13,2
DA:14,2
DA:16,0
DA:20,1
DA:21,1
DA:22,1
DA:24,1
DA:27,0
DA:31,1
DA:32,21
DA:33,21
DA:34,21
DA:35,21
DA:38,0
DA:42,1
DA:43,1
DA:44,1
DA:45,1
DA:46,1
DA:47,47
DA:48,2
DA:52,1
DA:55,0
DA:60,1
DA:61,0
DA:63,0
DA:64,0
DA:66,0
DA:67,0
DA:71,1
DA:72,1
DA:73,1
DA:74,1
DA:75,1
DA:77,0
DA:78,0
DA:82,1
DA:83,1
DA:84,1
DA:85,1
DA:87,1
DA:88,1
DA:89,1
DA:90,1
DA:92,1
DA:96,1
DA:101,1
DA:102,1
DA:105,0
DA:109,1
DA:110,1
DA:111,1
DA:112,1
DA:114,2
DA:115,32
DA:117,1
DA:121,1
DA:126,1
DA:127,1
DA:130,0
DA:136,1
DA:137,1
DA:138,1
DA:140,1
DA:143,0
DA:147,1
DA:148,8
DA:149,8
DA:150,8
DA:151,8
DA:154,0
DA:158,1
DA:159,1
DA:160,1
DA:161,1
DA:162,1
DA:166,1
DA:167,1
DA:168,1
DA:171,0
DA:175,1
DA:176,1
DA:177,1
DA:178,1
DA:179,3
DA:180,1
DA:184,1
DA:185,1
DA:186,1
DA:189,0
DA:193,1
DA:194,2
DA:195,2
DA:199,2
DA:200,2
DA:203,0
DA:207,1
DA:208,1
DA:209,1
DA:210,1
DA:211,1
DA:215,1
DA:216,1
DA:219,0
DA:223,1
DA:224,1
DA:225,1
DA:226,2
DA:227,1
DA:231,1
DA:232,1
DA:235,0
DA:241,1
DA:242,1
DA:243,1
DA:244,1
DA:245,1
DA:248,0
DA:252,1
DA:253,1
DA:254,1
DA:255,1
DA:256,1
DA:260,1
DA:261,1
DA:264,0
DA:268,1
DA:271,1
DA:272,1
DA:273,1
DA:274,1
DA:275,0
DA:277,1
DA:281,1
DA:282,1
DA:285,0
DA:289,1
DA:290,0
DA:291,0
DA:292,0
DA:293,0
DA:294,0
DA:295,0
DA:298,0
DA:302,0
DA:303,0
DA:306,0
DA:311,1
DA:312,1
DA:313,1
DA:315,1
DA:317,0
DA:319,1
DA:320,1
DA:321,1
DA:323,1
DA:324,1
DA:326,1
DA:327,1
DA:329,0
DA:331,1
DA:334,1
LF:166
LH:130
BRDA:47,0,0,2
BRDA:47,0,1,45
BRDA:274,1,0,1
BRDA:274,1,1,0
BRDA:274,2,0,1
BRDA:274,2,1,1
BRDA:293,3,0,0
BRDA:293,3,1,0
BRDA:293,4,0,0
BRDA:293,4,1,0
BRDA:319,5,0,0
BRDA:319,5,1,1
BRF:12
BRH:6
end_of_record
TN:
SF:server.js
FN:36,(anonymous_0)
FN:43,(anonymous_1)
FN:60,(anonymous_2)
FN:73,(anonymous_3)
FN:105,(anonymous_4)
FN:119,(anonymous_5)
FN:130,(anonymous_6)
FN:142,(anonymous_7)
FN:152,(anonymous_8)
FN:163,(anonymous_9)
FN:173,(anonymous_10)
FN:187,(anonymous_11)
FN:201,(anonymous_12)
FN:211,(anonymous_13)
FN:221,(anonymous_14)
FN:235,(anonymous_15)
FN:249,(anonymous_16)
FN:263,(anonymous_17)
FN:277,(anonymous_18)
FN:291,(anonymous_19)
FN:301,(anonymous_20)
FN:316,(anonymous_21)
FN:331,(anonymous_22)
FN:346,(anonymous_23)
FN:361,(anonymous_24)
FN:376,(anonymous_25)
FN:381,(anonymous_26)
FNF:27
FNH:20
FNDA:1,(anonymous_0)
FNDA:12,(anonymous_1)
FNDA:1,(anonymous_2)
FNDA:1,(anonymous_3)
FNDA:0,(anonymous_4)
FNDA:0,(anonymous_5)
FNDA:0,(anonymous_6)
FNDA:0,(anonymous_7)
FNDA:1,(anonymous_8)
FNDA:1,(anonymous_9)
FNDA:1,(anonymous_10)
FNDA:1,(anonymous_11)
FNDA:1,(anonymous_12)
FNDA:1,(anonymous_13)
FNDA:1,(anonymous_14)
FNDA:1,(anonymous_15)
FNDA:2,(anonymous_16)
FNDA:1,(anonymous_17)
FNDA:1,(anonymous_18)
FNDA:1,(anonymous_19)
FNDA:1,(anonymous_20)
FNDA:0,(anonymous_21)
FNDA:1,(anonymous_22)
FNDA:1,(anonymous_23)
FNDA:1,(anonymous_24)
FNDA:0,(anonymous_25)
FNDA:0,(anonymous_26)
DA:2,1
DA:5,1
DA:7,1
DA:9,1
DA:11,1
DA:13,1
DA:14,1
DA:15,1
DA:17,1
DA:20,1
DA:21,1
DA:23,1
DA:27,1
DA:29,1
DA:30,1
DA:34,1
DA:36,1
DA:37,1
DA:38,1
DA:43,1
DA:44,12
DA:45,0
DA:47,12
DA:48,12
DA:49,12
DA:50,12
DA:51,0
DA:53,12
DA:55,0
DA:56,0
DA:60,1
DA:61,1
DA:62,0
DA:64,1
DA:65,1
DA:66,0
DA:68,1
DA:69,1
DA:73,1
DA:74,1
DA:75,1
DA:76,0
DA:77,0
DA:79,1
DA:80,1
DA:81,0
DA:84,1
DA:86,1
DA:87,0
DA:90,1
DA:91,1
DA:92,1
DA:95,0
DA:99,1
DA:101,0
DA:105,1
DA:106,0
DA:107,0
DA:108,0
DA:109,0
DA:111,0
DA:113,0
DA:115,0
DA:119,1
DA:120,0
DA:121,0
DA:122,0
DA:123,0
DA:124,0
DA:126,0
DA:130,1
DA:131,0
DA:132,0
DA:133,0
DA:134,0
DA:135,0
DA:136,0
DA:138,0
DA:142,1
DA:143,0
DA:144,0
DA:145,0
DA:146,0
DA:148,0
DA:152,1
DA:153,1
DA:154,1
DA:155,1
DA:156,1
DA:158,0
DA:163,1
DA:164,1
DA:165,1
DA:166,1
DA:167,1
DA:169,0
DA:173,1
DA:174,1
DA:175,1
DA:176,1
DA:177,1
DA:178,1
DA:180,0
DA:183,0
DA:187,1
DA:188,1
DA:189,1
DA:190,1
DA:191,1
DA:192,1
DA:194,0
DA:197,0
DA:201,1
DA:202,1
DA:203,1
DA:204,1
DA:205,1
DA:207,0
DA:211,1
DA:212,1
DA:213,1
DA:214,1
DA:215,1
DA:217,0
DA:221,1
DA:222,1
DA:223,1
DA:224,1
DA:225,1
DA:226,1
DA:228,0
DA:231,0
DA:235,1
DA:236,1
DA:237,1
DA:238,1
DA:239,1
DA:240,1
DA:242,0
DA:245,0
DA:249,1
DA:250,2
DA:251,2
DA:252,2
DA:253,2
DA:254,2
DA:256,0
DA:259,0
DA:263,1
DA:264,1
DA:265,1
DA:266,1
DA:267,1
DA:268,1
DA:270,0
DA:273,0
DA:277,1
DA:278,1
DA:279,1
DA:280,1
DA:281,1
DA:282,1
DA:284,0
DA:287,0
DA:291,1
DA:292,1
DA:293,1
DA:294,1
DA:295,1
DA:297,0
DA:301,1
DA:302,1
DA:303,1
DA:304,1
DA:305,1
DA:306,1
DA:308,0
DA:311,0
DA:316,1
DA:317,0
DA:318,0
DA:319,0
DA:320,0
DA:321,0
DA:323,0
DA:326,0
DA:331,1
DA:332,1
DA:333,1
DA:334,1
DA:335,1
DA:336,1
DA:338,0
DA:341,0
DA:346,1
DA:347,1
DA:348,1
DA:349,1
DA:350,1
DA:351,1
DA:353,0
DA:356,0
DA:361,1
DA:362,1
DA:363,1
DA:364,1
DA:365,1
DA:366,1
DA:368,0
DA:371,0
DA:376,1
DA:377,0
DA:381,1
DA:382,0
DA:385,1
LF:215
LH:142
BRDA:17,0,0,1
BRDA:17,0,1,1
BRDA:34,1,0,1
BRDA:34,1,1,0
BRDA:44,2,0,0
BRDA:44,2,1,12
BRDA:44,3,0,12
BRDA:44,3,1,12
BRDA:44,3,2,12
BRDA:50,4,0,0
BRDA:50,4,1,12
BRDA:61,5,0,0
BRDA:61,5,1,1
BRDA:61,6,0,1
BRDA:61,6,1,1
BRDA:61,6,2,1
BRDA:75,7,0,0
BRDA:75,7,1,1
BRDA:80,8,0,0
BRDA:80,8,1,1
BRDA:86,9,0,0
BRDA:86,9,1,1
BRDA:90,10,0,1
BRDA:90,10,1,0
BRDA:107,11,0,0
BRDA:107,11,1,0
BRDA:174,12,0,1
BRDA:174,12,1,0
BRDA:188,13,0,1
BRDA:188,13,1,0
BRDA:222,14,0,1
BRDA:222,14,1,0
BRDA:236,15,0,1
BRDA:236,15,1,0
BRDA:250,16,0,2
BRDA:250,16,1,0
BRDA:264,17,0,1
BRDA:264,17,1,0
BRDA:278,18,0,1
BRDA:278,18,1,0
BRDA:302,19,0,1
BRDA:302,19,1,0
BRDA:317,20,0,0
BRDA:317,20,1,0
BRDA:332,21,0,1
BRDA:332,21,1,0
BRDA:347,22,0,1
BRDA:347,22,1,0
BRDA:362,23,0,1
BRDA:362,23,1,0
BRF:50
BRH:27
end_of_record
